
QP qtt = 1

[0] 14096	[1] 2730	[2] 2140	[3] 2234	[4] 2062	[5] 2342	[6] 2124	[7] 2894	[8] 2188	[9] 2314	[10] 3410	[11] 2996	[12] 2144	[13] 2750	[14] 2188	[15] 2172	
[16] 2754	[17] 2120	[18] 2148	[19] 2742	[20] 2108	[21] 2724	[22] 2120	[23] 2106	[24] 2746	[25] 2042	[26] 2314	[27] 2750	[28] 2126	[29] 2122	[30] 2338	[31] 2146	
[32] 2774	[33] 2306	[34] 2124	[35] 2730	[36] 2418	[37] 2076	[38] 2466	[39] 2318	[40] 3006	[41] 2394	[42] 2328	[43] 2162	[44] 2738	[45] 2338	[46] 2754	[47] 2318	
[48] 2072	[49] 2402	[50] 3294	[51] 2104	[52] 2672	[53] 2318	[54] 2344	[55] 2716	[56] 2260	[57] 2694	[58] 2096	[59] 2028	[60] 3856	[61] 2314	[62] 2220	[63] 2312	
[64] 2850	[65] 2150	[66] 2328	[67] 2724	[68] 2360	[69] 2968	[70] 2292	[71] 2298	[72] 2748	[73] 2316	[74] 2146	[75] 2900	[76] 2310	[77] 2408	[78] 2776	[79] 2086	
[80] 3114	[81] 2088	[82] 2170	[83] 2874	[84] 2328	[85] 2294	[86] 2720	[87] 2092	[88] 3092	[89] 2750	[90] 3190	[91] 2730	[92] 3394	[93] 4668	[94] 3422	[95] 4636	
[96] 4708	[97] 2146	[98] 3748	[99] 2858	[100] 2282	[101] 2644	[102] 2836	[103] 2308	[104] 2698	[105] 2918	[106] 3188	[107] 2156	[108] 2130	[109] 2050	[110] 3566	[111] 2088	
[112] 2074	[113] 2672	[114] 2178	[115] 2142	[116] 4050	[117] 2580	[118] 2934	[119] 2330	[120] 2170	[121] 2318	[122] 2718	[123] 2704	[124] 3996	[125] 2646	[126] 2908	[127] 2076	
[128] 2162	[129] 2096	[130] 2298	[131] 2144	[132] 2090	[133] 2108	[134] 2758	[135] 2718	[136] 2182	[137] 2132	[138] 2320	[139] 2176	[140] 2336	[141] 2314	[142] 2710	[143] 2716	
[144] 2732	[145] 2698	[146] 2760	[147] 2194	[148] 2160	[149] 2210	[150] 2722	[151] 2714	[152] 2906	[153] 2960	[154] 2298	[155] 3390	[156] 2112	[157] 2106	[158] 2080	[159] 2466	
[160] 2092	[161] 4242	[162] 4370	[163] 2866	[164] 2148	[165] 2048	[166] 2902	[167] 2356	[168] 2104	[169] 2102	[170] 2928	[171] 2130	[172] 2104	[173] 2476	[174] 2076	[175] 2106	
[176] 2744	[177] 2088	[178] 2094	[179] 3040	[180] 2160	[181] 2740	[182] 2118	[183] 2100	[184] 2774	[185] 2110	[186] 2914	[187] 2658	[188] 2324	[189] 2112	[190] 2972	[191] 2096	
[192] 2792	[193] 2358	[194] 2358	[195] 2304	[196] 2822	[197] 2162	[198] 2184	[199] 2392	[200] 2320	[201] 2106	[202] 2732	[203] 3076	[204] 2114	[205] 2726	[206] 2084	[207] 2912	
[208] 2194	[209] 2314	[210] 2954	[211] 2302	[212] 2122	[213] 3706	[214] 2162	[215] 2296	[216] 2760	[217] 2316	[218] 2740	[219] 2362	[220] 2316	[221] 2102	[222] 2186	[223] 2990	
[224] 2320	[225] 2056	[226] 2742	[227] 2054	[228] 2784	[229] 2310	[230] 2324	[231] 2968	[232] 2320	[233] 2346	[234] 2784	[235] 2124	[236] 2142	[237] 2722	[238] 2296	[239] 2946	
[240] 2376	[241] 2296	[242] 2748	[243] 2136	[244] 2096	[245] 2362	[246] 2918	[247] 2290	[248] 2318	[249] 2648	[250] 2188	[251] 2292	[252] 2970	[253] 2104	[254] 2308	[255] 2764	
[256] 2122	[257] 2748	[258] 2344	[259] 2136	[260] 3574	[261] 2182	[262] 2414	[263] 2930	[264] 2414	[265] 2474	[266] 2894	[267] 2138	[268] 2868	[269] 2190	[270] 2108	[271] 2652	
[272] 2134	[273] 2206	[274] 2910	[275] 2328	[276] 2194	[277] 2840	[278] 2392	[279] 2194	[280] 2878	[281] 2376	[282] 2180	[283] 2896	[284] 2212	[285] 2880	[286] 2208	[287] 2172	
[288] 2864	[289] 3336	[290] 2326	[291] 2842	[292] 2454	[293] 2410	[294] 2646	[295] 2238	[296] 2402	[297] 2946	[298] 2326	[299] 2196	[300] 2412	[301] 3210	[302] 2308	[303] 2146	
[304] 3758	[305] 2454	[306] 2278	[307] 3246	[308] 2224	[309] 2408	[310] 3180	[311] 2234	[312] 2266	[313] 3068	[314] 2284	[315] 2568	[316] 2444	[317] 2422	[318] 3148	[319] 2220	
[320] 2418	[321] 4112	[322] 2232	[323] 2216	[324] 2326	[325] 2430	[326] 3174	[327] 2468	[328] 3270	[329] 3154	[330] 2548	[331] 2310	[332] 2608	[333] 2374	[334] 2390	[335] 3380	
[336] 3258	[337] 2250	[338] 3146	[339] 2568	[340] 2352	[341] 2678	[342] 2582	[343] 2582	[344] 3656	[345] 2244	[346] 3436	[347] 2390	[348] 2394	[349] 2698	[350] 2422	[351] 2432	
[352] 2364	[353] 3116	[354] 3422	[355] 2566	[356] 3116	[357] 2424	[358] 2486	[359] 3600	[360] 2722	[361] 2450	[362] 3384	[363] 2446	[364] 2392	[365] 2874	[366] 2448	[367] 2444	
[368] 3774	[369] 2496	[370] 2552	[371] 3294	[372] 4432	[373] 3756	[374] 4158	[375] 3380	[376] 2928	[377] 2472	[378] 4154	[379] 4540	[380] 2506	[381] 2550	[382] 3406	[383] 4228	
[384] 4530	[385] 4978	[386] 2626	[387] 2596	[388] 3334	[389] 3326	[390] 2736	[391] 4448	[392] 2588	[393] 2680	[394] 7468	[395] 4020	[396] 5890	[397] 7140	[398] 4618	[399] 6952	
[400] 5914	[401] 3398	[402] 3480	[403] 6868	[404] 6110	[405] 3406	[406] 6738	[407] 3778	[408] 3526	[409] 3644	[410] 4640	[411] 3308	[412] 6208	[413] 6732	[414] 7282	[415] 6184	
[416] 5908	[417] 3352	[418] 5884	[419] 4128	[420] 3586	[421] 4096	[422] 3856	[423] 4472	[424] 5046	[425] 7736	[426] 3582	[427] 4606	[428] 7334	[429] 8786	[430] 6912	[431] 4026	
[432] 7074	[433] 3936	[434] 6612	[435] 4140	[436] 7120	[437] 8360	[438] 3320	[439] 3864	[440] 2946	[441] 3272	[442] 3954	[443] 2822	[444] 2704	[445] 3244	[446] 2866	[447] 2712	
[448] 3982	[449] 2790	[450] 3782	[451] 3986	[452] 3230	[453] 3126	[454] 2850	[455] 3722	[456] 3024	[457] 2814	[458] 4074	[459] 2890	[460] 2770	[461] 4094	[462] 2850	[463] 2822	
[464] 4226	[465] 2900	[466] 2802	[467] 3980	[468] 2826	[469] 2754	[470] 3966	[471] 2770	[472] 3042	[473] 4192	[474] 3984	[475] 3328	[476] 3402	[477] 2796	[478] 2896	[479] 2902	
[480] 3320	[481] 2790	[482] 3186	[483] 4590	[484] 2942	[485] 3118	[486] 3660	[487] 3120	[488] 3258	[489] 4630	[490] 3082	[491] 3138	[492] 5700	[493] 4368	[494] 4732	[495] 10100	
[496] 6500	[497] 9232	[498] 3102	[499] 3210	[500] 4688	[501] 3214	[502] 3128	[503] 6048	[504] 3248	[505] 3064	[506] 3238	[507] 4534	[508] 3902	[509] 3156	[510] 4616	[511] 3208	
[512] 3078	[513] 4532	[514] 3112	[515] 3038	[516] 4730	[517] 3494	[518] 4740	[519] 5368	[520] 3724	[521] 3492	[522] 5404	[523] 3522	[524] 3758	[525] 5318	[526] 3572	[527] 3654	
[528] 5322	[529] 3904	[530] 2128	[531] 2106	[532] 2866	[533] 2048	[534] 2104	[535] 2736	[536] 2368	[537] 2122	[538] 4194	[539] 2296	[540] 2296	[541] 3130	[542] 2396	[543] 2744	
[544] 2124	[545] 2330	[546] 4686	[547] 2498	[548] 2558	[549] 3282	[550] 3974	[551] 2124	[552] 2914	[553] 2332	[554] 2184	[555] 2472	[556] 2452	[557] 2136	[558] 2232	[559] 3312	
[560] 3464	[561] 2186	[562] 2314	[563] 3690	[564] 3886	[565] 2674	[566] 2172	[567] 2162	[568] 3358	[569] 3034	[570] 3002	[571] 2880	[572] 2166	[573] 3422	[574] 3024	[575] 3486	
[576] 2176	[577] 2388	[578] 2206	[579] 2166	[580] 3860	[581] 3056	[582] 3106	[583] 3324	[584] 3510	[585] 4574	[586] 2958	[587] 3024	[588] 4274	[589] 4272	[590] 4928	[591] 3102	
[592] 2796	[593] 2818	[594] 4706	[595] 3802	[596] 5046	[597] 3698	[598] 5796	[599] 4920	[600] 3912	[601] 3856	[602] 3628	[603] 4270	[604] 4660	[605] 4500	[606] 4610	[607] 3760	
[608] 3332	[609] 3622	[610] 4620	[611] 4774	[612] 3538	[613] 5828	[614] 4806	[615] 3042	[616] 4998	[617] 4170	[618] 5344	[619] 4916	[620] 4870	[621] 4636	[622] 3680	[623] 3730	
[624] 3768	[625] 5014	[626] 5340	[627] 5794	[628] 5074	[629] 5382	[630] 4100	[631] 3918	[632] 3742	[633] 3960	[634] 3914	[635] 5068	[636] 4862	[637] 4816	[638] 4464	[639] 3884	
[640] 4850	[641] 3458	[642] 3460	[643] 3520	[644] 5178	[645] 5082	[646] 5506	[647] 5190	[648] 3730	[649] 5108	[650] 4312	[651] 4148	[652] 5326	[653] 4950	[654] 4912	[655] 3800	
[656] 5096	[657] 3662	[658] 3996	[659] 3750	[660] 3502	[661] 3466	[662] 4974	[663] 5072	[664] 5202	[665] 3966	[666] 3836	[667] 4174	[668] 4956	[669] 5160	[670] 3716	[671] 3704	
[672] 4966	[673] 5126	[674] 4914	[675] 5140	[676] 3556	[677] 3662	[678] 5002	[679] 5024	[680] 3972	[681] 3886	[682] 4032	[683] 4092	[684] 4760	[685] 4780	[686] 3804	[687] 3392	
[688] 5172	[689] 4900	[690] 5014	[691] 4146	[692] 3942	[693] 4392	[694] 3556	[695] 3702	[696] 3474	[697] 3856	[698] 5086	[699] 4990	[700] 4048	[701] 3862	[702] 3828	[703] 3768	
[704] 3450	[705] 4962	[706] 5134	[707] 5086	[708] 5124	[709] 3894	[710] 3468	[711] 3620	[712] 3724	[713] 3924	[714] 5392	[715] 5076	[716] 3590	[717] 5714	[718] 5000	[719] 4376	
[720] 3908	[721] 3924	[722] 4680	[723] 3606	[724] 3742	[725] 3550	[726] 4144	[727] 4040	[728] 3122	[729] 3916	[730] 4028	[731] 6576	[732] 4498	[733] 3424	[734] 4088	[735] 4576	
[736] 3438	[737] 4446	[738] 3892	[739] 4330	[740] 4410	[741] 3484	[742] 3802	[743] 3544	[744] 3296	[745] 4732	[746] 3808	[747] 3776	[748] 4380	[749] 4578	[750] 3938	[751] 3460	
[752] 3492	[753] 3780	[754] 3236	[755] 3934	[756] 4406	[757] 4956	[758] 4786	[759] 4736	[760] 3328	[761] 4678	[762] 5068	[763] 3314	[764] 3144	[765] 4038	[766] 3372	[767] 3574	
[768] 3198	[769] 3960	[770] 4602	[771] 4392	[772] 3528	[773] 4492	[774] 3578	[775] 3672	[776] 3672	[777] 3628	[778] 3264	[779] 4310	[780] 3518	[781] 3784	[782] 3486	[783] 3384	
[784] 3910	[785] 3504	[786] 4494	[787] 3450	[788] 3528	[789] 4616	[790] 4632	[791] 3344	[792] 4316	[793] 4474	[794] 4740	[795] 4316	[796] 3222	[797] 3234	[798] 4354	[799] 4690	
[800] 3520	[801] 3370	[802] 3770	[803] 4134	[804] 3472	[805] 3284	[806] 3540	[807] 3380	[808] 4724	[809] 3532	[810] 2804	[811] 3206	[812] 3406	[813] 3066	[814] 3676	[815] 5602	
[816] 5088	[817] 3578	[818] 4410	[819] 4428	[820] 4286	[821] 4492	[822] 3312	[823] 3622	[824] 4200	[825] 4842	[826] 3660	[827] 3190	[828] 3786	[829] 3682	[830] 3794	[831] 3614	
[832] 3528	[833] 4672	[834] 5316	[835] 4566	[836] 3074	[837] 4700	[838] 4510	[839] 4004	[840] 3484	[841] 3314	[842] 3308	[843] 3486	[844] 4874	[845] 4102	[846] 4626	[847] 4680	
[848] 3166	[849] 3350	[850] 3760	[851] 3628	[852] 3200	[853] 3714	[854] 3362	[855] 4146	[856] 4416	[857] 3630	[858] 3266	[859] 3566	[860] 3498	[861] 3392	[862] 3834	[863] 3810	
[864] 4606	[865] 3356	[866] 4538	[867] 3598	[868] 3350	[869] 3428	[870] 3776	[871] 3616	[872] 3246	[873] 4448	[874] 3604	[875] 4296	[876] 3314	[877] 3564	[878] 3430	[879] 4028	
[880] 3502	[881] 3484	[882] 4440	[883] 3822	[884] 4186	[885] 4778	[886] 4638	[887] 4540	[888] 3874	[889] 2810	[890] 4282	[891] 2754	[892] 2822	[893] 2970	[894] 4800	[895] 4388	
[896] 4422	[897] 4202	[898] 3632	[899] 3366	[900] 3892	[901] 3676	[902] 3786	[903] 3618	[904] 3776	[905] 4556	[906] 4500	[907] 3728	[908] 3400	[909] 4030	[910] 3628	[911] 3616	
[912] 3080	[913] 3424	[914] 2594	[915] 4380	[916] 4234	[917] 4376	[918] 3700	[919] 3218	[920] 3304	[921] 3454	[922] 3512	[923] 4582	[924] 4472	[925] 3288	[926] 4218	[927] 3580	
[928] 4184	[929] 3778	[930] 3368	[931] 3366	[932] 3162	[933] 4562	[934] 3892	[935] 4010	[936] 5108	[937] 3956	[938] 3222	[939] 3790	[940] 4518	[941] 4268	[942] 4182	[943] 4210	
[944] 4564	[945] 4304	[946] 3690	[947] 3132	[948] 3204	[949] 3888	[950] 3998	[951] 4138	[952] 3640	[953] 4212	[954] 4298	[955] 2962	[956] 3876	[957] 2912	[958] 3200	[959] 4176	
[960] 2842	[961] 3970	[962] 3936	[963] 3872	[964] 2638	[965] 3992	[966] 4170	[967] 3236	[968] 2624	[969] 4246	[970] 4012	[971] 4212	[972] 2800	[973] 4320	[974] 2982	[975] 4012	
[976] 4246	[977] 4198	[978] 4320	[979] 3696	[980] 4288	[981] 3424	[982] 3560	[983] 3410	[984] 3692	[985] 3826	[986] 5326	[987] 4526	[988] 4074	[989] 4920	[990] 3804	[991] 4708	
[992] 4932	[993] 4782	[994] 4758	[995] 3562	[996] 5024	[997] 3466	[998] 4714	[999] 3908	[1000] 3610	[1001] 3648	[1002] 3590	[1003] 3698	[1004] 3684	[1005] 5196	[1006] 3586	[1007] 4752	
[1008] 4980	[1009] 5062	[1010] 4490	[1011] 3356	[1012] 3530	[1013] 3280	[1014] 3624	[1015] 3560	[1016] 3822	[1017] 3586	[1018] 3572	[1019] 3602	[1020] 4870	[1021] 4780	[1022] 3664	[1023] 3658	
[10240] 4234	[10241] 4162	[10242] 5736	[10243] 4138	[10244] 4304	[10245] 4306	[10246] 7456	[10247] 4228	[10248] 4246	[10249] 7130	[10250] 4286	[10251] 4410	[10252] 7632	[10253] 4300	[10254] 4130	[10255] 6978	
[10256] 4382	[10257] 4244	[10258] 5776	[10259] 4136	[10260] 4346	[10261] 7592	[10262] 4410	[10263] 4132	[10264] 7342	[10265] 4112	[10266] 4128	[10267] 6228	[10268] 4528	[10269] 3928	[10270] 3856	[10271] 7332	
[10272] 4176	[10273] 4014	[10274] 7970	[10275] 4068	[10276] 4306	[10277] 7898	[10278] 4050	[10279] 3916	[10280] 7188	[10281] 4138	[10282] 4280	[10283] 7430	[10284] 4004	[10285] 4022	[10286] 5354	[10287] 3884	
[10288] 4216	[10289] 7034	[10290] 4482	[10291] 4006	[10292] 7174	[10293] 4086	[10294] 4562	[10295] 4260	[10296] 7430	[10297] 4022	[10298] 4474	[10299] 5482	[10300] 4346	[10301] 5102	[10302] 7130	[10303] 3916	
[10304] 4308	[10305] 5428	[10306] 4262	[10307] 4028	[10308] 7272	[10309] 4168	[10310] 4278	[10311] 7412	[10312] 4100	[10313] 3944	[10314] 5356	[10315] 4200	[10316] 4304	[10317] 7008	[10318] 4280	[10319] 3996	
[10320] 4014	[10321] 7398	[10322] 4030	[10323] 4046	[10324] 7218	[10325] 4096	[10326] 4132	[10327] 7122	[10328] 4334	[10329] 4130	[10330] 7502	[10331] 4098	[10332] 4148	[10333] 7184	[10334] 4378	[10335] 4010	
[10336] 7096	[10337] 4192	[10338] 3990	[10339] 5568	[10340] 4294	[10341] 4068	[10342] 7306	[10343] 4094	[10344] 4174	[10345] 4078	[10346] 7148	[10347] 3926	[10348] 4374	[10349] 7204	[10350] 4242	[10351] 4134	
[10352] 7272	[10353] 3938	[10354] 4224	[10355] 5674	[10356] 4228	[10357] 4220	[10358] 8726	[10359] 4056	[10360] 4286	[10361] 7176	[10362] 4220	[10363] 4032	[10364] 7358	[10365] 4132	[10366] 4304	[10367] 6994	
[10368] 4348	[10369] 4436	[10370] 3938	[10371] 7298	[10372] 4308	[10373] 4376	[10374] 7248	[10375] 4236	[10376] 4090	[10377] 5546	[10378] 4106	[10379] 4214	[10380] 7320	[10381] 4314	[10382] 4588	[10383] 6942	
[10384] 4006	[10385] 4234	[10386] 5492	[10387] 4412	[10388] 4888	[10389] 7272	[10390] 4076	[10391] 4474	[10392] 7168	[10393] 4368	[10394] 4252	[10395] 4314	[10396] 7408	[10397] 4174	[10398] 4746	[10399] 7048	
[10400] 4032	[10401] 5292	[10402] 5638	[10403] 4374	[10404] 4326	[10405] 7218	[10406] 4054	[10407] 4280	[10408] 7168	[10409] 4270	[10410] 4204	[10411] 7070	[10412] 3942	[10413] 4802	[10414] 7128	[10415] 4182	
[10416] 4248	[10417] 5672	[10418] 4198	[10419] 4332	[10420] 4418	[10421] 7312	[10422] 4006	[10423] 4246	[10424] 7376	[10425] 4192	[10426] 3986	[10427] 7376	[10428] 4216	[10429] 4176	[10430] 7354	[10431] 4332	
[10432] 4836	[10433] 7050	[10434] 4078	[10435] 4220	[10436] 7098	[10437] 4288	[10438] 4358	[10439] 7060	[10440] 4084	[10441] 4862	[10442] 5530	[10443] 4386	[10444] 4014	[10445] 4288	[10446] 7328	[10447] 4346	
[10448] 4164	[10449] 5790	[10450] 4260	[10451] 4350	[10452] 7198	[10453] 4456	[10454] 4074	[10455] 7182	[10456] 4132	[10457] 4206	[10458] 5276	[10459] 4186	[10460] 4196	[10461] 7530	[10462] 4114	[10463] 4280	
[10464] 7160	[10465] 4456	[10466] 4394	[10467] 7218	[10468] 3988	[10469] 5128	[10470] 4076	[10471] 5392	[10472] 4178	[10473] 4188	[10474] 7482	[10475] 4050	[10476] 4562	[10477] 7368	[10478] 3944	[10479] 4260	
[10480] 7454	[10481] 4322	[10482] 4160	[10483] 5488	[10484] 4372	[10485] 4262	[10486] 5640	[10487] 4218	[10488] 4286	[10489] 7230	[10490] 4436	[10491] 4388	[10492] 7324	[10493] 5130	[10494] 4302	[10495] 4226	
[10496] 7220	[10497] 4200	[10498] 4454	[10499] 7200	[10500] 4156	[10501] 4306	[10502] 5470	[10503] 4296	[10504] 3990	[10505] 7304	[10506] 3902	[10507] 4138	[10508] 7342	[10509] 4232	[10510] 4096	[10511] 7242	
[10512] 3934	[10513] 4220	[10514] 12978	[10515] 9346	[10516] 16624	[10517] 11164	[10518] 16262	[10519] 12628	[10520] 12078	[10521] 12748	[10522] 11014	[10523] 9414	[10524] 9530	[10525] 19218	[10526] 17228	[10527] 16508	
[10528] 7866	[10529] 13994	[10530] 9618	[10531] 5852	[10532] 4094	[10533] 9028	[10534] 4236	[10535] 6988	[10536] 7032	[10537] 4244	[10538] 8488	[10539] 4234	[10540] 7256	[10541] 11010	[10542] 8274	[10543] 8850	
[10544] 4242	[10545] 7626	[10546] 5586	[10547] 4302	[10548] 7218	[10549] 3970	[10550] 6960	[10551] 5268	[10552] 4008	[10553] 4120	[10554] 4196	[10555] 4182	[10556] 4346	[10557] 7060	[10558] 7088	[10559] 17634	
[10560] 8828	[10561] 16190	[10562] 9502	[10563] 8746	[10564] 17938	[10565] 9368	[10566] 15448	[10567] 11388	[10568] 9254	[10569] 4350	[10570] 4358	[10571] 7404	[10572] 4062	[10573] 4050	[10574] 7198	[10575] 3966	
[10576] 4500	[10577] 7288	[10578] 4276	[10579] 2174	[10580] 3922	[10581] 2218	[10582] 2454	[10583] 2294	[10584] 2404	[10585] 2930	[10586] 2152	[10587] 2162	[10588] 3876	[10589] 3274	[10590] 4350	[10591] 4046	
[10592] 4850	[10593] 5332	[10594] 3372	[10595] 5478	[10596] 2120	[10597] 2132	[10598] 2578	[10599] 2170	[10600] 2172	[10601] 3114	[10602] 2142	[10603] 2198	[10604] 3042	[10605] 2378	[10606] 2200	[10607] 2498	
[10608] 2340	[10609] 2828	[10610] 2616	[10611] 2372	[10612] 2400	[10613] 3106	[10614] 2308	[10615] 2872	[10616] 2200	[10617] 2114	[10618] 4062	[10619] 2316	[10620] 2320	[10621] 2862	[10622] 2186	[10623] 2278	
[10624] 2982	[10625] 2440	[10626] 2420	[10627] 2998	[10628] 2280	[10629] 2452	[10630] 3184	[10631] 2792	[10632] 2432	[10633] 3122	[10634] 2250	[10635] 2424	[10636] 2296	[10637] 2304	[10638] 2698	[10639] 2428	
[10640] 2436	[10641] 3206	[10642] 2240	[10643] 2238	[10644] 3002	[10645] 2268	[10646] 2222	[10647] 2750	[10648] 2312	[10649] 2486	[10650] 3054	[10651] 2292	[10652] 2224	[10653] 3860	[10654] 2232	[10655] 2950	
[10656] 2362	[10657] 2254	[10658] 3262	[10659] 2278	[10660] 2536	[10661] 3356	[10662] 2642	[10663] 2398	[10664] 2288	[10665] 3392	[10666] 2404	[10667] 2338	[10668] 3400	[10669] 2552	[10670] 2634	[10671] 3372	
[10672] 2544	[10673] 2264	[10674] 3368	[10675] 2346	[10676] 3150	[10677] 2690	[10678] 3072	[10679] 2326	[10680] 3220	[10681] 2378	[10682] 2546	[10683] 3394	[10684] 2910	[10685] 2320	[10686] 2762	[10687] 2336	
[10688] 3224	[10689] 2382	[10690] 3408	[10691] 2428	[10692] 2490	[10693] 4042	[10694] 2412	[10695] 2652	[10696] 3346	[10697] 2432	[10698] 2406	[10699] 3278	[10700] 2406	[10701] 2698	[10702] 2836	[10703] 2430	
[10704] 2424	[10705] 3346	[10706] 2602	[10707] 2574	[10708] 3462	[10709] 2442	[10710] 2400	[10711] 3518	[10712] 3634	[10713] 2346	[10714] 2604	[10715] 2466	[10716] 3700	[10717] 2606	[10718] 2626	[10719] 4170	
[10720] 2526	[10721] 2604	[10722] 3192	[10723] 2684	[10724] 2618	[10725] 3640	[10726] 2580	[10727] 2492	[10728] 3672	[10729] 3918	[10730] 2788	[10731] 3674	[10732] 2588	[10733] 2516	[10734] 3778	[10735] 2734	
[10736] 3482	[10737] 3538	[10738] 2782	[10739] 2580	[10740] 2870	[10741] 2672	[10742] 3828	[10743] 3168	[10744] 2590	[10745] 3702	[10746] 2574	[10747] 2584	[10748] 3102	[10749] 2682	[10750] 2676	[10751] 3866	
[10752] 2608	[10753] 2708	[10754] 4196	[10755] 2860	[10756] 3690	[10757] 3632	[10758] 2850	[10759] 2680	[10760] 3620	[10761] 2784	[10762] 2744	[10763] 4176	[10764] 2820	[10765] 2918	[10766] 4014	[10767] 2850	
[10768] 2858	[10769] 3280	[10770] 2908	[10771] 2744	[10772] 4042	[10773] 2758	[10774] 2786	[10775] 4116	[10776] 2834	[10777] 2796	[10778] 4058	[10779] 2850	[10780] 2992	[10781] 3288	[10782] 2846	[10783] 2712	
[10784] 3446	[10785] 3082	[10786] 3232	[10787] 4566	[10788] 3694	[10789] 3470	[10790] 4790	[10791] 3460	[10792] 3220	[10793] 3058	[10794] 4898	[10795] 3242	[10796] 3028	[10797] 4234	[10798] 3298	[10799] 3252	
[10800] 3804	[10801] 3188	[10802] 3044	[10803] 4514	[10804] 3094	[10805] 3024	[10806] 4652	[10807] 2970	[10808] 3252	[10809] 3634	[10810] 3286	[10811] 3104	[10812] 4578	[10813] 2996	[10814] 3122	[10815] 4558	
[10816] 3174	[10817] 3542	[10818] 3474	[10819] 5468	[10820] 3706	[10821] 3588	[10822] 5380	[10823] 3496	[10824] 4352	[10825] 4474	[10826] 3580	[10827] 3478	[10828] 5480	[10829] 3482	[10830] 3588	[10831] 4334	
[10832] 3732	[10833] 3672	[10834] 5458	[10835] 3738	[10836] 3592	[10837] 5364	[10838] 3564	[10839] 3472	[10840] 4544	[10841] 3684	[10842] 3706	[10843] 5708	[10844] 3852	[10845] 3544	[10846] 5522	[10847] 3526	
[10848] 3522	[10849] 6742	[10850] 4066	[10851] 4138	[10852] 6544	[10853] 4120	[10854] 4026	[10855] 4934	[10856] 3942	[10857] 3930	[10858] 7366	[10859] 3750	[10860] 4026	[10861] 6490	[10862] 3804	[10863] 3802	
[10864] 6908	[10865] 3710	[10866] 3816	[10867] 6554	[10868] 5494	[10869] 5148	[10870] 7548	[10871] 3972	[10872] 3860	[10873] 6476	[10874] 3954	[10875] 3908	[10876] 6722	[10877] 3782	[10878] 5210	[10879] 6822	
[10880] 4310	[10881] 4244	[10882] 7230	[10883] 4358	[10884] 4172	[10885] 7096	[10886] 4034	[10887] 4042	[10888] 6956	[10889] 4354	[10890] 4050	[10891] 5820	[10892] 4718	[10893] 4564	[10894] 5666	[10895] 4166	
[10896] 4334	[10897] 7256	[10898] 4458	[10899] 4330	[10900] 7358	[10901] 4430	[10902] 4184	[10903] 7180	[10904] 4454	[10905] 3944	[10906] 7286	[10907] 4086	[10908] 4086	[10909] 7146	[10910] 4438	[10911] 4138	
[10912] 7260	[10913] 4114	[10914] 4004	[10915] 7196	[10916] 4188	[10917] 3938	[10918] 4080	[10919] 7424	[10920] 4126	[10921] 4028	[10922] 7236	[10923] 3984	[10924] 3928	[10925] 7120	[10926] 4040	[10927] 4070	
[10928] 5632	[10929] 4236	[10930] 4226	[10931] 5656	[10932] 4456	[10933] 4262	[10934] 7154	[10935] 4140	[10936] 4216	[10937] 7160	[10938] 3988	[10939] 4274	[10940] 7302	[10941] 4116	[10942] 4976	[10943] 4242	
[10944] 7308	[10945] 4196	[10946] 4182	[10947] 7164	[10948] 4438	[10949] 4142	[10950] 8054	[10951] 4252	[10952] 4456	[10953] 7280	[10954] 4164	[10955] 4136	[10956] 7196	[10957] 4334	[10958] 4084	[10959] 5724	
[10960] 4118	[10961] 4450	[10962] 5792	[10963] 4372	[10964] 4486	[10965] 7294	[10966] 4070	[10967] 4368	[10968] 4154	[10969] 7498	[10970] 4412	[10971] 4412	[10972] 7164	[10973] 4136	[10974] 5186	[10975] 7050	
[10976] 4374	[10977] 5116	[10978] 5594	[10979] 4286	[10980] 5074	[10981] 6970	[10982] 4230	[10983] 5056	[10984] 7262	[10985] 5030	[10986] 4456	[10987] 7714	[10988] 4452	[10989] 4426	[10990] 5428	[10991] 5384	
[10992] 4402	[10993] 4086	[10994] 7330	[10995] 4396	[10996] 4474	[10997] 7050	[10998] 4180	[10999] 4368	[11000] 7018	[11001] 4304	[11002] 4244	[11003] 7224	[11004] 4350	[11005] 4436	[11006] 7118	[11007] 4270	
[11008] 4094	[11009] 7222	[11010] 3980	[11011] 4494	[11012] 7404	[11013] 4246	[11014] 4176	[11015] 7054	[11016] 4380	[11017] 4370	[11018] 4244	[11019] 7306	[11020] 4326	[11021] 4260	[11022] 7164	[11023] 4270	
[11024] 4290	[11025] 6988	[11026] 4102	[11027] 4334	[11028] 7324	[11029] 4348	[11030] 4024	[11031] 6170	[11032] 4410	[11033] 4134	[11034] 7050	[11035] 4374	[11036] 4154	[11037] 6920	[11038] 4044	[11039] 4112	
[11040] 7498	[11041] 4270	[11042] 4446	[11043] 4350	[11044] 7112	[11045] 5136	[11046] 4320	[11047] 5962	[11048] 4306	[11049] 4272	[11050] 7280	[11051] 4366	[11052] 4782	[11053] 7224	[11054] 4376	[11055] 3976	
[11056] 7216	[11057] 4284	[11058] 4012	[11059] 6988	[11060] 4696	[11061] 4430	[11062] 5808	[11063] 4338	[11064] 4350	[11065] 7068	[11066] 4518	[11067] 4262	[11068] 4068	[11069] 7350	[11070] 4288	[11071] 4326	
[11072] 7472	[11073] 4034	[11074] 4378	[11075] 5762	[11076] 4288	[11077] 4244	[11078] 5532	[11079] 4410	[11080] 4140	[11081] 6996	[11082] 4136	[11083] 4262	[11084] 7096	[11085] 4436	[11086] 3998	[11087] 5340	
[11088] 3994	[11089] 4304	[11090] 7226	[11091] 4374	[11092] 4398	[11093] 4428	[11094] 8084	[11095] 4200	[11096] 4226	[11097] 7342	[11098] 4138	[11099] 4274	[11100] 7074	[11101] 4330	[11102] 4032	[11103] 6452	
[11104] 4350	[11105] 4412	[11106] 7286	[11107] 4392	[11108] 4076	[11109] 7024	[11110] 4304	[11111] 4464	[11112] 6986	[11113] 4444	[11114] 4120	[11115] 7170	[11116] 4526	[11117] 4554	[11118] 3962	[11119] 5430	
[11120] 4458	[11121] 4098	[11122] 7012	[11123] 4464	[11124] 4484	[11125] 7050	[11126] 4802	[11127] 4338	[11128] 7228	[11129] 4492	[11130] 4468	[11131] 5490	[11132] 4066	[11133] 4110	[11134] 5674	[11135] 4482	
[11136] 3988	[11137] 7236	[11138] 4334	[11139] 5152	[11140] 7186	[11141] 4686	[11142] 4162	[11143] 4308	[11144] 7200	[11145] 4180	[11146] 4200	[11147] 5530	[11148] 4098	[11149] 4308	[11150] 7110	[11151] 4334	
[11152] 4256	[11153] 7262	[11154] 4294	[11155] 4306	[11156] 7360	[11157] 4456	[11158] 4410	[11159] 7066	[11160] 4030	[11161] 4562	[11162] 5548	[11163] 4172	[11164] 4976	[11165] 7224	[11166] 4118	[11167] 4228	
[11168] 4428	[11169] 5592	[11170] 4136	[11171] 4260	[11172] 7888	[11173] 4424	[11174] 4368	[11175] 7076	[11176] 4262	[11177] 4260	[11178] 5680	[11179] 4396	[11180] 3928	[11181] 7050	[11182] 4120	[11183] 4208	
[11184] 7174	[11185] 4182	[11186] 4412	[11187] 7262	[11188] 4498	[11189] 4360	[11190] 5498	[11191] 4208	[11192] 4502	[11193] 4290	[11194] 8188	[11195] 4406	[11196] 4184	[11197] 7368	[11198] 4280	[11199] 4326	
[11200] 7164	[11201] 4390	[11202] 4320	[11203] 7352	[11204] 4080	[11205] 4352	[11206] 5636	[11207] 4350	[11208] 4084	[11209] 7480	[11210] 4050	[11211] 4112	[11212] 7222	[11213] 4352	[11214] 4018	[11215] 7226	
[11216] 3958	[11217] 4398	[11218] 4084	[11219] 7490	[11220] 4080	[11221] 4008	[11222] 7228	[11223] 4314	[11224] 4022	[11225] 7036	[11226] 4286	[11227] 4332	[11228] 7334	[11229] 4190	[11230] 4052	[11231] 6932	
[11232] 4222	[11233] 4190	[11234] 7258	[11235] 4418	[11236] 4154	[11237] 7328	[11238] 4244	[11239] 4390	[11240] 7382	[11241] 4390	[11242] 4070	[11243] 4306	[11244] 7138	[11245] 4318	[11246] 4144	[11247] 5638	
[11248] 4360	[11249] 4348	[11250] 5154	[11251] 4216	[11252] 4090	[11253] 6944	[11254] 4366	[11255] 4376	[11256] 7148	[11257] 4350	[11258] 4226	[11259] 5794	[11260] 3946	[11261] 4368	[11262] 7172	[11263] 4172	
QP qtt = 1

[0] 12654	[1] 4062	[2] 2194	[3] 2232	[4] 2370	[5] 2144	[6] 2092	[7] 2396	[8] 3206	[9] 2100	[10] 2568	[11] 2116	[12] 2124	[13] 2320	[14] 2216	[15] 2340	
[16] 2856	[17] 2134	[18] 2348	[19] 3024	[20] 2186	[21] 2770	[22] 2334	[23] 2148	[24] 2836	[25] 2156	[26] 2320	[27] 2800	[28] 2420	[29] 2330	[30] 2964	[31] 2082	
[32] 2798	[33] 2332	[34] 2360	[35] 2104	[36] 3066	[37] 2554	[38] 4552	[39] 2800	[40] 2944	[41] 2172	[42] 2906	[43] 2348	[44] 2170	[45] 2778	[46] 2122	[47] 2966	
[48] 2150	[49] 4394	[50] 2744	[51] 2130	[52] 2102	[53] 2776	[54] 2486	[55] 2050	[56] 2776	[57] 2088	[58] 2316	[59] 2266	[60] 3110	[61] 2036	[62] 3032	[63] 2256	
[64] 2196	[65] 2782	[66] 2196	[67] 2818	[68] 2980	[69] 2354	[70] 2350	[71] 3008	[72] 2080	[73] 2922	[74] 2092	[75] 2330	[76] 2786	[77] 2134	[78] 2158	[79] 2752	
[80] 3290	[81] 2312	[82] 2762	[83] 2302	[84] 2388	[85] 2382	[86] 2120	[87] 2138	[88] 3038	[89] 2326	[90] 2254	[91] 3034	[92] 2132	[93] 3180	[94] 2774	[95] 2328	
[96] 3286	[97] 2154	[98] 2084	[99] 4200	[100] 2364	[101] 2132	[102] 2754	[103] 2120	[104] 2216	[105] 2960	[106] 2186	[107] 2960	[108] 2366	[109] 2252	[110] 2938	[111] 2412	
[112] 2094	[113] 3480	[114] 2160	[115] 2164	[116] 2466	[117] 2116	[118] 2180	[119] 2974	[120] 2306	[121] 2946	[122] 2090	[123] 2336	[124] 2330	[125] 2094	[126] 2328	[127] 2814	
[128] 2346	[129] 2124	[130] 3222	[131] 2146	[132] 2414	[133] 2348	[134] 2100	[135] 2986	[136] 2336	[137] 2070	[138] 2230	[139] 2338	[140] 3048	[141] 2150	[142] 2196	[143] 2922	
[144] 2104	[145] 2042	[146] 2466	[147] 2292	[148] 3036	[149] 2144	[150] 2140	[151] 2742	[152] 2354	[153] 2070	[154] 2792	[155] 2298	[156] 2104	[157] 2760	[158] 2176	[159] 2824	
[160] 3460	[161] 2122	[162] 2760	[163] 2126	[164] 2214	[165] 2222	[166] 2330	[167] 2352	[168] 2198	[169] 2150	[170] 2832	[171] 2080	[172] 2186	[173] 2790	[174] 2110	[175] 2782	
[176] 2128	[177] 3278	[178] 2848	[179] 2130	[180] 2424	[181] 2852	[182] 2350	[183] 2240	[184] 2908	[185] 2154	[186] 2996	[187] 2450	[188] 2428	[189] 2948	[190] 2250	[191] 3180	
[192] 2172	[193] 3014	[194] 2356	[195] 2194	[196] 2938	[197] 2328	[198] 2400	[199] 2550	[200] 2446	[201] 2156	[202] 2840	[203] 2186	[204] 3178	[205] 2328	[206] 2390	[207] 2964	
[208] 2336	[209] 2206	[210] 3218	[211] 2232	[212] 2306	[213] 3004	[214] 2434	[215] 2408	[216] 2416	[217] 3210	[218] 2340	[219] 2220	[220] 3312	[221] 2206	[222] 2482	[223] 2712	
[224] 2304	[225] 2460	[226] 2566	[227] 2316	[228] 2326	[229] 3086	[230] 2470	[231] 2306	[232] 3448	[233] 2288	[234] 2290	[235] 2532	[236] 2446	[237] 3260	[238] 2360	[239] 2426	
[240] 3230	[241] 2318	[242] 2412	[243] 3318	[244] 2300	[245] 2304	[246] 3402	[247] 2336	[248] 2598	[249] 3380	[250] 2366	[251] 2536	[252] 3246	[253] 2348	[254] 2344	[255] 3402	
[256] 2582	[257] 2370	[258] 3294	[259] 2266	[260] 2584	[261] 3186	[262] 2568	[263] 3528	[264] 3186	[265] 2300	[266] 3242	[267] 2350	[268] 2688	[269] 3282	[270] 2358	[271] 2384	
[272] 3240	[273] 2552	[274] 2358	[275] 3390	[276] 3118	[277] 2460	[278] 3060	[279] 2462	[280] 2448	[281] 3882	[282] 2454	[283] 2452	[284] 3672	[285] 2464	[286] 2548	[287] 3520	
[288] 2648	[289] 2466	[290] 3618	[291] 2470	[292] 2466	[293] 3604	[294] 2600	[295] 2486	[296] 3464	[297] 2482	[298] 2488	[299] 3402	[300] 2450	[301] 2408	[302] 2814	[303] 2588	
[304] 2654	[305] 3430	[306] 2508	[307] 2764	[308] 3718	[309] 2580	[310] 3704	[311] 2536	[312] 3296	[313] 3734	[314] 2786	[315] 2584	[316] 3708	[317] 2626	[318] 2676	[319] 3914	
[320] 2716	[321] 2616	[322] 4636	[323] 2610	[324] 2850	[325] 3690	[326] 2604	[327] 2568	[328] 3828	[329] 2616	[330] 2808	[331] 3948	[332] 2642	[333] 3740	[334] 3320	[335] 2612	
[336] 2602	[337] 4234	[338] 2670	[339] 2626	[340] 4406	[341] 2860	[342] 2836	[343] 4110	[344] 3880	[345] 2810	[346] 3340	[347] 2788	[348] 2952	[349] 4138	[350] 2780	[351] 3178	
[352] 4060	[353] 3016	[354] 2752	[355] 4078	[356] 3048	[357] 2768	[358] 3422	[359] 2830	[360] 2748	[361] 4122	[362] 3282	[363] 3012	[364] 4102	[365] 2732	[366] 2842	[367] 4150	
[368] 2906	[369] 2818	[370] 4364	[371] 2866	[372] 3310	[373] 2968	[374] 3630	[375] 3054	[376] 3046	[377] 4780	[378] 3278	[379] 3016	[380] 4714	[381] 3078	[382] 3276	[383] 4638	
[384] 3172	[385] 3082	[386] 4740	[387] 3064	[388] 3140	[389] 4614	[390] 3058	[391] 3032	[392] 4674	[393] 2976	[394] 3068	[395] 4624	[396] 3110	[397] 3154	[398] 3718	[399] 4708	
[400] 3118	[401] 3106	[402] 4002	[403] 3902	[404] 3652	[405] 4584	[406] 3784	[407] 3536	[408] 5742	[409] 3710	[410] 3714	[411] 5566	[412] 3552	[413] 3426	[414] 4464	[415] 3506	
[416] 3438	[417] 5526	[418] 3624	[419] 4414	[420] 5546	[421] 3454	[422] 3714	[423] 5538	[424] 3970	[425] 3540	[426] 5712	[427] 3628	[428] 3544	[429] 4380	[430] 3564	[431] 3652	
[432] 5790	[433] 3536	[434] 3632	[435] 5918	[436] 4294	[437] 4070	[438] 6852	[439] 4200	[440] 3974	[441] 6820	[442] 3900	[443] 3884	[444] 5280	[445] 4018	[446] 3924	[447] 7752	
[448] 4042	[449] 4752	[450] 5134	[451] 3884	[452] 5486	[453] 3978	[454] 4002	[455] 6814	[456] 4030	[457] 3858	[458] 6748	[459] 3852	[460] 4084	[461] 6884	[462] 4106	[463] 4856	
[464] 7074	[465] 3790	[466] 3916	[467] 7498	[468] 4286	[469] 4366	[470] 7392	[471] 4376	[472] 4268	[473] 7484	[474] 4340	[475] 4218	[476] 4220	[477] 4418	[478] 7604	[479] 4286	
[480] 4262	[481] 7434	[482] 4376	[483] 4342	[484] 7288	[485] 4366	[486] 4526	[487] 7392	[488] 4304	[489] 4456	[490] 7282	[491] 4510	[492] 4480	[493] 7696	[494] 4270	[495] 4440	
[496] 7448	[497] 5074	[498] 4244	[499] 4500	[500] 4192	[501] 7970	[502] 4314	[503] 4308	[504] 7532	[505] 4914	[506] 4268	[507] 7412	[508] 4670	[509] 4290	[510] 7584	[511] 4414	
[512] 4380	[513] 7494	[514] 4256	[515] 4280	[516] 7224	[517] 4324	[518] 4156	[519] 7484	[520] 4234	[521] 4298	[522] 7424	[523] 4528	[524] 4394	[525] 7998	[526] 4542	[527] 4332	
[528] 7290	[529] 4536	[530] 4164	[531] 7732	[532] 4216	[533] 4396	[534] 7440	[535] 4402	[536] 4094	[537] 7414	[538] 4174	[539] 4162	[540] 7472	[541] 4198	[542] 4226	[543] 7322	
[544] 4470	[545] 4410	[546] 7396	[547] 4210	[548] 4484	[549] 4378	[550] 7648	[551] 4376	[552] 4412	[553] 7436	[554] 4200	[555] 4412	[556] 7182	[557] 4394	[558] 4154	[559] 7634	
[560] 4394	[561] 4478	[562] 7350	[563] 4342	[564] 4412	[565] 7598	[566] 4086	[567] 4978	[568] 7256	[569] 5362	[570] 4172	[571] 7852	[572] 4428	[573] 4262	[574] 4504	[575] 8312	
[576] 4326	[577] 4414	[578] 7604	[579] 4120	[580] 4476	[581] 7310	[582] 4252	[583] 4192	[584] 7366	[585] 4764	[586] 4124	[587] 5424	[588] 4122	[589] 4212	[590] 7430	[591] 4648	
[592] 4378	[593] 7436	[594] 4220	[595] 4154	[596] 5582	[597] 4078	[598] 4412	[599] 4366	[600] 7946	[601] 4448	[602] 4124	[603] 7676	[604] 4400	[605] 4314	[606] 7438	[607] 4388	
[608] 4228	[609] 7412	[610] 4348	[611] 4118	[612] 5700	[613] 4562	[614] 4200	[615] 5698	[616] 4402	[617] 4112	[618] 7414	[619] 4376	[620] 4170	[621] 7492	[622] 4198	[623] 4448	
[624] 4278	[625] 8004	[626] 4246	[627] 4454	[628] 5534	[629] 4348	[630] 4498	[631] 5542	[632] 4412	[633] 4116	[634] 7228	[635] 3978	[636] 4030	[637] 7356	[638] 4154	[639] 4172	
[640] 7412	[641] 4164	[642] 4300	[643] 5048	[644] 4356	[645] 4022	[646] 7572	[647] 4138	[648] 4394	[649] 4416	[650] 7672	[651] 4168	[652] 4288	[653] 7376	[654] 4272	[655] 3946	
[656] 7422	[657] 4136	[658] 4306	[659] 7410	[660] 4280	[661] 5146	[662] 7710	[663] 4112	[664] 4200	[665] 7652	[666] 4350	[667] 4088	[668] 7530	[669] 4118	[670] 4288	[671] 7394	
[672] 4112	[673] 4094	[674] 4286	[675] 5184	[676] 4228	[677] 4102	[678] 7288	[679] 3988	[680] 4224	[681] 7334	[682] 4136	[683] 4200	[684] 5514	[685] 4034	[686] 4140	[687] 7738	
[688] 4278	[689] 4068	[690] 7320	[691] 4182	[692] 4088	[693] 7590	[694] 4376	[695] 4114	[696] 7384	[697] 4798	[698] 4132	[699] 4154	[700] 7712	[701] 4174	[702] 4258	[703] 7306	
[704] 4124	[705] 4196	[706] 7738	[707] 4184	[708] 4798	[709] 7514	[710] 4798	[711] 4050	[712] 5388	[713] 4302	[714] 4292	[715] 7476	[716] 4800	[717] 4100	[718] 7304	[719] 5234	
[720] 4354	[721] 7666	[722] 4234	[723] 4484	[724] 4354	[725] 5950	[726] 4516	[727] 4690	[728] 5680	[729] 4252	[730] 4138	[731] 7434	[732] 4244	[733] 4400	[734] 7750	[735] 4392	
[736] 4236	[737] 7484	[738] 4120	[739] 4368	[740] 7458	[741] 4370	[742] 4150	[743] 7740	[744] 4278	[745] 4412	[746] 7606	[747] 4450	[748] 4264	[749] 4524	[750] 7634	[751] 4474	
[752] 4260	[753] 7606	[754] 4244	[755] 4368	[756] 7582	[757] 4140	[758] 4324	[759] 7414	[760] 4290	[761] 4098	[762] 7622	[763] 4110	[764] 4280	[765] 7650	[766] 4278	[767] 4452	
[768] 5452	[769] 4190	[770] 4198	[771] 5722	[772] 4236	[773] 4590	[774] 4480	[775] 8150	[776] 4554	[777] 4412	[778] 8056	[779] 4368	[780] 4294	[781] 7410	[782] 4254	[783] 4436	
[784] 7288	[785] 4394	[786] 4218	[787] 7392	[788] 4314	[789] 4264	[790] 7428	[791] 4322	[792] 4264	[793] 7394	[794] 4266	[795] 5242	[796] 5744	[797] 4568	[798] 4390	[799] 4332	
[800] 7642	[801] 4482	[802] 4172	[803] 7420	[804] 4178	[805] 4350	[806] 7458	[807] 4320	[808] 4412	[809] 7560	[810] 4360	[811] 4140	[812] 5284	[813] 4050	[814] 4350	[815] 7352	
[816] 4200	[817] 4430	[818] 7628	[819] 4322	[820] 4008	[821] 7728	[822] 4136	[823] 4290	[824] 4314	[825] 8384	[826] 4148	[827] 4216	[828] 7282	[829] 4130	[830] 4314	[831] 7570	
[832] 4374	[833] 4242	[834] 7440	[835] 4272	[836] 4236	[837] 7338	[838] 4260	[839] 4252	[840] 5782	[841] 4474	[842] 4978	[843] 7738	[844] 4258	[845] 4246	[846] 8558	[847] 4100	
[848] 4328	[849] 4202	[850] 7670	[851] 4728	[852] 4260	[853] 7580	[854] 4272	[855] 4158	[856] 5402	[857] 4294	[858] 4262	[859] 7650	[860] 4040	[861] 4200	[862] 7440	[863] 4014	
[864] 4200	[865] 7542	[866] 4256	[867] 4216	[868] 7260	[869] 4222	[870] 4396	[871] 7396	[872] 4236	[873] 4046	[874] 4306	[875] 7800	[876] 4258	[877] 4456	[878] 7402	[879] 4208	
[880] 5136	[881] 7380	[882] 4492	[883] 4126	[884] 7356	[885] 4360	[886] 4496	[887] 7992	[888] 4288	[889] 4476	[890] 7432	[891] 4462	[892] 4458	[893] 7578	[894] 4126	[895] 4306	
[896] 7254	[897] 4310	[898] 4500	[899] 4280	[900] 7856	[901] 4382	[902] 4280	[903] 7634	[904] 4352	[905] 4096	[906] 7588	[907] 4352	[908] 4950	[909] 7538	[910] 4304	[911] 4204	
[912] 8110	[913] 4208	[914] 4234	[915] 6460	[916] 4380	[917] 4452	[918] 7546	[919] 4410	[920] 4314	[921] 7404	[922] 4130	[923] 4608	[924] 4282	[925] 7714	[926] 4114	[927] 4306	
[928] 7452	[929] 4366	[930] 4394	[931] 7396	[932] 4210	[933] 4164	[934] 7304	[935] 4226	[936] 4144	[937] 7362	[938] 4078	[939] 4410	[940] 7376	[941] 4960	[942] 4284	[943] 7420	
[944] 4524	[945] 4304	[946] 7334	[947] 4434	[948] 4456	[949] 5360	[950] 7772	[951] 4322	[952] 4182	[953] 7872	[954] 4456	[955] 4182	[956] 7468	[957] 4330	[958] 4358	[959] 7332	
[960] 4290	[961] 4518	[962] 7516	[963] 4492	[964] 4500	[965] 7606	[966] 5218	[967] 4286	[968] 7490	[969] 5270	[970] 4380	[971] 7616	[972] 4288	[973] 4498	[974] 4290	[975] 7844	
[976] 4352	[977] 4306	[978] 7324	[979] 4378	[980] 4094	[981] 7622	[982] 4130	[983] 4156	[984] 7950	[985] 4396	[986] 4208	[987] 7280	[988] 4244	[989] 4174	[990] 7094	[991] 4398	
[992] 4160	[993] 7556	[994] 4156	[995] 4200	[996] 7316	[997] 4394	[998] 4596	[999] 4282	[1000] 5870	[1001] 4448	[1002] 4142	[1003] 7268	[1004] 4280	[1005] 4492	[1006] 7354	[1007] 4350	
[1008] 4284	[1009] 7342	[1010] 4490	[1011] 4456	[1012] 7262	[1013] 4352	[1014] 4246	[1015] 7392	[1016] 4456	[1017] 4456	[1018] 7266	[1019] 4388	[1020] 4304	[1021] 7332	[1022] 4260	[1023] 4748	
[10240] 5794	[10241] 4334	[10242] 4200	[10243] 7498	[10244] 4114	[10245] 4394	[10246] 5834	[10247] 4350	[10248] 4224	[10249] 4300	[10250] 7598	[10251] 4458	[10252] 5118	[10253] 5336	[10254] 4292	[10255] 4442	
[10256] 5698	[10257] 4394	[10258] 4554	[10259] 7226	[10260] 4288	[10261] 4362	[10262] 7226	[10263] 4350	[10264] 4236	[10265] 5976	[10266] 4156	[10267] 4308	[10268] 7516	[10269] 4324	[10270] 4120	[10271] 5664	
[10272] 4234	[10273] 4306	[10274] 4288	[10275] 7570	[10276] 4140	[10277] 4380	[10278] 7350	[10279] 4460	[10280] 4170	[10281] 6088	[10282] 4312	[10283] 4976	[10284] 5894	[10285] 4482	[10286] 4278	[10287] 7502	
[10288] 4350	[10289] 4156	[10290] 7460	[10291] 4382	[10292] 4172	[10293] 7464	[10294] 4224	[10295] 4410	[10296] 5832	[10297] 4334	[10298] 4304	[10299] 4360	[10300] 5744	[10301] 4234	[10302] 4180	[10303] 8468	
[10304] 4276	[10305] 4336	[10306] 7548	[10307] 4358	[10308] 4210	[10309] 5802	[10310] 4308	[10311] 4456	[10312] 7704	[10313] 4252	[10314] 4338	[10315] 7942	[10316] 4382	[10317] 4394	[10318] 7474	[10319] 5224	
[10320] 4416	[10321] 5936	[10322] 4218	[10323] 4350	[10324] 4202	[10325] 5830	[10326] 4288	[10327] 4492	[10328] 7464	[10329] 4350	[10330] 4220	[10331] 7428	[10332] 4138	[10333] 4392	[10334] 7482	[10335] 4224	
[10336] 4264	[10337] 7480	[10338] 4376	[10339] 5180	[10340] 5822	[10341] 4354	[10342] 4174	[10343] 7614	[10344] 4138	[10345] 4994	[10346] 5888	[10347] 4288	[10348] 4270	[10349] 4440	[10350] 7786	[10351] 4316	
[10352] 4330	[10353] 5916	[10354] 4332	[10355] 4318	[10356] 5814	[10357] 4338	[10358] 4704	[10359] 7612	[10360] 4368	[10361] 4464	[10362] 7456	[10363] 4414	[10364] 4226	[10365] 5526	[10366] 4230	[10367] 4458	
[10368] 7420	[10369] 4438	[10370] 4322	[10371] 6318	[10372] 4350	[10373] 4138	[10374] 4272	[10375] 7772	[10376] 4246	[10377] 4228	[10378] 7332	[10379] 4422	[10380] 4192	[10381] 7510	[10382] 4258	[10383] 4458	
[10384] 5838	[10385] 4264	[10386] 4324	[10387] 7586	[10388] 4540	[10389] 4478	[10390] 7402	[10391] 4300	[10392] 4280	[10393] 5652	[10394] 4342	[10395] 4242	[10396] 5678	[10397] 4458	[10398] 4304	[10399] 4420	
[10400] 7538	[10401] 4326	[10402] 4216	[10403] 7828	[10404] 4236	[10405] 4428	[10406] 7538	[10407] 4276	[10408] 4244	[10409] 5332	[10410] 4182	[10411] 4314	[10412] 5700	[10413] 4136	[10414] 4224	[10415] 7456	
[10416] 4188	[10417] 4304	[10418] 7544	[10419] 4256	[10420] 4192	[10421] 5416	[10422] 4316	[10423] 4438	[10424] 4180	[10425] 5376	[10426] 4274	[10427] 4284	[10428] 7422	[10429] 4328	[10430] 4242	[10431] 7602	
[10432] 4150	[10433] 4276	[10434] 7454	[10435] 4350	[10436] 4156	[10437] 7350	[10438] 4224	[10439] 4098	[10440] 5612	[10441] 4134	[10442] 4270	[10443] 7624	[10444] 4140	[10445] 4282	[10446] 5664	[10447] 4390	
[10448] 4306	[10449] 4554	[10450] 7544	[10451] 4352	[10452] 5122	[10453] 5702	[10454] 4434	[10455] 4314	[10456] 5532	[10457] 4276	[10458] 4586	[10459] 8096	[10460] 4672	[10461] 4500	[10462] 7500	[10463] 4532	
[10464] 4234	[10465] 7510	[10466] 4436	[10467] 4364	[10468] 5938	[10469] 4410	[10470] 4332	[10471] 5576	[10472] 4252	[10473] 4234	[10474] 4244	[10475] 7508	[10476] 4370	[10477] 4306	[10478] 7566	[10479] 4408	
[10480] 4304	[10481] 7484	[10482] 4174	[10483] 4290	[10484] 5552	[10485] 4414	[10486] 4326	[10487] 7712	[10488] 4280	[10489] 5210	[10490] 7496	[10491] 4368	[10492] 4218	[10493] 5850	[10494] 4324	[10495] 4476	
[10496] 5834	[10497] 4264	[10498] 4332	[10499] 4524	[10500] 7552	[10501] 4346	[10502] 4246	[10503] 7720	[10504] 4182	[10505] 4366	[10506] 7456	[10507] 4350	[10508] 4244	[10509] 5400	[10510] 4236	[10511] 4444	
[10512] 7422	[10513] 4216	[10514] 4200	[10515] 7376	[10516] 4200	[10517] 4218	[10518] 7386	[10519] 4342	[10520] 4184	[10521] 6256	[10522] 4570	[10523] 4350	[10524] 4412	[10525] 7836	[10526] 4156	[10527] 4386	
[10528] 7498	[10529] 4370	[10530] 4252	[10531] 7304	[10532] 4160	[10533] 4244	[10534] 7594	[10535] 4354	[10536] 4208	[10537] 5658	[10538] 4286	[10539] 4134	[10540] 6090	[10541] 4326	[10542] 4322	[10543] 7634	
[10544] 4230	[10545] 4140	[10546] 6062	[10547] 4428	[10548] 4266	[10549] 4296	[10550] 7594	[10551] 4438	[10552] 4350	[10553] 5666	[10554] 4396	[10555] 4530	[10556] 6554	[10557] 4500	[10558] 4378	[10559] 7542	
[10560] 4304	[10561] 4310	[10562] 7518	[10563] 4202	[10564] 4264	[10565] 5806	[10566] 4394	[10567] 4454	[10568] 5702	[10569] 4544	[10570] 4332	[10571] 5490	[10572] 4306	[10573] 4120	[10574] 4368	[10575] 8018	
[10576] 4352	[10577] 4200	[10578] 7440	[10579] 4476	[10580] 4232	[10581] 5700	[10582] 4386	[10583] 4290	[10584] 7670	[10585] 4004	[10586] 4226	[10587] 7514	[10588] 4332	[10589] 4438	[10590] 7404	[10591] 4168	
[10592] 4272	[10593] 5808	[10594] 4236	[10595] 4420	[10596] 5602	[10597] 4604	[10598] 4226	[10599] 4320	[10600] 7400	[10601] 4306	[10602] 4138	[10603] 7262	[10604] 4196	[10605] 4216	[10606] 7422	[10607] 4306	
[10608] 4226	[10609] 5558	[10610] 4342	[10611] 4280	[10612] 7342	[10613] 4390	[10614] 4384	[10615] 7500	[10616] 4212	[10617] 4220	[10618] 8144	[10619] 4126	[10620] 4228	[10621] 5806	[10622] 4440	[10623] 4472	
[10624] 4314	[10625] 5566	[10626] 4390	[10627] 4500	[10628] 7526	[10629] 4208	[10630] 4300	[10631] 7602	[10632] 4308	[10633] 4884	[10634] 7374	[10635] 4380	[10636] 4228	[10637] 7634	[10638] 4314	[10639] 4432	
[10640] 5622	[10641] 4200	[10642] 4350	[10643] 7516	[10644] 4298	[10645] 4306	[10646] 5670	[10647] 4156	[10648] 4188	[10649] 4470	[10650] 7626	[10651] 4398	[10652] 4374	[10653] 5804	[10654] 4304	[10655] 4430	
[10656] 7278	[10657] 4412	[10658] 4306	[10659] 7572	[10660] 4218	[10661] 4168	[10662] 7630	[10663] 4298	[10664] 4340	[10665] 7402	[10666] 4458	[10667] 4500	[10668] 5688	[10669] 4162	[10670] 4228	[10671] 5612	
[10672] 4280	[10673] 4032	[10674] 4244	[10675] 7652	[10676] 4176	[10677] 4422	[10678] 8008	[10679] 4420	[10680] 4176	[10681] 5436	[10682] 4240	[10683] 4388	[10684] 7350	[10685] 4350	[10686] 4422	[10687] 7390	
[10688] 4230	[10689] 4376	[10690] 7368	[10691] 4390	[10692] 4176	[10693] 7414	[10694] 4332	[10695] 4246	[10696] 5672	[10697] 4396	[10698] 4162	[10699] 4216	[10700] 7422	[10701] 4454	[10702] 4172	[10703] 7420	
[10704] 4840	[10705] 4218	[10706] 7624	[10707] 4336	[10708] 4130	[10709] 7472	[10710] 4330	[10711] 4428	[10712] 7660	[10713] 4146	[10714] 4200	[10715] 7456	[10716] 4198	[10717] 4302	[10718] 7592	[10719] 4368	
[10720] 4234	[10721] 5568	[10722] 4402	[10723] 4464	[10724] 4180	[10725] 7472	[10726] 4330	[10727] 4262	[10728] 5628	[10729] 4482	[10730] 4244	[10731] 7506	[10732] 4532	[10733] 4220	[10734] 7354	[10735] 4456	
[10736] 4358	[10737] 5676	[10738] 4326	[10739] 4456	[10740] 7372	[10741] 5228	[10742] 4286	[10743] 7414	[10744] 4168	[10745] 4394	[10746] 5602	[10747] 4298	[10748] 4270	[10749] 4394	[10750] 7674	[10751] 4096	
[10752] 4242	[10753] 5746	[10754] 4260	[10755] 4280	[10756] 7518	[10757] 4324	[10758] 4328	[10759] 7688	[10760] 4500	[10761] 4352	[10762] 7464	[10763] 4472	[10764] 4546	[10765] 7600	[10766] 4454	[10767] 4370	
[10768] 5728	[10769] 4068	[10770] 4074	[10771] 5754	[10772] 4456	[10773] 5216	[10774] 4420	[10775] 8842	[10776] 4306	[10777] 3928	[10778] 7480	[10779] 4116	[10780] 4124	[10781] 7500	[10782] 4142	[10783] 4138	
[10784] 7444	[10785] 4140	[10786] 4846	[10787] 7482	[10788] 4292	[10789] 4730	[10790] 7568	[10791] 4110	[10792] 4138	[10793] 8204	[10794] 4324	[10795] 4330	[10796] 5882	[10797] 4432	[10798] 4492	[10799] 5266	
[10800] 7298	[10801] 5274	[10802] 4306	[10803] 7746	[10804] 4154	[10805] 4272	[10806] 8464	[10807] 4120	[10808] 4156	[10809] 7818	[10810] 4244	[10811] 4402	[10812] 5874	[10813] 4244	[10814] 4222	[10815] 7548	
[10816] 4260	[10817] 4392	[10818] 7408	[10819] 4256	[10820] 4198	[10821] 6964	[10822] 4560	[10823] 4444	[10824] 4312	[10825] 6098	[10826] 4250	[10827] 4344	[10828] 5656	[10829] 4282	[10830] 4200	[10831] 7612	
[10832] 4260	[10833] 4326	[10834] 7384	[10835] 4288	[10836] 4950	[10837] 7362	[10838] 4368	[10839] 4216	[10840] 7764	[10841] 4224	[10842] 4308	[10843] 7492	[10844] 4158	[10845] 4264	[10846] 5672	[10847] 5638	
[10848] 4314	[10849] 4428	[10850] 6186	[10851] 4244	[10852] 4144	[10853] 6014	[10854] 4344	[10855] 4408	[10856] 6002	[10857] 4320	[10858] 4276	[10859] 7392	[10860] 4544	[10861] 4410	[10862] 7430	[10863] 4378	
[10864] 4412	[10865] 6048	[10866] 4282	[10867] 4376	[10868] 6000	[10869] 4514	[10870] 4280	[10871] 5842	[10872] 4482	[10873] 4280	[10874] 4192	[10875] 7456	[10876] 4280	[10877] 4492	[10878] 7588	[10879] 4226	
[10880] 4230	[10881] 5786	[10882] 4206	[10883] 4406	[10884] 5594	[10885] 4416	[10886] 4108	[10887] 7624	[10888] 4288	[10889] 4308	[10890] 7280	[10891] 4422	[10892] 4234	[10893] 5808	[10894] 4260	[10895] 4168	
[10896] 4462	[10897] 6106	[10898] 4308	[10899] 4246	[10900] 5746	[10901] 4520	[10902] 4348	[10903] 7438	[10904] 4322	[10905] 4430	[10906] 7138	[10907] 4346	[10908] 4208	[10909] 5402	[10910] 4274	[10911] 4432	
[10912] 7420	[10913] 4362	[10914] 4266	[10915] 7742	[10916] 4340	[10917] 4352	[10918] 7350	[10919] 4066	[10920] 4242	[10921] 5750	[10922] 4242	[10923] 4510	[10924] 4182	[10925] 7504	[10926] 4544	[10927] 4440	
[10928] 7412	[10929] 4204	[10930] 4180	[10931] 7626	[10932] 4414	[10933] 4280	[10934] 7368	[10935] 5268	[10936] 4350	[10937] 7434	[10938] 4324	[10939] 4486	[10940] 6458	[10941] 4424	[10942] 4366	[10943] 7348	
[10944] 4276	[10945] 4428	[10946] 5478	[10947] 4456	[10948] 4290	[10949] 5008	[10950] 7338	[10951] 4484	[10952] 4314	[10953] 7464	[10954] 4288	[10955] 4438	[10956] 5998	[10957] 4382	[10958] 4330	[10959] 7476	
[10960] 4324	[10961] 4436	[10962] 7226	[10963] 4564	[10964] 4282	[10965] 5356	[10966] 4282	[10967] 4504	[10968] 7454	[10969] 4518	[10970] 4330	[10971] 6076	[10972] 4326	[10973] 4242	[10974] 4350	[10975] 7634	
[10976] 4502	[10977] 4374	[10978] 7620	[10979] 4500	[10980] 4490	[10981] 5700	[10982] 4458	[10983] 4352	[10984] 5718	[10985] 4448	[10986] 4246	[10987] 7500	[10988] 4208	[10989] 4366	[10990] 8320	[10991] 4426	
[10992] 4218	[10993] 5498	[10994] 4390	[10995] 4308	[10996] 5568	[10997] 4180	[10998] 4290	[10999] 4500	[11000] 6004	[11001] 4456	[11002] 4368	[11003] 7618	[11004] 4312	[11005] 4480	[11006] 7368	[11007] 4404	
[11008] 4242	[11009] 5748	[11010] 4340	[11011] 4496	[11012] 7314	[11013] 4534	[11014] 4226	[11015] 7424	[11016] 4306	[11017] 4402	[11018] 7322	[11019] 4514	[11020] 4264	[11021] 5452	[11022] 4306	[11023] 4410	
[11024] 4340	[11025] 7784	[11026] 4328	[11027] 4226	[11028] 7508	[11029] 4394	[11030] 4274	[11031] 7330	[11032] 4186	[11033] 4258	[11034] 7454	[11035] 4480	[11036] 4922	[11037] 7452	[11038] 4826	[11039] 4404	
[11040] 7540	[11041] 4280	[11042] 4216	[11043] 7784	[11044] 4278	[11045] 4500	[11046] 5828	[11047] 4274	[11048] 4228	[11049] 4376	[11050] 8268	[11051] 4398	[11052] 4162	[11053] 5372	[11054] 4242	[11055] 4264	
[11056] 7376	[11057] 4394	[11058] 4156	[11059] 8126	[11060] 4270	[11061] 4306	[11062] 7706	[11063] 4686	[11064] 4138	[11065] 5746	[11066] 4304	[11067] 4400	[11068] 5780	[11069] 4328	[11070] 4202	[11071] 5526	
[11072] 4302	[11073] 4456	[11074] 4306	[11075] 5742	[11076] 4324	[11077] 4368	[11078] 7290	[11079] 4418	[11080] 4300	[11081] 7348	[11082] 4652	[11083] 4200	[11084] 5470	[11085] 4172	[11086] 5172	[11087] 7996	
[11088] 4182	[11089] 4158	[11090] 7334	[11091] 4352	[11092] 4200	[11093] 7670	[11094] 4358	[11095] 4352	[11096] 5814	[11097] 4438	[11098] 4154	[11099] 4290	[11100] 7396	[11101] 4386	[11102] 4120	[11103] 7480	
[11104] 4132	[11105] 4344	[11106] 7622	[11107] 4200	[11108] 5128	[11109] 7480	[11110] 4790	[11111] 4362	[11112] 7570	[11113] 4384	[11114] 4120	[11115] 7352	[11116] 4224	[11117] 4224	[11118] 7348	[11119] 4352	
[11120] 4224	[11121] 5700	[11122] 4338	[11123] 5138	[11124] 4216	[11125] 5486	[11126] 4294	[11127] 4114	[11128] 7710	[11129] 4398	[11130] 4176	[11131] 7368	[11132] 4200	[11133] 4100	[11134] 7438	[11135] 4306	
[11136] 4230	[11137] 7630	[11138] 4118	[11139] 4246	[11140] 5578	[11141] 4394	[11142] 4106	[11143] 7458	[11144] 4184	[11145] 4390	[11146] 5760	[11147] 4332	[11148] 5152	[11149] 4396	[11150] 7632	[11151] 4376	
[11152] 4350	[11153] 5894	[11154] 4286	[11155] 4354	[11156] 5536	[11157] 4374	[11158] 4440	[11159] 7606	[11160] 4330	[11161] 4228	[11162] 7464	[11163] 4484	[11164] 4358	[11165] 5362	[11166] 4394	[11167] 4330	
[11168] 7144	[11169] 4500	[11170] 4334	[11171] 5852	[11172] 4306	[11173] 4310	[11174] 4192	[11175] 7710	[11176] 4304	[11177] 4334	[11178] 7552	[11179] 4304	[11180] 4244	[11181] 5826	[11182] 4952	[11183] 4200	
[11184] 7422	[11185] 4480	[11186] 4348	[11187] 7386	[11188] 4244	[11189] 4290	[11190] 7356	[11191] 4434	[11192] 4252	[11193] 7588	[11194] 4374	[11195] 4432	[11196] 6514	[11197] 4440	[11198] 4350	[11199] 4222	
[11200] 7536	[11201] 4152	[11202] 4234	[11203] 7500	[11204] 4138	[11205] 5038	[11206] 7368	[11207] 4768	[11208] 4288	[11209] 7632	[11210] 4278	[11211] 4352	[11212] 5774	[11213] 4234	[11214] 4216	[11215] 7470	
[11216] 4202	[11217] 4236	[11218] 7276	[11219] 4384	[11220] 4184	[11221] 5638	[11222] 4812	[11223] 4420	[11224] 4314	[11225] 7516	[11226] 4298	[11227] 4244	[11228] 5854	[11229] 4416	[11230] 4242	[11231] 7388	
[11232] 4430	[11233] 4418	[11234] 7330	[11235] 4410	[11236] 4354	[11237] 5850	[11238] 4362	[11239] 4376	[11240] 5560	[11241] 4496	[11242] 4324	[11243] 7500	[11244] 4536	[11245] 4484	[11246] 5882	[11247] 4198	
[11248] 4156	[11249] 4262	[11250] 7434	[11251] 4156	[11252] 4280	[11253] 5682	[11254] 4438	[11255] 4604	[11256] 7372	[11257] 4330	[11258] 4218	[11259] 7428	[11260] 4500	[11261] 4302	[11262] 7474	[11263] 4258	
QP qtt = 2

[0] 13380	[1] 3388	[2] 2896	[3] 2256	[4] 2474	[5] 4320	[6] 2266	[7] 2322	[8] 2264	[9] 2330	[10] 2668	[11] 2516	[12] 2236	[13] 2608	[14] 2296	[15] 2956	
[16] 2242	[17] 2286	[18] 2962	[19] 2338	[20] 3134	[21] 2606	[22] 2306	[23] 2462	[24] 2246	[25] 3258	[26] 2310	[27] 3060	[28] 2520	[29] 2984	[30] 3030	[31] 2326	
[32] 2368	[33] 3150	[34] 2316	[35] 2426	[36] 3010	[37] 2320	[38] 2940	[39] 2344	[40] 2280	[41] 2984	[42] 2668	[43] 2266	[44] 2920	[45] 2528	[46] 2240	[47] 2712	
[48] 2252	[49] 2334	[50] 3092	[51] 2510	[52] 2262	[53] 2964	[54] 2280	[55] 3036	[56] 2522	[57] 2348	[58] 2244	[59] 2972	[60] 2302	[61] 2978	[62] 2254	[63] 2320	
[64] 2532	[65] 2396	[66] 2220	[67] 3048	[68] 3456	[69] 2308	[70] 2994	[71] 3334	[72] 2966	[73] 2546	[74] 3476	[75] 2522	[76] 2642	[77] 2282	[78] 2336	[79] 2578	
[80] 2260	[81] 2480	[82] 2904	[83] 2278	[84] 2918	[85] 2396	[86] 2214	[87] 2812	[88] 2250	[89] 2286	[90] 3312	[91] 2322	[92] 2210	[93] 3840	[94] 2302	[95] 3166	
[96] 3700	[97] 2272	[98] 2910	[99] 3378	[100] 2302	[101] 2856	[102] 3152	[103] 2320	[104] 2974	[105] 2314	[106] 2168	[107] 3012	[108] 2292	[109] 2286	[110] 3120	[111] 2528	
[112] 3210	[113] 2276	[114] 2230	[115] 2996	[116] 2374	[117] 2296	[118] 2714	[119] 2360	[120] 2366	[121] 3006	[122] 2284	[123] 2976	[124] 2538	[125] 2448	[126] 2918	[127] 2400	
[128] 2558	[129] 2512	[130] 3126	[131] 2388	[132] 2874	[133] 3254	[134] 2894	[135] 2552	[136] 2286	[137] 3134	[138] 2366	[139] 2468	[140] 2252	[141] 2194	[142] 2270	[143] 2344	
[144] 2996	[145] 2328	[146] 2892	[147] 3090	[148] 2936	[149] 2942	[150] 3444	[151] 2520	[152] 2322	[153] 2966	[154] 2454	[155] 3070	[156] 2262	[157] 2224	[158] 2538	[159] 2296	
[160] 2388	[161] 3042	[162] 2304	[163] 2488	[164] 3084	[165] 2396	[166] 3214	[167] 2578	[168] 2324	[169] 3196	[170] 2458	[171] 2526	[172] 3076	[173] 2606	[174] 3266	[175] 3140	
[176] 2330	[177] 3378	[178] 3316	[179] 2646	[180] 2540	[181] 2548	[182] 4450	[183] 2672	[184] 2278	[185] 2634	[186] 2334	[187] 2358	[188] 3346	[189] 2390	[190] 2266	[191] 3232	
[192] 2366	[193] 4302	[194] 2568	[195] 2374	[196] 3012	[197] 2572	[198] 2284	[199] 3202	[200] 2394	[201] 2508	[202] 2860	[203] 2588	[204] 2444	[205] 3174	[206] 2472	[207] 2382	
[208] 2396	[209] 3596	[210] 2434	[211] 2620	[212] 3292	[213] 2624	[214] 2294	[215] 3504	[216] 2712	[217] 2382	[218] 3530	[219] 2470	[220] 2598	[221] 2826	[222] 2528	[223] 2396	
[224] 3194	[225] 2526	[226] 3420	[227] 2476	[228] 2316	[229] 3570	[230] 2484	[231] 2508	[232] 2578	[233] 3608	[234] 2536	[235] 2692	[236] 3394	[237] 2580	[238] 2734	[239] 4134	
[240] 2690	[241] 2684	[242] 3380	[243] 2568	[244] 2704	[245] 3184	[246] 2534	[247] 2506	[248] 3364	[249] 2744	[250] 2364	[251] 3646	[252] 2556	[253] 2702	[254] 3436	[255] 2554	
[256] 2638	[257] 3170	[258] 2532	[259] 2706	[260] 2436	[261] 4482	[262] 2456	[263] 3406	[264] 3924	[265] 2664	[266] 2538	[267] 3702	[268] 2628	[269] 2626	[270] 3714	[271] 2694	
[272] 2736	[273] 3894	[274] 2840	[275] 2592	[276] 3076	[277] 2796	[278] 3030	[279] 3862	[280] 2850	[281] 2658	[282] 3610	[283] 2850	[284] 2698	[285] 2586	[286] 4946	[287] 2730	
[288] 2520	[289] 3616	[290] 2632	[291] 2628	[292] 3832	[293] 2662	[294] 2726	[295] 3084	[296] 2748	[297] 2920	[298] 3840	[299] 3006	[300] 2660	[301] 3910	[302] 3068	[303] 2972	
[304] 3198	[305] 2854	[306] 2618	[307] 3938	[308] 2696	[309] 2782	[310] 3074	[311] 3992	[312] 2972	[313] 2798	[314] 3916	[315] 2792	[316] 2960	[317] 4118	[318] 3096	[319] 2764	
[320] 3948	[321] 2852	[322] 2634	[323] 3886	[324] 2748	[325] 3126	[326] 3166	[327] 2916	[328] 2650	[329] 4420	[330] 3220	[331] 3166	[332] 4244	[333] 3070	[334] 3092	[335] 3598	
[336] 3052	[337] 3014	[338] 2798	[339] 4382	[340] 3698	[341] 2994	[342] 3672	[343] 3138	[344] 2882	[345] 4488	[346] 2968	[347] 2984	[348] 4462	[349] 3064	[350] 2988	[351] 3568	
[352] 3244	[353] 2962	[354] 4334	[355] 3054	[356] 2910	[357] 4308	[358] 3030	[359] 3016	[360] 4800	[361] 3378	[362] 3324	[363] 3352	[364] 3140	[365] 5076	[366] 3220	[367] 5726	
[368] 3212	[369] 3194	[370] 4852	[371] 3340	[372] 3302	[373] 5632	[374] 3310	[375] 3304	[376] 4912	[377] 3400	[378] 3104	[379] 5012	[380] 3916	[381] 3364	[382] 3900	[383] 3436	
[384] 3122	[385] 5096	[386] 3236	[387] 3396	[388] 5048	[389] 3460	[390] 3340	[391] 5684	[392] 3294	[393] 3842	[394] 4596	[395] 4120	[396] 3584	[397] 5922	[398] 3818	[399] 3828	
[400] 5562	[401] 3954	[402] 3568	[403] 5886	[404] 3710	[405] 3880	[406] 4410	[407] 3966	[408] 3600	[409] 5842	[410] 3784	[411] 3742	[412] 5764	[413] 4110	[414] 3654	[415] 3750	
[416] 3454	[417] 6546	[418] 3716	[419] 3734	[420] 5712	[421] 4666	[422] 3528	[423] 5916	[424] 3644	[425] 4426	[426] 5418	[427] 4650	[428] 4080	[429] 5700	[430] 4190	[431] 4390	
[432] 7508	[433] 4484	[434] 4918	[435] 7280	[436] 4436	[437] 4374	[438] 4280	[439] 4042	[440] 8470	[441] 4634	[442] 3838	[443] 7136	[444] 4094	[445] 4450	[446] 7090	[447] 4578	
[448] 3758	[449] 7358	[450] 4018	[451] 4066	[452] 5504	[453] 4352	[454] 3884	[455] 7034	[456] 4138	[457] 4272	[458] 7728	[459] 4480	[460] 4288	[461] 5770	[462] 4500	[463] 4262	
[464] 4086	[465] 4220	[466] 7998	[467] 4466	[468] 4050	[469] 7864	[470] 4676	[471] 4286	[472] 8396	[473] 4432	[474] 4456	[475] 7728	[476] 5172	[477] 4280	[478] 8088	[479] 4520	
[480] 4006	[481] 5820	[482] 4384	[483] 4156	[484] 8100	[485] 4598	[486] 4288	[487] 7536	[488] 4562	[489] 4358	[490] 4288	[491] 4392	[492] 8676	[493] 4544	[494] 4326	[495] 7682	
[496] 4314	[497] 4350	[498] 7984	[499] 4650	[500] 4070	[501] 7652	[502] 4334	[503] 4184	[504] 8032	[505] 4650	[506] 4350	[507] 5520	[508] 4624	[509] 4248	[510] 8160	[511] 4524	
[512] 4078	[513] 4536	[514] 4368	[515] 4378	[516] 6706	[517] 4648	[518] 4288	[519] 7544	[520] 4288	[521] 4306	[522] 7620	[523] 4544	[524] 4068	[525] 7696	[526] 4694	[527] 4302	
[528] 8036	[529] 4588	[530] 4318	[531] 7720	[532] 4396	[533] 4180	[534] 7744	[535] 4586	[536] 4004	[537] 7810	[538] 4334	[539] 5294	[540] 4388	[541] 4280	[542] 7608	[543] 4606	
[544] 4140	[545] 7800	[546] 4576	[547] 4446	[548] 8056	[549] 4634	[550] 4292	[551] 7860	[552] 4324	[553] 4294	[554] 8064	[555] 4578	[556] 4174	[557] 7726	[558] 4544	[559] 4324	
[560] 7968	[561] 4384	[562] 4956	[563] 4444	[564] 4126	[565] 8100	[566] 4486	[567] 4262	[568] 7470	[569] 4684	[570] 4298	[571] 5860	[572] 4200	[573] 4310	[574] 5910	[575] 4694	
[576] 4028	[577] 7780	[578] 4586	[579] 4206	[580] 8084	[581] 4420	[582] 4114	[583] 5784	[584] 4608	[585] 4374	[586] 8116	[587] 4694	[588] 4754	[589] 8126	[590] 4398	[591] 4622	
[592] 8056	[593] 4560	[594] 4228	[595] 7992	[596] 4246	[597] 4340	[598] 7544	[599] 4848	[600] 3988	[601] 7970	[602] 4626	[603] 4358	[604] 8376	[605] 4664	[606] 4296	[607] 7634	
[608] 4236	[609] 4216	[610] 7876	[611] 4524	[612] 4372	[613] 4330	[614] 8486	[615] 4342	[616] 4008	[617] 7940	[618] 4392	[619] 4232	[620] 8144	[621] 4622	[622] 4244	[623] 8074	
[624] 4348	[625] 4184	[626] 7790	[627] 4448	[628] 4068	[629] 7924	[630] 4634	[631] 4308	[632] 8154	[633] 4552	[634] 4226	[635] 7888	[636] 4818	[637] 4266	[638] 4454	[639] 7976	
[640] 4134	[641] 4156	[642] 8070	[643] 4578	[644] 4458	[645] 7818	[646] 4350	[647] 4160	[648] 8196	[649] 4580	[650] 4444	[651] 7652	[652] 4280	[653] 4240	[654] 8014	[655] 4370	
[656] 4308	[657] 5772	[658] 4550	[659] 4258	[660] 8184	[661] 4744	[662] 4116	[663] 4456	[664] 8420	[665] 4686	[666] 4344	[667] 7920	[668] 4534	[669] 4140	[670] 7720	[671] 4594	
[672] 4198	[673] 7590	[674] 5116	[675] 4314	[676] 8248	[677] 4544	[678] 4308	[679] 7696	[680] 4378	[681] 4302	[682] 8084	[683] 4606	[684] 4090	[685] 8136	[686] 4430	[687] 4258	
[688] 4242	[689] 7844	[690] 4536	[691] 4304	[692] 8100	[693] 4452	[694] 4368	[695] 7868	[696] 4554	[697] 4184	[698] 8594	[699] 4860	[700] 4322	[701] 7820	[702] 5102	[703] 4262	
[704] 8138	[705] 4454	[706] 4420	[707] 6150	[708] 4290	[709] 4412	[710] 8250	[711] 4464	[712] 4348	[713] 4438	[714] 7630	[715] 4500	[716] 4306	[717] 7968	[718] 4306	[719] 4294	
[720] 7950	[721] 4412	[722] 4386	[723] 5696	[724] 4688	[725] 4250	[726] 7636	[727] 4498	[728] 4086	[729] 6000	[730] 4650	[731] 4176	[732] 8224	[733] 4406	[734] 4104	[735] 7588	
[736] 4350	[737] 4480	[738] 4342	[739] 5826	[740] 4328	[741] 5126	[742] 7626	[743] 4516	[744] 4736	[745] 7712	[746] 4544	[747] 4418	[748] 8396	[749] 4572	[750] 4394	[751] 10924	
[752] 4512	[753] 4278	[754] 7984	[755] 4598	[756] 4652	[757] 7670	[758] 5016	[759] 4064	[760] 8028	[761] 4430	[762] 8204	[763] 4720	[764] 9972	[765] 4820	[766] 4252	[767] 7616	
[768] 4350	[769] 4368	[770] 7906	[771] 4608	[772] 4012	[773] 7752	[774] 7132	[775] 5638	[776] 9688	[777] 4758	[778] 4410	[779] 7434	[780] 4308	[781] 4202	[782] 8076	[783] 4518	
[784] 4280	[785] 7858	[786] 4266	[787] 5568	[788] 4438	[789] 4496	[790] 8862	[791] 4596	[792] 4296	[793] 7950	[794] 4584	[795] 6926	[796] 9724	[797] 8002	[798] 4926	[799] 9886	
[800] 4482	[801] 4474	[802] 7514	[803] 5532	[804] 4306	[805] 5654	[806] 7484	[807] 5418	[808] 9488	[809] 4544	[810] 4308	[811] 13544	[812] 5040	[813] 4290	[814] 4158	[815] 4392	
[816] 8384	[817] 4332	[818] 3962	[819] 7626	[820] 4338	[821] 4154	[822] 6046	[823] 4826	[824] 4218	[825] 7896	[826] 4642	[827] 4370	[828] 8002	[829] 4546	[830] 4378	[831] 7624	
[832] 4438	[833] 4306	[834] 7864	[835] 4420	[836] 4208	[837] 6516	[838] 5500	[839] 4516	[840] 9732	[841] 4500	[842] 4130	[843] 8470	[844] 4542	[845] 4298	[846] 8160	[847] 6458	
[848] 4782	[849] 9512	[850] 4556	[851] 4350	[852] 5834	[853] 4684	[854] 4404	[855] 7650	[856] 4164	[857] 4224	[858] 7596	[859] 4764	[860] 4068	[861] 7730	[862] 4798	[863] 4358	
[864] 7950	[865] 4464	[866] 4280	[867] 7622	[868] 4232	[869] 4368	[870] 7882	[871] 4530	[872] 4072	[873] 7852	[874] 4730	[875] 4174	[876] 5746	[877] 4428	[878] 4244	[879] 7588	
[880] 4438	[881] 4264	[882] 7738	[883] 4564	[884] 3988	[885] 7758	[886] 8268	[887] 4272	[888] 4076	[889] 8294	[890] 4528	[891] 4578	[892] 7976	[893] 4608	[894] 4366	[895] 7668	
[896] 4454	[897] 4284	[898] 7430	[899] 4606	[900] 4006	[901] 7712	[902] 4534	[903] 4362	[904] 8014	[905] 4516	[906] 4074	[907] 7530	[908] 4412	[909] 4402	[910] 8092	[911] 5524	
[912] 4410	[913] 4398	[914] 8780	[915] 4430	[916] 4198	[917] 5984	[918] 4290	[919] 4234	[920] 7906	[921] 4492	[922] 4332	[923] 7906	[924] 4306	[925] 4388	[926] 8016	[927] 5502	
[928] 4270	[929] 5848	[930] 4500	[931] 4394	[932] 5848	[933] 4466	[934] 4050	[935] 7756	[936] 4502	[937] 4412	[938] 7720	[939] 4458	[940] 4368	[941] 5892	[942] 4452	[943] 4248	
[944] 8524	[945] 4428	[946] 4208	[947] 7850	[948] 4420	[949] 4306	[950] 8204	[951] 4490	[952] 4394	[953] 7868	[954] 4590	[955] 4262	[956] 5742	[957] 4526	[958] 4230	[959] 7606	
[960] 4592	[961] 5626	[962] 4624	[963] 8198	[964] 4602	[965] 4370	[966] 7458	[967] 4446	[968] 4334	[969] 7484	[970] 4826	[971] 4458	[972] 5966	[973] 4516	[974] 4040	[975] 7454	
[976] 4370	[977] 4500	[978] 8012	[979] 4376	[980] 4006	[981] 7680	[982] 4590	[983] 4378	[984] 7800	[985] 4440	[986] 4932	[987] 4438	[988] 8438	[989] 4576	[990] 4374	[991] 7562	
[992] 4334	[993] 4304	[994] 7968	[995] 4430	[996] 4078	[997] 7710	[998] 4604	[999] 4286	[1000] 8356	[1001] 4508	[1002] 4294	[1003] 7730	[1004] 4268	[1005] 4186	[1006] 8082	[1007] 4326	
[1008] 4312	[1009] 7676	[1010] 5246	[1011] 6076	[1012] 4506	[1013] 8806	[1014] 4424	[1015] 4330	[1016] 7970	[1017] 4660	[1018] 4308	[1019] 7568	[1020] 4252	[1021] 4420	[1022] 7362	[1023] 4714	
[10240] 4320	[10241] 4238	[10242] 7544	[10243] 4474	[10244] 4388	[10245] 7844	[10246] 4606	[10247] 4324	[10248] 8204	[10249] 4572	[10250] 4376	[10251] 7666	[10252] 4286	[10253] 4840	[10254] 4306	[10255] 5400	
[10256] 5028	[10257] 4286	[10258] 7470	[10259] 4650	[10260] 4092	[10261] 7818	[10262] 4234	[10263] 4226	[10264] 7430	[10265] 4272	[10266] 4436	[10267] 5242	[10268] 4330	[10269] 4334	[10270] 8842	[10271] 4450	
[10272] 3988	[10273] 7968	[10274] 4316	[10275] 4392	[10276] 5814	[10277] 4620	[10278] 4454	[10279] 4336	[10280] 5780	[10281] 4786	[10282] 4968	[10283] 5390	[10284] 4222	[10285] 4230	[10286] 7644	[10287] 4498	
[10288] 4358	[10289] 7668	[10290] 4280	[10291] 4290	[10292] 7948	[10293] 4528	[10294] 4368	[10295] 5458	[10296] 4582	[10297] 4482	[10298] 7492	[10299] 5750	[10300] 4280	[10301] 7896	[10302] 4310	[10303] 4218	
[10304] 4544	[10305] 7870	[10306] 4456	[10307] 4174	[10308] 7666	[10309] 4622	[10310] 4374	[10311] 7784	[10312] 4438	[10313] 4134	[10314] 8046	[10315] 4354	[10316] 3918	[10317] 7754	[10318] 4622	[10319] 4224	
[10320] 8312	[10321] 4528	[10322] 4306	[10323] 7598	[10324] 4078	[10325] 4348	[10326] 7416	[10327] 4594	[10328] 5340	[10329] 8928	[10330] 4394	[10331] 4182	[10332] 9494	[10333] 4670	[10334] 4370	[10335] 7906	
[10336] 4402	[10337] 4050	[10338] 7624	[10339] 4920	[10340] 4482	[10341] 7764	[10342] 4492	[10343] 4358	[10344] 8124	[10345] 4410	[10346] 4464	[10347] 8012	[10348] 4608	[10349] 4322	[10350] 7528	[10351] 4666	
[10352] 4326	[10353] 5768	[10354] 4632	[10355] 4254	[10356] 4130	[10357] 7766	[10358] 4456	[10359] 4326	[10360] 7936	[10361] 4392	[10362] 4332	[10363] 7666	[10364] 4120	[10365] 4350	[10366] 8036	[10367] 4500	
[10368] 4202	[10369] 7804	[10370] 4308	[10371] 4270	[10372] 7720	[10373] 4574	[10374] 4282	[10375] 5170	[10376] 4202	[10377] 4452	[10378] 6442	[10379] 4564	[10380] 4104	[10381] 4396	[10382] 6010	[10383] 4572	
[10384] 4094	[10385] 7890	[10386] 4852	[10387] 4226	[10388] 7412	[10389] 4730	[10390] 4420	[10391] 5632	[10392] 4358	[10393] 4358	[10394] 8022	[10395] 4562	[10396] 4350	[10397] 7728	[10398] 4626	[10399] 4330	
[10400] 8166	[10401] 4422	[10402] 4420	[10403] 5426	[10404] 4370	[10405] 4226	[10406] 7776	[10407] 4432	[10408] 4018	[10409] 7698	[10410] 4472	[10411] 4252	[10412] 8064	[10413] 4330	[10414] 4378	[10415] 5442	
[10416] 4254	[10417] 4200	[10418] 7556	[10419] 4344	[10420] 4110	[10421] 7694	[10422] 4710	[10423] 4148	[10424] 8342	[10425] 4620	[10426] 4242	[10427] 5648	[10428] 5344	[10429] 4282	[10430] 4458	[10431] 7474	
[10432] 4342	[10433] 4132	[10434] 5736	[10435] 4516	[10436] 4310	[10437] 7756	[10438] 4394	[10439] 4262	[10440] 5478	[10441] 4650	[10442] 4228	[10443] 5550	[10444] 4304	[10445] 4060	[10446] 7746	[10447] 4650	
[10448] 3948	[10449] 7674	[10450] 4650	[10451] 4290	[10452] 8030	[10453] 4350	[10454] 4368	[10455] 4244	[10456] 6018	[10457] 4932	[10458] 4394	[10459] 5566	[10460] 4376	[10461] 4324	[10462] 7744	[10463] 4472	
[10464] 4802	[10465] 7564	[10466] 4586	[10467] 4280	[10468] 7946	[10469] 4496	[10470] 4022	[10471] 7626	[10472] 4334	[10473] 4370	[10474] 7780	[10475] 4412	[10476] 4306	[10477] 7730	[10478] 4500	[10479] 4246	
[10480] 3998	[10481] 7710	[10482] 4472	[10483] 4410	[10484] 8188	[10485] 4544	[10486] 4200	[10487] 7704	[10488] 4604	[10489] 5144	[10490] 5938	[10491] 5188	[10492] 4340	[10493] 7780	[10494] 4926	[10495] 4484	
[10496] 9452	[10497] 4624	[10498] 4182	[10499] 5522	[10500] 4224	[10501] 4436	[10502] 7908	[10503] 4614	[10504] 4696	[10505] 4252	[10506] 7628	[10507] 4614	[10508] 3918	[10509] 7682	[10510] 4588	[10511] 4246	
[10512] 8120	[10513] 4562	[10514] 4030	[10515] 5206	[10516] 4520	[10517] 4052	[10518] 7718	[10519] 4542	[10520] 4200	[10521] 7694	[10522] 4350	[10523] 4368	[10524] 5926	[10525] 4650	[10526] 4292	[10527] 7676	
[10528] 4172	[10529] 4480	[10530] 4458	[10531] 5226	[10532] 4420	[10533] 5370	[10534] 7914	[10535] 4440	[10536] 4068	[10537] 8848	[10538] 4606	[10539] 4270	[10540] 8236	[10541] 4632	[10542] 4486	[10543] 7562	
[10544] 4588	[10545] 4228	[10546] 5664	[10547] 4588	[10548] 4004	[10549] 7800	[10550] 4500	[10551] 4288	[10552] 8120	[10553] 4544	[10554] 4120	[10555] 5522	[10556] 7552	[10557] 4542	[10558] 4294	[10559] 7842	
[10560] 4484	[10561] 4348	[10562] 6038	[10563] 4420	[10564] 4392	[10565] 7764	[10566] 4474	[10567] 4218	[10568] 7954	[10569] 4382	[10570] 4236	[10571] 7616	[10572] 4410	[10573] 4384	[10574] 8122	[10575] 4472	
[10576] 4306	[10577] 7720	[10578] 4632	[10579] 4508	[10580] 4018	[10581] 7854	[10582] 4350	[10583] 4394	[10584] 7872	[10585] 4562	[10586] 4408	[10587] 5516	[10588] 4722	[10589] 4330	[10590] 8384	[10591] 4448	
[10592] 4068	[10593] 7676	[10594] 4590	[10595] 4374	[10596] 7872	[10597] 4430	[10598] 4458	[10599] 7524	[10600] 4676	[10601] 5116	[10602] 8128	[10603] 4464	[10604] 4870	[10605] 4306	[10606] 8064	[10607] 4534	
[10608] 4070	[10609] 7502	[10610] 4556	[10611] 4456	[10612] 8170	[10613] 4350	[10614] 4050	[10615] 7712	[10616] 4392	[10617] 4116	[10618] 5788	[10619] 4666	[10620] 4070	[10621] 7570	[10622] 4614	[10623] 4324	
[10624] 7952	[10625] 4650	[10626] 4086	[10627] 5324	[10628] 4602	[10629] 4200	[10630] 4394	[10631] 7970	[10632] 4374	[10633] 4844	[10634] 8168	[10635] 4394	[10636] 4368	[10637] 7650	[10638] 4694	[10639] 4412	
[10640] 8348	[10641] 4536	[10642] 4250	[10643] 7642	[10644] 4340	[10645] 4342	[10646] 8036	[10647] 4568	[10648] 4032	[10649] 7770	[10650] 4516	[10651] 4412	[10652] 8100	[10653] 4544	[10654] 4570	[10655] 4340	
[10656] 5886	[10657] 4658	[10658] 4226	[10659] 7986	[10660] 4188	[10661] 4906	[10662] 5752	[10663] 4588	[10664] 4012	[10665] 7802	[10666] 4650	[10667] 4394	[10668] 8104	[10669] 4696	[10670] 4118	[10671] 7730	
[10672] 4392	[10673] 4368	[10674] 8398	[10675] 4650	[10676] 3990	[10677] 7650	[10678] 4564	[10679] 4184	[10680] 4032	[10681] 7588	[10682] 4638	[10683] 4300	[10684] 8266	[10685] 4590	[10686] 4306	[10687] 5286	
[10688] 4184	[10689] 4492	[10690] 8186	[10691] 4908	[10692] 4208	[10693] 7598	[10694] 4554	[10695] 4358	[10696] 7950	[10697] 4564	[10698] 4368	[10699] 5198	[10700] 4386	[10701] 4336	[10702] 7438	[10703] 4526	
[10704] 4436	[10705] 4140	[10706] 7922	[10707] 4554	[10708] 4298	[10709] 7926	[10710] 4600	[10711] 4448	[10712] 8092	[10713] 4684	[10714] 4394	[10715] 5340	[10716] 4464	[10717] 4358	[10718] 7478	[10719] 4366	
[10720] 4262	[10721] 7522	[10722] 4510	[10723] 4348	[10724] 8164	[10725] 4586	[10726] 3966	[10727] 7698	[10728] 4500	[10729] 4350	[10730] 4366	[10731] 5332	[10732] 4766	[10733] 4386	[10734] 7504	[10735] 4458	
[10736] 4098	[10737] 7706	[10738] 4538	[10739] 5084	[10740] 8004	[10741] 4542	[10742] 4350	[10743] 7774	[10744] 5108	[10745] 4158	[10746] 7748	[10747] 4394	[10748] 4370	[10749] 7844	[10750] 4594	[10751] 4596	
[10752] 8100	[10753] 4608	[10754] 4456	[10755] 4406	[10756] 5748	[10757] 4618	[10758] 4224	[10759] 7774	[10760] 4722	[10761] 4288	[10762] 7412	[10763] 4616	[10764] 4060	[10765] 7756	[10766] 4334	[10767] 4318	
[10768] 8230	[10769] 4800	[10770] 4550	[10771] 7958	[10772] 4604	[10773] 4294	[10774] 7466	[10775] 4476	[10776] 4050	[10777] 7960	[10778] 4328	[10779] 4262	[10780] 4328	[10781] 7976	[10782] 4482	[10783] 4170	
[10784] 8082	[10785] 4570	[10786] 4784	[10787] 5036	[10788] 4308	[10789] 4348	[10790] 7906	[10791] 4456	[10792] 4236	[10793] 8700	[10794] 4224	[10795] 4176	[10796] 7996	[10797] 4816	[10798] 7050	[10799] 6658	
[10800] 15176	[10801] 8478	[10802] 16286	[10803] 9452	[10804] 9478	[10805] 7846	[10806] 13890	[10807] 7000	[10808] 17234	[10809] 6546	[10810] 14462	[10811] 4668	[10812] 4382	[10813] 7878	[10814] 4244	[10815] 4826	
[10816] 8072	[10817] 4392	[10818] 4156	[10819] 7780	[10820] 4484	[10821] 4398	[10822] 7950	[10823] 4916	[10824] 4324	[10825] 7374	[10826] 4536	[10827] 5876	[10828] 4428	[10829] 8230	[10830] 5144	[10831] 4306	
[10832] 8082	[10833] 4586	[10834] 4350	[10835] 5640	[10836] 4590	[10837] 4382	[10838] 5684	[10839] 4720	[10840] 4022	[10841] 7904	[10842] 4386	[10843] 4456	[10844] 8038	[10845] 5336	[10846] 6256	[10847] 14038	
[10848] 8190	[10849] 16502	[10850] 8234	[10851] 16946	[10852] 7632	[10853] 6362	[10854] 6046	[10855] 16458	[10856] 7700	[10857] 14310	[10858] 4844	[10859] 4392	[10860] 4350	[10861] 8144	[10862] 4414	[10863] 4768	
[10864] 8306	[10865] 4564	[10866] 4334	[10867] 7624	[10868] 4460	[10869] 4338	[10870] 8036	[10871] 4524	[10872] 3962	[10873] 7838	[10874] 4288	[10875] 4124	[10876] 9630	[10877] 5656	[10878] 4178	[10879] 4534	
[10880] 8032	[10881] 4690	[10882] 4020	[10883] 8068	[10884] 4426	[10885] 4520	[10886] 7490	[10887] 4856	[10888] 5118	[10889] 7572	[10890] 5048	[10891] 4306	[10892] 7832	[10893] 4564	[10894] 4184	[10895] 8152	
[10896] 4196	[10897] 4288	[10898] 7468	[10899] 4498	[10900] 4332	[10901] 6114	[10902] 4800	[10903] 4184	[10904] 4094	[10905] 7670	[10906] 4428	[10907] 4414	[10908] 8128	[10909] 4388	[10910] 4158	[10911] 7760	
[10912] 4412	[10913] 4606	[10914] 7454	[10915] 4518	[10916] 4084	[10917] 7720	[10918] 4482	[10919] 4198	[10920] 7350	[10921] 4404	[10922] 4792	[10923] 7582	[10924] 5340	[10925] 4068	[10926] 6722	[10927] 4428	
[10928] 4114	[10929] 4130	[10930] 7914	[10931] 4582	[10932] 3988	[10933] 7500	[10934] 4332	[10935] 4326	[10936] 8180	[10937] 4500	[10938] 4376	[10939] 7668	[10940] 4636	[10941] 4180	[10942] 8126	[10943] 4522	
[10944] 4086	[10945] 7948	[10946] 4252	[10947] 4420	[10948] 7944	[10949] 4658	[10950] 4228	[10951] 10222	[10952] 4172	[10953] 4236	[10954] 4434	[10955] 7588	[10956] 4250	[10957] 4110	[10958] 7938	[10959] 4700	
[10960] 4054	[10961] 7754	[10962] 4634	[10963] 4490	[10964] 8270	[10965] 4546	[10966] 4330	[10967] 7800	[10968] 4218	[10969] 4216	[10970] 7450	[10971] 5506	[10972] 3958	[10973] 6024	[10974] 4120	[10975] 4158	
[10976] 7024	[10977] 4574	[10978] 4202	[10979] 4438	[10980] 8002	[10981] 4592	[10982] 4328	[10983] 7588	[10984] 4348	[10985] 4086	[10986] 6580	[10987] 4614	[10988] 4420	[10989] 8638	[10990] 4476	[10991] 4140	
[10992] 7954	[10993] 4566	[10994] 4508	[10995] 7810	[10996] 4434	[10997] 4264	[10998] 7824	[10999] 4552	[11000] 4886	[11001] 5736	[11002] 4616	[11003] 4244	[11004] 4252	[11005] 8028	[11006] 4252	[11007] 4036	
[11008] 8168	[11009] 4372	[11010] 4110	[11011] 7956	[11012] 4576	[11013] 4146	[11014] 8162	[11015] 4528	[11016] 3944	[11017] 5716	[11018] 4122	[11019] 4228	[11020] 8252	[11021] 4326	[11022] 4198	[11023] 7586	
[11024] 4112	[11025] 4326	[11026] 10350	[11027] 4510	[11028] 4058	[11029] 4348	[11030] 8312	[11031] 4562	[11032] 4288	[11033] 7804	[11034] 4272	[11035] 4218	[11036] 8272	[11037] 4576	[11038] 4294	[11039] 7632	
[11040] 4552	[11041] 4310	[11042] 5850	[11043] 4664	[11044] 4026	[11045] 8808	[11046] 4480	[11047] 4182	[11048] 7952	[11049] 4366	[11050] 4226	[11051] 6434	[11052] 4386	[11053] 4154	[11054] 4334	[11055] 7784	
[11056] 4296	[11057] 4054	[11058] 5498	[11059] 4606	[11060] 4350	[11061] 5638	[11062] 4376	[11063] 4332	[11064] 8038	[11065] 4368	[11066] 4402	[11067] 7808	[11068] 4412	[11069] 4308	[11070] 5898	[11071] 4578	
[11072] 4068	[11073] 7712	[11074] 4394	[11075] 4426	[11076] 8776	[11077] 4598	[11078] 4246	[11079] 4226	[11080] 8066	[11081] 4486	[11082] 4304	[11083] 7528	[11084] 4564	[11085] 4138	[11086] 7966	[11087] 4350	
[11088] 4172	[11089] 7646	[11090] 4464	[11091] 4314	[11092] 8078	[11093] 4460	[11094] 4200	[11095] 7970	[11096] 4302	[11097] 4234	[11098] 7666	[11099] 4484	[11100] 4330	[11101] 6134	[11102] 4298	[11103] 4228	
[11104] 4394	[11105] 7744	[11106] 4476	[11107] 4350	[11108] 8276	[11109] 4478	[11110] 4246	[11111] 7800	[11112] 4216	[11113] 4126	[11114] 8012	[11115] 4602	[11116] 4152	[11117] 7840	[11118] 4484	[11119] 4200	
[11120] 7908	[11121] 4492	[11122] 4278	[11123] 7544	[11124] 4180	[11125] 4220	[11126] 6892	[11127] 4468	[11128] 4512	[11129] 4346	[11130] 7980	[11131] 4650	[11132] 4306	[11133] 7628	[11134] 4576	[11135] 4244	
[11136] 7966	[11137] 4676	[11138] 4394	[11139] 7518	[11140] 4244	[11141] 4122	[11142] 7790	[11143] 4514	[11144] 5150	[11145] 5576	[11146] 4402	[11147] 4216	[11148] 8130	[11149] 4464	[11150] 4358	[11151] 6794	
[11152] 4456	[11153] 4204	[11154] 4246	[11155] 5474	[11156] 4828	[11157] 4370	[11158] 7476	[11159] 4394	[11160] 4350	[11161] 5716	[11162] 4520	[11163] 4376	[11164] 7992	[11165] 4590	[11166] 4096	[11167] 7756	
[11168] 4152	[11169] 4250	[11170] 5642	[11171] 4358	[11172] 5258	[11173] 7694	[11174] 4378	[11175] 4852	[11176] 6732	[11177] 4572	[11178] 4058	[11179] 4248	[11180] 8152	[11181] 4666	[11182] 4282	[11183] 7780	
[11184] 4286	[11185] 4162	[11186] 7566	[11187] 4358	[11188] 4022	[11189] 7790	[11190] 4652	[11191] 5324	[11192] 7970	[11193] 4290	[11194] 4350	[11195] 7638	[11196] 4438	[11197] 4060	[11198] 7954	[11199] 4838	
[11200] 4308	[11201] 6502	[11202] 4694	[11203] 4378	[11204] 4396	[11205] 6134	[11206] 4708	[11207] 4340	[11208] 8126	[11209] 4504	[11210] 4282	[11211] 7632	[11212] 4158	[11213] 4226	[11214] 5936	[11215] 4846	
[11216] 4138	[11217] 7736	[11218] 4400	[11219] 4304	[11220] 7868	[11221] 4532	[11222] 4258	[11223] 7510	[11224] 4692	[11225] 4414	[11226] 7234	[11227] 4668	[11228] 4216	[11229] 4394	[11230] 5830	[11231] 4442	
[11232] 4244	[11233] 7810	[11234] 4906	[11235] 4218	[11236] 7868	[11237] 4682	[11238] 4376	[11239] 7936	[11240] 4200	[11241] 4386	[11242] 7784	[11243] 4516	[11244] 4000	[11245] 5830	[11246] 4516	[11247] 4192	
[11248] 8274	[11249] 4562	[11250] 4410	[11251] 6768	[11252] 4324	[11253] 4292	[11254] 4174	[11255] 7606	[11256] 4546	[11257] 4304	[11258] 8294	[11259] 4522	[11260] 4296	[11261] 7684	[11262] 4710	[11263] 4398	
QP qtt = 2

[0] 14462	[1] 3250	[2] 2360	[3] 2874	[4] 2226	[5] 2350	[6] 2294	[7] 2302	[8] 2166	[9] 2628	[10] 2282	[11] 2594	[12] 2288	[13] 3300	[14] 2428	[15] 2318	
[16] 3228	[17] 2532	[18] 2456	[19] 2938	[20] 2450	[21] 2970	[22] 3416	[23] 2254	[24] 2596	[25] 2362	[26] 2440	[27] 2938	[28] 2204	[29] 2284	[30] 3012	[31] 2306	
[32] 2548	[33] 2366	[34] 2444	[35] 4294	[36] 2268	[37] 2642	[38] 2306	[39] 3186	[40] 2308	[41] 2320	[42] 2540	[43] 2288	[44] 2974	[45] 2532	[46] 2290	[47] 2952	
[48] 2410	[49] 2266	[50] 2998	[51] 2338	[52] 2394	[53] 2904	[54] 2412	[55] 3150	[56] 2500	[57] 2252	[58] 2940	[59] 2314	[60] 2366	[61] 3246	[62] 2236	[63] 2972	
[64] 3046	[65] 2296	[66] 2176	[67] 3256	[68] 2476	[69] 2924	[70] 2334	[71] 2312	[72] 2976	[73] 2240	[74] 2222	[75] 3010	[76] 2476	[77] 2274	[78] 2974	[79] 2522	
[80] 2932	[81] 2300	[82] 2150	[83] 3012	[84] 2260	[85] 2344	[86] 2938	[87] 2468	[88] 2394	[89] 2474	[90] 2582	[91] 2856	[92] 3104	[93] 2516	[94] 2980	[95] 2272	
[96] 2412	[97] 2966	[98] 2228	[99] 2466	[100] 2462	[101] 2296	[102] 2166	[103] 2654	[104] 2258	[105] 3156	[106] 2298	[107] 2248	[108] 2730	[109] 2336	[110] 2368	[111] 2464	
[112] 2312	[113] 2260	[114] 2966	[115] 2526	[116] 2308	[117] 3290	[118] 2490	[119] 2534	[120] 3140	[121] 2448	[122] 2958	[123] 3138	[124] 2404	[125] 2506	[126] 2428	[127] 2242	
[128] 2642	[129] 2310	[130] 3170	[131] 2308	[132] 2454	[133] 3014	[134] 2400	[135] 2276	[136] 2540	[137] 2498	[138] 2232	[139] 2550	[140] 2768	[141] 2522	[142] 2570	[143] 2416	
[144] 2428	[145] 3322	[146] 2308	[147] 2252	[148] 2884	[149] 2530	[150] 2450	[151] 2918	[152] 3190	[153] 3122	[154] 2432	[155] 2300	[156] 2980	[157] 2258	[158] 2242	[159] 2956	
[160] 2292	[161] 2260	[162] 2978	[163] 2358	[164] 3110	[165] 2256	[166] 2224	[167] 3172	[168] 2622	[169] 2486	[170] 2254	[171] 4082	[172] 2240	[173] 2406	[174] 3144	[175] 2514	
[176] 3004	[177] 2478	[178] 2428	[179] 3100	[180] 2280	[181] 2272	[182] 2536	[183] 2328	[184] 4366	[185] 2972	[186] 2210	[187] 2250	[188] 3002	[189] 2296	[190] 2154	[191] 2584	
[192] 2252	[193] 3062	[194] 2298	[195] 2306	[196] 2440	[197] 3000	[198] 2290	[199] 2270	[200] 2966	[201] 2336	[202] 2940	[203] 2542	[204] 2238	[205] 3146	[206] 3252	[207] 2474	
[208] 2870	[209] 2298	[210] 2240	[211] 2946	[212] 2250	[213] 3006	[214] 2394	[215] 2460	[216] 2944	[217] 2288	[218] 2374	[219] 3844	[220] 2284	[221] 2464	[222] 2456	[223] 3184	
[224] 2290	[225] 2252	[226] 2978	[227] 2466	[228] 2224	[229] 2546	[230] 2442	[231] 2472	[232] 4130	[233] 2340	[234] 3002	[235] 2352	[236] 2276	[237] 3296	[238] 2308	[239] 2508	
[240] 3912	[241] 2364	[242] 2308	[243] 3074	[244] 2546	[245] 2250	[246] 2786	[247] 2564	[248] 2254	[249] 2502	[250] 3028	[251] 2348	[252] 2262	[253] 2558	[254] 2374	[255] 2336	
[256] 3224	[257] 2596	[258] 3070	[259] 2396	[260] 2966	[261] 3088	[262] 2432	[263] 2512	[264] 3106	[265] 3290	[266] 2302	[267] 3250	[268] 2440	[269] 2336	[270] 2808	[271] 2694	
[272] 2306	[273] 2646	[274] 2294	[275] 3450	[276] 2436	[277] 2588	[278] 3404	[279] 2400	[280] 2512	[281] 3296	[282] 2438	[283] 2410	[284] 2868	[285] 2506	[286] 3238	[287] 2454	
[288] 2310	[289] 3244	[290] 2408	[291] 2430	[292] 2750	[293] 2490	[294] 2576	[295] 3402	[296] 3738	[297] 2500	[298] 3716	[299] 2652	[300] 3672	[301] 2514	[302] 3568	[303] 2592	
[304] 3050	[305] 3464	[306] 2440	[307] 2648	[308] 3048	[309] 2540	[310] 2972	[311] 3420	[312] 2484	[313] 2642	[314] 3464	[315] 2732	[316] 2652	[317] 2810	[318] 2504	[319] 2468	
[320] 3486	[321] 2770	[322] 2434	[323] 3688	[324] 2702	[325] 2506	[326] 2488	[327] 3384	[328] 2712	[329] 2480	[330] 3636	[331] 2700	[332] 2492	[333] 4184	[334] 2582	[335] 2670	
[336] 3604	[337] 2664	[338] 3210	[339] 3674	[340] 2598	[341] 2580	[342] 3600	[343] 2764	[344] 2708	[345] 3626	[346] 2608	[347] 2624	[348] 3202	[349] 2662	[350] 2702	[351] 2670	
[352] 3878	[353] 3036	[354] 2520	[355] 3912	[356] 2740	[357] 2554	[358] 3664	[359] 2626	[360] 2502	[361] 3676	[362] 2658	[363] 2960	[364] 3904	[365] 3038	[366] 2652	[367] 3928	
[368] 2764	[369] 2938	[370] 3910	[371] 2890	[372] 2612	[373] 3952	[374] 2754	[375] 3370	[376] 3218	[377] 3068	[378] 2798	[379] 2670	[380] 3938	[381] 2840	[382] 4022	[383] 5060	
[384] 2668	[385] 2652	[386] 3928	[387] 2946	[388] 2652	[389] 4108	[390] 2690	[391] 2750	[392] 3924	[393] 2864	[394] 2700	[395] 4314	[396] 2968	[397] 2896	[398] 4502	[399] 2980	
[400] 3024	[401] 4354	[402] 2928	[403] 4216	[404] 2910	[405] 2974	[406] 4310	[407] 3030	[408] 2768	[409] 4334	[410] 3124	[411] 3016	[412] 3402	[413] 4062	[414] 2810	[415] 3408	
[416] 2968	[417] 2948	[418] 4330	[419] 3052	[420] 3056	[421] 4378	[422] 2960	[423] 2964	[424] 4548	[425] 2932	[426] 2878	[427] 4892	[428] 4262	[429] 3392	[430] 3374	[431] 3208	
[432] 5056	[433] 3338	[434] 3084	[435] 4948	[436] 3852	[437] 3284	[438] 4820	[439] 3380	[440] 3126	[441] 5124	[442] 3208	[443] 3292	[444] 4842	[445] 3348	[446] 3126	[447] 4890	
[448] 3198	[449] 3212	[450] 4848	[451] 3288	[452] 3232	[453] 4928	[454] 3430	[455] 3342	[456] 3168	[457] 4992	[458] 3198	[459] 3730	[460] 5922	[461] 4028	[462] 3430	[463] 5952	
[464] 3686	[465] 3864	[466] 5800	[467] 4914	[468] 3484	[469] 4482	[470] 3618	[471] 3706	[472] 5764	[473] 4014	[474] 3734	[475] 5842	[476] 3730	[477] 3908	[478] 4420	[479] 3846	
[480] 3782	[481] 3940	[482] 3768	[483] 5886	[484] 3636	[485] 4126	[486] 4578	[487] 3826	[488] 3670	[489] 5898	[490] 3644	[491] 4216	[492] 7152	[493] 4540	[494] 4138	[495] 7254	
[496] 4172	[497] 4312	[498] 6994	[499] 4516	[500] 4240	[501] 7042	[502] 3968	[503] 4270	[504] 7176	[505] 4150	[506] 3916	[507] 3954	[508] 7138	[509] 4234	[510] 3868	[511] 7026	
[512] 4232	[513] 4018	[514] 5108	[515] 4286	[516] 3904	[517] 5084	[518] 3986	[519] 3996	[520] 7208	[521] 4292	[522] 4410	[523] 7930	[524] 4324	[525] 4660	[526] 8102	[527] 4580	
[528] 4008	[529] 7740	[530] 4554	[531] 5346	[532] 4004	[533] 7774	[534] 5228	[535] 4298	[536] 7698	[537] 4578	[538] 4158	[539] 7694	[540] 4174	[541] 4256	[542] 7516	[543] 4590	
[544] 3998	[545] 5354	[546] 4456	[547] 4296	[548] 7948	[549] 4458	[550] 4138	[551] 7564	[552] 4218	[553] 4286	[554] 5562	[555] 4454	[556] 4450	[557] 4324	[558] 4108	[559] 7670	
[560] 4226	[561] 4276	[562] 7488	[563] 4322	[564] 4984	[565] 7630	[566] 5344	[567] 4172	[568] 5700	[569] 4620	[570] 4218	[571] 7902	[572] 4190	[573] 4322	[574] 7730	[575] 4314	
[576] 5012	[577] 7564	[578] 4252	[579] 4420	[580] 4536	[581] 4330	[582] 4330	[583] 7950	[584] 4184	[585] 4396	[586] 7774	[587] 4246	[588] 4176	[589] 7564	[590] 4290	[591] 4272	
[592] 5824	[593] 4476	[594] 4448	[595] 8030	[596] 4562	[597] 4288	[598] 7824	[599] 4440	[600] 4156	[601] 7602	[602] 4218	[603] 4348	[604] 7816	[605] 4978	[606] 4422	[607] 4244	
[608] 4050	[609] 7844	[610] 4606	[611] 4264	[612] 7950	[613] 4594	[614] 4334	[615] 7500	[616] 4144	[617] 4428	[618] 7774	[619] 4472	[620] 4150	[621] 7756	[622] 4154	[623] 4418	
[624] 7650	[625] 4306	[626] 4290	[627] 7694	[628] 4472	[629] 4286	[630] 4714	[631] 4548	[632] 7976	[633] 4554	[634] 4114	[635] 5426	[636] 4260	[637] 4322	[638] 7650	[639] 4466	
[640] 4394	[641] 7776	[642] 4290	[643] 4566	[644] 7732	[645] 4440	[646] 4590	[647] 7650	[648] 4394	[649] 4448	[650] 7988	[651] 4368	[652] 3980	[653] 7578	[654] 4820	[655] 4288	
[656] 5756	[657] 4544	[658] 3960	[659] 7842	[660] 4438	[661] 4180	[662] 7562	[663] 4360	[664] 3988	[665] 7696	[666] 4544	[667] 4326	[668] 7696	[669] 4482	[670] 4350	[671] 7916	
[672] 4394	[673] 4096	[674] 7500	[675] 4306	[676] 3944	[677] 7818	[678] 4350	[679] 5490	[680] 4784	[681] 8064	[682] 4366	[683] 4576	[684] 7648	[685] 4578	[686] 4358	[687] 7860	
[688] 4350	[689] 4284	[690] 8024	[691] 4350	[692] 3972	[693] 8048	[694] 4352	[695] 4456	[696] 6060	[697] 4568	[698] 4382	[699] 7828	[700] 4296	[701] 4218	[702] 5974	[703] 4476	
[704] 7836	[705] 4950	[706] 8160	[707] 4614	[708] 4244	[709] 7622	[710] 4364	[711] 4298	[712] 7738	[713] 4500	[714] 4306	[715] 7550	[716] 4352	[717] 5054	[718] 7606	[719] 4374	
[720] 4406	[721] 7720	[722] 4180	[723] 4282	[724] 7534	[725] 4354	[726] 4114	[727] 7518	[728] 4330	[729] 5716	[730] 4932	[731] 5940	[732] 4244	[733] 4332	[734] 7650	[735] 4480	
[736] 3998	[737] 7700	[738] 4454	[739] 4152	[740] 7486	[741] 4500	[742] 4224	[743] 7746	[744] 4200	[745] 4370	[746] 7954	[747] 4500	[748] 4146	[749] 7686	[750] 4562	[751] 4350	
[752] 7564	[753] 4894	[754] 4202	[755] 4218	[756] 6036	[757] 4588	[758] 4200	[759] 5000	[760] 4296	[761] 4246	[762] 5526	[763] 4448	[764] 3918	[765] 8204	[766] 4140	[767] 4290	
[768] 7668	[769] 4396	[770] 4094	[771] 8054	[772] 4514	[773] 4184	[774] 7612	[775] 4394	[776] 3916	[777] 7576	[778] 4516	[779] 4332	[780] 4094	[781] 7950	[782] 4630	[783] 4152	
[784] 7824	[785] 4532	[786] 4394	[787] 7678	[788] 4332	[789] 4362	[790] 7826	[791] 4404	[792] 4372	[793] 7906	[794] 4496	[795] 4156	[796] 7590	[797] 4402	[798] 4002	[799] 5164	
[800] 4260	[801] 4288	[802] 6646	[803] 4464	[804] 4208	[805] 4262	[806] 7884	[807] 4592	[808] 3962	[809] 7906	[810] 4420	[811] 4190	[812] 7714	[813] 4582	[814] 4360	[815] 7708	
[816] 5214	[817] 4342	[818] 8806	[819] 4448	[820] 4242	[821] 7758	[822] 4500	[823] 4184	[824] 5850	[825] 4650	[826] 4288	[827] 7782	[828] 4232	[829] 4302	[830] 4306	[831] 6282	
[832] 4272	[833] 4138	[834] 7826	[835] 4386	[836] 3986	[837] 7678	[838] 4264	[839] 4192	[840] 7682	[841] 4576	[842] 4220	[843] 8042	[844] 4290	[845] 4250	[846] 7498	[847] 4476	
[848] 4244	[849] 7810	[850] 4392	[851] 4372	[852] 7588	[853] 4632	[854] 4128	[855] 4290	[856] 8100	[857] 4436	[858] 4350	[859] 7860	[860] 4262	[861] 4270	[862] 7754	[863] 5480	
[864] 4118	[865] 7924	[866] 4456	[867] 4352	[868] 8292	[869] 4394	[870] 4198	[871] 7972	[872] 4416	[873] 4370	[874] 7922	[875] 4422	[876] 3900	[877] 7836	[878] 4236	[879] 4334	
[880] 4232	[881] 7820	[882] 4586	[883] 4092	[884] 7582	[885] 4358	[886] 4004	[887] 7888	[888] 4304	[889] 4252	[890] 7518	[891] 5206	[892] 4042	[893] 8072	[894] 4244	[895] 4184	
[896] 7586	[897] 4412	[898] 4324	[899] 7848	[900] 4258	[901] 4172	[902] 8332	[903] 4458	[904] 4180	[905] 6054	[906] 8750	[907] 4606	[908] 4122	[909] 7820	[910] 4262	[911] 4080	
[912] 7642	[913] 4378	[914] 4482	[915] 7948	[916] 4368	[917] 4286	[918] 7844	[919] 4472	[920] 3988	[921] 7752	[922] 4456	[923] 4094	[924] 7456	[925] 4260	[926] 4684	[927] 7604	
[928] 4502	[929] 5278	[930] 4508	[931] 8594	[932] 4340	[933] 4200	[934] 5656	[935] 4342	[936] 4200	[937] 7740	[938] 4548	[939] 4088	[940] 7800	[941] 4332	[942] 4128	[943] 7776	
[944] 4126	[945] 4200	[946] 7398	[947] 4284	[948] 4018	[949] 7598	[950] 4454	[951] 4098	[952] 7606	[953] 4510	[954] 6230	[955] 4308	[956] 8142	[957] 5108	[958] 4180	[959] 7820	
[960] 4472	[961] 4092	[962] 7694	[963] 4586	[964] 4272	[965] 7554	[966] 4252	[967] 4430	[968] 8198	[969] 4480	[970] 4376	[971] 8100	[972] 4194	[973] 4206	[974] 7772	[975] 4880	
[976] 3990	[977] 7850	[978] 4350	[979] 5778	[980] 4500	[981] 8222	[982] 4800	[983] 4884	[984] 7624	[985] 4552	[986] 4306	[987] 7936	[988] 4318	[989] 4578	[990] 7922	[991] 4474	
[992] 4154	[993] 7696	[994] 4482	[995] 4168	[996] 7350	[997] 4498	[998] 4306	[999] 7542	[1000] 4142	[1001] 4384	[1002] 7828	[1003] 5526	[1004] 9170	[1005] 4370	[1006] 8132	[1007] 4378	
[1008] 4322	[1009] 7570	[1010] 4290	[1011] 4368	[1012] 7668	[1013] 4486	[1014] 4720	[1015] 8508	[1016] 4210	[1017] 4138	[1018] 7734	[1019] 4456	[1020] 4200	[1021] 7852	[1022] 4562	[1023] 4180	
[10240] 5546	[10241] 5894	[10242] 4536	[10243] 4410	[10244] 6062	[10245] 4562	[10246] 4478	[10247] 7826	[10248] 4164	[10249] 4378	[10250] 7546	[10251] 4508	[10252] 4126	[10253] 7554	[10254] 4526	[10255] 4112	
[10256] 7408	[10257] 4650	[10258] 4198	[10259] 7860	[10260] 4330	[10261] 4192	[10262] 7732	[10263] 4482	[10264] 4184	[10265] 7768	[10266] 7668	[10267] 5232	[10268] 4368	[10269] 6988	[10270] 4842	[10271] 4624	
[10272] 7632	[10273] 4416	[10274] 4236	[10275] 7708	[10276] 4570	[10277] 4370	[10278] 7826	[10279] 4544	[10280] 3996	[10281] 7412	[10282] 4562	[10283] 4218	[10284] 7546	[10285] 4520	[10286] 4154	[10287] 7544	
[10288] 4268	[10289] 4270	[10290] 7628	[10291] 5582	[10292] 4348	[10293] 4394	[10294] 4478	[10295] 8248	[10296] 4216	[10297] 4356	[10298] 7694	[10299] 4476	[10300] 3984	[10301] 7592	[10302] 4242	[10303] 4308	
[10304] 7456	[10305] 5202	[10306] 4366	[10307] 5128	[10308] 4564	[10309] 5286	[10310] 8100	[10311] 4598	[10312] 4198	[10313] 7790	[10314] 4494	[10315] 4176	[10316] 4826	[10317] 4546	[10318] 7938	[10319] 4888	
[10320] 4034	[10321] 7646	[10322] 4458	[10323] 4246	[10324] 7742	[10325] 4604	[10326] 4440	[10327] 7714	[10328] 4386	[10329] 4350	[10330] 7788	[10331] 4436	[10332] 4134	[10333] 4966	[10334] 4448	[10335] 4164	
[10336] 7800	[10337] 4376	[10338] 4274	[10339] 7652	[10340] 6826	[10341] 5350	[10342] 9942	[10343] 4476	[10344] 4108	[10345] 7742	[10346] 4420	[10347] 4474	[10348] 7780	[10349] 4498	[10350] 4158	[10351] 5194	
[10352] 4164	[10353] 4092	[10354] 5780	[10355] 4546	[10356] 4678	[10357] 7800	[10358] 4836	[10359] 4208	[10360] 7950	[10361] 5100	[10362] 4298	[10363] 5160	[10364] 4666	[10365] 7608	[10366] 8820	[10367] 4290	
[10368] 4324	[10369] 7676	[10370] 4058	[10371] 4202	[10372] 7606	[10373] 4484	[10374] 4026	[10375] 4950	[10376] 4242	[10377] 4308	[10378] 5414	[10379] 4658	[10380] 3976	[10381] 8136	[10382] 4182	[10383] 4200	
[10384] 7606	[10385] 4516	[10386] 4272	[10387] 7752	[10388] 4140	[10389] 4316	[10390] 5802	[10391] 4622	[10392] 3944	[10393] 4288	[10394] 5938	[10395] 4288	[10396] 4020	[10397] 7844	[10398] 4526	[10399] 4050	
[10400] 7624	[10401] 4424	[10402] 5300	[10403] 5344	[10404] 4226	[10405] 4094	[10406] 5326	[10407] 4490	[10408] 4328	[10409] 7862	[10410] 5334	[10411] 4174	[10412] 7670	[10413] 5054	[10414] 4172	[10415] 5160	
[10416] 5366	[10417] 4106	[10418] 4182	[10419] 8070	[10420] 4456	[10421] 4066	[10422] 5622	[10423] 4366	[10424] 3910	[10425] 8406	[10426] 4094	[10427] 4094	[10428] 7726	[10429] 4432	[10430] 4114	[10431] 5720	
[10432] 4162	[10433] 4238	[10434] 5370	[10435] 4614	[10436] 4048	[10437] 7728	[10438] 4218	[10439] 4188	[10440] 5664	[10441] 4424	[10442] 4218	[10443] 9000	[10444] 4340	[10445] 4182	[10446] 7578	[10447] 4410	
[10448] 4162	[10449] 7738	[10450] 4410	[10451] 4242	[10452] 7662	[10453] 4530	[10454] 4174	[10455] 7950	[10456] 4138	[10457] 4292	[10458] 5838	[10459] 4630	[10460] 3988	[10461] 7714	[10462] 9422	[10463] 8708	
[10464] 7934	[10465] 8168	[10466] 11224	[10467] 12660	[10468] 4932	[10469] 4216	[10470] 7560	[10471] 4472	[10472] 4440	[10473] 8038	[10474] 4402	[10475] 4334	[10476] 7428	[10477] 4244	[10478] 4164	[10479] 7642	
[10480] 4350	[10481] 4240	[10482] 7712	[10483] 4394	[10484] 4120	[10485] 7724	[10486] 4158	[10487] 4574	[10488] 7650	[10489] 4756	[10490] 5534	[10491] 4446	[10492] 4136	[10493] 8400	[10494] 4116	[10495] 4326	
[10496] 7732	[10497] 4544	[10498] 4368	[10499] 5238	[10500] 4228	[10501] 4114	[10502] 7790	[10503] 4442	[10504] 4066	[10505] 7582	[10506] 4412	[10507] 4078	[10508] 7748	[10509] 4322	[10510] 4190	[10511] 7774	
[10512] 4366	[10513] 4316	[10514] 7706	[10515] 5180	[10516] 4158	[10517] 4412	[10518] 4216	[10519] 8134	[10520] 4248	[10521] 5214	[10522] 5878	[10523] 4456	[10524] 4412	[10525] 7908	[10526] 4552	[10527] 4136	
[10528] 7736	[10529] 4392	[10530] 4208	[10531] 7836	[10532] 4280	[10533] 4138	[10534] 7500	[10535] 4500	[10536] 4052	[10537] 6174	[10538] 4298	[10539] 4332	[10540] 6064	[10541] 9094	[10542] 4458	[10543] 4350	
[10544] 7346	[10545] 4546	[10546] 4218	[10547] 7906	[10548] 4262	[10549] 4176	[10550] 7740	[10551] 5514	[10552] 4118	[10553] 7888	[10554] 4200	[10555] 4156	[10556] 7590	[10557] 4448	[10558] 4288	[10559] 7650	
[10560] 4544	[10561] 4136	[10562] 8672	[10563] 4544	[10564] 4676	[10565] 8454	[10566] 4350	[10567] 4156	[10568] 7438	[10569] 4466	[10570] 4120	[10571] 7818	[10572] 4270	[10573] 4050	[10574] 5704	[10575] 4288	
[10576] 3986	[10577] 5770	[10578] 4542	[10579] 4208	[10580] 7730	[10581] 4542	[10582] 4280	[10583] 7660	[10584] 4402	[10585] 4394	[10586] 7658	[10587] 4332	[10588] 3918	[10589] 6952	[10590] 4756	[10591] 4510	
[10592] 4108	[10593] 7830	[10594] 4290	[10595] 4246	[10596] 7788	[10597] 4380	[10598] 4252	[10599] 7546	[10600] 4128	[10601] 4382	[10602] 7588	[10603] 4590	[10604] 4262	[10605] 7650	[10606] 4272	[10607] 4272	
[10608] 7670	[10609] 4348	[10610] 4374	[10611] 7658	[10612] 4168	[10613] 4318	[10614] 6674	[10615] 4498	[10616] 4270	[10617] 4568	[10618] 7624	[10619] 4388	[10620] 3942	[10621] 5404	[10622] 4332	[10623] 4394	
[10624] 7764	[10625] 4554	[10626] 4390	[10627] 7974	[10628] 4332	[10629] 4398	[10630] 7560	[10631] 4926	[10632] 4042	[10633] 7710	[10634] 5038	[10635] 4552	[10636] 5778	[10637] 4290	[10638] 4048	[10639] 6284	
[10640] 4472	[10641] 4212	[10642] 4484	[10643] 7624	[10644] 4396	[10645] 4216	[10646] 7666	[10647] 5464	[10648] 4004	[10649] 7578	[10650] 4180	[10651] 4264	[10652] 5444	[10653] 4562	[10654] 4062	[10655] 7976	
[10656] 4220	[10657] 4284	[10658] 7790	[10659] 4392	[10660] 3982	[10661] 7662	[10662] 4246	[10663] 4228	[10664] 6126	[10665] 5808	[10666] 4144	[10667] 4374	[10668] 8526	[10669] 4316	[10670] 4220	[10671] 8142	
[10672] 4378	[10673] 4282	[10674] 7720	[10675] 4392	[10676] 3988	[10677] 5278	[10678] 4216	[10679] 4244	[10680] 7712	[10681] 4570	[10682] 4130	[10683] 7694	[10684] 4120	[10685] 4354	[10686] 7640	[10687] 4476	
[10688] 4114	[10689] 8250	[10690] 4596	[10691] 4310	[10692] 3938	[10693] 7820	[10694] 4500	[10695] 4400	[10696] 7516	[10697] 4418	[10698] 4366	[10699] 7832	[10700] 4320	[10701] 4140	[10702] 7736	[10703] 4566	
[10704] 4214	[10705] 5368	[10706] 4426	[10707] 4456	[10708] 7642	[10709] 4610	[10710] 4296	[10711] 7782	[10712] 4262	[10713] 4278	[10714] 7174	[10715] 4734	[10716] 4160	[10717] 4110	[10718] 5824	[10719] 4412	
[10720] 4140	[10721] 7764	[10722] 4500	[10723] 4182	[10724] 7552	[10725] 4622	[10726] 4390	[10727] 7788	[10728] 4364	[10729] 4350	[10730] 7704	[10731] 4668	[10732] 4114	[10733] 7694	[10734] 4986	[10735] 4348	
[10736] 7796	[10737] 4544	[10738] 4436	[10739] 7066	[10740] 4370	[10741] 4336	[10742] 4516	[10743] 7810	[10744] 4234	[10745] 4924	[10746] 7676	[10747] 4472	[10748] 4324	[10749] 5226	[10750] 4446	[10751] 4280	
[10752] 7472	[10753] 4332	[10754] 3920	[10755] 7608	[10756] 4498	[10757] 4392	[10758] 8128	[10759] 4564	[10760] 4264	[10761] 7738	[10762] 4560	[10763] 4272	[10764] 7516	[10765] 4526	[10766] 4394	[10767] 4252	
[10768] 7520	[10769] 4306	[10770] 4440	[10771] 7722	[10772] 4306	[10773] 4354	[10774] 7462	[10775] 4570	[10776] 4084	[10777] 7630	[10778] 5190	[10779] 4560	[10780] 7524	[10781] 4396	[10782] 4306	[10783] 7710	
[10784] 4270	[10785] 4322	[10786] 7800	[10787] 4560	[10788] 4094	[10789] 7276	[10790] 5416	[10791] 4352	[10792] 4358	[10793] 5420	[10794] 4236	[10795] 4158	[10796] 7606	[10797] 4378	[10798] 4298	[10799] 7634	
[10800] 4582	[10801] 4448	[10802] 7596	[10803] 4280	[10804] 4314	[10805] 7734	[10806] 4334	[10807] 4738	[10808] 7816	[10809] 5538	[10810] 4076	[10811] 7722	[10812] 4228	[10813] 4276	[10814] 6248	[10815] 4510	
[10816] 4042	[10817] 4014	[10818] 7816	[10819] 4466	[10820] 4032	[10821] 7716	[10822] 4416	[10823] 4226	[10824] 7562	[10825] 4496	[10826] 4200	[10827] 7788	[10828] 4474	[10829] 4360	[10830] 7632	[10831] 4650	
[10832] 4086	[10833] 7864	[10834] 4584	[10835] 4244	[10836] 7614	[10837] 4324	[10838] 4228	[10839] 7622	[10840] 4606	[10841] 4262	[10842] 4316	[10843] 7816	[10844] 4520	[10845] 4208	[10846] 8504	[10847] 4232	
[10848] 4220	[10849] 7484	[10850] 4536	[10851] 4200	[10852] 5876	[10853] 4324	[10854] 4162	[10855] 7950	[10856] 4650	[10857] 4200	[10858] 7496	[10859] 4824	[10860] 4022	[10861] 5548	[10862] 4634	[10863] 4306	
[10864] 7172	[10865] 6000	[10866] 4128	[10867] 4326	[10868] 6252	[10869] 4696	[10870] 4492	[10871] 7800	[10872] 5380	[10873] 4440	[10874] 7680	[10875] 4518	[10876] 4052	[10877] 7736	[10878] 4152	[10879] 4200	
[10880] 7650	[10881] 4780	[10882] 4242	[10883] 7672	[10884] 4270	[10885] 4324	[10886] 7630	[10887] 4432	[10888] 4014	[10889] 6318	[10890] 4526	[10891] 4370	[10892] 4386	[10893] 7720	[10894] 4450	[10895] 4172	
[10896] 7632	[10897] 4458	[10898] 4350	[10899] 7694	[10900] 4176	[10901] 5142	[10902] 7692	[10903] 5266	[10904] 3918	[10905] 8082	[10906] 4334	[10907] 4162	[10908] 7630	[10909] 4608	[10910] 4370	[10911] 7536	
[10912] 4174	[10913] 4020	[10914] 8490	[10915] 4608	[10916] 4264	[10917] 4302	[10918] 7590	[10919] 5242	[10920] 4286	[10921] 7778	[10922] 4536	[10923] 4176	[10924] 7608	[10925] 4542	[10926] 4096	[10927] 8100	
[10928] 4194	[10929] 4474	[10930] 7572	[10931] 4358	[10932] 4006	[10933] 7700	[10934] 4378	[10935] 4018	[10936] 7738	[10937] 4258	[10938] 4082	[10939] 6570	[10940] 4800	[10941] 4304	[10942] 4202	[10943] 7732	
[10944] 4232	[10945] 4038	[10946] 7680	[10947] 4382	[10948] 4240	[10949] 7630	[10950] 4516	[10951] 4516	[10952] 7648	[10953] 4770	[10954] 4252	[10955] 7670	[10956] 4282	[10957] 4112	[10958] 5718	[10959] 4526	
[10960] 4086	[10961] 5146	[10962] 4400	[10963] 4322	[10964] 6310	[10965] 4438	[10966] 4242	[10967] 4366	[10968] 7756	[10969] 4396	[10970] 4298	[10971] 7828	[10972] 4136	[10973] 4324	[10974] 7584	[10975] 4648	
[10976] 3954	[10977] 7784	[10978] 4586	[10979] 4176	[10980] 7558	[10981] 4860	[10982] 4350	[10983] 7638	[10984] 4180	[10985] 4368	[10986] 7554	[10987] 4500	[10988] 3968	[10989] 6744	[10990] 4708	[10991] 4428	
[10992] 4414	[10993] 5456	[10994] 4206	[10995] 4156	[10996] 8092	[10997] 4516	[10998] 4308	[10999] 7762	[11000] 4500	[11001] 4306	[11002] 7754	[11003] 4396	[11004] 4136	[11005] 7512	[11006] 4608	[11007] 4302	
[11008] 7632	[11009] 4526	[11010] 4052	[11011] 7740	[11012] 4122	[11013] 4272	[11014] 6494	[11015] 4614	[11016] 4500	[11017] 4264	[11018] 7720	[11019] 4476	[11020] 4074	[11021] 7650	[11022] 4322	[11023] 4308	
[11024] 7862	[11025] 4766	[11026] 4006	[11027] 7870	[11028] 4104	[11029] 4282	[11030] 8788	[11031] 4470	[11032] 4004	[11033] 7906	[11034] 4384	[11035] 4230	[11036] 7392	[11037] 4480	[11038] 4176	[11039] 6918	
[11040] 4454	[11041] 4288	[11042] 4086	[11043] 7826	[11044] 4204	[11045] 4410	[11046] 7606	[11047] 4280	[11048] 4004	[11049] 5526	[11050] 4138	[11051] 4260	[11052] 7694	[11053] 4546	[11054] 4236	[11055] 7522	
[11056] 4098	[11057] 4346	[11058] 8012	[11059] 4544	[11060] 5976	[11061] 12406	[11062] 4824	[11063] 4352	[11064] 10308	[11065] 4612	[11066] 4162	[11067] 4244	[11068] 7846	[11069] 4616	[11070] 4120	[11071] 7994	
[11072] 4202	[11073] 4122	[11074] 7724	[11075] 4536	[11076] 4226	[11077] 7774	[11078] 4408	[11079] 4192	[11080] 7474	[11081] 5446	[11082] 3984	[11083] 8704	[11084] 4336	[11085] 4284	[11086] 7456	[11087] 4630	
[11088] 4224	[11089] 7188	[11090] 5048	[11091] 5128	[11092] 4082	[11093] 8072	[11094] 4624	[11095] 4112	[11096] 7648	[11097] 4282	[11098] 4288	[11099] 7870	[11100] 4244	[11101] 4066	[11102] 7566	[11103] 4504	
[11104] 4342	[11105] 8006	[11106] 4346	[11107] 4182	[11108] 7788	[11109] 4598	[11110] 4492	[11111] 7918	[11112] 4332	[11113] 4370	[11114] 6284	[11115] 4642	[11116] 4126	[11117] 4334	[11118] 7548	[11119] 4512	
[11120] 4108	[11121] 7782	[11122] 4332	[11123] 4254	[11124] 7560	[11125] 4448	[11126] 4148	[11127] 7612	[11128] 4168	[11129] 4342	[11130] 7536	[11131] 4522	[11132] 4334	[11133] 7730	[11134] 4640	[11135] 4352	
[11136] 7484	[11137] 4500	[11138] 4180	[11139] 6600	[11140] 4732	[11141] 4052	[11142] 4406	[11143] 8230	[11144] 4324	[11145] 4110	[11146] 8172	[11147] 4312	[11148] 4236	[11149] 5128	[11150] 4370	[11151] 4242	
[11152] 7878	[11153] 4404	[11154] 4006	[11155] 7746	[11156] 4588	[11157] 4270	[11158] 5886	[11159] 4632	[11160] 4074	[11161] 7544	[11162] 4440	[11163] 4242	[11164] 8152	[11165] 4392	[11166] 4288	[11167] 4244	
[11168] 7766	[11169] 4486	[11170] 4058	[11171] 7910	[11172] 4342	[11173] 4294	[11174] 7678	[11175] 4508	[11176] 4078	[11177] 8170	[11178] 4588	[11179] 4268	[11180] 6060	[11181] 4386	[11182] 4448	[11183] 7800	
[11184] 4172	[11185] 4174	[11186] 7604	[11187] 4444	[11188] 4182	[11189] 6744	[11190] 4992	[11191] 4492	[11192] 4224	[11193] 7992	[11194] 4262	[11195] 4084	[11196] 7692	[11197] 4458	[11198] 4186	[11199] 7782	
[11200] 4396	[11201] 4198	[11202] 7658	[11203] 4408	[11204] 3942	[11205] 7844	[11206] 4218	[11207] 4262	[11208] 7616	[11209] 4394	[11210] 4180	[11211] 7732	[11212] 4562	[11213] 4294	[11214] 5648	[11215] 4354	
[11216] 4086	[11217] 4138	[11218] 7774	[11219] 5444	[11220] 4368	[11221] 7782	[11222] 5170	[11223] 4272	[11224] 7782	[11225] 4624	[11226] 4442	[11227] 7728	[11228] 4532	[11229] 4114	[11230] 7984	[11231] 4436	
[11232] 4456	[11233] 7888	[11234] 4326	[11235] 4278	[11236] 7756	[11237] 4440	[11238] 4084	[11239] 5348	[11240] 4156	[11241] 4328	[11242] 4410	[11243] 8278	[11244] 4092	[11245] 4228	[11246] 7844	[11247] 4476	
[11248] 3974	[11249] 5512	[11250] 4332	[11251] 4172	[11252] 7918	[11253] 4530	[11254] 4200	[11255] 7968	[11256] 4268	[11257] 4112	[11258] 7764	[11259] 4192	[11260] 4114	[11261] 5684	[11262] 4328	[11263] 4262	