
QP qtt = 1

[0] 8950	[1] 702	[2] 332	[3] 334	[4] 308	[5] 314	[6] 308	[7] 318	[8] 310	[9] 318	[10] 426	[11] 1032	[12] 300	[13] 806	[14] 302	[15] 330	
[16] 786	[17] 302	[18] 278	[19] 780	[20] 266	[21] 782	[22] 284	[23] 320	[24] 788	[25] 308	[26] 308	[27] 790	[28] 298	[29] 332	[30] 504	[31] 318	
[32] 786	[33] 308	[34] 310	[35] 786	[36] 486	[37] 318	[38] 588	[39] 318	[40] 308	[41] 512	[42] 310	[43] 326	[44] 774	[45] 324	[46] 782	[47] 308	
[48] 278	[49] 534	[50] 308	[51] 326	[52] 780	[53] 310	[54] 318	[55] 786	[56] 300	[57] 798	[58] 304	[59] 322	[60] 784	[61] 290	[62] 318	[63] 318	
[64] 846	[65] 288	[66] 308	[67] 796	[68] 330	[69] 804	[70] 298	[71] 316	[72] 796	[73] 320	[74] 320	[75] 784	[76] 300	[77] 330	[78] 742	[79] 310	
[80] 746	[81] 308	[82] 276	[83] 788	[84] 268	[85] 316	[86] 782	[87] 294	[88] 1262	[89] 342	[90] 1036	[91] 776	[92] 1360	[93] 2474	[94] 1780	[95] 2578	
[96] 2396	[97] 452	[98] 784	[99] 788	[100] 298	[101] 796	[102] 840	[103] 294	[104] 780	[105] 786	[106] 314	[107] 328	[108] 322	[109] 336	[110] 318	[111] 328	
[112] 318	[113] 786	[114] 456	[115] 316	[116] 944	[117] 538	[118] 788	[119] 318	[120] 308	[121] 318	[122] 770	[123] 778	[124] 784	[125] 624	[126] 776	[127] 318	
[128] 308	[129] 316	[130] 310	[131] 320	[132] 308	[133] 318	[134] 780	[135] 774	[136] 310	[137] 318	[138] 308	[139] 318	[140] 358	[141] 300	[142] 844	[143] 788	
[144] 766	[145] 772	[146] 796	[147] 330	[148] 294	[149] 300	[150] 724	[151] 772	[152] 776	[153] 810	[154] 294	[155] 774	[156] 288	[157] 332	[158] 288	[159] 298	
[160] 304	[161] 1250	[162] 2118	[163] 930	[164] 316	[165] 302	[166] 766	[167] 326	[168] 280	[169] 320	[170] 904	[171] 334	[172] 304	[173] 650	[174] 290	[175] 310	
[176] 794	[177] 300	[178] 308	[179] 560	[180] 288	[181] 802	[182] 310	[183] 316	[184] 790	[185] 326	[186] 304	[187] 598	[188] 308	[189] 326	[190] 788	[191] 314	
[192] 824	[193] 322	[194] 316	[195] 322	[196] 574	[197] 320	[198] 320	[199] 534	[200] 306	[201] 328	[202] 790	[203] 320	[204] 322	[205] 798	[206] 306	[207] 802	
[208] 318	[209] 330	[210] 816	[211] 318	[212] 310	[213] 814	[214] 308	[215] 324	[216] 784	[217] 320	[218] 804	[219] 318	[220] 306	[221] 326	[222] 316	[223] 868	
[224] 320	[225] 324	[226] 802	[227] 320	[228] 790	[229] 320	[230] 310	[231] 800	[232] 292	[233] 320	[234] 844	[235] 328	[236] 316	[237] 800	[238] 320	[239] 790	
[240] 310	[241] 318	[242] 786	[243] 328	[244] 320	[245] 352	[246] 804	[247] 326	[248] 308	[249] 810	[250] 308	[251] 316	[252] 810	[253] 322	[254] 312	[255] 794	
[256] 308	[257] 802	[258] 320	[259] 350	[260] 862	[261] 348	[262] 334	[263] 892	[264] 334	[265] 346	[266] 870	[267] 358	[268] 872	[269] 346	[270] 332	[271] 590	
[272] 334	[273] 346	[274] 884	[275] 348	[276] 332	[277] 868	[278] 312	[279] 350	[280] 812	[281] 326	[282] 304	[283] 884	[284] 316	[285] 896	[286] 354	[287] 356	
[288] 868	[289] 344	[290] 334	[291] 862	[292] 366	[293] 380	[294] 748	[295] 392	[296] 370	[297] 952	[298] 370	[299] 360	[300] 368	[301] 978	[302] 332	[303] 382	
[304] 962	[305] 396	[306] 378	[307] 1000	[308] 370	[309] 376	[310] 954	[311] 392	[312] 390	[313] 976	[314] 366	[315] 742	[316] 382	[317] 382	[318] 968	[319] 386	
[320] 368	[321] 948	[322] 370	[323] 378	[324] 366	[325] 420	[326] 1054	[327] 434	[328] 422	[329] 1072	[330] 414	[331] 420	[332] 678	[333] 428	[334] 406	[335] 1054	
[336] 408	[337] 424	[338] 1064	[339] 434	[340] 418	[341] 744	[342] 434	[343] 452	[344] 1066	[345] 426	[346] 1044	[347] 434	[348] 426	[349] 716	[350] 448	[351] 420	
[352] 410	[353] 1080	[354] 422	[355] 434	[356] 682	[357] 478	[358] 466	[359] 1212	[360] 480	[361] 492	[362] 1182	[363] 496	[364] 462	[365] 826	[366] 496	[367] 496	
[368] 1188	[369] 486	[370] 488	[371] 1194	[372] 2178	[373] 1510	[374] 1822	[375] 1170	[376] 648	[377] 556	[378] 1188	[379] 1678	[380] 442	[381] 488	[382] 1102	[383] 1912	
[384] 2260	[385] 2698	[386] 520	[387] 450	[388] 1162	[389] 1318	[390] 500	[391] 1926	[392] 498	[393] 550	[394] 3810	[395] 1874	[396] 2778	[397] 4072	[398] 2416	[399] 3474	
[400] 3236	[401] 1472	[402] 1148	[403] 3528	[404] 3192	[405] 1258	[406] 3738	[407] 1410	[408] 1252	[409] 1680	[410] 1292	[411] 1270	[412] 3266	[413] 3436	[414] 3526	[415] 3296	
[416] 3206	[417] 1200	[418] 3216	[419] 1582	[420] 1302	[421] 1646	[422] 1496	[423] 2044	[424] 1504	[425] 4148	[426] 1398	[427] 2060	[428] 3778	[429] 4612	[430] 3670	[431] 1488	
[432] 3676	[433] 1426	[434] 3540	[435] 1756	[436] 3884	[437] 4970	[438] 1004	[439] 1452	[440] 572	[441] 628	[442] 1586	[443] 634	[444] 582	[445] 1034	[446] 638	[447] 632	
[448] 1578	[449] 610	[450] 578	[451] 1586	[452] 998	[453] 632	[454] 628	[455] 1310	[456] 640	[457] 638	[458] 1580	[459] 636	[460] 580	[461] 1650	[462] 624	[463] 640	
[464] 1614	[465] 606	[466] 612	[467] 1610	[468] 582	[469] 642	[470] 1590	[471] 608	[472] 620	[473] 1808	[474] 624	[475] 954	[476] 1106	[477] 602	[478] 612	[479] 650	
[480] 1078	[481] 632	[482] 608	[483] 2138	[484] 616	[485] 752	[486] 1216	[487] 762	[488] 748	[489] 2028	[490] 726	[491] 760	[492] 2970	[493] 1666	[494] 2346	[495] 5400	
[496] 3040	[497] 5080	[498] 790	[499] 768	[500] 1866	[501] 768	[502] 736	[503] 2250	[504] 706	[505] 750	[506] 702	[507] 1862	[508] 762	[509] 722	[510] 1882	[511] 750	
[512] 738	[513] 1890	[514] 702	[515] 788	[516] 1856	[517] 908	[518] 876	[519] 2376	[520] 830	[521] 900	[522] 2242	[523] 984	[524] 860	[525] 2382	[526] 830	[527] 946	
[528] 2222	[529] 1270	[530] 272	[531] 328	[532] 870	[533] 320	[534] 278	[535] 790	[536] 444	[537] 328	[538] 1004	[539] 470	[540] 260	[541] 788	[542] 278	[543] 786	
[544] 308	[545] 316	[546] 1374	[547] 422	[548] 528	[549] 1086	[550] 838	[551] 356	[552] 850	[553] 350	[554] 338	[555] 482	[556] 330	[557] 348	[558] 348	[559] 1526	
[560] 324	[561] 328	[562] 336	[563] 1630	[564] 812	[565] 740	[566] 320	[567] 352	[568] 1212	[569] 834	[570] 840	[571] 852	[572] 318	[573] 350	[574] 838	[575] 836	
[576] 324	[577] 342	[578] 304	[579] 346	[580] 926	[581] 1044	[582] 1018	[583] 1106	[584] 894	[585] 2158	[586] 846	[587] 860	[588] 1922	[589] 2038	[590] 2740	[591] 1026	
[592] 614	[593] 876	[594] 2480	[595] 1680	[596] 2686	[597] 1818	[598] 2754	[599] 2728	[600] 1626	[601] 1660	[602] 1748	[603] 1894	[604] 2508	[605] 2464	[606] 2504	[607] 1722	
[608] 1604	[609] 1732	[610] 2470	[611] 2584	[612] 1670	[613] 2420	[614] 2548	[615] 1438	[616] 2716	[617] 2172	[618] 2864	[619] 2728	[620] 1692	[621] 1670	[622] 1714	[623] 1892	
[624] 1624	[625] 2738	[626] 2728	[627] 3450	[628] 2484	[629] 2750	[630] 1770	[631] 1862	[632] 1714	[633] 1872	[634] 1982	[635] 2730	[636] 2604	[637] 2500	[638] 2364	[639] 1874	
[640] 2636	[641] 1718	[642] 1680	[643] 1874	[644] 2632	[645] 2776	[646] 3098	[647] 2904	[648] 1770	[649] 2786	[650] 1744	[651] 2106	[652] 2866	[653] 2640	[654] 2624	[655] 1878	
[656] 2756	[657] 1958	[658] 2062	[659] 1750	[660] 1724	[661] 1628	[662] 2582	[663] 2718	[664] 2808	[665] 1928	[666] 1996	[667] 2014	[668] 2630	[669] 2810	[670] 1710	[671] 1702	
[672] 2790	[673] 2928	[674] 2622	[675] 2790	[676] 1840	[677] 1822	[678] 2628	[679] 2846	[680] 1788	[681] 1802	[682] 1884	[683] 2050	[684] 2440	[685] 2592	[686] 2002	[687] 1760	
[688] 2968	[689] 2756	[690] 2658	[691] 2334	[692] 1698	[693] 1812	[694] 1576	[695] 1628	[696] 1632	[697] 1714	[698] 2840	[699] 2846	[700] 1804	[701] 1838	[702] 1850	[703] 1798	
[704] 1730	[705] 2764	[706] 2796	[707] 2640	[708] 2678	[709] 1886	[710] 1514	[711] 1524	[712] 1668	[713] 2050	[714] 2904	[715] 2652	[716] 1844	[717] 2776	[718] 2656	[719] 1756	
[720] 1778	[721] 1870	[722] 1800	[723] 1712	[724] 1778	[725] 1730	[726] 2064	[727] 1926	[728] 1070	[729] 1850	[730] 1908	[731] 3426	[732] 2078	[733] 1638	[734] 2024	[735] 2314	
[736] 1302	[737] 2370	[738] 1730	[739] 2096	[740] 2496	[741] 1586	[742] 1812	[743] 1534	[744] 1272	[745] 2462	[746] 1886	[747] 1976	[748] 2388	[749] 2364	[750] 1918	[751] 1550	
[752] 1626	[753] 1762	[754] 1366	[755] 2184	[756] 2100	[757] 2622	[758] 2286	[759] 2470	[760] 1468	[761] 2402	[762] 2606	[763] 1544	[764] 1168	[765] 1712	[766] 1284	[767] 1538	
[768] 1148	[769] 2032	[770] 2270	[771] 2306	[772] 1872	[773] 1608	[774] 1782	[775] 1796	[776] 1726	[777] 1726	[778] 1468	[779] 2308	[780] 1836	[781] 1768	[782] 1656	[783] 1370	
[784] 1842	[785] 1496	[786] 1530	[787] 1572	[788] 1686	[789] 2356	[790] 2558	[791] 1550	[792] 2384	[793] 2340	[794] 2406	[795] 2274	[796] 1412	[797] 1366	[798] 2258	[799] 2346	
[800] 1666	[801] 1430	[802] 1618	[803] 1800	[804] 1374	[805] 1382	[806] 1646	[807] 1532	[808] 1852	[809] 1690	[810] 1106	[811] 1326	[812] 1552	[813] 1158	[814] 1876	[815] 2136	
[816] 2876	[817] 1420	[818] 2198	[819] 2140	[820] 2106	[821] 2228	[822] 1420	[823] 1600	[824] 2160	[825] 2070	[826] 1952	[827] 1538	[828] 1348	[829] 1772	[830] 1630	[831] 1702	
[832] 1536	[833] 2306	[834] 2764	[835] 2260	[836] 1082	[837] 2388	[838] 2312	[839] 1842	[840] 1580	[841] 1544	[842] 1636	[843] 1704	[844] 1384	[845] 1088	[846] 2462	[847] 2460	
[848] 1210	[849] 1700	[850] 1640	[851] 1896	[852] 1160	[853] 1700	[854] 1624	[855] 2114	[856] 2516	[857] 1744	[858] 1312	[859] 1616	[860] 1692	[861] 1410	[862] 1848	[863] 1750	
[864] 2356	[865] 1540	[866] 2354	[867] 1482	[868] 1436	[869] 1448	[870] 1760	[871] 1642	[872] 1314	[873] 2270	[874] 1706	[875] 2206	[876] 1370	[877] 1680	[878] 1462	[879] 1766	
[880] 1426	[881] 1562	[882] 2156	[883] 2052	[884] 2190	[885] 2606	[886] 2428	[887] 2278	[888] 1754	[889] 800	[890] 1846	[891] 1034	[892] 932	[893] 918	[894] 2452	[895] 2282	
[896] 2250	[897] 2168	[898] 1894	[899] 1558	[900] 1832	[901] 1700	[902] 1870	[903] 1756	[904] 1852	[905] 2278	[906] 2250	[907] 1608	[908] 1498	[909] 1990	[910] 1650	[911] 1588	
[912] 1186	[913] 1324	[914] 774	[915] 2016	[916] 2182	[917] 2254	[918] 1468	[919] 1268	[920] 1190	[921] 1544	[922] 1522	[923] 1504	[924] 2278	[925] 1392	[926] 1964	[927] 1592	
[928] 2094	[929] 1730	[930] 1192	[931] 1338	[932] 1130	[933] 2194	[934] 1646	[935] 2030	[936] 2008	[937] 1434	[938] 1136	[939] 1674	[940] 2292	[941] 2184	[942] 1880	[943] 2106	
[944] 2148	[945] 2140	[946] 1772	[947] 1054	[948] 1286	[949] 1758	[950] 1796	[951] 1930	[952] 1358	[953] 2014	[954] 1950	[955] 858	[956] 1756	[957] 1060	[958] 770	[959] 1906	
[960] 970	[961] 1942	[962] 1856	[963] 1878	[964] 768	[965] 1906	[966] 1936	[967] 1072	[968] 736	[969] 1862	[970] 1914	[971] 1884	[972] 910	[973] 1022	[974] 972	[975] 1882	
[976] 2156	[977] 2296	[978] 2172	[979] 1746	[980] 2300	[981] 1580	[982] 1700	[983] 1678	[984] 1692	[985] 1888	[986] 1688	[987] 2438	[988] 2270	[989] 2434	[990] 1786	[991] 2594	
[992] 2518	[993] 2632	[994] 2304	[995] 1748	[996] 2528	[997] 1874	[998] 2416	[999] 1744	[1000] 1754	[1001] 1704	[1002] 1704	[1003] 1666	[1004] 1776	[1005] 2486	[1006] 1638	[1007] 2494	
[1008] 2512	[1009] 2806	[1010] 2428	[1011] 1696	[1012] 1696	[1013] 1740	[1014] 1694	[1015] 1578	[1016] 1698	[1017] 1678	[1018] 1786	[1019] 1754	[1020] 2548	[1021] 2628	[1022] 2078	[1023] 1956	
[10240] 1298	[10241] 1480	[10242] 2118	[10243] 1350	[10244] 1292	[10245] 1498	[10246] 3838	[10247] 1526	[10248] 1242	[10249] 3684	[10250] 1286	[10251] 1474	[10252] 3432	[10253] 1436	[10254] 1254	[10255] 3594	
[10256] 1248	[10257] 1422	[10258] 1948	[10259] 1484	[10260] 1288	[10261] 3572	[10262] 1244	[10263] 1508	[10264] 3438	[10265] 1440	[10266] 1262	[10267] 2360	[10268] 1350	[10269] 1432	[10270] 1218	[10271] 3810	
[10272] 1238	[10273] 1508	[10274] 3434	[10275] 1380	[10276] 1252	[10277] 3542	[10278] 1246	[10279] 1436	[10280] 3488	[10281] 1438	[10282] 1260	[10283] 3594	[10284] 1244	[10285] 1448	[10286] 1970	[10287] 1352	
[10288] 1260	[10289] 3618	[10290] 1246	[10291] 1368	[10292] 3512	[10293] 1430	[10294] 1298	[10295] 1436	[10296] 3778	[10297] 1472	[10298] 1304	[10299] 2538	[10300] 1260	[10301] 1422	[10302] 3406	[10303] 1436	
[10304] 1248	[10305] 2402	[10306] 1244	[10307] 1350	[10308] 3384	[10309] 1468	[10310] 1322	[10311] 3658	[10312] 1248	[10313] 1422	[10314] 2014	[10315] 1466	[10316] 1228	[10317] 3600	[10318] 1304	[10319] 1442	
[10320] 1272	[10321] 3628	[10322] 1242	[10323] 1346	[10324] 3510	[10325] 1438	[10326] 1310	[10327] 3818	[10328] 1262	[10329] 1446	[10330] 3494	[10331] 1370	[10332] 1290	[10333] 3672	[10334] 1294	[10335] 1458	
[10336] 3496	[10337] 1482	[10338] 1292	[10339] 2496	[10340] 1322	[10341] 1466	[10342] 3434	[10343] 1428	[10344] 1278	[10345] 1386	[10346] 3504	[10347] 1418	[10348] 1288	[10349] 3572	[10350] 1278	[10351] 1434	
[10352] 3496	[10353] 1432	[10354] 1252	[10355] 2914	[10356] 1282	[10357] 1520	[10358] 3536	[10359] 1480	[10360] 1304	[10361] 3726	[10362] 1220	[10363] 1412	[10364] 3538	[10365] 1474	[10366] 1216	[10367] 3658	
[10368] 1286	[10369] 1436	[10370] 1200	[10371] 3822	[10372] 1246	[10373] 1484	[10374] 3576	[10375] 1366	[10376] 1238	[10377] 2540	[10378] 1306	[10379] 1536	[10380] 3482	[10381] 1394	[10382] 1210	[10383] 3618	
[10384] 1286	[10385] 1456	[10386] 2102	[10387] 1476	[10388] 1298	[10389] 3708	[10390] 1306	[10391] 1518	[10392] 3402	[10393] 1518	[10394] 1280	[10395] 1436	[10396] 3544	[10397] 1544	[10398] 1284	[10399] 3618	
[10400] 1180	[10401] 1428	[10402] 2012	[10403] 1438	[10404] 1244	[10405] 3682	[10406] 1190	[10407] 1338	[10408] 3432	[10409] 1438	[10410] 1232	[10411] 3646	[10412] 1180	[10413] 1412	[10414] 3422	[10415] 1366	
[10416] 1244	[10417] 2586	[10418] 1174	[10419] 1436	[10420] 1200	[10421] 3822	[10422] 1242	[10423] 1436	[10424] 3502	[10425] 1350	[10426] 1256	[10427] 3664	[10428] 1324	[10429] 1388	[10430] 3538	[10431] 1478	
[10432] 1282	[10433] 3662	[10434] 1224	[10435] 1398	[10436] 3392	[10437] 1430	[10438] 1208	[10439] 3662	[10440] 1312	[10441] 1332	[10442] 2022	[10443] 1432	[10444] 1286	[10445] 1438	[10446] 3704	[10447] 1670	
[10448] 1288	[10449] 2596	[10450] 1306	[10451] 1478	[10452] 3572	[10453] 1518	[10454] 1296	[10455] 3610	[10456] 1238	[10457] 1338	[10458] 2040	[10459] 1424	[10460] 1284	[10461] 3612	[10462] 1262	[10463] 1430	
[10464] 3530	[10465] 1526	[10466] 1300	[10467] 3618	[10468] 1236	[10469] 1440	[10470] 1270	[10471] 2542	[10472] 1288	[10473] 1426	[10474] 3564	[10475] 1350	[10476] 1272	[10477] 3704	[10478] 1192	[10479] 1350	
[10480] 3518	[10481] 1360	[10482] 1310	[10483] 2504	[10484] 1160	[10485] 1428	[10486] 2084	[10487] 1376	[10488] 1260	[10489] 3650	[10490] 1244	[10491] 1412	[10492] 3426	[10493] 1458	[10494] 1274	[10495] 1374	
[10496] 3558	[10497] 1560	[10498] 1262	[10499] 3646	[10500] 1306	[10501] 1416	[10502] 2100	[10503] 1558	[10504] 1228	[10505] 3618	[10506] 1166	[10507] 1350	[10508] 3442	[10509] 1446	[10510] 1244	[10511] 3670	
[10512] 1172	[10513] 1422	[10514] 8868	[10515] 4862	[10516] 9328	[10517] 5912	[10518] 8782	[10519] 6950	[10520] 6824	[10521] 7236	[10522] 5896	[10523] 4764	[10524] 5442	[10525] 9742	[10526] 9470	[10527] 9158	
[10528] 4046	[10529] 8100	[10530] 5436	[10531] 3010	[10532] 1410	[10533] 5050	[10534] 1384	[10535] 3574	[10536] 3552	[10537] 1468	[10538] 3544	[10539] 1330	[10540] 3676	[10541] 6442	[10542] 4022	[10543] 5014	
[10544] 1454	[10545] 3622	[10546] 2440	[10547] 1408	[10548] 3646	[10549] 1482	[10550] 3318	[10551] 1434	[10552] 1292	[10553] 1456	[10554] 1280	[10555] 1482	[10556] 1406	[10557] 3566	[10558] 3408	[10559] 10208	
[10560] 4886	[10561] 9406	[10562] 4070	[10563] 3628	[10564] 9220	[10565] 4930	[10566] 8516	[10567] 6414	[10568] 4816	[10569] 1588	[10570] 1374	[10571] 3778	[10572] 1316	[10573] 1402	[10574] 3642	[10575] 1418	
[10576] 1394	[10577] 3688	[10578] 1322	[10579] 232	[10580] 1220	[10581] 218	[10582] 688	[10583] 536	[10584] 410	[10585] 784	[10586] 220	[10587] 188	[10588] 1736	[10589] 1222	[10590] 1978	[10591] 1988	
[10592] 2556	[10593] 2982	[10594] 1498	[10595] 2682	[10596] 354	[10597] 330	[10598] 664	[10599] 328	[10600] 316	[10601] 894	[10602] 336	[10603] 346	[10604] 838	[10605] 334	[10606] 320	[10607] 572	
[10608] 328	[10609] 918	[10610] 388	[10611] 328	[10612] 336	[10613] 880	[10614] 318	[10615] 906	[10616] 320	[10617] 358	[10618] 844	[10619] 334	[10620] 348	[10621] 862	[10622] 336	[10623] 392	
[10624] 944	[10625] 380	[10626] 366	[10627] 964	[10628] 370	[10629] 398	[10630] 942	[10631] 386	[10632] 380	[10633] 950	[10634] 372	[10635] 394	[10636] 372	[10637] 390	[10638] 830	[10639] 382	
[10640] 384	[10641] 974	[10642] 370	[10643] 392	[10644] 970	[10645] 360	[10646] 384	[10647] 654	[10648] 384	[10649] 392	[10650] 986	[10651] 400	[10652] 380	[10653] 1010	[10654] 382	[10655] 964	
[10656] 412	[10657] 426	[10658] 1084	[10659] 418	[10660] 414	[10661] 1098	[10662] 452	[10663] 426	[10664] 412	[10665] 1098	[10666] 412	[10667] 408	[10668] 1062	[10669] 424	[10670] 364	[10671] 1076	
[10672] 370	[10673] 424	[10674] 1050	[10675] 424	[10676] 366	[10677] 688	[10678] 370	[10679] 428	[10680] 1054	[10681] 504	[10682] 368	[10683] 1072	[10684] 368	[10685] 450	[10686] 652	[10687] 436	
[10688] 426	[10689] 480	[10690] 1150	[10691] 480	[10692] 418	[10693] 1214	[10694] 418	[10695] 480	[10696] 1176	[10697] 480	[10698] 416	[10699] 1208	[10700] 412	[10701] 474	[10702] 648	[10703] 478	
[10704] 418	[10705] 1206	[10706] 414	[10707] 480	[10708] 1164	[10709] 456	[10710] 390	[10711] 1182	[10712] 412	[10713] 450	[10714] 428	[10715] 474	[10716] 1178	[10717] 492	[10718] 442	[10719] 1202	
[10720] 432	[10721] 572	[10722] 840	[10723] 570	[10724] 490	[10725] 1386	[10726] 466	[10727] 540	[10728] 1328	[10729] 542	[10730] 474	[10731] 1414	[10732] 444	[10733] 546	[10734] 1384	[10735] 522	
[10736] 474	[10737] 1380	[10738] 474	[10739] 552	[10740] 494	[10741] 548	[10742] 1414	[10743] 546	[10744] 474	[10745] 1380	[10746] 526	[10747] 552	[10748] 1022	[10749] 542	[10750] 526	[10751] 1532	
[10752] 456	[10753] 612	[10754] 1536	[10755] 670	[10756] 580	[10757] 1338	[10758] 578	[10759] 636	[10760] 894	[10761] 644	[10762] 552	[10763] 1576	[10764] 550	[10765] 600	[10766] 1534	[10767] 658	
[10768] 572	[10769] 1078	[10770] 572	[10771] 636	[10772] 1562	[10773] 638	[10774] 556	[10775] 1642	[10776] 588	[10777] 664	[10778] 1516	[10779] 658	[10780] 568	[10781] 1098	[10782] 572	[10783] 620	
[10784] 924	[10785] 808	[10786] 660	[10787] 1920	[10788] 624	[10789] 726	[10790] 1782	[10791] 832	[10792] 712	[10793] 774	[10794] 1942	[10795] 730	[10796] 628	[10797] 1254	[10798] 668	[10799] 760	
[10800] 1460	[10801] 754	[10802] 620	[10803] 1912	[10804] 660	[10805] 764	[10806] 1858	[10807] 718	[10808] 666	[10809] 1202	[10810] 680	[10811] 816	[10812] 1846	[10813] 794	[10814] 692	[10815] 1984	
[10816] 706	[10817] 844	[10818] 784	[10819] 2562	[10820] 830	[10821] 908	[10822] 2302	[10823] 946	[10824] 828	[10825] 1648	[10826] 778	[10827] 952	[10828] 2360	[10829] 912	[10830] 832	[10831] 1662	
[10832] 834	[10833] 948	[10834] 2266	[10835] 994	[10836] 864	[10837] 2380	[10838] 860	[10839] 900	[10840] 1362	[10841] 904	[10842] 856	[10843] 2600	[10844] 920	[10845] 960	[10846] 2442	[10847] 964	
[10848] 924	[10849] 3244	[10850] 1230	[10851] 1264	[10852] 3134	[10853] 1270	[10854] 1224	[10855] 2118	[10856] 1218	[10857] 1280	[10858] 3166	[10859] 1278	[10860] 1230	[10861] 3230	[10862] 1180	[10863] 1266	
[10864] 3206	[10865] 1200	[10866] 1236	[10867] 3214	[10868] 1484	[10869] 1288	[10870] 3686	[10871] 1376	[10872] 1302	[10873] 3074	[10874] 1214	[10875] 1058	[10876] 3162	[10877] 1128	[10878] 1286	[10879] 3086	
[10880] 1308	[10881] 1198	[10882] 3540	[10883] 1256	[10884] 1304	[10885] 3388	[10886] 1396	[10887] 1190	[10888] 3552	[10889] 1256	[10890] 1306	[10891] 1968	[10892] 1290	[10893] 1264	[10894] 2446	[10895] 1312	
[10896] 1440	[10897] 3340	[10898] 1430	[10899] 1288	[10900] 3506	[10901] 1298	[10902] 1414	[10903] 3332	[10904] 1474	[10905] 1298	[10906] 3582	[10907] 1306	[10908] 1446	[10909] 3432	[10910] 1440	[10911] 1306	
[10912] 3572	[10913] 1312	[10914] 1368	[10915] 3394	[10916] 1428	[10917] 1282	[10918] 1328	[10919] 3582	[10920] 1332	[10921] 1178	[10922] 3624	[10923] 1200	[10924] 1328	[10925] 3434	[10926] 1306	[10927] 1174	
[10928] 2684	[10929] 1342	[10930] 1324	[10931] 2550	[10932] 1352	[10933] 1350	[10934] 3584	[10935] 1334	[10936] 1306	[10937] 3670	[10938] 1312	[10939] 1404	[10940] 3672	[10941] 1394	[10942] 1456	[10943] 1392	
[10944] 3832	[10945] 1402	[10946] 1438	[10947] 3426	[10948] 1430	[10949] 1220	[10950] 3580	[10951] 1288	[10952] 1430	[10953] 3406	[10954] 1432	[10955] 1420	[10956] 3642	[10957] 1476	[10958] 1444	[10959] 1994	
[10960] 1306	[10961] 1436	[10962] 2728	[10963] 1398	[10964] 1430	[10965] 3588	[10966] 1428	[10967] 1502	[10968] 1410	[10969] 3746	[10970] 1430	[10971] 1298	[10972] 3600	[10973] 1172	[10974] 1368	[10975] 3400	
[10976] 1394	[10977] 1236	[10978] 2630	[10979] 1244	[10980] 1386	[10981] 3354	[10982] 1378	[10983] 1244	[10984] 3590	[10985] 1284	[10986] 1432	[10987] 3514	[10988] 1434	[10989] 1350	[10990] 2624	[10991] 1288	
[10992] 1410	[10993] 1236	[10994] 3792	[10995] 1294	[10996] 1442	[10997] 3404	[10998] 1436	[10999] 1300	[11000] 3512	[11001] 1214	[11002] 1438	[11003] 3522	[11004] 1418	[11005] 1472	[11006] 3582	[11007] 1456	
[11008] 1352	[11009] 3534	[11010] 1350	[11011] 1526	[11012] 3700	[11013] 1396	[11014] 1354	[11015] 3532	[11016] 1352	[11017] 1444	[11018] 1376	[11019] 3836	[11020] 1300	[11021] 1244	[11022] 3530	[11023] 1260	
[11024] 1378	[11025] 3556	[11026] 1376	[11027] 1460	[11028] 3336	[11029] 1368	[11030] 1262	[11031] 2934	[11032] 1246	[11033] 1434	[11034] 3300	[11035] 1406	[11036] 1300	[11037] 3496	[11038] 1262	[11039] 1436	
[11040] 3596	[11041] 1350	[11042] 1288	[11043] 1432	[11044] 3668	[11045] 1446	[11046] 1190	[11047] 2724	[11048] 1190	[11049] 1422	[11050] 3574	[11051] 1428	[11052] 1308	[11053] 3604	[11054] 1308	[11055] 1338	
[11056] 3598	[11057] 1350	[11058] 1294	[11059] 3532	[11060] 1306	[11061] 1474	[11062] 2570	[11063] 1358	[11064] 1232	[11065] 3618	[11066] 1316	[11067] 1468	[11068] 1216	[11069] 3794	[11070] 1438	[11071] 1458	
[11072] 3596	[11073] 1438	[11074] 1260	[11075] 2636	[11076] 1188	[11077] 1350	[11078] 1994	[11079] 1490	[11080] 1290	[11081] 3542	[11082] 1276	[11083] 1366	[11084] 3388	[11085] 1454	[11086] 1236	[11087] 2210	
[11088] 1218	[11089] 1528	[11090] 3564	[11091] 1464	[11092] 1284	[11093] 1446	[11094] 3812	[11095] 1396	[11096] 1286	[11097] 3698	[11098] 1288	[11099] 1416	[11100] 3368	[11101] 1434	[11102] 1288	[11103] 2824	
[11104] 1286	[11105] 1472	[11106] 3352	[11107] 1410	[11108] 1298	[11109] 3590	[11110] 1226	[11111] 1488	[11112] 3370	[11113] 1504	[11114] 1290	[11115] 3590	[11116] 1308	[11117] 1456	[11118] 1244	[11119] 2550	
[11120] 1350	[11121] 1416	[11122] 3502	[11123] 1482	[11124] 1290	[11125] 3602	[11126] 1258	[11127] 1472	[11128] 3404	[11129] 1492	[11130] 1298	[11131] 2670	[11132] 1278	[11133] 1438	[11134] 2056	[11135] 1518	
[11136] 1244	[11137] 3634	[11138] 1172	[11139] 1438	[11140] 3378	[11141] 1458	[11142] 1288	[11143] 1426	[11144] 3566	[11145] 1350	[11146] 1166	[11147] 2452	[11148] 1232	[11149] 1486	[11150] 3378	[11151] 1470	
[11152] 1374	[11153] 3690	[11154] 1248	[11155] 1482	[11156] 3390	[11157] 1458	[11158] 1248	[11159] 3636	[11160] 1182	[11161] 1350	[11162] 1992	[11163] 1346	[11164] 1244	[11165] 3612	[11166] 1242	[11167] 1548	
[11168] 1248	[11169] 2690	[11170] 1288	[11171] 1442	[11172] 3512	[11173] 1436	[11174] 1244	[11175] 3558	[11176] 1262	[11177] 1430	[11178] 2042	[11179] 1420	[11180] 1160	[11181] 3602	[11182] 1244	[11183] 1420	
[11184] 3450	[11185] 1500	[11186] 1244	[11187] 3574	[11188] 1234	[11189] 1446	[11190] 2012	[11191] 1672	[11192] 1280	[11193] 1348	[11194] 3620	[11195] 1424	[11196] 1244	[11197] 3660	[11198] 1192	[11199] 1408	
[11200] 3362	[11201] 1438	[11202] 1250	[11203] 3770	[11204] 1232	[11205] 1438	[11206] 1992	[11207] 1512	[11208] 1244	[11209] 3802	[11210] 1288	[11211] 1350	[11212] 3408	[11213] 1432	[11214] 1172	[11215] 3582	
[11216] 1174	[11217] 1448	[11218] 1236	[11219] 3838	[11220] 1252	[11221] 1352	[11222] 3426	[11223] 1390	[11224] 1270	[11225] 3584	[11226] 1164	[11227] 1414	[11228] 3454	[11229] 1480	[11230] 1284	[11231] 2958	
[11232] 1326	[11233] 1498	[11234] 3424	[11235] 1436	[11236] 1310	[11237] 3836	[11238] 1180	[11239] 1472	[11240] 3448	[11241] 1420	[11242] 1274	[11243] 1394	[11244] 3616	[11245] 1350	[11246] 1274	[11247] 2662	
[11248] 1252	[11249] 1472	[11250] 1888	[11251] 1430	[11252] 1242	[11253] 3510	[11254] 1244	[11255] 1464	[11256] 3414	[11257] 1430	[11258] 1296	[11259] 2520	[11260] 1166	[11261] 1456	[11262] 3404	[11263] 1368	
QP qtt = 1

[0] 7888	[1] 1034	[2] 322	[3] 334	[4] 312	[5] 340	[6] 310	[7] 504	[8] 284	[9] 320	[10] 744	[11] 322	[12] 310	[13] 518	[14] 322	[15] 316	
[16] 834	[17] 308	[18] 318	[19] 842	[20] 300	[21] 834	[22] 300	[23] 324	[24] 832	[25] 320	[26] 306	[27] 846	[28] 314	[29] 318	[30] 842	[31] 308	
[32] 840	[33] 454	[34] 324	[35] 332	[36] 948	[37] 296	[38] 1412	[39] 846	[40] 310	[41] 300	[42] 822	[43] 318	[44] 296	[45] 818	[46] 264	[47] 828	
[48] 310	[49] 1374	[50] 810	[51] 312	[52] 322	[53] 830	[54] 304	[55] 310	[56] 818	[57] 290	[58] 322	[59] 392	[60] 948	[61] 302	[62] 848	[63] 296	
[64] 318	[65] 836	[66] 296	[67] 330	[68] 820	[69] 324	[70] 324	[71] 824	[72] 304	[73] 822	[74] 300	[75] 318	[76] 854	[77] 312	[78] 318	[79] 836	
[80] 302	[81] 318	[82] 814	[83] 308	[84] 546	[85] 572	[86] 298	[87] 314	[88] 910	[89] 316	[90] 294	[91] 894	[92] 302	[93] 314	[94] 832	[95] 302	
[96] 828	[97] 296	[98] 292	[99] 830	[100] 320	[101] 314	[102] 838	[103] 308	[104] 310	[105] 826	[106] 320	[107] 828	[108] 312	[109] 306	[110] 826	[111] 358	
[112] 298	[113] 908	[114] 308	[115] 336	[116] 604	[117] 328	[118] 308	[119] 850	[120] 292	[121] 864	[122] 308	[123] 318	[124] 510	[125] 312	[126] 320	[127] 842	
[128] 308	[129] 322	[130] 832	[131] 320	[132] 462	[133] 318	[134] 308	[135] 870	[136] 276	[137] 318	[138] 286	[139] 306	[140] 868	[141] 322	[142] 288	[143] 840	
[144] 310	[145] 316	[146] 612	[147] 330	[148] 820	[149] 316	[150] 294	[151] 850	[152] 278	[153] 320	[154] 806	[155] 320	[156] 276	[157] 840	[158] 260	[159] 848	
[160] 308	[161] 320	[162] 842	[163] 316	[164] 310	[165] 318	[166] 320	[167] 552	[168] 294	[169] 324	[170] 856	[171] 304	[172] 306	[173] 840	[174] 296	[175] 824	
[176] 310	[177] 360	[178] 902	[179] 350	[180] 338	[181] 900	[182] 340	[183] 362	[184] 908	[185] 350	[186] 892	[187] 330	[188] 332	[189] 922	[190] 342	[191] 334	
[192] 324	[193] 992	[194] 342	[195] 344	[196] 926	[197] 344	[198] 340	[199] 590	[200] 360	[201] 350	[202] 912	[203] 352	[204] 928	[205] 350	[206] 336	[207] 934	
[208] 338	[209] 350	[210] 1000	[211] 402	[212] 362	[213] 1000	[214] 370	[215] 360	[216] 372	[217] 1056	[218] 350	[219] 364	[220] 1016	[221] 394	[222] 358	[223] 670	
[224] 376	[225] 390	[226] 650	[227] 378	[228] 368	[229] 1042	[230] 368	[231] 378	[232] 1014	[233] 388	[234] 386	[235] 646	[236] 354	[237] 1040	[238] 384	[239] 396	
[240] 1012	[241] 394	[242] 356	[243] 1172	[244] 412	[245] 384	[246] 1120	[247] 386	[248] 416	[249] 1066	[250] 416	[251] 348	[252] 1106	[253] 426	[254] 418	[255] 1084	
[256] 412	[257] 374	[258] 1138	[259] 348	[260] 412	[261] 1066	[262] 412	[263] 372	[264] 1128	[265] 378	[266] 1106	[267] 374	[268] 422	[269] 1198	[270] 418	[271] 362	
[272] 1126	[273] 370	[274] 420	[275] 1210	[276] 466	[277] 418	[278] 784	[279] 398	[280] 464	[281] 1228	[282] 462	[283] 454	[284] 1246	[285] 420	[286] 472	[287] 1318	
[288] 450	[289] 426	[290] 1244	[291] 420	[292] 480	[293] 1198	[294] 482	[295] 416	[296] 1310	[297] 396	[298] 466	[299] 1196	[300] 468	[301] 480	[302] 782	[303] 484	
[304] 444	[305] 1276	[306] 468	[307] 542	[308] 1418	[309] 478	[310] 1414	[311] 480	[312] 530	[313] 1392	[314] 508	[315] 444	[316] 1428	[317] 478	[318] 536	[319] 1372	
[320] 544	[321] 484	[322] 1530	[323] 442	[324] 534	[325] 1378	[326] 528	[327] 444	[328] 1428	[329] 544	[330] 534	[331] 1436	[332] 542	[333] 580	[334] 950	[335] 520	
[336] 500	[337] 1430	[338] 528	[339] 550	[340] 1698	[341] 552	[342] 616	[343] 1622	[344] 624	[345] 514	[346] 1090	[347] 548	[348] 584	[349] 1654	[350] 640	[351] 574	
[352] 1674	[353] 560	[354] 592	[355] 1582	[356] 628	[357] 526	[358] 1206	[359] 576	[360] 608	[361] 1642	[362] 628	[363] 558	[364] 1642	[365] 532	[366] 620	[367] 1618	
[368] 624	[369] 556	[370] 1664	[371] 564	[372] 786	[373] 624	[374] 1252	[375] 654	[376] 712	[377] 1916	[378] 754	[379] 670	[380] 2052	[381] 676	[382] 742	[383] 1942	
[384] 742	[385] 662	[386] 2030	[387] 622	[388] 772	[389] 1882	[390] 748	[391] 672	[392] 2026	[393] 632	[394] 742	[395] 1944	[396] 742	[397] 670	[398] 740	[399] 1980	
[400] 740	[401] 676	[402] 1378	[403] 728	[404] 880	[405] 1314	[406] 966	[407] 828	[408] 2626	[409] 820	[410] 924	[411] 2440	[412] 928	[413] 822	[414] 1590	[415] 828	
[416] 876	[417] 2458	[418] 932	[419] 778	[420] 2498	[421] 786	[422] 966	[423] 2388	[424] 994	[425] 812	[426] 2712	[427] 816	[428] 944	[429] 1368	[430] 924	[431] 778	
[432] 2636	[433] 828	[434] 932	[435] 2412	[436] 1232	[437] 1104	[438] 3466	[439] 1112	[440] 1234	[441] 3340	[442] 1162	[443] 1270	[444] 2238	[445] 1390	[446] 1252	[447] 3402	
[448] 1232	[449] 1208	[450] 1192	[451] 1256	[452] 2234	[453] 1222	[454] 1278	[455] 3378	[456] 1274	[457] 1320	[458] 3314	[459] 1302	[460] 1234	[461] 3394	[462] 1106	[463] 1296	
[464] 3204	[465] 1200	[466] 1042	[467] 3748	[468] 1242	[469] 1382	[470] 3590	[471] 1394	[472] 1252	[473] 3796	[474] 1288	[475] 1472	[476] 1222	[477] 1374	[478] 3856	[479] 1438	
[480] 1260	[481] 3822	[482] 1378	[483] 1454	[484] 3774	[485] 1350	[486] 1394	[487] 3766	[488] 1406	[489] 1464	[490] 3786	[491] 1500	[492] 1412	[493] 3832	[494] 1434	[495] 1446	
[496] 3786	[497] 1454	[498] 1402	[499] 1456	[500] 1300	[501] 4130	[502] 1306	[503] 1350	[504] 3694	[505] 1420	[506] 1436	[507] 3812	[508] 1394	[509] 1458	[510] 3952	[511] 1442	
[512] 1406	[513] 3702	[514] 1402	[515] 1458	[516] 3670	[517] 1432	[518] 1402	[519] 3708	[520] 1384	[521] 1350	[522] 3702	[523] 1454	[524] 1394	[525] 4088	[526] 1406	[527] 1500	
[528] 3726	[529] 1438	[530] 1252	[531] 3888	[532] 1248	[533] 1440	[534] 3664	[535] 1434	[536] 1176	[537] 3734	[538] 1256	[539] 1428	[540] 3512	[541] 1456	[542] 1244	[543] 3690	
[544] 1248	[545] 1472	[546] 3512	[547] 1430	[548] 1288	[549] 1438	[550] 3900	[551] 1436	[552] 1440	[553] 3794	[554] 1376	[555] 1456	[556] 3694	[557] 1436	[558] 1376	[559] 3682	
[560] 1392	[561] 1430	[562] 3838	[563] 1350	[564] 1394	[565] 3760	[566] 1324	[567] 1438	[568] 3660	[569] 1454	[570] 1368	[571] 3686	[572] 1400	[573] 1476	[574] 1398	[575] 4282	
[576] 1386	[577] 1462	[578] 3688	[579] 1422	[580] 1394	[581] 3730	[582] 1360	[583] 1430	[584] 3616	[585] 1376	[586] 1236	[587] 2388	[588] 1158	[589] 1420	[590] 3680	[591] 1446	
[592] 1258	[593] 3776	[594] 1412	[595] 1438	[596] 1926	[597] 1374	[598] 1280	[599] 1386	[600] 4220	[601] 1448	[602] 1220	[603] 3822	[604] 1400	[605] 1438	[606] 3786	[607] 1482	
[608] 1304	[609] 3786	[610] 1412	[611] 1450	[612] 2028	[613] 1444	[614] 1248	[615] 2698	[616] 1248	[617] 1450	[618] 3570	[619] 1490	[620] 1288	[621] 3848	[622] 1306	[623] 1448	
[624] 1280	[625] 4180	[626] 1184	[627] 1464	[628] 2578	[629] 1410	[630] 1412	[631] 2586	[632] 1388	[633] 1424	[634] 3716	[635] 1448	[636] 1314	[637] 3722	[638] 1396	[639] 1452	
[640] 3670	[641] 1438	[642] 1454	[643] 2418	[644] 1364	[645] 1454	[646] 3750	[647] 1440	[648] 1412	[649] 1464	[650] 4024	[651] 1440	[652] 1440	[653] 3750	[654] 1178	[655] 1444	
[656] 3646	[657] 1436	[658] 1244	[659] 3758	[660] 1244	[661] 1438	[662] 3582	[663] 1420	[664] 1192	[665] 3776	[666] 1252	[667] 1368	[668] 3650	[669] 1448	[670] 1300	[671] 3752	
[672] 1280	[673] 1444	[674] 1244	[675] 2530	[676] 1374	[677] 1450	[678] 3730	[679] 1450	[680] 1432	[681] 3786	[682] 1418	[683] 1500	[684] 2620	[685] 1534	[686] 1396	[687] 3918	
[688] 1410	[689] 1448	[690] 3784	[691] 1498	[692] 1440	[693] 3782	[694] 1392	[695] 1498	[696] 3746	[697] 1452	[698] 1396	[699] 1394	[700] 4136	[701] 1474	[702] 1390	[703] 3810	
[704] 1438	[705] 1472	[706] 3866	[707] 1438	[708] 1420	[709] 3896	[710] 1242	[711] 1430	[712] 1996	[713] 1514	[714] 1170	[715] 3936	[716] 1246	[717] 1444	[718] 3618	[719] 1484	
[720] 1158	[721] 3988	[722] 1216	[723] 1438	[724] 1276	[725] 2926	[726] 1234	[727] 1456	[728] 2006	[729] 1506	[730] 1242	[731] 3852	[732] 1248	[733] 1442	[734] 3732	[735] 1454	
[736] 1260	[737] 3882	[738] 1166	[739] 1430	[740] 3620	[741] 1452	[742] 1252	[743] 3822	[744] 1234	[745] 1458	[746] 3636	[747] 1454	[748] 1296	[749] 1498	[750] 3934	[751] 1436	
[752] 1262	[753] 3794	[754] 1174	[755] 1474	[756] 3708	[757] 1426	[758] 1280	[759] 3804	[760] 1246	[761] 1372	[762] 3736	[763] 1376	[764] 1260	[765] 3862	[766] 1262	[767] 1408	
[768] 1994	[769] 1500	[770] 1242	[771] 2680	[772] 1296	[773] 1470	[774] 1244	[775] 4030	[776] 1254	[777] 1456	[778] 3794	[779] 1376	[780] 1398	[781] 3802	[782] 1246	[783] 1438	
[784] 3792	[785] 1394	[786] 1392	[787] 3852	[788] 1252	[789] 1376	[790] 3704	[791] 1452	[792] 1246	[793] 3770	[794] 1236	[795] 1456	[796] 1978	[797] 1508	[798] 1278	[799] 1442	
[800] 3856	[801] 1502	[802] 1342	[803] 3802	[804] 1256	[805] 1378	[806] 3518	[807] 1450	[808] 1412	[809] 3928	[810] 1396	[811] 1378	[812] 2162	[813] 1520	[814] 1436	[815] 3778	
[816] 1388	[817] 1458	[818] 3926	[819] 1430	[820] 1328	[821] 3916	[822] 1312	[823] 1460	[824] 1262	[825] 4052	[826] 1254	[827] 1474	[828] 3770	[829] 1446	[830] 1244	[831] 3942	
[832] 1248	[833] 1358	[834] 3644	[835] 1440	[836] 1256	[837] 3778	[838] 1268	[839] 1446	[840] 2012	[841] 1536	[842] 1238	[843] 3840	[844] 1260	[845] 1440	[846] 3730	[847] 1442	
[848] 1266	[849] 1440	[850] 3750	[851] 1394	[852] 1402	[853] 3976	[854] 1332	[855] 1454	[856] 2462	[857] 1520	[858] 1412	[859] 3848	[860] 1392	[861] 1424	[862] 3776	[863] 1456	
[864] 1406	[865] 3714	[866] 1388	[867] 1438	[868] 3742	[869] 1442	[870] 1230	[871] 3830	[872] 1236	[873] 1460	[874] 1244	[875] 3952	[876] 1240	[877] 1476	[878] 3714	[879] 1456	
[880] 1454	[881] 3738	[882] 1410	[883] 1378	[884] 3728	[885] 1446	[886] 1406	[887] 3798	[888] 1456	[889] 1478	[890] 3750	[891] 1480	[892] 1440	[893] 3794	[894] 1330	[895] 1454	
[896] 3734	[897] 1432	[898] 1410	[899] 1430	[900] 3882	[901] 1444	[902] 1186	[903] 3786	[904] 1282	[905] 1438	[906] 3714	[907] 1424	[908] 1244	[909] 3964	[910] 1408	[911] 1436	
[912] 3732	[913] 1456	[914] 1410	[915] 2392	[916] 1332	[917] 1448	[918] 3672	[919] 1492	[920] 1262	[921] 3722	[922] 1234	[923] 1608	[924] 1282	[925] 3900	[926] 1176	[927] 1454	
[928] 3906	[929] 1386	[930] 1396	[931] 3790	[932] 1246	[933] 1392	[934] 3556	[935] 1376	[936] 1262	[937] 3756	[938] 1172	[939] 1498	[940] 3564	[941] 1438	[942] 1310	[943] 3882	
[944] 1298	[945] 1490	[946] 3584	[947] 1440	[948] 1288	[949] 1476	[950] 3766	[951] 1472	[952] 1406	[953] 3766	[954] 1412	[955] 1438	[956] 3704	[957] 1438	[958] 1454	[959] 3732	
[960] 1388	[961] 1492	[962] 3636	[963] 1472	[964] 1294	[965] 3768	[966] 1248	[967] 1348	[968] 3494	[969] 1456	[970] 1248	[971] 3778	[972] 1258	[973] 1452	[974] 1244	[975] 3886	
[976] 1166	[977] 1482	[978] 3556	[979] 1424	[980] 1166	[981] 3784	[982] 1172	[983] 1370	[984] 3564	[985] 1440	[986] 1180	[987] 3702	[988] 1242	[989] 1384	[990] 3556	[991] 1444	
[992] 1232	[993] 3688	[994] 1246	[995] 1530	[996] 3564	[997] 1456	[998] 1272	[999] 1368	[1000] 2144	[1001] 1464	[1002] 1310	[1003] 3762	[1004] 1412	[1005] 1448	[1006] 3768	[1007] 1482	
[1008] 1406	[1009] 3716	[1010] 1406	[1011] 1476	[1012] 3734	[1013] 1430	[1014] 1378	[1015] 3750	[1016] 1456	[1017] 1482	[1018] 3752	[1019] 1430	[1020] 1394	[1021] 3730	[1022] 1372	[1023] 1460	
[10240] 2060	[10241] 1368	[10242] 1296	[10243] 3818	[10244] 1158	[10245] 1456	[10246] 2040	[10247] 1448	[10248] 1200	[10249] 1402	[10250] 3802	[10251] 1350	[10252] 1260	[10253] 2316	[10254] 1218	[10255] 1462	
[10256] 1976	[10257] 1406	[10258] 1264	[10259] 3688	[10260] 1164	[10261] 1412	[10262] 3632	[10263] 1476	[10264] 1304	[10265] 2724	[10266] 1220	[10267] 1446	[10268] 3660	[10269] 1360	[10270] 1240	[10271] 2726	
[10272] 1166	[10273] 1464	[10274] 1244	[10275] 3924	[10276] 1174	[10277] 1412	[10278] 3662	[10279] 1452	[10280] 1244	[10281] 2820	[10282] 1288	[10283] 1498	[10284] 2098	[10285] 1526	[10286] 1296	[10287] 3858	
[10288] 1242	[10289] 1350	[10290] 3600	[10291] 1404	[10292] 1260	[10293] 3836	[10294] 1224	[10295] 1438	[10296] 2056	[10297] 1440	[10298] 1248	[10299] 1420	[10300] 2020	[10301] 1420	[10302] 1252	[10303] 3838	
[10304] 1304	[10305] 1352	[10306] 3608	[10307] 1436	[10308] 1246	[10309] 2312	[10310] 1304	[10311] 1482	[10312] 3796	[10313] 1646	[10314] 1184	[10315] 3836	[10316] 1172	[10317] 1436	[10318] 3644	[10319] 1464	
[10320] 1230	[10321] 2830	[10322] 1254	[10323] 1510	[10324] 1246	[10325] 2766	[10326] 1288	[10327] 1518	[10328] 3574	[10329] 1498	[10330] 1272	[10331] 3750	[10332] 1164	[10333] 1420	[10334] 3644	[10335] 1376	
[10336] 1238	[10337] 3820	[10338] 1248	[10339] 1454	[10340] 2082	[10341] 1488	[10342] 1218	[10343] 3794	[10344] 1156	[10345] 1432	[10346] 1988	[10347] 1394	[10348] 1236	[10349] 1442	[10350] 3988	[10351] 1360	
[10352] 1262	[10353] 2724	[10354] 1252	[10355] 1362	[10356] 2012	[10357] 1362	[10358] 1246	[10359] 3926	[10360] 1172	[10361] 1450	[10362] 3600	[10363] 1370	[10364] 1180	[10365] 2402	[10366] 1156	[10367] 1458	
[10368] 3558	[10369] 1368	[10370] 1190	[10371] 2656	[10372] 1298	[10373] 1420	[10374] 1246	[10375] 3872	[10376] 1280	[10377] 1394	[10378] 3626	[10379] 1402	[10380] 1288	[10381] 3822	[10382] 1216	[10383] 1484	
[10384] 2144	[10385] 1426	[10386] 1304	[10387] 3864	[10388] 1240	[10389] 1436	[10390] 3730	[10391] 1394	[10392] 1252	[10393] 2444	[10394] 1342	[10395] 1474	[10396] 2104	[10397] 1492	[10398] 1256	[10399] 1436	
[10400] 3572	[10401] 1378	[10402] 1180	[10403] 3880	[10404] 1186	[10405] 1470	[10406] 3558	[10407] 1354	[10408] 1244	[10409] 2262	[10410] 1288	[10411] 1472	[10412] 2012	[10413] 1358	[10414] 1244	[10415] 3794	
[10416] 1164	[10417] 1358	[10418] 3668	[10419] 1358	[10420] 1260	[10421] 2286	[10422] 1376	[10423] 1480	[10424] 1244	[10425] 2348	[10426] 1298	[10427] 1436	[10428] 3682	[10429] 1452	[10430] 1304	[10431] 3910	
[10432] 1156	[10433] 1412	[10434] 3600	[10435] 1570	[10436] 1240	[10437] 3836	[10438] 1248	[10439] 1426	[10440] 1968	[10441] 1480	[10442] 1306	[10443] 3858	[10444] 1174	[10445] 1480	[10446] 2110	[10447] 1472	
[10448] 1286	[10449] 1552	[10450] 3794	[10451] 1352	[10452] 1288	[10453] 2630	[10454] 1318	[10455] 1366	[10456] 1994	[10457] 1450	[10458] 1244	[10459] 4412	[10460] 1274	[10461] 1500	[10462] 3732	[10463] 1476	
[10464] 1236	[10465] 3846	[10466] 1278	[10467] 1484	[10468] 2084	[10469] 1564	[10470] 1288	[10471] 2442	[10472] 1232	[10473] 1404	[10474] 1290	[10475] 3856	[10476] 1158	[10477] 1480	[10478] 3638	[10479] 1438	
[10480] 1286	[10481] 3778	[10482] 1216	[10483] 1444	[10484] 1996	[10485] 1484	[10486] 1282	[10487] 3824	[10488] 1236	[10489] 1486	[10490] 3596	[10491] 1448	[10492] 1264	[10493] 2748	[10494] 1326	[10495] 1492	
[10496] 2270	[10497] 1454	[10498] 1218	[10499] 1480	[10500] 3606	[10501] 1386	[10502] 1218	[10503] 3864	[10504] 1218	[10505] 1412	[10506] 3608	[10507] 1408	[10508] 1282	[10509] 2312	[10510] 1162	[10511] 1416	
[10512] 3618	[10513] 1430	[10514] 1240	[10515] 3748	[10516] 1166	[10517] 1420	[10518] 3652	[10519] 1490	[10520] 1288	[10521] 2658	[10522] 1270	[10523] 1516	[10524] 1226	[10525] 3982	[10526] 1192	[10527] 1420	
[10528] 3606	[10529] 1366	[10530] 1288	[10531] 3792	[10532] 1158	[10533] 1482	[10534] 3628	[10535] 1580	[10536] 1300	[10537] 2446	[10538] 1350	[10539] 1442	[10540] 2082	[10541] 1450	[10542] 1218	[10543] 3838	
[10544] 1212	[10545] 1478	[10546] 2312	[10547] 1386	[10548] 1230	[10549] 1442	[10550] 3576	[10551] 1376	[10552] 1234	[10553] 2464	[10554] 1370	[10555] 1470	[10556] 1994	[10557] 1486	[10558] 1288	[10559] 3872	
[10560] 1270	[10561] 1460	[10562] 3722	[10563] 1440	[10564] 1236	[10565] 2568	[10566] 1332	[10567] 1502	[10568] 2032	[10569] 1498	[10570] 1296	[10571] 2426	[10572] 1180	[10573] 1350	[10574] 1262	[10575] 3892	
[10576] 1174	[10577] 1480	[10578] 3610	[10579] 1484	[10580] 1282	[10581] 2612	[10582] 1276	[10583] 1456	[10584] 3770	[10585] 1586	[10586] 1190	[10587] 3828	[10588] 1248	[10589] 1474	[10590] 3600	[10591] 1356	
[10592] 1288	[10593] 2632	[10594] 1244	[10595] 1448	[10596] 2238	[10597] 1544	[10598] 1274	[10599] 1454	[10600] 3794	[10601] 1352	[10602] 1166	[10603] 3708	[10604] 1228	[10605] 1438	[10606] 3656	[10607] 1350	
[10608] 1286	[10609] 2444	[10610] 1326	[10611] 1430	[10612] 3572	[10613] 1454	[10614] 1218	[10615] 3840	[10616] 1228	[10617] 1434	[10618] 3644	[10619] 1424	[10620] 1244	[10621] 2748	[10622] 1334	[10623] 1498	
[10624] 1218	[10625] 2504	[10626] 1288	[10627] 1480	[10628] 3558	[10629] 1484	[10630] 1304	[10631] 3808	[10632] 1288	[10633] 1500	[10634] 3624	[10635] 1464	[10636] 1280	[10637] 3760	[10638] 1272	[10639] 1496	
[10640] 2038	[10641] 1414	[10642] 1288	[10643] 3826	[10644] 1290	[10645] 1410	[10646] 2084	[10647] 1438	[10648] 1168	[10649] 1472	[10650] 3832	[10651] 1382	[10652] 1180	[10653] 2680	[10654] 1286	[10655] 1446	
[10656] 3572	[10657] 1380	[10658] 1262	[10659] 3732	[10660] 1180	[10661] 1436	[10662] 3626	[10663] 1374	[10664] 1304	[10665] 3822	[10666] 1166	[10667] 1474	[10668] 1970	[10669] 1462	[10670] 1220	[10671] 2674	
[10672] 1262	[10673] 1368	[10674] 1238	[10675] 3946	[10676] 1158	[10677] 1446	[10678] 3650	[10679] 1438	[10680] 1262	[10681] 2438	[10682] 1334	[10683] 1416	[10684] 3664	[10685] 1500	[10686] 1264	[10687] 3786	
[10688] 1230	[10689] 1422	[10690] 3476	[10691] 1366	[10692] 1242	[10693] 3842	[10694] 1290	[10695] 1414	[10696] 2136	[10697] 1396	[10698] 1182	[10699] 1364	[10700] 3572	[10701] 1456	[10702] 1240	[10703] 3758	
[10704] 1248	[10705] 1448	[10706] 3746	[10707] 1438	[10708] 1190	[10709] 3804	[10710] 1226	[10711] 1456	[10712] 3716	[10713] 1582	[10714] 1244	[10715] 3856	[10716] 1242	[10717] 1354	[10718] 3662	[10719] 1436	
[10720] 1244	[10721] 2312	[10722] 1304	[10723] 1482	[10724] 1170	[10725] 3856	[10726] 1238	[10727] 1456	[10728] 1976	[10729] 1456	[10730] 1244	[10731] 3840	[10732] 1226	[10733] 1424	[10734] 3518	[10735] 1430	
[10736] 1264	[10737] 2464	[10738] 1246	[10739] 1448	[10740] 3498	[10741] 1376	[10742] 1252	[10743] 3812	[10744] 1166	[10745] 1420	[10746] 1984	[10747] 1492	[10748] 1262	[10749] 1456	[10750] 3756	[10751] 1352	
[10752] 1262	[10753] 2666	[10754] 1246	[10755] 1438	[10756] 3706	[10757] 1456	[10758] 1182	[10759] 3872	[10760] 1176	[10761] 1444	[10762] 3548	[10763] 1438	[10764] 1230	[10765] 3774	[10766] 1248	[10767] 1440	
[10768] 2194	[10769] 1460	[10770] 1270	[10771] 2700	[10772] 1376	[10773] 1414	[10774] 1236	[10775] 3804	[10776] 1174	[10777] 1414	[10778] 3674	[10779] 1430	[10780] 1252	[10781] 3836	[10782] 1244	[10783] 1422	
[10784] 3584	[10785] 1432	[10786] 1228	[10787] 3810	[10788] 1246	[10789] 1440	[10790] 3750	[10791] 1436	[10792] 1240	[10793] 3918	[10794] 1264	[10795] 1374	[10796] 2116	[10797] 1420	[10798] 1260	[10799] 1436	
[10800] 3722	[10801] 1390	[10802] 1260	[10803] 3846	[10804] 1174	[10805] 1422	[10806] 3600	[10807] 1358	[10808] 1244	[10809] 4182	[10810] 1256	[10811] 1420	[10812] 2050	[10813] 1456	[10814] 1240	[10815] 3892	
[10816] 1304	[10817] 1490	[10818] 3500	[10819] 1438	[10820] 1178	[10821] 2576	[10822] 1260	[10823] 1452	[10824] 1252	[10825] 2926	[10826] 1230	[10827] 1372	[10828] 1890	[10829] 1476	[10830] 1244	[10831] 3730	
[10832] 1156	[10833] 1440	[10834] 3536	[10835] 1436	[10836] 1218	[10837] 3710	[10838] 1172	[10839] 1438	[10840] 3730	[10841] 1420	[10842] 1244	[10843] 3810	[10844] 1158	[10845] 1442	[10846] 1964	[10847] 1526	
[10848] 1248	[10849] 1428	[10850] 2108	[10851] 1392	[10852] 1172	[10853] 2714	[10854] 1250	[10855] 1422	[10856] 2040	[10857] 1450	[10858] 1242	[10859] 3818	[10860] 1242	[10861] 1500	[10862] 3642	[10863] 1432	
[10864] 1262	[10865] 2720	[10866] 1260	[10867] 1350	[10868] 1978	[10869] 1484	[10870] 1244	[10871] 2630	[10872] 1262	[10873] 1434	[10874] 1244	[10875] 3812	[10876] 1176	[10877] 1448	[10878] 3644	[10879] 1392	
[10880] 1230	[10881] 2574	[10882] 1230	[10883] 1450	[10884] 2302	[10885] 1440	[10886] 1154	[10887] 3782	[10888] 1226	[10889] 1458	[10890] 3634	[10891] 1420	[10892] 1278	[10893] 2728	[10894] 1304	[10895] 1488	
[10896] 1350	[10897] 2902	[10898] 1286	[10899] 1430	[10900] 2340	[10901] 1520	[10902] 1302	[10903] 3776	[10904] 1304	[10905] 1494	[10906] 3574	[10907] 1472	[10908] 1282	[10909] 2438	[10910] 1246	[10911] 1500	
[10912] 3582	[10913] 1444	[10914] 1220	[10915] 3836	[10916] 1242	[10917] 1440	[10918] 3600	[10919] 1382	[10920] 1288	[10921] 2684	[10922] 1166	[10923] 1492	[10924] 1244	[10925] 3840	[10926] 1248	[10927] 1440	
[10928] 3638	[10929] 1368	[10930] 1286	[10931] 3778	[10932] 1244	[10933] 1502	[10934] 3574	[10935] 1448	[10936] 1208	[10937] 3776	[10938] 1260	[10939] 1468	[10940] 1994	[10941] 1494	[10942] 1262	[10943] 3706	
[10944] 1280	[10945] 1492	[10946] 2048	[10947] 1376	[10948] 1288	[10949] 1500	[10950] 3686	[10951] 1510	[10952] 1318	[10953] 3774	[10954] 1270	[10955] 1510	[10956] 2030	[10957] 1416	[10958] 1306	[10959] 3820	
[10960] 1280	[10961] 1500	[10962] 3664	[10963] 1492	[10964] 1282	[10965] 2338	[10966] 1202	[10967] 1486	[10968] 3620	[10969] 1472	[10970] 1312	[10971] 2734	[10972] 1224	[10973] 1394	[10974] 1288	[10975] 3796	
[10976] 1234	[10977] 1472	[10978] 3720	[10979] 1462	[10980] 1280	[10981] 2672	[10982] 1246	[10983] 1502	[10984] 2028	[10985] 1452	[10986] 1220	[10987] 3838	[10988] 1242	[10989] 1474	[10990] 3600	[10991] 1438	
[10992] 1260	[10993] 2348	[10994] 1240	[10995] 1432	[10996] 2176	[10997] 1406	[10998] 1226	[10999] 1482	[11000] 2060	[11001] 1500	[11002] 1308	[11003] 3928	[11004] 1228	[11005] 1464	[11006] 3468	[11007] 1384	
[11008] 1220	[11009] 2474	[11010] 1288	[11011] 1464	[11012] 3564	[11013] 1516	[11014] 1218	[11015] 3788	[11016] 1288	[11017] 1480	[11018] 3574	[11019] 1430	[11020] 1266	[11021] 2444	[11022] 1218	[11023] 1440	
[11024] 1298	[11025] 3750	[11026] 1256	[11027] 1484	[11028] 3602	[11029] 1414	[11030] 1294	[11031] 3714	[11032] 1204	[11033] 1474	[11034] 3668	[11035] 1718	[11036] 1236	[11037] 3788	[11038] 1200	[11039] 1456	
[11040] 3762	[11041] 1688	[11042] 1298	[11043] 4010	[11044] 1260	[11045] 1454	[11046] 2280	[11047] 1606	[11048] 1244	[11049] 1430	[11050] 3750	[11051] 1438	[11052] 1244	[11053] 2178	[11054] 1234	[11055] 1416	
[11056] 3608	[11057] 1446	[11058] 1186	[11059] 3820	[11060] 1260	[11061] 1456	[11062] 3680	[11063] 1422	[11064] 1166	[11065] 2534	[11066] 1288	[11067] 1476	[11068] 1926	[11069] 1476	[11070] 1218	[11071] 2826	
[11072] 1174	[11073] 1410	[11074] 1244	[11075] 2620	[11076] 1214	[11077] 1504	[11078] 3620	[11079] 1418	[11080] 1288	[11081] 3714	[11082] 1288	[11083] 1380	[11084] 2020	[11085] 1350	[11086] 1166	[11087] 3752	
[11088] 1164	[11089] 1356	[11090] 3584	[11091] 1378	[11092] 1186	[11093] 3812	[11094] 1306	[11095] 1396	[11096] 2176	[11097] 1472	[11098] 1244	[11099] 1360	[11100] 3638	[11101] 1386	[11102] 1172	[11103] 3952	
[11104] 1166	[11105] 1354	[11106] 3680	[11107] 1386	[11108] 1176	[11109] 3812	[11110] 1174	[11111] 1368	[11112] 3688	[11113] 1382	[11114] 1174	[11115] 3732	[11116] 1224	[11117] 1356	[11118] 3580	[11119] 1370	
[11120] 1180	[11121] 2640	[11122] 1220	[11123] 1370	[11124] 1172	[11125] 2220	[11126] 1168	[11127] 1386	[11128] 3662	[11129] 1390	[11130] 1158	[11131] 3750	[11132] 1164	[11133] 1338	[11134] 3646	[11135] 1348	
[11136] 1160	[11137] 3762	[11138] 1182	[11139] 1360	[11140] 2032	[11141] 1368	[11142] 1178	[11143] 3814	[11144] 1270	[11145] 1410	[11146] 2090	[11147] 1396	[11148] 1236	[11149] 1378	[11150] 3706	[11151] 1358	
[11152] 1252	[11153] 2416	[11154] 1230	[11155] 1422	[11156] 2020	[11157] 1402	[11158] 1272	[11159] 3766	[11160] 1224	[11161] 1414	[11162] 3564	[11163] 1476	[11164] 1280	[11165] 2286	[11166] 1288	[11167] 1420	
[11168] 3568	[11169] 1454	[11170] 1244	[11171] 2662	[11172] 1270	[11173] 1380	[11174] 1248	[11175] 3872	[11176] 1242	[11177] 1448	[11178] 3660	[11179] 1480	[11180] 1288	[11181] 2670	[11182] 1298	[11183] 1498	
[11184] 3624	[11185] 1522	[11186] 1304	[11187] 3726	[11188] 1264	[11189] 1482	[11190] 3588	[11191] 1480	[11192] 1208	[11193] 3776	[11194] 1270	[11195] 1492	[11196] 2164	[11197] 1412	[11198] 1252	[11199] 1416	
[11200] 3626	[11201] 1396	[11202] 1168	[11203] 3746	[11204] 1164	[11205] 1454	[11206] 3618	[11207] 1366	[11208] 1172	[11209] 3954	[11210] 1174	[11211] 1378	[11212] 2022	[11213] 1472	[11214] 1174	[11215] 3798	
[11216] 1176	[11217] 1366	[11218] 3550	[11219] 1438	[11220] 1248	[11221] 2690	[11222] 1288	[11223] 1410	[11224] 1300	[11225] 3898	[11226] 1216	[11227] 1484	[11228] 2184	[11229] 1474	[11230] 1218	[11231] 3788	
[11232] 1298	[11233] 1482	[11234] 3656	[11235] 1482	[11236] 1284	[11237] 2594	[11238] 1286	[11239] 1474	[11240] 2048	[11241] 1458	[11242] 1298	[11243] 3814	[11244] 1304	[11245] 1484	[11246] 2128	[11247] 1402	
[11248] 1208	[11249] 1348	[11250] 3612	[11251] 1402	[11252] 1244	[11253] 2610	[11254] 1242	[11255] 1456	[11256] 3576	[11257] 1436	[11258] 1246	[11259] 3828	[11260] 1500	[11261] 1476	[11262] 3628	[11263] 1430	
QP qtt = 2

[0] 8272	[1] 930	[2] 394	[3] 290	[4] 294	[5] 1272	[6] 322	[7] 288	[8] 306	[9] 310	[10] 736	[11] 290	[12] 306	[13] 604	[14] 368	[15] 828	
[16] 312	[17] 308	[18] 880	[19] 346	[20] 308	[21] 608	[22] 380	[23] 488	[24] 306	[25] 964	[26] 352	[27] 862	[28] 312	[29] 262	[30] 940	[31] 284	
[32] 316	[33] 878	[34] 362	[35] 290	[36] 872	[37] 342	[38] 864	[39] 314	[40] 310	[41] 868	[42] 348	[43] 278	[44] 892	[45] 300	[46] 324	[47] 564	
[48] 276	[49] 376	[50] 1044	[51] 336	[52] 308	[53] 848	[54] 352	[55] 320	[56] 544	[57] 340	[58] 320	[59] 870	[60] 324	[61] 822	[62] 332	[63] 324	
[64] 588	[65] 308	[66] 316	[67] 878	[68] 334	[69] 278	[70] 926	[71] 342	[72] 872	[73] 304	[74] 330	[75] 378	[76] 682	[77] 292	[78] 340	[79] 600	
[80] 274	[81] 278	[82] 900	[83] 358	[84] 804	[85] 322	[86] 328	[87] 578	[88] 276	[89] 272	[90] 946	[91] 350	[92] 260	[93] 836	[94] 352	[95] 868	
[96] 276	[97] 286	[98] 880	[99] 348	[100] 262	[101] 638	[102] 1074	[103] 356	[104] 810	[105] 288	[106] 332	[107] 872	[108] 280	[109] 292	[110] 902	[111] 358	
[112] 806	[113] 302	[114] 324	[115] 892	[116] 332	[117] 294	[118] 610	[119] 368	[120] 304	[121] 830	[122] 356	[123] 856	[124] 322	[125] 284	[126] 890	[127] 384	
[128] 650	[129] 292	[130] 1084	[131] 370	[132] 846	[133] 322	[134] 862	[135] 520	[136] 330	[137] 794	[138] 360	[139] 318	[140] 306	[141] 280	[142] 330	[143] 326	
[144] 866	[145] 310	[146] 838	[147] 840	[148] 858	[149] 794	[150] 878	[151] 344	[152] 322	[153] 820	[154] 398	[155] 974	[156] 308	[157] 280	[158] 588	[159] 338	
[160] 308	[161] 864	[162] 358	[163] 320	[164] 982	[165] 306	[166] 1002	[167] 392	[168] 336	[169] 944	[170] 398	[171] 348	[172] 1004	[173] 344	[174] 350	[175] 976	
[176] 372	[177] 962	[178] 1042	[179] 346	[180] 452	[181] 292	[182] 2140	[183] 412	[184] 316	[185] 608	[186] 408	[187] 350	[188] 1010	[189] 326	[190] 360	[191] 942	
[192] 348	[193] 974	[194] 394	[195] 374	[196] 960	[197] 330	[198] 382	[199] 1050	[200] 382	[201] 338	[202] 756	[203] 468	[204] 380	[205] 998	[206] 494	[207] 368	
[208] 374	[209] 1130	[210] 414	[211] 388	[212] 1154	[213] 388	[214] 376	[215] 1032	[216] 396	[217] 338	[218] 1154	[219] 424	[220] 368	[221] 654	[222] 450	[223] 390	
[224] 1110	[225] 386	[226] 1042	[227] 446	[228] 366	[229] 648	[230] 450	[231] 442	[232] 466	[233] 1198	[234] 492	[235] 430	[236] 1238	[237] 404	[238] 432	[239] 1178	
[240] 422	[241] 376	[242] 1230	[243] 492	[244] 424	[245] 762	[246] 482	[247] 440	[248] 1230	[249] 406	[250] 440	[251] 1166	[252] 422	[253] 382	[254] 1244	[255] 480	
[256] 390	[257] 728	[258] 490	[259] 434	[260] 426	[261] 1098	[262] 486	[263] 404	[264] 1410	[265] 464	[266] 492	[267] 1314	[268] 486	[269] 398	[270] 1512	[271] 546	
[272] 462	[273] 1256	[274] 536	[275] 474	[276] 914	[277] 492	[278] 492	[279] 1330	[280] 502	[281] 398	[282] 1320	[283] 536	[284] 540	[285] 422	[286] 1464	[287] 540	
[288] 462	[289] 1276	[290] 628	[291] 500	[292] 1476	[293] 470	[294] 490	[295] 942	[296] 584	[297] 454	[298] 1500	[299] 602	[300] 536	[301] 1414	[302] 650	[303] 548	
[304] 984	[305] 532	[306] 568	[307] 1542	[308] 550	[309] 488	[310] 612	[311] 1518	[312] 544	[313] 484	[314] 1610	[315] 610	[316] 586	[317] 1436	[318] 604	[319] 556	
[320] 1552	[321] 538	[322] 522	[323] 1482	[324] 566	[325] 502	[326] 992	[327] 724	[328] 522	[329] 1822	[330] 734	[331] 642	[332] 1772	[333] 608	[334] 652	[335] 1158	
[336] 730	[337] 536	[338] 620	[339] 1808	[340] 646	[341] 558	[342] 1122	[343] 774	[344] 624	[345] 1726	[346] 730	[347] 646	[348] 1950	[349] 612	[350] 662	[351] 1184	
[352] 660	[353] 562	[354] 1848	[355] 722	[356] 622	[357] 1694	[358] 744	[359] 666	[360] 1868	[361] 766	[362] 856	[363] 724	[364] 764	[365] 2072	[366] 874	[367] 2086	
[368] 774	[369] 682	[370] 2138	[371] 846	[372] 700	[373] 2112	[374] 898	[375] 784	[376] 2246	[377] 728	[378] 800	[379] 2200	[380] 790	[381] 704	[382] 1510	[383] 844	
[384] 744	[385] 2120	[386] 884	[387] 748	[388] 2342	[389] 736	[390] 726	[391] 2100	[392] 788	[393] 882	[394] 1820	[395] 1152	[396] 876	[397] 2540	[398] 1070	[399] 1042	
[400] 2526	[401] 892	[402] 1008	[403] 2640	[404] 852	[405] 844	[406] 1658	[407] 1002	[408] 844	[409] 2514	[410] 1120	[411] 912	[412] 2456	[413] 984	[414] 1002	[415] 960	
[416] 940	[417] 2586	[418] 1082	[419] 968	[420] 2688	[421] 940	[422] 902	[423] 2644	[424] 920	[425] 1130	[426] 2362	[427] 1428	[428] 1206	[429] 2186	[430] 1396	[431] 1236	
[432] 3624	[433] 1168	[434] 1254	[435] 3664	[436] 1230	[437] 1074	[438] 1620	[439] 1232	[440] 4696	[441] 1216	[442] 1350	[443] 3592	[444] 1278	[445] 1178	[446] 3592	[447] 1444	
[448] 1160	[449] 3364	[450] 1390	[451] 1278	[452] 2590	[453] 1270	[454] 1334	[455] 3482	[456] 1396	[457] 1188	[458] 4024	[459] 1504	[460] 1376	[461] 2382	[462] 1634	[463] 1608	
[464] 1414	[465] 1250	[466] 4286	[467] 1652	[468] 1392	[469] 3734	[470] 1650	[471] 1498	[472] 4402	[473] 1352	[474] 1500	[475] 3826	[476] 1462	[477] 1298	[478] 4110	[479] 1626	
[480] 1368	[481] 2474	[482] 1642	[483] 1456	[484] 4120	[485] 1298	[486] 1456	[487] 3846	[488] 1586	[489] 1242	[490] 1434	[491] 1322	[492] 4564	[493] 1314	[494] 1386	[495] 3768	
[496] 1422	[497] 1378	[498] 4032	[499] 1376	[500] 1418	[501] 3996	[502] 1676	[503] 1262	[504] 4094	[505] 1556	[506] 1464	[507] 2440	[508] 1438	[509] 1364	[510] 4156	[511] 1376	
[512] 1378	[513] 1592	[514] 1520	[515] 1324	[516] 2940	[517] 1622	[518] 1502	[519] 3680	[520] 1482	[521] 1438	[522] 4094	[523] 1416	[524] 1430	[525] 4016	[526] 1668	[527] 1302	
[528] 4092	[529] 1500	[530] 1500	[531] 3716	[532] 1360	[533] 1304	[534] 3990	[535] 1418	[536] 1358	[537] 3974	[538] 1670	[539] 1322	[540] 1396	[541] 1412	[542] 4138	[543] 1368	
[544] 1350	[545] 4092	[546] 1650	[547] 1322	[548] 4074	[549] 1386	[550] 1458	[551] 3936	[552] 1412	[553] 1400	[554] 4104	[555] 1584	[556] 1320	[557] 3764	[558] 1542	[559] 1474	
[560] 4024	[561] 1298	[562] 1470	[563] 1574	[564] 1402	[565] 3792	[566] 1622	[567] 1366	[568] 3950	[569] 1392	[570] 1516	[571] 2664	[572] 1484	[573] 1222	[574] 2832	[575] 1596	
[576] 1388	[577] 3784	[578] 1674	[579] 1398	[580] 4142	[581] 1348	[582] 1374	[583] 2606	[584] 1520	[585] 1294	[586] 4068	[587] 1548	[588] 1278	[589] 3956	[590] 1606	[591] 1472	
[592] 3688	[593] 1406	[594] 1476	[595] 3944	[596] 1286	[597] 1182	[598] 4078	[599] 1846	[600] 1272	[601] 3928	[602] 1680	[603] 1464	[604] 3778	[605] 1434	[606] 1478	[607] 3954	
[608] 1184	[609] 1190	[610] 4126	[611] 1646	[612] 1302	[613] 1208	[614] 4134	[615] 1544	[616] 1272	[617] 3798	[618] 1648	[619] 1456	[620] 3804	[621] 1410	[622] 1500	[623] 4068	
[624] 1322	[625] 1226	[626] 4068	[627] 1598	[628] 1280	[629] 3846	[630] 1634	[631] 1438	[632] 3784	[633] 1386	[634] 1578	[635] 4006	[636] 1312	[637] 1274	[638] 1472	[639] 4122	
[640] 1200	[641] 1180	[642] 4114	[643] 1578	[644] 1264	[645] 3768	[646] 1650	[647] 1336	[648] 3784	[649] 1386	[650] 1504	[651] 3972	[652] 1174	[653] 1262	[654] 4008	[655] 1516	
[656] 1246	[657] 2410	[658] 1646	[659] 1344	[660] 3704	[661] 1352	[662] 1528	[663] 1552	[664] 3852	[665] 1428	[666] 1498	[667] 4024	[668] 1280	[669] 1246	[670] 4016	[671] 1526	
[672] 1270	[673] 3706	[674] 1650	[675] 1446	[676] 3814	[677] 1412	[678] 1412	[679] 3928	[680] 1304	[681] 1302	[682] 4034	[683] 1632	[684] 1322	[685] 3766	[686] 1560	[687] 1580	
[688] 1300	[689] 3886	[690] 1686	[691] 1406	[692] 3768	[693] 1406	[694] 1514	[695] 3944	[696] 1416	[697] 1298	[698] 4420	[699] 1498	[700] 1302	[701] 3716	[702] 1820	[703] 1500	
[704] 3708	[705] 1380	[706] 1502	[707] 2402	[708] 1264	[709] 1252	[710] 4318	[711] 1528	[712] 1456	[713] 1344	[714] 4200	[715] 1544	[716] 1304	[717] 3838	[718] 1634	[719] 1398	
[720] 3700	[721] 1272	[722] 1450	[723] 2602	[724] 1288	[725] 1298	[726] 3990	[727] 1640	[728] 1322	[729] 2530	[730] 1648	[731] 1426	[732] 3892	[733] 1360	[734] 1564	[735] 3900	
[736] 1312	[737] 1436	[738] 1668	[739] 2614	[740] 1256	[741] 1262	[742] 4084	[743] 1520	[744] 1244	[745] 3814	[746] 1630	[747] 1402	[748] 3630	[749] 1366	[750] 1454	[751] 6784	
[752] 1432	[753] 1280	[754] 4060	[755] 1616	[756] 1280	[757] 3726	[758] 1650	[759] 1362	[760] 3688	[761] 1304	[762] 4588	[763] 1706	[764] 5144	[765] 1438	[766] 1438	[767] 3824	
[768] 1288	[769] 1220	[770] 3964	[771] 1564	[772] 1268	[773] 3658	[774] 3624	[775] 2414	[776] 4690	[777] 1476	[778] 1458	[779] 3730	[780] 1264	[781] 1270	[782] 4086	[783] 1552	
[784] 1296	[785] 3680	[786] 1566	[787] 2116	[788] 1568	[789] 1274	[790] 4784	[791] 1572	[792] 1262	[793] 3886	[794] 1658	[795] 3194	[796] 5118	[797] 3976	[798] 2048	[799] 5462	
[800] 1304	[801] 1278	[802] 3970	[803] 1634	[804] 1288	[805] 2338	[806] 4006	[807] 2270	[808] 4730	[809] 1394	[810] 1482	[811] 8054	[812] 2004	[813] 1208	[814] 1650	[815] 1438	
[816] 3982	[817] 1284	[818] 1412	[819] 3848	[820] 1288	[821] 1270	[822] 2844	[823] 1608	[824] 1324	[825] 3872	[826] 1704	[827] 1482	[828] 3610	[829] 1396	[830] 1510	[831] 3856	
[832] 1336	[833] 1304	[834] 4032	[835] 1628	[836] 1524	[837] 3480	[838] 2576	[839] 1482	[840] 4714	[841] 1492	[842] 1482	[843] 3954	[844] 1270	[845] 1322	[846] 4224	[847] 3364	
[848] 1648	[849] 4800	[850] 1920	[851] 1448	[852] 2348	[853] 1394	[854] 1518	[855] 3862	[856] 1332	[857] 1320	[858] 3968	[859] 1580	[860] 1306	[861] 3484	[862] 1994	[863] 1420	
[864] 3626	[865] 1350	[866] 1464	[867] 3776	[868] 1204	[869] 1280	[870] 3962	[871] 1470	[872] 1302	[873] 3818	[874] 1652	[875] 1430	[876] 2356	[877] 1368	[878] 1482	[879] 3916	
[880] 1374	[881] 1264	[882] 3988	[883] 1580	[884] 1276	[885] 3618	[886] 2652	[887] 1466	[888] 1350	[889] 4092	[890] 1588	[891] 1474	[892] 3564	[893] 1396	[894] 1472	[895] 4022	
[896] 1280	[897] 1248	[898] 3964	[899] 1606	[900] 1282	[901] 3722	[902] 1642	[903] 1442	[904] 3732	[905] 1350	[906] 1456	[907] 3780	[908] 1262	[909] 1330	[910] 4066	[911] 2314	
[912] 1636	[913] 1314	[914] 4782	[915] 1586	[916] 1200	[917] 2498	[918] 1634	[919] 1492	[920] 3592	[921] 1366	[922] 1524	[923] 3968	[924] 1280	[925] 1270	[926] 4032	[927] 1598	
[928] 1270	[929] 2512	[930] 1568	[931] 1482	[932] 2338	[933] 1334	[934] 1498	[935] 3944	[936] 1632	[937] 1280	[938] 4244	[939] 1610	[940] 1280	[941] 2400	[942] 1712	[943] 1386	
[944] 3586	[945] 1368	[946] 1374	[947] 3994	[948] 1306	[949] 1288	[950] 4200	[951] 1546	[952] 1286	[953] 3728	[954] 1608	[955] 1476	[956] 2268	[957] 1290	[958] 1444	[959] 3790	
[960] 1276	[961] 1904	[962] 1624	[963] 4322	[964] 1406	[965] 1324	[966] 3902	[967] 1600	[968] 1316	[969] 3538	[970] 1748	[971] 1484	[972] 2366	[973] 1374	[974] 1446	[975] 3814	
[976] 1280	[977] 1304	[978] 4068	[979] 1524	[980] 1282	[981] 3666	[982] 1678	[983] 1456	[984] 3668	[985] 1306	[986] 1876	[987] 1498	[988] 3956	[989] 1270	[990] 1544	[991] 3866	
[992] 1272	[993] 1200	[994] 3978	[995] 1562	[996] 1274	[997] 3662	[998] 1676	[999] 1380	[1000] 4008	[1001] 1368	[1002] 1504	[1003] 3830	[1004] 1224	[1005] 1266	[1006] 4124	[1007] 1496	
[1008] 1314	[1009] 3626	[1010] 1624	[1011] 2100	[1012] 1628	[1013] 4096	[1014] 1672	[1015] 1482	[1016] 3646	[1017] 1440	[1018] 1476	[1019] 3882	[1020] 1270	[1021] 1260	[1022] 3940	[1023] 1606	
[10240] 1394	[10241] 1286	[10242] 4056	[10243] 1648	[10244] 1444	[10245] 3794	[10246] 1596	[10247] 1410	[10248] 4242	[10249] 1422	[10250] 1442	[10251] 3962	[10252] 1330	[10253] 1348	[10254] 1476	[10255] 2274	
[10256] 1520	[10257] 1228	[10258] 3978	[10259] 1590	[10260] 1412	[10261] 3706	[10262] 1628	[10263] 1354	[10264] 3958	[10265] 1270	[10266] 1454	[10267] 2198	[10268] 1460	[10269] 1164	[10270] 3962	[10271] 1612	
[10272] 1394	[10273] 3662	[10274] 1528	[10275] 1480	[10276] 2744	[10277] 1424	[10278] 1544	[10279] 1428	[10280] 2674	[10281] 1424	[10282] 1500	[10283] 2152	[10284] 1428	[10285] 1164	[10286] 4136	[10287] 1666	
[10288] 1418	[10289] 3618	[10290] 1652	[10291] 1464	[10292] 3926	[10293] 1290	[10294] 1500	[10295] 2234	[10296] 1420	[10297] 1288	[10298] 4008	[10299] 1654	[10300] 1292	[10301] 3696	[10302] 1630	[10303] 1352	
[10304] 1350	[10305] 3882	[10306] 1544	[10307] 1368	[10308] 4150	[10309] 1270	[10310] 1418	[10311] 4026	[10312] 1450	[10313] 1180	[10314] 4066	[10315] 1504	[10316] 1314	[10317] 3900	[10318] 1562	[10319] 1346	
[10320] 4128	[10321] 1350	[10322] 1478	[10323] 3976	[10324] 1332	[10325] 1246	[10326] 3922	[10327] 1646	[10328] 2154	[10329] 4666	[10330] 1644	[10331] 1396	[10332] 4102	[10333] 1426	[10334] 1476	[10335] 4014	
[10336] 1498	[10337] 1158	[10338] 4112	[10339] 1546	[10340] 1306	[10341] 3698	[10342] 1534	[10343] 1462	[10344] 4124	[10345] 1280	[10346] 1438	[10347] 3918	[10348] 1414	[10349] 1280	[10350] 4052	[10351] 1598	
[10352] 1372	[10353] 2142	[10354] 1590	[10355] 1396	[10356] 1288	[10357] 3706	[10358] 1598	[10359] 1412	[10360] 3930	[10361] 1288	[10362] 1464	[10363] 3898	[10364] 1332	[10365] 1244	[10366] 4012	[10367] 1606	
[10368] 1388	[10369] 3682	[10370] 1648	[10371] 1436	[10372] 4004	[10373] 1374	[10374] 1432	[10375] 2296	[10376] 1412	[10377] 1276	[10378] 2840	[10379] 1544	[10380] 1404	[10381] 1280	[10382] 2524	[10383] 1596	
[10384] 1324	[10385] 3722	[10386] 1676	[10387] 1410	[10388] 3946	[10389] 1430	[10390] 1484	[10391] 2268	[10392] 1464	[10393] 1248	[10394] 4076	[10395] 1568	[10396] 1370	[10397] 3678	[10398] 1582	[10399] 1406	
[10400] 4200	[10401] 1378	[10402] 1456	[10403] 2198	[10404] 1494	[10405] 1224	[10406] 4070	[10407] 1574	[10408] 1252	[10409] 3652	[10410] 1572	[10411] 1382	[10412] 3924	[10413] 1268	[10414] 1458	[10415] 2090	
[10416] 1484	[10417] 1288	[10418] 4014	[10419] 1592	[10420] 1406	[10421] 3656	[10422] 1666	[10423] 1342	[10424] 4154	[10425] 1418	[10426] 1454	[10427] 2330	[10428] 1470	[10429] 1210	[10430] 1498	[10431] 4032	
[10432] 1448	[10433] 1228	[10434] 2760	[10435] 1648	[10436] 1344	[10437] 3732	[10438] 1564	[10439] 1386	[10440] 2432	[10441] 1368	[10442] 1424	[10443] 2544	[10444] 1500	[10445] 1174	[10446] 4110	[10447] 1658	
[10448] 1330	[10449] 3834	[10450] 1658	[10451] 1414	[10452] 4004	[10453] 1314	[10454] 1472	[10455] 1438	[10456] 2912	[10457] 1456	[10458] 1490	[10459] 2172	[10460] 1420	[10461] 1252	[10462] 4018	[10463] 1526	
[10464] 1316	[10465] 3724	[10466] 1632	[10467] 1436	[10468] 4028	[10469] 1338	[10470] 1420	[10471] 3920	[10472] 1456	[10473] 1304	[10474] 4076	[10475] 1606	[10476] 1500	[10477] 3706	[10478] 1550	[10479] 1414	
[10480] 1252	[10481] 3854	[10482] 1626	[10483] 1428	[10484] 4226	[10485] 1348	[10486] 1352	[10487] 3866	[10488] 1430	[10489] 1260	[10490] 2680	[10491] 1590	[10492] 1248	[10493] 3732	[10494] 1622	[10495] 1468	
[10496] 4126	[10497] 1410	[10498] 1524	[10499] 2442	[10500] 1454	[10501] 1284	[10502] 3948	[10503] 1580	[10504] 1510	[10505] 1174	[10506] 4118	[10507] 1640	[10508] 1306	[10509] 3698	[10510] 1630	[10511] 1466	
[10512] 4026	[10513] 1310	[10514] 1350	[10515] 2268	[10516] 1334	[10517] 1188	[10518] 4050	[10519] 1588	[10520] 1378	[10521] 3688	[10522] 1510	[10523] 1372	[10524] 2760	[10525] 1422	[10526] 1394	[10527] 4030	
[10528] 1540	[10529] 1286	[10530] 1488	[10531] 2162	[10532] 1544	[10533] 1244	[10534] 4198	[10535] 1606	[10536] 1502	[10537] 3748	[10538] 1610	[10539] 1350	[10540] 4334	[10541] 1412	[10542] 1552	[10543] 3838	
[10544] 1456	[10545] 1270	[10546] 2566	[10547] 1606	[10548] 1376	[10549] 3716	[10550] 1690	[10551] 1482	[10552] 4050	[10553] 1454	[10554] 1482	[10555] 1434	[10556] 4048	[10557] 1378	[10558] 1474	[10559] 3924	
[10560] 1440	[10561] 1172	[10562] 2852	[10563] 1570	[10564] 1376	[10565] 3706	[10566] 1544	[10567] 1416	[10568] 3998	[10569] 1362	[10570] 1472	[10571] 3900	[10572] 1472	[10573] 1296	[10574] 4096	[10575] 1628	
[10576] 1412	[10577] 3750	[10578] 1826	[10579] 1358	[10580] 1378	[10581] 3862	[10582] 1624	[10583] 1480	[10584] 3930	[10585] 1412	[10586] 1444	[10587] 2260	[10588] 1422	[10589] 1248	[10590] 4226	[10591] 1626	
[10592] 1440	[10593] 3602	[10594] 1656	[10595] 1456	[10596] 3926	[10597] 1394	[10598] 1502	[10599] 3808	[10600] 1480	[10601] 1298	[10602] 3940	[10603] 1528	[10604] 1426	[10605] 1156	[10606] 4078	[10607] 1666	
[10608] 1370	[10609] 3646	[10610] 1594	[10611] 1374	[10612] 4014	[10613] 1306	[10614] 1458	[10615] 3872	[10616] 1472	[10617] 1222	[10618] 2726	[10619] 1798	[10620] 1442	[10621] 3706	[10622] 1650	[10623] 1402	
[10624] 4038	[10625] 1382	[10626] 1486	[10627] 2296	[10628] 1402	[10629] 1250	[10630] 1498	[10631] 4176	[10632] 1482	[10633] 1176	[10634] 4102	[10635] 1632	[10636] 1544	[10637] 3660	[10638] 1606	[10639] 1516	
[10640] 4148	[10641] 1372	[10642] 1426	[10643] 3874	[10644] 1412	[10645] 1172	[10646] 4058	[10647] 1674	[10648] 1430	[10649] 3694	[10650] 1836	[10651] 1466	[10652] 4068	[10653] 1340	[10654] 1544	[10655] 1428	
[10656] 2822	[10657] 1438	[10658] 1464	[10659] 4138	[10660] 1424	[10661] 1286	[10662] 2664	[10663] 1696	[10664] 1412	[10665] 3696	[10666] 1698	[10667] 1494	[10668] 4184	[10669] 1412	[10670] 1522	[10671] 3828	
[10672] 1454	[10673] 1280	[10674] 3974	[10675] 1648	[10676] 1246	[10677] 3628	[10678] 1626	[10679] 1392	[10680] 1286	[10681] 3720	[10682] 1610	[10683] 1516	[10684] 4148	[10685] 1368	[10686] 1456	[10687] 2214	
[10688] 1412	[10689] 1252	[10690] 4226	[10691] 1608	[10692] 1288	[10693] 3616	[10694] 1702	[10695] 1480	[10696] 4010	[10697] 1332	[10698] 1472	[10699] 2260	[10700] 1492	[10701] 1262	[10702] 3954	[10703] 1546	
[10704] 1498	[10705] 1228	[10706] 4236	[10707] 1562	[10708] 1438	[10709] 3776	[10710] 1674	[10711] 1466	[10712] 4012	[10713] 1428	[10714] 1490	[10715] 2260	[10716] 1446	[10717] 1314	[10718] 4006	[10719] 1588	
[10720] 1384	[10721] 3666	[10722] 1510	[10723] 1464	[10724] 4218	[10725] 1348	[10726] 1370	[10727] 3896	[10728] 1200	[10729] 1166	[10730] 1430	[10731] 2252	[10732] 1500	[10733] 1252	[10734] 3966	[10735] 1606	
[10736] 1240	[10737] 3604	[10738] 1696	[10739] 1414	[10740] 4032	[10741] 1304	[10742] 1482	[10743] 3824	[10744] 1402	[10745] 1168	[10746] 4034	[10747] 1572	[10748] 1426	[10749] 3768	[10750] 1550	[10751] 1414	
[10752] 4126	[10753] 1480	[10754] 1730	[10755] 1436	[10756] 2714	[10757] 1368	[10758] 1412	[10759] 3848	[10760] 1486	[10761] 1280	[10762] 3926	[10763] 1630	[10764] 1288	[10765] 3656	[10766] 1662	[10767] 1416	
[10768] 3806	[10769] 1360	[10770] 1452	[10771] 4014	[10772] 1252	[10773] 1248	[10774] 3778	[10775] 1636	[10776] 1240	[10777] 3610	[10778] 1630	[10779] 1386	[10780] 1174	[10781] 3880	[10782] 1578	[10783] 1386	
[10784] 3678	[10785] 1370	[10786] 1460	[10787] 2056	[10788] 1262	[10789] 1262	[10790] 3960	[10791] 1528	[10792] 1260	[10793] 3708	[10794] 1652	[10795] 1396	[10796] 3636	[10797] 1380	[10798] 2956	[10799] 3218	
[10800] 8250	[10801] 4430	[10802] 8592	[10803] 5344	[10804] 4038	[10805] 3548	[10806] 7454	[10807] 3880	[10808] 9276	[10809] 3320	[10810] 8250	[10811] 1560	[10812] 1412	[10813] 4066	[10814] 1648	[10815] 1218	
[10816] 3872	[10817] 1536	[10818] 1390	[10819] 3750	[10820] 1454	[10821] 1422	[10822] 3944	[10823] 1438	[10824] 1410	[10825] 3750	[10826] 1606	[10827] 2128	[10828] 1334	[10829] 4392	[10830] 1500	[10831] 1242	
[10832] 3924	[10833] 1552	[10834] 1458	[10835] 2446	[10836] 1458	[10837] 1434	[10838] 2568	[10839] 1528	[10840] 1392	[10841] 3924	[10842] 1560	[10843] 1282	[10844] 4016	[10845] 1542	[10846] 3002	[10847] 7800	
[10848] 4670	[10849] 9258	[10850] 3820	[10851] 9376	[10852] 3624	[10853] 3522	[10854] 3354	[10855] 9620	[10856] 3138	[10857] 7646	[10858] 2064	[10859] 1358	[10860] 1308	[10861] 3688	[10862] 1422	[10863] 1396	
[10864] 4266	[10865] 1292	[10866] 1374	[10867] 3874	[10868] 1346	[10869] 1218	[10870] 4244	[10871] 1540	[10872] 1332	[10873] 3646	[10874] 1544	[10875] 1336	[10876] 3754	[10877] 1330	[10878] 1544	[10879] 1462	
[10880] 3876	[10881] 1322	[10882] 1474	[10883] 3962	[10884] 1378	[10885] 1220	[10886] 3892	[10887] 1614	[10888] 1548	[10889] 3564	[10890] 1552	[10891] 1414	[10892] 3876	[10893] 1372	[10894] 1438	[10895] 3776	
[10896] 1548	[10897] 1244	[10898] 3964	[10899] 1648	[10900] 1438	[10901] 2850	[10902] 1886	[10903] 1264	[10904] 1456	[10905] 3864	[10906] 1516	[10907] 1262	[10908] 4114	[10909] 1504	[10910] 1414	[10911] 3668	
[10912] 1454	[10913] 1366	[10914] 3900	[10915] 1568	[10916] 1436	[10917] 3730	[10918] 1670	[10919] 1494	[10920] 3872	[10921] 1520	[10922] 1492	[10923] 3556	[10924] 1370	[10925] 1306	[10926] 3914	[10927] 1792	
[10928] 1342	[10929] 1242	[10930] 3934	[10931] 1606	[10932] 1368	[10933] 3600	[10934] 1648	[10935] 1398	[10936] 4180	[10937] 1314	[10938] 1408	[10939] 3918	[10940] 1396	[10941] 1218	[10942] 4198	[10943] 1566	
[10944] 1438	[10945] 3670	[10946] 1560	[10947] 1454	[10948] 3892	[10949] 1312	[10950] 1458	[10951] 4116	[10952] 1474	[10953] 1236	[10954] 1480	[10955] 3778	[10956] 1330	[10957] 1176	[10958] 3916	[10959] 1558	
[10960] 1416	[10961] 3718	[10962] 1658	[10963] 1496	[10964] 4098	[10965] 1408	[10966] 1420	[10967] 3810	[10968] 1226	[10969] 1218	[10970] 3908	[10971] 1518	[10972] 1172	[10973] 2578	[10974] 1544	[10975] 1370	
[10976] 3336	[10977] 1318	[10978] 1698	[10979] 1500	[10980] 4032	[10981] 1286	[10982] 1476	[10983] 3770	[10984] 1332	[10985] 1192	[10986] 2866	[10987] 1710	[10988] 1376	[10989] 3662	[10990] 1528	[10991] 1466	
[10992] 3946	[10993] 1386	[10994] 1500	[10995] 3760	[10996] 1480	[10997] 1218	[10998] 3918	[10999] 1586	[11000] 1376	[11001] 2736	[11002] 1510	[11003] 1164	[11004] 1398	[11005] 3598	[11006] 1650	[11007] 1366	
[11008] 3906	[11009] 1314	[11010] 1394	[11011] 3858	[11012] 1402	[11013] 1224	[11014] 4112	[11015] 1276	[11016] 1368	[11017] 2504	[11018] 1588	[11019] 1356	[11020] 4184	[11021] 1306	[11022] 1462	[11023] 3818	
[11024] 1492	[11025] 1352	[11026] 4402	[11027] 1510	[11028] 1426	[11029] 1288	[11030] 4094	[11031] 1350	[11032] 1396	[11033] 4114	[11034] 1556	[11035] 1216	[11036] 4142	[11037] 1516	[11038] 1470	[11039] 3688	
[11040] 1552	[11041] 1386	[11042] 2788	[11043] 1350	[11044] 1432	[11045] 3770	[11046] 1588	[11047] 1294	[11048] 3936	[11049] 1482	[11050] 1464	[11051] 3052	[11052] 1456	[11053] 1192	[11054] 1394	[11055] 3746	
[11056] 1358	[11057] 1176	[11058] 2506	[11059] 1630	[11060] 1394	[11061] 2224	[11062] 1564	[11063] 1438	[11064] 3758	[11065] 1350	[11066] 1500	[11067] 3926	[11068] 1322	[11069] 1288	[11070] 2874	[11071] 1642	
[11072] 1304	[11073] 3636	[11074] 1632	[11075] 1448	[11076] 3502	[11077] 1324	[11078] 1570	[11079] 1350	[11080] 4094	[11081] 1362	[11082] 1456	[11083] 3880	[11084] 1442	[11085] 1218	[11086] 3794	[11087] 1524	
[11088] 1454	[11089] 3670	[11090] 1650	[11091] 1472	[11092] 4140	[11093] 1354	[11094] 1394	[11095] 3936	[11096] 1504	[11097] 1154	[11098] 4218	[11099] 1538	[11100] 1376	[11101] 2894	[11102] 1556	[11103] 1176	
[11104] 1324	[11105] 3586	[11106] 1670	[11107] 1464	[11108] 4244	[11109] 1276	[11110] 1440	[11111] 4006	[11112] 1516	[11113] 1174	[11114] 4008	[11115] 1636	[11116] 1166	[11117] 3790	[11118] 1634	[11119] 1350	
[11120] 3600	[11121] 1306	[11122] 1374	[11123] 3866	[11124] 1288	[11125] 1174	[11126] 3590	[11127] 1642	[11128] 1262	[11129] 1262	[11130] 3942	[11131] 1650	[11132] 1428	[11133] 3602	[11134] 1632	[11135] 1358	
[11136] 3918	[11137] 1348	[11138] 1430	[11139] 3812	[11140] 1362	[11141] 1228	[11142] 4050	[11143] 1666	[11144] 1372	[11145] 2322	[11146] 1614	[11147] 1430	[11148] 3900	[11149] 1440	[11150] 1484	[11151] 3538	
[11152] 1280	[11153] 1230	[11154] 1438	[11155] 2448	[11156] 1246	[11157] 1290	[11158] 3944	[11159] 1524	[11160] 1304	[11161] 2498	[11162] 1666	[11163] 1480	[11164] 3584	[11165] 1370	[11166] 1502	[11167] 3806	
[11168] 1284	[11169] 1212	[11170] 2596	[11171] 1526	[11172] 1288	[11173] 3750	[11174] 1470	[11175] 1398	[11176] 3352	[11177] 1332	[11178] 1404	[11179] 1356	[11180] 4180	[11181] 1350	[11182] 1432	[11183] 3920	
[11184] 1334	[11185] 1244	[11186] 4094	[11187] 1508	[11188] 1238	[11189] 3838	[11190] 1562	[11191] 1420	[11192] 3666	[11193] 1282	[11194] 1502	[11195] 3958	[11196] 1458	[11197] 1166	[11198] 3922	[11199] 1712	
[11200] 1412	[11201] 3086	[11202] 1860	[11203] 1434	[11204] 1386	[11205] 2806	[11206] 1624	[11207] 1276	[11208] 3856	[11209] 1470	[11210] 1396	[11211] 3820	[11212] 1334	[11213] 1270	[11214] 2634	[11215] 1632	
[11216] 1422	[11217] 3962	[11218] 1576	[11219] 1406	[11220] 3864	[11221] 1506	[11222] 1466	[11223] 3584	[11224] 1500	[11225] 1434	[11226] 4234	[11227] 1738	[11228] 1218	[11229] 1220	[11230] 2716	[11231] 1502	
[11232] 1208	[11233] 3838	[11234] 1564	[11235] 1378	[11236] 3502	[11237] 1370	[11238] 1456	[11239] 3934	[11240] 1252	[11241] 1282	[11242] 3918	[11243] 1524	[11244] 1388	[11245] 2534	[11246] 1566	[11247] 1420	
[11248] 4048	[11249] 1412	[11250] 1430	[11251] 3378	[11252] 1218	[11253] 1192	[11254] 1552	[11255] 3878	[11256] 1220	[11257] 1270	[11258] 4112	[11259] 1578	[11260] 1280	[11261] 3768	[11262] 1668	[11263] 1490	
QP qtt = 2

[0] 7626	[1] 868	[2] 430	[3] 336	[4] 322	[5] 308	[6] 368	[7] 326	[8] 306	[9] 574	[10] 384	[11] 422	[12] 278	[13] 952	[14] 318	[15] 292	
[16] 848	[17] 278	[18] 328	[19] 554	[20] 280	[21] 780	[22] 316	[23] 304	[24] 514	[25] 286	[26] 322	[27] 824	[28] 320	[29] 276	[30] 898	[31] 314	
[32] 562	[33] 286	[34] 330	[35] 832	[36] 318	[37] 434	[38] 332	[39] 1002	[40] 318	[41] 288	[42] 584	[43] 316	[44] 888	[45] 266	[46] 318	[47] 810	
[48] 314	[49] 278	[50] 854	[51] 314	[52] 278	[53] 762	[54] 314	[55] 814	[56] 268	[57] 276	[58] 870	[59] 316	[60] 288	[61] 754	[62] 318	[63] 838	
[64] 906	[65] 270	[66] 302	[67] 898	[68] 286	[69] 760	[70] 300	[71] 316	[72] 778	[73] 274	[74] 330	[75] 826	[76] 250	[77] 274	[78] 858	[79] 322	
[80] 772	[81] 266	[82] 318	[83] 818	[84] 266	[85] 286	[86] 872	[87] 324	[88] 286	[89] 480	[90] 410	[91] 328	[92] 900	[93] 268	[94] 868	[95] 308	
[96] 274	[97] 784	[98] 354	[99] 324	[100] 512	[101] 328	[102] 330	[103] 512	[104] 266	[105] 770	[106] 328	[107] 316	[108] 486	[109] 320	[110] 318	[111] 506	
[112] 296	[113] 276	[114] 860	[115] 324	[116] 374	[117] 936	[118] 360	[119] 524	[120] 314	[121] 262	[122] 858	[123] 296	[124] 274	[125] 464	[126] 358	[127] 318	
[128] 468	[129] 284	[130] 894	[131] 346	[132] 274	[133] 464	[134] 320	[135] 316	[136] 508	[137] 316	[138] 324	[139] 518	[140] 276	[141] 476	[142] 564	[143] 366	
[144] 262	[145] 940	[146] 332	[147] 302	[148] 786	[149] 316	[150] 330	[151] 822	[152] 298	[153] 764	[154] 318	[155] 328	[156] 778	[157] 292	[158] 332	[159] 808	
[160] 296	[161] 286	[162] 854	[163] 308	[164] 762	[165] 286	[166] 328	[167] 832	[168] 312	[169] 268	[170] 328	[171] 872	[172] 270	[173] 258	[174] 866	[175] 320	
[176] 790	[177] 284	[178] 302	[179] 822	[180] 288	[181] 274	[182] 586	[183] 308	[184] 1244	[185] 802	[186] 320	[187] 316	[188] 798	[189] 284	[190] 316	[191] 542	
[192] 282	[193] 784	[194] 370	[195] 326	[196] 288	[197] 828	[198] 328	[199] 314	[200] 794	[201] 276	[202] 862	[203] 320	[204] 274	[205] 770	[206] 306	[207] 326	
[208] 768	[209] 284	[210] 318	[211] 820	[212] 288	[213] 808	[214] 322	[215] 318	[216] 792	[217] 316	[218] 318	[219] 840	[220] 284	[221] 268	[222] 306	[223] 852	
[224] 286	[225] 288	[226] 848	[227] 318	[228] 274	[229] 492	[230] 322	[231] 316	[232] 880	[233] 302	[234] 928	[235] 358	[236] 302	[237] 872	[238] 350	[239] 344	
[240] 894	[241] 302	[242] 354	[243] 912	[244] 302	[245] 300	[246] 616	[247] 358	[248] 300	[249] 298	[250] 962	[251] 352	[252] 300	[253] 552	[254] 348	[255] 344	
[256] 942	[257] 302	[258] 942	[259] 346	[260] 300	[261] 922	[262] 354	[263] 344	[264] 896	[265] 332	[266] 438	[267] 1056	[268] 334	[269] 334	[270] 732	[271] 402	
[272] 332	[273] 344	[274] 386	[275] 1036	[276] 332	[277] 332	[278] 1016	[279] 396	[280] 326	[281] 940	[282] 398	[283] 388	[284] 608	[285] 340	[286] 1038	[287] 380	
[288] 326	[289] 974	[290] 382	[291] 380	[292] 644	[293] 336	[294] 384	[295] 1008	[296] 332	[297] 368	[298] 1118	[299] 424	[300] 370	[301] 368	[302] 1314	[303] 426	
[304] 368	[305] 1084	[306] 418	[307] 422	[308] 674	[309] 368	[310] 428	[311] 1126	[312] 346	[313] 370	[314] 1170	[315] 430	[316] 382	[317] 672	[318] 432	[319] 418	
[320] 1114	[321] 370	[322] 430	[323] 1154	[324] 380	[325] 384	[326] 428	[327] 1142	[328] 368	[329] 370	[330] 1284	[331] 474	[332] 414	[333] 1230	[334] 486	[335] 482	
[336] 1184	[337] 420	[338] 486	[339] 1264	[340] 416	[341] 416	[342] 1314	[343] 456	[344] 434	[345] 1176	[346] 486	[347] 480	[348] 762	[349] 430	[350] 476	[351] 484	
[352] 1262	[353] 416	[354] 460	[355] 1286	[356] 418	[357] 412	[358] 1324	[359] 480	[360] 418	[361] 1182	[362] 542	[363] 550	[364] 1372	[365] 478	[366] 568	[367] 1460	
[368] 480	[369] 476	[370] 1498	[371] 546	[372] 450	[373] 1360	[374] 544	[375] 544	[376] 880	[377] 488	[378] 532	[379] 548	[380] 1388	[381] 478	[382] 576	[383] 1422	
[384] 472	[385] 450	[386] 1526	[387] 522	[388] 446	[389] 1364	[390] 548	[391] 528	[392] 1418	[393] 480	[394] 566	[395] 1658	[396] 552	[397] 552	[398] 1714	[399] 636	
[400] 552	[401] 1578	[402] 646	[403] 642	[404] 514	[405] 566	[406] 1784	[407] 560	[408] 628	[409] 1570	[410] 650	[411] 630	[412] 1136	[413] 556	[414] 632	[415] 1034	
[416] 636	[417] 552	[418] 1744	[419] 656	[420] 612	[421] 1564	[422] 638	[423] 624	[424] 1768	[425] 524	[426] 644	[427] 1976	[428] 716	[429] 684	[430] 764	[431] 764	
[432] 2270	[433] 658	[434] 750	[435] 2008	[436] 718	[437] 662	[438] 2016	[439] 756	[440] 738	[441] 1954	[442] 748	[443] 778	[444] 2040	[445] 622	[446] 756	[447] 1950	
[448] 752	[449] 680	[450] 2060	[451] 722	[452] 762	[453] 1880	[454] 876	[455] 726	[456] 766	[457] 1934	[458] 774	[459] 940	[460] 2634	[461] 830	[462] 900	[463] 2442	
[464] 966	[465] 828	[466] 2626	[467] 954	[468] 780	[469] 1500	[470] 958	[471] 946	[472] 2400	[473] 828	[474] 964	[475] 2488	[476] 832	[477] 830	[478] 1668	[479] 972	
[480] 974	[481] 858	[482] 990	[483] 2526	[484] 908	[485] 814	[486] 1800	[487] 1038	[488] 880	[489] 2350	[490] 960	[491] 1264	[492] 3410	[493] 1042	[494] 1232	[495] 3370	
[496] 1290	[497] 1036	[498] 3434	[499] 1256	[500] 1288	[501] 3088	[502] 1286	[503] 1200	[504] 3490	[505] 1128	[506] 1302	[507] 1262	[508] 3584	[509] 1082	[510] 1286	[511] 3284	
[512] 1342	[513] 1138	[514] 2376	[515] 1310	[516] 1248	[517] 1840	[518] 1320	[519] 1304	[520] 3466	[521] 1080	[522] 1430	[523] 3608	[524] 1410	[525] 1244	[526] 3922	[527] 1454	
[528] 1378	[529] 3624	[530] 1546	[531] 1444	[532] 1430	[533] 3704	[534] 1440	[535] 1396	[536] 3878	[537] 1230	[538] 1476	[539] 3688	[540] 1412	[541] 1248	[542] 3878	[543] 1352	
[544] 1386	[545] 2090	[546] 1432	[547] 1426	[548] 3968	[549] 1254	[550] 1368	[551] 3658	[552] 1414	[553] 1242	[554] 2494	[555] 1432	[556] 1430	[557] 1268	[558] 1468	[559] 3770	
[560] 1438	[561] 1172	[562] 3870	[563] 1438	[564] 1368	[565] 3510	[566] 1438	[567] 1408	[568] 2548	[569] 1294	[570] 1368	[571] 3832	[572] 1418	[573] 1226	[574] 3902	[575] 1448	
[576] 1430	[577] 3416	[578] 1438	[579] 1420	[580] 1474	[581] 1262	[582] 1482	[583] 4006	[584] 1386	[585] 1202	[586] 3928	[587] 1334	[588] 1404	[589] 3584	[590] 1352	[591] 1464	
[592] 2670	[593] 1222	[594] 1468	[595] 3794	[596] 1412	[597] 1244	[598] 3984	[599] 1458	[600] 1402	[601] 3690	[602] 1456	[603] 1418	[604] 3918	[605] 1846	[606] 1394	[607] 1412	
[608] 1430	[609] 3722	[610] 1412	[611] 1416	[612] 3970	[613] 1202	[614] 1432	[615] 3562	[616] 1404	[617] 1298	[618] 3812	[619] 1430	[620] 1398	[621] 3470	[622] 1434	[623] 1474	
[624] 3902	[625] 1244	[626] 1386	[627] 3710	[628] 1440	[629] 1230	[630] 1904	[631] 1528	[632] 4370	[633] 1236	[634] 1422	[635] 2356	[636] 1436	[637] 1238	[638] 3828	[639] 1436	
[640] 1436	[641] 3478	[642] 1412	[643] 1476	[644] 3884	[645] 1160	[646] 1476	[647] 3750	[648] 1414	[649] 1298	[650] 3744	[651] 1436	[652] 1312	[653] 3468	[654] 1712	[655] 1376	
[656] 2592	[657] 1288	[658] 1414	[659] 3748	[660] 1272	[661] 1272	[662] 3900	[663] 1446	[664] 1166	[665] 3436	[666] 1460	[667] 1432	[668] 3620	[669] 1358	[670] 1456	[671] 3724	
[672] 1306	[673] 1176	[674] 3828	[675] 1372	[676] 1260	[677] 3530	[678] 1438	[679] 1918	[680] 1598	[681] 3856	[682] 1532	[683] 1422	[684] 3484	[685] 1428	[686] 1440	[687] 3804	
[688] 1272	[689] 1242	[690] 3966	[691] 1430	[692] 1226	[693] 3574	[694] 1448	[695] 1456	[696] 2380	[697] 1306	[698] 1476	[699] 3730	[700] 1288	[701] 1242	[702] 2736	[703] 1458	
[704] 2126	[705] 1426	[706] 4330	[707] 1510	[708] 1246	[709] 3598	[710] 1516	[711] 1428	[712] 3494	[713] 1270	[714] 1454	[715] 3650	[716] 1264	[717] 1244	[718] 3892	[719] 1450	
[720] 1244	[721] 3616	[722] 1488	[723] 1424	[724] 3420	[725] 1278	[726] 1448	[727] 3636	[728] 1288	[729] 2082	[730] 2014	[731] 2788	[732] 1288	[733] 1244	[734] 3812	[735] 1444	
[736] 1174	[737] 3544	[738] 1430	[739] 1456	[740] 3514	[741] 1178	[742] 1394	[743] 3662	[744] 1242	[745] 1246	[746] 3864	[747] 1444	[748] 1164	[749] 3604	[750] 1498	[751] 1422	
[752] 3408	[753] 1244	[754] 1454	[755] 1474	[756] 2348	[757] 1244	[758] 1376	[759] 2086	[760] 1306	[761] 1294	[762] 2482	[763] 1448	[764] 1172	[765] 3712	[766] 1440	[767] 1438	
[768] 3486	[769] 1246	[770] 1438	[771] 3752	[772] 1166	[773] 1238	[774] 3900	[775] 1466	[776] 1180	[777] 3466	[778] 1444	[779] 1438	[780] 1244	[781] 3768	[782] 1544	[783] 1430	
[784] 3652	[785] 1244	[786] 1454	[787] 3576	[788] 1242	[789] 1262	[790] 3856	[791] 1508	[792] 1242	[793] 3582	[794] 1452	[795] 1436	[796] 3486	[797] 1166	[798] 1444	[799] 2144	
[800] 1260	[801] 1244	[802] 2560	[803] 1512	[804] 1288	[805] 1282	[806] 4134	[807] 1444	[808] 1244	[809] 3582	[810] 1394	[811] 1430	[812] 3478	[813] 1244	[814] 1430	[815] 3670	
[816] 1244	[817] 1236	[818] 3832	[819] 1414	[820] 1246	[821] 3532	[822] 1440	[823] 1414	[824] 2042	[825] 1342	[826] 1478	[827] 3706	[828] 1278	[829] 1266	[830] 1454	[831] 2268	
[832] 1358	[833] 1220	[834] 4024	[835] 1432	[836] 1242	[837] 3544	[838] 1438	[839] 1350	[840] 3588	[841] 1288	[842] 1476	[843] 3716	[844] 1252	[845] 1156	[846] 3864	[847] 1432	
[848] 1224	[849] 3512	[850] 1456	[851] 1408	[852] 3494	[853] 1252	[854] 1472	[855] 1482	[856] 3850	[857] 1242	[858] 1436	[859] 3794	[860] 1228	[861] 1244	[862] 3908	[863] 1414	
[864] 1288	[865] 3660	[866] 1456	[867] 1430	[868] 3538	[869] 1254	[870] 1474	[871] 3752	[872] 1248	[873] 1248	[874] 3898	[875] 1422	[876] 1178	[877] 3636	[878] 1448	[879] 1414	
[880] 1400	[881] 3884	[882] 1578	[883] 1356	[884] 3514	[885] 1252	[886] 1438	[887] 3810	[888] 1252	[889] 1228	[890] 3784	[891] 1428	[892] 1296	[893] 3636	[894] 1350	[895] 1410	
[896] 3494	[897] 1242	[898] 1446	[899] 3786	[900] 1164	[901] 1244	[902] 3832	[903] 1416	[904] 1292	[905] 2522	[906] 4850	[907] 1474	[908] 1308	[909] 3600	[910] 1426	[911] 1416	
[912] 3470	[913] 1330	[914] 1500	[915] 3856	[916] 1314	[917] 1244	[918] 3814	[919] 1434	[920] 1218	[921] 3510	[922] 1502	[923] 1438	[924] 3426	[925] 1174	[926] 1454	[927] 3668	
[928] 1244	[929] 1780	[930] 1394	[931] 4270	[932] 1234	[933] 1180	[934] 2594	[935] 1428	[936] 1244	[937] 3532	[938] 1456	[939] 1350	[940] 3654	[941] 1378	[942] 1450	[943] 3726	
[944] 1174	[945] 1242	[946] 3740	[947] 1350	[948] 1246	[949] 3480	[950] 1454	[951] 1412	[952] 3482	[953] 1166	[954] 1816	[955] 1394	[956] 3958	[957] 1274	[958] 1352	[959] 3740	
[960] 1164	[961] 1176	[962] 3838	[963] 1350	[964] 1220	[965] 3406	[966] 1384	[967] 1438	[968] 3528	[969] 1244	[970] 1476	[971] 3794	[972] 1260	[973] 1152	[974] 4022	[975] 1428	
[976] 1246	[977] 3542	[978] 1438	[979] 1994	[980] 1322	[981] 4062	[982] 1560	[983] 1370	[984] 3452	[985] 1350	[986] 1456	[987] 3862	[988] 1266	[989] 1234	[990] 3848	[991] 1426	
[992] 1258	[993] 3488	[994] 1350	[995] 1420	[996] 3432	[997] 1238	[998] 1468	[999] 3642	[1000] 1166	[1001] 1244	[1002] 3882	[1003] 1430	[1004] 2140	[1005] 1338	[1006] 4326	[1007] 1462	
[1008] 1244	[1009] 3432	[1010] 1422	[1011] 1438	[1012] 3510	[1013] 1328	[1014] 1454	[1015] 3732	[1016] 1226	[1017] 1186	[1018] 3888	[1019] 1442	[1020] 1260	[1021] 3608	[1022] 1370	[1023] 1428	
[10240] 2356	[10241] 2206	[10242] 1818	[10243] 1448	[10244] 2984	[10245] 1290	[10246] 1480	[10247] 3704	[10248] 1394	[10249] 1226	[10250] 3786	[10251] 1464	[10252] 1374	[10253] 3460	[10254] 1456	[10255] 1356	
[10256] 3694	[10257] 1376	[10258] 1516	[10259] 3724	[10260] 1526	[10261] 1166	[10262] 3766	[10263] 1446	[10264] 1438	[10265] 3470	[10266] 3830	[10267] 2098	[10268] 1316	[10269] 2504	[10270] 1556	[10271] 1414	
[10272] 3866	[10273] 1220	[10274] 1432	[10275] 3594	[10276] 1400	[10277] 1246	[10278] 3940	[10279] 1514	[10280] 1398	[10281] 3362	[10282] 1456	[10283] 1376	[10284] 3812	[10285] 1236	[10286] 1436	[10287] 3564	
[10288] 1436	[10289] 1228	[10290] 3786	[10291] 2010	[10292] 1350	[10293] 1244	[10294] 1454	[10295] 4308	[10296] 1474	[10297] 1288	[10298] 3968	[10299] 1474	[10300] 1406	[10301] 3646	[10302] 1394	[10303] 1218	
[10304] 3794	[10305] 1474	[10306] 1440	[10307] 2206	[10308] 1430	[10309] 1296	[10310] 3944	[10311] 1446	[10312] 1186	[10313] 3564	[10314] 1368	[10315] 1432	[10316] 1648	[10317] 1246	[10318] 4142	[10319] 1462	
[10320] 1438	[10321] 3484	[10322] 1440	[10323] 1430	[10324] 3878	[10325] 1278	[10326] 1474	[10327] 3752	[10328] 1472	[10329] 1228	[10330] 3914	[10331] 1350	[10332] 1456	[10333] 1800	[10334] 1352	[10335] 1464	
[10336] 3908	[10337] 1166	[10338] 1440	[10339] 3726	[10340] 3116	[10341] 1956	[10342] 5514	[10343] 1430	[10344] 1398	[10345] 3522	[10346] 1590	[10347] 1352	[10348] 3972	[10349] 1232	[10350] 1440	[10351] 2114	
[10352] 1422	[10353] 1226	[10354] 2568	[10355] 1492	[10356] 1390	[10357] 3538	[10358] 1474	[10359] 1456	[10360] 4068	[10361] 1414	[10362] 1430	[10363] 2182	[10364] 1428	[10365] 1978	[10366] 4906	[10367] 1344	
[10368] 1384	[10369] 3732	[10370] 1358	[10371] 1238	[10372] 3900	[10373] 1372	[10374] 1432	[10375] 1950	[10376] 1482	[10377] 1386	[10378] 2414	[10379] 1484	[10380] 1394	[10381] 3742	[10382] 1420	[10383] 1480	
[10384] 3882	[10385] 1234	[10386] 1376	[10387] 3876	[10388] 1396	[10389] 1202	[10390] 2536	[10391] 1262	[10392] 1308	[10393] 1390	[10394] 3096	[10395] 1244	[10396] 1410	[10397] 3786	[10398] 1456	[10399] 1174	
[10400] 3900	[10401] 1358	[10402] 1438	[10403] 2176	[10404] 1524	[10405] 1392	[10406] 2434	[10407] 1236	[10408] 1388	[10409] 3874	[10410] 1436	[10411] 1236	[10412] 4004	[10413] 1474	[10414] 1428	[10415] 2072	
[10416] 1510	[10417] 1366	[10418] 1414	[10419] 3712	[10420] 1422	[10421] 1332	[10422] 2472	[10423] 1182	[10424] 1314	[10425] 3880	[10426] 1358	[10427] 1174	[10428] 4004	[10429] 1386	[10430] 1480	[10431] 2188	
[10432] 1394	[10433] 1388	[10434] 2370	[10435] 1226	[10436] 1398	[10437] 3656	[10438] 1366	[10439] 1408	[10440] 2390	[10441] 1332	[10442] 1682	[10443] 4264	[10444] 1528	[10445] 1258	[10446] 3874	[10447] 1430	
[10448] 1378	[10449] 3506	[10450] 1358	[10451] 1402	[10452] 3814	[10453] 1252	[10454] 1432	[10455] 3642	[10456] 1366	[10457] 1174	[10458] 2636	[10459] 1542	[10460] 1236	[10461] 3468	[10462] 5064	[10463] 4694	
[10464] 4166	[10465] 4542	[10466] 6424	[10467] 6766	[10468] 1570	[10469] 1410	[10470] 4004	[10471] 1340	[10472] 1442	[10473] 3758	[10474] 1422	[10475] 1252	[10476] 3714	[10477] 1348	[10478] 1460	[10479] 3408	
[10480] 1428	[10481] 1322	[10482] 3822	[10483] 1242	[10484] 1394	[10485] 3624	[10486] 1440	[10487] 1262	[10488] 3818	[10489] 1414	[10490] 2604	[10491] 1232	[10492] 1330	[10493] 4302	[10494] 1352	[10495] 1228	
[10496] 3908	[10497] 1410	[10498] 1456	[10499] 2104	[10500] 1334	[10501] 1378	[10502] 3924	[10503] 1244	[10504] 1390	[10505] 3670	[10506] 1430	[10507] 1232	[10508] 3876	[10509] 1408	[10510] 1368	[10511] 3512	
[10512] 1464	[10513] 1404	[10514] 3836	[10515] 1670	[10516] 1474	[10517] 1412	[10518] 1474	[10519] 4040	[10520] 1392	[10521] 1454	[10522] 2674	[10523] 1304	[10524] 1422	[10525] 3776	[10526] 1484	[10527] 1288	
[10528] 3920	[10529] 1496	[10530] 1464	[10531] 3562	[10532] 1472	[10533] 1368	[10534] 3726	[10535] 1252	[10536] 1398	[10537] 2356	[10538] 1364	[10539] 1168	[10540] 1862	[10541] 4594	[10542] 1548	[10543] 1246	
[10544] 3816	[10545] 1454	[10546] 1368	[10547] 3600	[10548] 1412	[10549] 1382	[10550] 4022	[10551] 1298	[10552] 1436	[10553] 3768	[10554] 1454	[10555] 1224	[10556] 3884	[10557] 1384	[10558] 1474	[10559] 3518	
[10560] 1348	[10561] 1322	[10562] 3706	[10563] 1288	[10564] 1568	[10565] 4412	[10566] 1390	[10567] 1282	[10568] 3732	[10569] 1412	[10570] 1480	[10571] 3660	[10572] 1380	[10573] 1366	[10574] 2648	[10575] 1232	
[10576] 1358	[10577] 2468	[10578] 1502	[10579] 1286	[10580] 3904	[10581] 1350	[10582] 1450	[10583] 3566	[10584] 1348	[10585] 1430	[10586] 3904	[10587] 1186	[10588] 1342	[10589] 3114	[10590] 1664	[10591] 1254	
[10592] 1430	[10593] 3824	[10594] 1476	[10595] 1244	[10596] 3928	[10597] 1414	[10598] 1436	[10599] 3452	[10600] 1344	[10601] 1364	[10602] 3732	[10603] 1246	[10604] 1360	[10605] 3706	[10606] 1404	[10607] 1258	
[10608] 3834	[10609] 1394	[10610] 1444	[10611] 3474	[10612] 1422	[10613] 1392	[10614] 3522	[10615] 1646	[10616] 1436	[10617] 1288	[10618] 3864	[10619] 1360	[10620] 1324	[10621] 2098	[10622] 1500	[10623] 1414	
[10624] 3856	[10625] 1246	[10626] 1456	[10627] 3836	[10628] 1394	[10629] 1248	[10630] 3748	[10631] 1482	[10632] 1340	[10633] 3404	[10634] 1492	[10635] 1438	[10636] 2630	[10637] 1246	[10638] 1436	[10639] 3302	
[10640] 1258	[10641] 1306	[10642] 1670	[10643] 3618	[10644] 1176	[10645] 1230	[10646] 3790	[10647] 1360	[10648] 1156	[10649] 3404	[10650] 1456	[10651] 1414	[10652] 2230	[10653] 1306	[10654] 1424	[10655] 3836	
[10656] 1242	[10657] 1306	[10658] 3936	[10659] 1458	[10660] 1260	[10661] 3430	[10662] 1452	[10663] 1440	[10664] 2980	[10665] 2550	[10666] 1412	[10667] 1464	[10668] 4458	[10669] 1202	[10670] 1422	[10671] 3912	
[10672] 1436	[10673] 1236	[10674] 3856	[10675] 1374	[10676] 1360	[10677] 2110	[10678] 1448	[10679] 1412	[10680] 3794	[10681] 1242	[10682] 1366	[10683] 3600	[10684] 1348	[10685] 1248	[10686] 3774	[10687] 1430	
[10688] 1222	[10689] 5014	[10690] 1658	[10691] 1414	[10692] 1324	[10693] 3724	[10694] 1374	[10695] 1276	[10696] 3810	[10697] 1422	[10698] 1492	[10699] 3548	[10700] 1412	[10701] 1312	[10702] 3984	[10703] 1250	
[10704] 1400	[10705] 2338	[10706] 1454	[10707] 1256	[10708] 3850	[10709] 1408	[10710] 1446	[10711] 3492	[10712] 1412	[10713] 1398	[10714] 4152	[10715] 1422	[10716] 1350	[10717] 1176	[10718] 2504	[10719] 1358	
[10720] 1410	[10721] 3460	[10722] 1482	[10723] 1420	[10724] 3776	[10725] 1288	[10726] 1436	[10727] 3666	[10728] 1470	[10729] 1304	[10730] 3840	[10731] 1456	[10732] 1456	[10733] 3470	[10734] 1474	[10735] 1432	
[10736] 3896	[10737] 1300	[10738] 1462	[10739] 3424	[10740] 1560	[10741] 1274	[10742] 1436	[10743] 3690	[10744] 1358	[10745] 1186	[10746] 3812	[10747] 1450	[10748] 1394	[10749] 2160	[10750] 1456	[10751] 1430	
[10752] 3748	[10753] 1228	[10754] 1352	[10755] 3628	[10756] 1456	[10757] 1286	[10758] 3672	[10759] 1458	[10760] 1372	[10761] 3510	[10762] 1458	[10763] 1414	[10764] 4192	[10765] 1332	[10766] 1438	[10767] 1252	
[10768] 3814	[10769] 1332	[10770] 1458	[10771] 3492	[10772] 1412	[10773] 1380	[10774] 3758	[10775] 1246	[10776] 1376	[10777] 3370	[10778] 1440	[10779] 1260	[10780] 3808	[10781] 1412	[10782] 1438	[10783] 3422	
[10784] 1474	[10785] 1438	[10786] 3818	[10787] 1226	[10788] 1450	[10789] 3480	[10790] 1924	[10791] 1272	[10792] 1400	[10793] 2312	[10794] 1474	[10795] 1242	[10796] 3900	[10797] 1242	[10798] 1448	[10799] 3630	
[10800] 1430	[10801] 1252	[10802] 3866	[10803] 1346	[10804] 1304	[10805] 3572	[10806] 1440	[10807] 1466	[10808] 3530	[10809] 1248	[10810] 1456	[10811] 3668	[10812] 1290	[10813] 1298	[10814] 3046	[10815] 1500	
[10816] 1234	[10817] 1164	[10818] 3934	[10819] 1492	[10820] 1242	[10821] 3516	[10822] 1432	[10823] 1426	[10824] 3530	[10825] 1260	[10826] 1474	[10827] 3762	[10828] 1264	[10829] 1242	[10830] 4006	[10831] 1352	
[10832] 1246	[10833] 3538	[10834] 1420	[10835] 1422	[10836] 3488	[10837] 1244	[10838] 1370	[10839] 3958	[10840] 1670	[10841] 1264	[10842] 1458	[10843] 3874	[10844] 1168	[10845] 1156	[10846] 3748	[10847] 1400	
[10848] 1236	[10849] 3362	[10850] 1430	[10851] 1438	[10852] 2674	[10853] 1428	[10854] 1438	[10855] 3672	[10856] 1322	[10857] 1244	[10858] 3856	[10859] 1438	[10860] 1288	[10861] 2294	[10862] 1608	[10863] 1436	
[10864] 3478	[10865] 1884	[10866] 1470	[10867] 1460	[10868] 3186	[10869] 1500	[10870] 1568	[10871] 3626	[10872] 1418	[10873] 1228	[10874] 3778	[10875] 1590	[10876] 1332	[10877] 3450	[10878] 1368	[10879] 1420	
[10880] 3874	[10881] 1260	[10882] 1438	[10883] 3788	[10884] 1438	[10885] 1260	[10886] 3830	[10887] 1476	[10888] 1288	[10889] 2886	[10890] 1676	[10891] 1438	[10892] 1432	[10893] 3600	[10894] 1450	[10895] 1228	
[10896] 3882	[10897] 1332	[10898] 1426	[10899] 3436	[10900] 1350	[10901] 1378	[10902] 3806	[10903] 1242	[10904] 1350	[10905] 3652	[10906] 1448	[10907] 1242	[10908] 3860	[10909] 1458	[10910] 1446	[10911] 3402	
[10912] 1412	[10913] 1306	[10914] 4996	[10915] 1396	[10916] 1264	[10917] 1176	[10918] 3858	[10919] 1344	[10920] 1362	[10921] 3538	[10922] 1350	[10923] 1352	[10924] 3856	[10925] 1164	[10926] 1378	[10927] 3748	
[10928] 1350	[10929] 1192	[10930] 3850	[10931] 1368	[10932] 1384	[10933] 3568	[10934] 1378	[10935] 1358	[10936] 3916	[10937] 1166	[10938] 1356	[10939] 3170	[10940] 1828	[10941] 1244	[10942] 1412	[10943] 3848	
[10944] 1350	[10945] 1176	[10946] 3930	[10947] 1434	[10948] 1406	[10949] 3446	[10950] 1384	[10951] 1420	[10952] 3800	[10953] 1236	[10954] 1436	[10955] 3558	[10956] 1412	[10957] 1158	[10958] 2488	[10959] 1478	
[10960] 1402	[10961] 2012	[10962] 1480	[10963] 1416	[10964] 3058	[10965] 1334	[10966] 1358	[10967] 1368	[10968] 3882	[10969] 1288	[10970] 1478	[10971] 3492	[10972] 1392	[10973] 1390	[10974] 3774	[10975] 1236	
[10976] 1396	[10977] 3688	[10978] 1466	[10979] 1250	[10980] 3832	[10981] 1350	[10982] 1454	[10983] 3438	[10984] 1416	[10985] 1368	[10986] 3892	[10987] 1244	[10988] 1376	[10989] 3356	[10990] 1714	[10991] 1252	
[10992] 1442	[10993] 2530	[10994] 1354	[10995] 1238	[10996] 3902	[10997] 1350	[10998] 1430	[10999] 3432	[11000] 1370	[11001] 1368	[11002] 3900	[11003] 1352	[11004] 1394	[11005] 3422	[11006] 1486	[11007] 1422	
[11008] 3868	[11009] 1260	[11010] 1476	[11011] 3610	[11012] 1352	[11013] 1246	[11014] 3128	[11015] 1674	[11016] 1284	[11017] 1288	[11018] 3920	[11019] 1448	[11020] 1200	[11021] 3578	[11022] 1368	[11023] 1430	
[11024] 3928	[11025] 1246	[11026] 1446	[11027] 3732	[11028] 1224	[11029] 1238	[11030] 3838	[11031] 1430	[11032] 1412	[11033] 3494	[11034] 1384	[11035] 1406	[11036] 3704	[11037] 1160	[11038] 1352	[11039] 3088	
[11040] 1500	[11041] 1192	[11042] 1368	[11043] 3776	[11044] 1292	[11045] 1280	[11046] 3814	[11047] 1354	[11048] 1306	[11049] 2162	[11050] 1458	[11051] 1412	[11052] 3838	[11053] 1240	[11054] 1460	[11055] 3602	
[11056] 1334	[11057] 1232	[11058] 3840	[11059] 1478	[11060] 2358	[11061] 6674	[11062] 1828	[11063] 1482	[11064] 4758	[11065] 1228	[11066] 1656	[11067] 1366	[11068] 3884	[11069] 1246	[11070] 1440	[11071] 3828	
[11072] 1246	[11073] 1242	[11074] 3850	[11075] 1376	[11076] 1242	[11077] 3600	[11078] 1442	[11079] 1430	[11080] 3512	[11081] 1246	[11082] 1422	[11083] 3686	[11084] 1258	[11085] 1228	[11086] 3806	[11087] 1588	
[11088] 1318	[11089] 3368	[11090] 1954	[11091] 1474	[11092] 1236	[11093] 3768	[11094] 1536	[11095] 1438	[11096] 3640	[11097] 1262	[11098] 1456	[11099] 3812	[11100] 1246	[11101] 1260	[11102] 3874	[11103] 1428	
[11104] 1252	[11105] 3702	[11106] 1436	[11107] 1426	[11108] 3610	[11109] 1252	[11110] 1476	[11111] 3792	[11112] 1252	[11113] 1246	[11114] 2920	[11115] 1474	[11116] 1298	[11117] 1282	[11118] 3766	[11119] 1420	
[11120] 1412	[11121] 3494	[11122] 1376	[11123] 1440	[11124] 3784	[11125] 1298	[11126] 1466	[11127] 3624	[11128] 1336	[11129] 1280	[11130] 3828	[11131] 1428	[11132] 1394	[11133] 3416	[11134] 1472	[11135] 1486	
[11136] 3742	[11137] 1176	[11138] 1456	[11139] 2914	[11140] 1662	[11141] 1202	[11142] 1358	[11143] 4242	[11144] 1438	[11145] 1260	[11146] 4008	[11147] 1358	[11148] 1402	[11149] 2082	[11150] 1476	[11151] 1366	
[11152] 4148	[11153] 1174	[11154] 1460	[11155] 3688	[11156] 1412	[11157] 1240	[11158] 2610	[11159] 1412	[11160] 1330	[11161] 3494	[11162] 1416	[11163] 1452	[11164] 4994	[11165] 1344	[11166] 1396	[11167] 1422	
[11168] 3924	[11169] 1518	[11170] 1500	[11171] 3576	[11172] 1410	[11173] 1318	[11174] 3762	[11175] 1312	[11176] 1312	[11177] 3600	[11178] 1548	[11179] 1226	[11180] 2848	[11181] 1484	[11182] 1450	[11183] 3536	
[11184] 1410	[11185] 1386	[11186] 3876	[11187] 1172	[11188] 1396	[11189] 3132	[11190] 1784	[11191] 1244	[11192] 1392	[11193] 3856	[11194] 1496	[11195] 1178	[11196] 3836	[11197] 1492	[11198] 1352	[11199] 3642	
[11200] 1334	[11201] 1164	[11202] 4030	[11203] 1364	[11204] 1304	[11205] 3748	[11206] 1430	[11207] 1388	[11208] 3760	[11209] 1376	[11210] 1374	[11211] 3690	[11212] 1350	[11213] 1376	[11214] 2648	[11215] 1158	
[11216] 1312	[11217] 1376	[11218] 3944	[11219] 1174	[11220] 1394	[11221] 3750	[11222] 1332	[11223] 1166	[11224] 3960	[11225] 1448	[11226] 1446	[11227] 3638	[11228] 1400	[11229] 1378	[11230] 4098	[11231] 1524	
[11232] 1438	[11233] 3768	[11234] 1358	[11235] 1248	[11236] 3968	[11237] 1410	[11238] 1474	[11239] 2312	[11240] 1438	[11241] 1380	[11242] 1436	[11243] 3608	[11244] 1352	[11245] 1308	[11246] 4172	[11247] 1224	
[11248] 1302	[11249] 2388	[11250] 1402	[11251] 1344	[11252] 4046	[11253] 1262	[11254] 1368	[11255] 3892	[11256] 1330	[11257] 1262	[11258] 3952	[11259] 1342	[11260] 1186	[11261] 2304	[11262] 1394	[11263] 1404	