
QP qtt = 1

[0] 5146	[1] 2028	[2] 1808	[3] 1900	[4] 1754	[5] 2028	[6] 1816	[7] 2576	[8] 1878	[9] 1996	[10] 2984	[11] 1964	[12] 1844	[13] 1944	[14] 1886	[15] 1842	
[16] 1968	[17] 1818	[18] 1870	[19] 1962	[20] 1842	[21] 1942	[22] 1836	[23] 1786	[24] 1958	[25] 1734	[26] 2006	[27] 1960	[28] 1828	[29] 1790	[30] 1834	[31] 1828	
[32] 1988	[33] 1998	[34] 1814	[35] 1944	[36] 1932	[37] 1758	[38] 1878	[39] 2000	[40] 2698	[41] 1882	[42] 2018	[43] 1836	[44] 1964	[45] 2014	[46] 1972	[47] 2010	
[48] 1794	[49] 1868	[50] 2986	[51] 1778	[52] 1892	[53] 2008	[54] 2026	[55] 1930	[56] 1960	[57] 1896	[58] 1792	[59] 1706	[60] 3072	[61] 2024	[62] 1902	[63] 1994	
[64] 2004	[65] 1862	[66] 2020	[67] 1928	[68] 2030	[69] 2164	[70] 1994	[71] 1982	[72] 1952	[73] 1996	[74] 1826	[75] 2116	[76] 2010	[77] 2078	[78] 2034	[79] 1776	
[80] 2368	[81] 1780	[82] 1894	[83] 2086	[84] 2060	[85] 1978	[86] 1938	[87] 1798	[88] 1830	[89] 2408	[90] 2154	[91] 1954	[92] 2034	[93] 2194	[94] 1642	[95] 2058	
[96] 2312	[97] 1694	[98] 2964	[99] 2070	[100] 1984	[101] 1848	[102] 1996	[103] 2014	[104] 1918	[105] 2132	[106] 2874	[107] 1828	[108] 1808	[109] 1714	[110] 3248	[111] 1760	
[112] 1756	[113] 1886	[114] 1722	[115] 1826	[116] 3106	[117] 2042	[118] 2146	[119] 2012	[120] 1862	[121] 2000	[122] 1948	[123] 1926	[124] 3212	[125] 2022	[126] 2132	[127] 1758	
[128] 1854	[129] 1780	[130] 1988	[131] 1824	[132] 1782	[133] 1790	[134] 1978	[135] 1944	[136] 1872	[137] 1814	[138] 2012	[139] 1858	[140] 1978	[141] 2014	[142] 1866	[143] 1928	
[144] 1966	[145] 1926	[146] 1964	[147] 1864	[148] 1866	[149] 1910	[150] 1998	[151] 1942	[152] 2130	[153] 2150	[154] 2004	[155] 2616	[156] 1824	[157] 1774	[158] 1792	[159] 2168	
[160] 1788	[161] 2992	[162] 2252	[163] 1936	[164] 1832	[165] 1746	[166] 2136	[167] 2030	[168] 1824	[169] 1782	[170] 2024	[171] 1796	[172] 1800	[173] 1826	[174] 1786	[175] 1796	
[176] 1950	[177] 1788	[178] 1786	[179] 2480	[180] 1872	[181] 1938	[182] 1808	[183] 1784	[184] 1984	[185] 1784	[186] 2610	[187] 2060	[188] 2016	[189] 1786	[190] 2184	[191] 1782	
[192] 1968	[193] 2036	[194] 2042	[195] 1982	[196] 2248	[197] 1842	[198] 1864	[199] 1858	[200] 2014	[201] 1778	[202] 1942	[203] 2756	[204] 1792	[205] 1928	[206] 1778	[207] 2110	
[208] 1876	[209] 1984	[210] 2138	[211] 1984	[212] 1812	[213] 2892	[214] 1854	[215] 1972	[216] 1976	[217] 1996	[218] 1936	[219] 2044	[220] 2010	[221] 1776	[222] 1870	[223] 2122	
[224] 2000	[225] 1732	[226] 1940	[227] 1734	[228] 1994	[229] 1990	[230] 2014	[231] 2168	[232] 2028	[233] 2026	[234] 1940	[235] 1796	[236] 1826	[237] 1922	[238] 1976	[239] 2156	
[240] 2066	[241] 1978	[242] 1962	[243] 1808	[244] 1776	[245] 2010	[246] 2114	[247] 1964	[248] 2010	[249] 1838	[250] 1880	[251] 1976	[252] 2160	[253] 1782	[254] 1996	[255] 1970	
[256] 1814	[257] 1946	[258] 2024	[259] 1786	[260] 2712	[261] 1834	[262] 2080	[263] 2038	[264] 2080	[265] 2128	[266] 2024	[267] 1780	[268] 1996	[269] 1844	[270] 1776	[271] 2062	
[272] 1800	[273] 1860	[274] 2026	[275] 1980	[276] 1862	[277] 1972	[278] 2080	[279] 1844	[280] 2066	[281] 2050	[282] 1876	[283] 2012	[284] 1896	[285] 1984	[286] 1854	[287] 1816	
[288] 1996	[289] 2992	[290] 1992	[291] 1980	[292] 2088	[293] 2030	[294] 1898	[295] 1846	[296] 2032	[297] 1994	[298] 1956	[299] 1836	[300] 2044	[301] 2232	[302] 1976	[303] 1764	
[304] 2796	[305] 2058	[306] 1900	[307] 2246	[308] 1854	[309] 2032	[310] 2226	[311] 1842	[312] 1876	[313] 2092	[314] 1918	[315] 1826	[316] 2062	[317] 2040	[318] 2180	[319] 1834	
[320] 2050	[321] 3164	[322] 1862	[323] 1838	[324] 1960	[325] 2010	[326] 2120	[327] 2034	[328] 2848	[329] 2082	[330] 2134	[331] 1890	[332] 1930	[333] 1946	[334] 1984	[335] 2326	
[336] 2850	[337] 1826	[338] 2082	[339] 2134	[340] 1934	[341] 1934	[342] 2148	[343] 2130	[344] 2590	[345] 1818	[346] 2392	[347] 1956	[348] 1968	[349] 1982	[350] 1974	[351] 2012	
[352] 1954	[353] 2036	[354] 3000	[355] 2132	[356] 2434	[357] 1946	[358] 2020	[359] 2388	[360] 2242	[361] 1958	[362] 2202	[363] 1950	[364] 1930	[365] 2048	[366] 1952	[367] 1948	
[368] 2586	[369] 2010	[370] 2064	[371] 2100	[372] 2254	[373] 2246	[374] 2336	[375] 2210	[376] 2280	[377] 1916	[378] 2966	[379] 2862	[380] 2064	[381] 2062	[382] 2304	[383] 2316	
[384] 2270	[385] 2280	[386] 2106	[387] 2146	[388] 2172	[389] 2008	[390] 2236	[391] 2522	[392] 2090	[393] 2130	[394] 3658	[395] 2146	[396] 3112	[397] 3068	[398] 2202	[399] 3478	
[400] 2678	[401] 1926	[402] 2332	[403] 3340	[404] 2918	[405] 2148	[406] 3000	[407] 2368	[408] 2274	[409] 1964	[410] 3348	[411] 2038	[412] 2942	[413] 3296	[414] 3756	[415] 2888	
[416] 2702	[417] 2152	[418] 2668	[419] 2546	[420] 2284	[421] 2450	[422] 2360	[423] 2428	[424] 3542	[425] 3588	[426] 2184	[427] 2546	[428] 3556	[429] 4174	[430] 3242	[431] 2538	
[432] 3398	[433] 2510	[434] 3072	[435] 2384	[436] 3236	[437] 3390	[438] 2316	[439] 2412	[440] 2374	[441] 2644	[442] 2368	[443] 2188	[444] 2122	[445] 2210	[446] 2228	[447] 2080	
[448] 2404	[449] 2180	[450] 3204	[451] 2400	[452] 2232	[453] 2494	[454] 2222	[455] 2412	[456] 2384	[457] 2176	[458] 2494	[459] 2254	[460] 2190	[461] 2444	[462] 2226	[463] 2182	
[464] 2612	[465] 2294	[466] 2190	[467] 2370	[468] 2244	[469] 2112	[470] 2376	[471] 2162	[472] 2422	[473] 2384	[474] 3360	[475] 2374	[476] 2296	[477] 2194	[478] 2284	[479] 2252	
[480] 2242	[481] 2158	[482] 2578	[483] 2452	[484] 2326	[485] 2366	[486] 2444	[487] 2358	[488] 2510	[489] 2602	[490] 2356	[491] 2378	[492] 2730	[493] 2702	[494] 2386	[495] 4700	
[496] 3460	[497] 4152	[498] 2312	[499] 2442	[500] 2822	[501] 2446	[502] 2392	[503] 3798	[504] 2542	[505] 2314	[506] 2536	[507] 2672	[508] 3140	[509] 2434	[510] 2734	[511] 2458	
[512] 2340	[513] 2642	[514] 2410	[515] 2250	[516] 2874	[517] 2586	[518] 3864	[519] 2992	[520] 2894	[521] 2592	[522] 3162	[523] 2538	[524] 2898	[525] 2936	[526] 2742	[527] 2708	
[528] 3100	[529] 2634	[530] 1856	[531] 1778	[532] 1996	[533] 1728	[534] 1826	[535] 1946	[536] 1924	[537] 1794	[538] 3190	[539] 1826	[540] 2036	[541] 2342	[542] 2118	[543] 1958	
[544] 1816	[545] 2014	[546] 3312	[547] 2076	[548] 2030	[549] 2196	[550] 3136	[551] 1768	[552] 2064	[553] 1982	[554] 1846	[555] 1990	[556] 2122	[557] 1788	[558] 1884	[559] 1786	
[560] 3140	[561] 1858	[562] 1978	[563] 2060	[564] 3074	[565] 1934	[566] 1852	[567] 1810	[568] 2146	[569] 2200	[570] 2162	[571] 2028	[572] 1848	[573] 3072	[574] 2186	[575] 2650	
[576] 1852	[577] 2046	[578] 1902	[579] 1820	[580] 2934	[581] 2012	[582] 2088	[583] 2218	[584] 2616	[585] 2416	[586] 2112	[587] 2164	[588] 2352	[589] 2234	[590] 2188	[591] 2076	
[592] 2182	[593] 1942	[594] 2226	[595] 2122	[596] 2360	[597] 1880	[598] 3042	[599] 2192	[600] 2286	[601] 2196	[602] 1880	[603] 2376	[604] 2152	[605] 2036	[606] 2106	[607] 2038	
[608] 1728	[609] 1890	[610] 2150	[611] 2190	[612] 1868	[613] 3408	[614] 2258	[615] 1604	[616] 2282	[617] 1998	[618] 2480	[619] 2188	[620] 3178	[621] 2966	[622] 1966	[623] 1838	
[624] 2144	[625] 2276	[626] 2612	[627] 2344	[628] 2590	[629] 2632	[630] 2330	[631] 2056	[632] 2028	[633] 2088	[634] 1932	[635] 2338	[636] 2258	[637] 2316	[638] 2100	[639] 2010	
[640] 2214	[641] 1740	[642] 1780	[643] 1646	[644] 2546	[645] 2306	[646] 2408	[647] 2286	[648] 1960	[649] 2322	[650] 2568	[651] 2042	[652] 2460	[653] 2310	[654] 2288	[655] 1922	
[656] 2340	[657] 1704	[658] 1934	[659] 2000	[660] 1778	[661] 1838	[662] 2392	[663] 2354	[664] 2394	[665] 2038	[666] 1840	[667] 2160	[668] 2326	[669] 2350	[670] 2006	[671] 2002	
[672] 2176	[673] 2198	[674] 2292	[675] 2350	[676] 1716	[677] 1840	[678] 2374	[679] 2178	[680] 2184	[681] 2084	[682] 2148	[683] 2042	[684] 2320	[685] 2188	[686] 1802	[687] 1632	
[688] 2204	[689] 2144	[690] 2356	[691] 1812	[692] 2244	[693] 2580	[694] 1980	[695] 2074	[696] 1842	[697] 2142	[698] 2246	[699] 2144	[700] 2244	[701] 2024	[702] 1978	[703] 1970	
[704] 1720	[705] 2198	[706] 2338	[707] 2446	[708] 2446	[709] 2008	[710] 1954	[711] 2096	[712] 2056	[713] 1874	[714] 2488	[715] 2424	[716] 1746	[717] 2938	[718] 2344	[719] 2620	
[720] 2130	[721] 2054	[722] 2880	[723] 1894	[724] 1964	[725] 1820	[726] 2080	[727] 2114	[728] 2052	[729] 2066	[730] 2120	[731] 3150	[732] 2420	[733] 1786	[734] 2064	[735] 2262	
[736] 2136	[737] 2076	[738] 2162	[739] 2234	[740] 1914	[741] 1898	[742] 1990	[743] 2010	[744] 2024	[745] 2270	[746] 1922	[747] 1800	[748] 1992	[749] 2214	[750] 2020	[751] 1910	
[752] 1866	[753] 2018	[754] 1870	[755] 1750	[756] 2306	[757] 2334	[758] 2500	[759] 2266	[760] 1860	[761] 2276	[762] 2462	[763] 1770	[764] 1976	[765] 2326	[766] 2088	[767] 2036	
[768] 2050	[769] 1928	[770] 2332	[771] 2086	[772] 1656	[773] 2884	[774] 1796	[775] 1876	[776] 1946	[777] 1902	[778] 1796	[779] 2002	[780] 1682	[781] 2016	[782] 1830	[783] 2014	
[784] 2068	[785] 2008	[786] 2964	[787] 1878	[788] 1842	[789] 2260	[790] 2074	[791] 1794	[792] 1932	[793] 2134	[794] 2334	[795] 2042	[796] 1810	[797] 1868	[798] 2096	[799] 2344	
[800] 1854	[801] 1940	[802] 2152	[803] 2334	[804] 2098	[805] 1902	[806] 1894	[807] 1848	[808] 2872	[809] 1842	[810] 1698	[811] 1880	[812] 1854	[813] 1908	[814] 1800	[815] 3466	
[816] 2212	[817] 2158	[818] 2212	[819] 2288	[820] 2180	[821] 2264	[822] 1892	[823] 2022	[824] 2040	[825] 2772	[826] 1708	[827] 1652	[828] 2438	[829] 1910	[830] 2164	[831] 1912	
[832] 1992	[833] 2366	[834] 2552	[835] 2306	[836] 1992	[837] 2312	[838] 2198	[839] 2162	[840] 1904	[841] 1770	[842] 1672	[843] 1782	[844] 3490	[845] 3014	[846] 2164	[847] 2220	
[848] 1956	[849] 1650	[850] 2120	[851] 1732	[852] 2040	[853] 2014	[854] 1738	[855] 2032	[856] 1900	[857] 1886	[858] 1954	[859] 1950	[860] 1806	[861] 1982	[862] 1986	[863] 2060	
[864] 2250	[865] 1816	[866] 2184	[867] 2116	[868] 1914	[869] 1980	[870] 2016	[871] 1974	[872] 1932	[873] 2178	[874] 1898	[875] 2090	[876] 1944	[877] 1884	[878] 1968	[879] 2262	
[880] 2076	[881] 1922	[882] 2284	[883] 1770	[884] 1996	[885] 2172	[886] 2210	[887] 2262	[888] 2120	[889] 2010	[890] 2436	[891] 1720	[892] 1890	[893] 2052	[894] 2348	[895] 2106	
[896] 2172	[897] 2034	[898] 1738	[899] 1808	[900] 2060	[901] 1976	[902] 1916	[903] 1862	[904] 1924	[905] 2278	[906] 2250	[907] 2120	[908] 1902	[909] 2040	[910] 1978	[911] 2028	
[912] 1894	[913] 2100	[914] 1820	[915] 2364	[916] 2052	[917] 2122	[918] 2232	[919] 1950	[920] 2114	[921] 1910	[922] 1990	[923] 3078	[924] 2194	[925] 1896	[926] 2254	[927] 1988	
[928] 2090	[929] 2048	[930] 2176	[931] 2028	[932] 2032	[933] 2368	[934] 2246	[935] 1980	[936] 3100	[937] 2522	[938] 2086	[939] 2116	[940] 2226	[941] 2084	[942] 2302	[943] 2104	
[944] 2416	[945] 2164	[946] 1918	[947] 2078	[948] 1918	[949] 2130	[950] 2202	[951] 2208	[952] 2282	[953] 2198	[954] 2348	[955] 2104	[956] 2120	[957] 1852	[958] 2430	[959] 2270	
[960] 1872	[961] 2028	[962] 2080	[963] 1994	[964] 1870	[965] 2086	[966] 2234	[967] 2164	[968] 1888	[969] 2384	[970] 2098	[971] 2328	[972] 1890	[973] 3298	[974] 2010	[975] 2130	
[976] 2090	[977] 1902	[978] 2148	[979] 1950	[980] 1988	[981] 1844	[982] 1860	[983] 1732	[984] 2000	[985] 1938	[986] 3638	[987] 2088	[988] 1804	[989] 2486	[990] 2018	[991] 2114	
[992] 2414	[993] 2150	[994] 2454	[995] 1814	[996] 2496	[997] 1592	[998] 2298	[999] 2164	[1000] 1856	[1001] 1944	[1002] 1886	[1003] 2032	[1004] 1908	[1005] 2710	[1006] 1948	[1007] 2258	
[1008] 2468	[1009] 2256	[1010] 2062	[1011] 1660	[1012] 1834	[1013] 1540	[1014] 1930	[1015] 1982	[1016] 2124	[1017] 1908	[1018] 1786	[1019] 1848	[1020] 2322	[1021] 2152	[1022] 1586	[1023] 1702	
[10240] 2936	[10241] 2682	[10242] 3618	[10243] 2788	[10244] 3012	[10245] 2808	[10246] 3618	[10247] 2702	[10248] 3004	[10249] 3446	[10250] 3000	[10251] 2936	[10252] 4200	[10253] 2864	[10254] 2876	[10255] 3384	
[10256] 3134	[10257] 2822	[10258] 3828	[10259] 2652	[10260] 3058	[10261] 4020	[10262] 3166	[10263] 2624	[10264] 3904	[10265] 2672	[10266] 2866	[10267] 3868	[10268] 3178	[10269] 2496	[10270] 2638	[10271] 3522	
[10272] 2938	[10273] 2506	[10274] 4536	[10275] 2688	[10276] 3054	[10277] 4356	[10278] 2804	[10279] 2480	[10280] 3700	[10281] 2700	[10282] 3020	[10283] 3836	[10284] 2760	[10285] 2574	[10286] 3384	[10287] 2532	
[10288] 2956	[10289] 3416	[10290] 3236	[10291] 2638	[10292] 3662	[10293] 2656	[10294] 3264	[10295] 2824	[10296] 3652	[10297] 2550	[10298] 3170	[10299] 2944	[10300] 3086	[10301] 3680	[10302] 3724	[10303] 2480	
[10304] 3060	[10305] 3026	[10306] 3018	[10307] 2678	[10308] 3888	[10309] 2700	[10310] 2956	[10311] 3754	[10312] 2852	[10313] 2522	[10314] 3342	[10315] 2734	[10316] 3076	[10317] 3408	[10318] 2976	[10319] 2554	
[10320] 2742	[10321] 3770	[10322] 2788	[10323] 2700	[10324] 3708	[10325] 2658	[10326] 2822	[10327] 3304	[10328] 3072	[10329] 2684	[10330] 4008	[10331] 2728	[10332] 2858	[10333] 3512	[10334] 3084	[10335] 2552	
[10336] 3600	[10337] 2710	[10338] 2698	[10339] 3072	[10340] 2972	[10341] 2602	[10342] 3872	[10343] 2666	[10344] 2896	[10345] 2692	[10346] 3644	[10347] 2508	[10348] 3086	[10349] 3632	[10350] 2964	[10351] 2700	
[10352] 3776	[10353] 2506	[10354] 2972	[10355] 2760	[10356] 2946	[10357] 2700	[10358] 5190	[10359] 2576	[10360] 2982	[10361] 3450	[10362] 3000	[10363] 2620	[10364] 3820	[10365] 2658	[10366] 3088	[10367] 3336	
[10368] 3062	[10369] 3000	[10370] 2738	[10371] 3476	[10372] 3062	[10373] 2892	[10374] 3672	[10375] 2870	[10376] 2852	[10377] 3006	[10378] 2800	[10379] 2678	[10380] 3838	[10381] 2920	[10382] 3378	[10383] 3324	
[10384] 2720	[10385] 2778	[10386] 3390	[10387] 2936	[10388] 3590	[10389] 3564	[10390] 2770	[10391] 2956	[10392] 3766	[10393] 2850	[10394] 2972	[10395] 2878	[10396] 3864	[10397] 2630	[10398] 3462	[10399] 3430	
[10400] 2852	[10401] 3864	[10402] 3626	[10403] 2936	[10404] 3082	[10405] 3536	[10406] 2864	[10407] 2942	[10408] 3736	[10409] 2832	[10410] 2972	[10411] 3424	[10412] 2762	[10413] 3390	[10414] 3706	[10415] 2816	
[10416] 3004	[10417] 3086	[10418] 3024	[10419] 2896	[10420] 3218	[10421] 3490	[10422] 2764	[10423] 2810	[10424] 3874	[10425] 2842	[10426] 2730	[10427] 3712	[10428] 2892	[10429] 2788	[10430] 3816	[10431] 2854	
[10432] 3554	[10433] 3388	[10434] 2854	[10435] 2822	[10436] 3706	[10437] 2858	[10438] 3150	[10439] 3398	[10440] 2772	[10441] 3530	[10442] 3508	[10443] 2954	[10444] 2728	[10445] 2850	[10446] 3624	[10447] 2676	
[10448] 2876	[10449] 3194	[10450] 2954	[10451] 2872	[10452] 3626	[10453] 2938	[10454] 2778	[10455] 3572	[10456] 2894	[10457] 2868	[10458] 3236	[10459] 2762	[10460] 2912	[10461] 3918	[10462] 2852	[10463] 2850	
[10464] 3630	[10465] 2930	[10466] 3094	[10467] 3600	[10468] 2752	[10469] 3688	[10470] 2806	[10471] 2850	[10472] 2890	[10473] 2762	[10474] 3918	[10475] 2700	[10476] 3290	[10477] 3664	[10478] 2752	[10479] 2910	
[10480] 3936	[10481] 2962	[10482] 2850	[10483] 2984	[10484] 3212	[10485] 2834	[10486] 3556	[10487] 2842	[10488] 3026	[10489] 3580	[10490] 3192	[10491] 2976	[10492] 3898	[10493] 3672	[10494] 3028	[10495] 2852	
[10496] 3662	[10497] 2640	[10498] 3192	[10499] 3554	[10500] 2850	[10501] 2890	[10502] 3370	[10503] 2738	[10504] 2762	[10505] 3686	[10506] 2736	[10507] 2788	[10508] 3900	[10509] 2786	[10510] 2852	[10511] 3572	
[10512] 2762	[10513] 2798	[10514] 4110	[10515] 4484	[10516] 7296	[10517] 5252	[10518] 7480	[10519] 5678	[10520] 5254	[10521] 5512	[10522] 5118	[10523] 4650	[10524] 4088	[10525] 9476	[10526] 7758	[10527] 7350	
[10528] 3820	[10529] 5894	[10530] 4182	[10531] 2842	[10532] 2684	[10533] 3978	[10534] 2852	[10535] 3414	[10536] 3480	[10537] 2776	[10538] 4944	[10539] 2904	[10540] 3580	[10541] 4568	[10542] 4252	[10543] 3836	
[10544] 2788	[10545] 4004	[10546] 3146	[10547] 2894	[10548] 3572	[10549] 2488	[10550] 3642	[10551] 3834	[10552] 2716	[10553] 2664	[10554] 2916	[10555] 2700	[10556] 2940	[10557] 3494	[10558] 3680	[10559] 7426	
[10560] 3942	[10561] 6784	[10562] 5432	[10563] 5118	[10564] 8718	[10565] 4438	[10566] 6932	[10567] 4974	[10568] 4438	[10569] 2762	[10570] 2984	[10571] 3626	[10572] 2746	[10573] 2648	[10574] 3556	[10575] 2548	
[10576] 3106	[10577] 3600	[10578] 2954	[10579] 1942	[10580] 2702	[10581] 2000	[10582] 1766	[10583] 1758	[10584] 1994	[10585] 2146	[10586] 1932	[10587] 1974	[10588] 2140	[10589] 2052	[10590] 2372	[10591] 2058	
[10592] 2294	[10593] 2350	[10594] 1874	[10595] 2796	[10596] 1766	[10597] 1802	[10598] 1914	[10599] 1842	[10600] 1856	[10601] 2220	[10602] 1806	[10603] 1852	[10604] 2204	[10605] 2044	[10606] 1880	[10607] 1926	
[10608] 2012	[10609] 1910	[10610] 2228	[10611] 2044	[10612] 2064	[10613] 2226	[10614] 1990	[10615] 1966	[10616] 1880	[10617] 1756	[10618] 3218	[10619] 1982	[10620] 1972	[10621] 2000	[10622] 1850	[10623] 1886	
[10624] 2038	[10625] 2060	[10626] 2054	[10627] 2034	[10628] 1910	[10629] 2054	[10630] 2242	[10631] 2406	[10632] 2052	[10633] 2172	[10634] 1878	[10635] 2030	[10636] 1924	[10637] 1914	[10638] 1868	[10639] 2046	
[10640] 2052	[10641] 2232	[10642] 1870	[10643] 1846	[10644] 2032	[10645] 1908	[10646] 1838	[10647] 2096	[10648] 1928	[10649] 2094	[10650] 2068	[10651] 1892	[10652] 1844	[10653] 2850	[10654] 1850	[10655] 1986	
[10656] 1950	[10657] 1828	[10658] 2178	[10659] 1860	[10660] 2122	[10661] 2258	[10662] 2190	[10663] 1972	[10664] 1876	[10665] 2294	[10666] 1992	[10667] 1930	[10668] 2338	[10669] 2128	[10670] 2270	[10671] 2296	
[10672] 2174	[10673] 1840	[10674] 2318	[10675] 1922	[10676] 2784	[10677] 2002	[10678] 2702	[10679] 1898	[10680] 2166	[10681] 1874	[10682] 2178	[10683] 2322	[10684] 2542	[10685] 1870	[10686] 2110	[10687] 1900	
[10688] 2798	[10689] 1902	[10690] 2258	[10691] 1948	[10692] 2072	[10693] 2828	[10694] 1994	[10695] 2172	[10696] 2170	[10697] 1952	[10698] 1990	[10699] 2070	[10700] 1994	[10701] 2224	[10702] 2188	[10703] 1952	
[10704] 2006	[10705] 2140	[10706] 2188	[10707] 2094	[10708] 2298	[10709] 1986	[10710] 2010	[10711] 2336	[10712] 3222	[10713] 1896	[10714] 2176	[10715] 1992	[10716] 2522	[10717] 2114	[10718] 2184	[10719] 2968	
[10720] 2094	[10721] 2032	[10722] 2352	[10723] 2114	[10724] 2128	[10725] 2254	[10726] 2114	[10727] 1952	[10728] 2344	[10729] 3376	[10730] 2314	[10731] 2260	[10732] 2144	[10733] 1970	[10734] 2394	[10735] 2212	
[10736] 3008	[10737] 2158	[10738] 2308	[10739] 2028	[10740] 2376	[10741] 2124	[10742] 2414	[10743] 2622	[10744] 2116	[10745] 2322	[10746] 2048	[10747] 2032	[10748] 2080	[10749] 2140	[10750] 2150	[10751] 2334	
[10752] 2152	[10753] 2096	[10754] 2660	[10755] 2190	[10756] 3110	[10757] 2294	[10758] 2272	[10759] 2044	[10760] 2726	[10761] 2140	[10762] 2192	[10763] 2600	[10764] 2270	[10765] 2318	[10766] 2480	[10767] 2192	
[10768] 2286	[10769] 2202	[10770] 2336	[10771] 2108	[10772] 2480	[10773] 2120	[10774] 2230	[10775] 2474	[10776] 2246	[10777] 2132	[10778] 2542	[10779] 2192	[10780] 2424	[10781] 2190	[10782] 2274	[10783] 2092	
[10784] 2522	[10785] 2274	[10786] 2572	[10787] 2646	[10788] 3070	[10789] 2744	[10790] 3008	[10791] 2628	[10792] 2508	[10793] 2284	[10794] 2956	[10795] 2512	[10796] 2400	[10797] 2980	[10798] 2630	[10799] 2492	
[10800] 2344	[10801] 2434	[10802] 2424	[10803] 2602	[10804] 2434	[10805] 2260	[10806] 2794	[10807] 2252	[10808] 2586	[10809] 2432	[10810] 2606	[10811] 2288	[10812] 2732	[10813] 2202	[10814] 2430	[10815] 2574	
[10816] 2468	[10817] 2698	[10818] 2690	[10819] 2906	[10820] 2876	[10821] 2680	[10822] 3078	[10823] 2550	[10824] 3524	[10825] 2826	[10826] 2802	[10827] 2526	[10828] 3120	[10829] 2570	[10830] 2756	[10831] 2672	
[10832] 2898	[10833] 2724	[10834] 3192	[10835] 2744	[10836] 2728	[10837] 2984	[10838] 2704	[10839] 2572	[10840] 3182	[10841] 2780	[10842] 2850	[10843] 3108	[10844] 2932	[10845] 2584	[10846] 3080	[10847] 2562	
[10848] 2598	[10849] 3498	[10850] 2836	[10851] 2874	[10852] 3410	[10853] 2850	[10854] 2802	[10855] 2816	[10856] 2724	[10857] 2650	[10858] 4200	[10859] 2472	[10860] 2796	[10861] 3260	[10862] 2624	[10863] 2536	
[10864] 3702	[10865] 2510	[10866] 2580	[10867] 3340	[10868] 4010	[10869] 3860	[10870] 3862	[10871] 2596	[10872] 2558	[10873] 3402	[10874] 2740	[10875] 2850	[10876] 3560	[10877] 2654	[10878] 3924	[10879] 3736	
[10880] 3002	[10881] 3046	[10882] 3690	[10883] 3102	[10884] 2868	[10885] 3708	[10886] 2638	[10887] 2852	[10888] 3404	[10889] 3098	[10890] 2744	[10891] 3852	[10892] 3428	[10893] 3300	[10894] 3220	[10895] 2854	
[10896] 2894	[10897] 3916	[10898] 3028	[10899] 3042	[10900] 3852	[10901] 3132	[10902] 2770	[10903] 3848	[10904] 2980	[10905] 2646	[10906] 3704	[10907] 2780	[10908] 2640	[10909] 3714	[10910] 2998	[10911] 2832	
[10912] 3688	[10913] 2802	[10914] 2636	[10915] 3802	[10916] 2760	[10917] 2656	[10918] 2752	[10919] 3842	[10920] 2794	[10921] 2850	[10922] 3612	[10923] 2784	[10924] 2600	[10925] 3686	[10926] 2734	[10927] 2896	
[10928] 2948	[10929] 2894	[10930] 2902	[10931] 3106	[10932] 3104	[10933] 2912	[10934] 3570	[10935] 2806	[10936] 2910	[10937] 3490	[10938] 2676	[10939] 2870	[10940] 3630	[10941] 2722	[10942] 3520	[10943] 2850	
[10944] 3476	[10945] 2794	[10946] 2744	[10947] 3738	[10948] 3008	[10949] 2922	[10950] 4474	[10951] 2964	[10952] 3026	[10953] 3874	[10954] 2732	[10955] 2716	[10956] 3554	[10957] 2858	[10958] 2640	[10959] 3730	
[10960] 2812	[10961] 3014	[10962] 3064	[10963] 2974	[10964] 3056	[10965] 3706	[10966] 2642	[10967] 2866	[10968] 2744	[10969] 3752	[10970] 2982	[10971] 3114	[10972] 3564	[10973] 2964	[10974] 3818	[10975] 3650	
[10976] 2980	[10977] 3880	[10978] 2964	[10979] 3042	[10980] 3688	[10981] 3616	[10982] 2852	[10983] 3812	[10984] 3672	[10985] 3746	[10986] 3024	[10987] 4200	[10988] 3018	[10989] 3076	[10990] 2804	[10991] 4096	
[10992] 2992	[10993] 2850	[10994] 3538	[10995] 3102	[10996] 3032	[10997] 3646	[10998] 2744	[10999] 3068	[11000] 3506	[11001] 3090	[11002] 2806	[11003] 3702	[11004] 2932	[11005] 2964	[11006] 3536	[11007] 2814	
[11008] 2742	[11009] 3688	[11010] 2630	[11011] 2968	[11012] 3704	[11013] 2850	[11014] 2822	[11015] 3522	[11016] 3028	[11017] 2926	[11018] 2868	[11019] 3470	[11020] 3026	[11021] 3016	[11022] 3634	[11023] 3010	
[11024] 2912	[11025] 3432	[11026] 2726	[11027] 2874	[11028] 3988	[11029] 2980	[11030] 2762	[11031] 3236	[11032] 3164	[11033] 2700	[11034] 3750	[11035] 2968	[11036] 2854	[11037] 3424	[11038] 2782	[11039] 2676	
[11040] 3902	[11041] 2920	[11042] 3158	[11043] 2918	[11044] 3444	[11045] 3690	[11046] 3130	[11047] 3238	[11048] 3116	[11049] 2850	[11050] 3706	[11051] 2938	[11052] 3474	[11053] 3620	[11054] 3068	[11055] 2638	
[11056] 3618	[11057] 2934	[11058] 2718	[11059] 3456	[11060] 3390	[11061] 2956	[11062] 3238	[11063] 2980	[11064] 3118	[11065] 3450	[11066] 3202	[11067] 2794	[11068] 2852	[11069] 3556	[11070] 2850	[11071] 2868	
[11072] 3876	[11073] 2596	[11074] 3118	[11075] 3126	[11076] 3100	[11077] 2894	[11078] 3538	[11079] 2920	[11080] 2850	[11081] 3454	[11082] 2860	[11083] 2896	[11084] 3708	[11085] 2982	[11086] 2762	[11087] 3130	
[11088] 2776	[11089] 2776	[11090] 3662	[11091] 2910	[11092] 3114	[11093] 2982	[11094] 4272	[11095] 2804	[11096] 2940	[11097] 3644	[11098] 2850	[11099] 2858	[11100] 3706	[11101] 2896	[11102] 2744	[11103] 3628	
[11104] 3064	[11105] 2940	[11106] 3934	[11107] 2982	[11108] 2778	[11109] 3434	[11110] 3078	[11111] 2976	[11112] 3616	[11113] 2940	[11114] 2830	[11115] 3580	[11116] 3218	[11117] 3098	[11118] 2718	[11119] 2880	
[11120] 3108	[11121] 2682	[11122] 3510	[11123] 2982	[11124] 3194	[11125] 3448	[11126] 3544	[11127] 2866	[11128] 3824	[11129] 3000	[11130] 3170	[11131] 2820	[11132] 2788	[11133] 2672	[11134] 3618	[11135] 2964	
[11136] 2744	[11137] 3602	[11138] 3162	[11139] 3714	[11140] 3808	[11141] 3228	[11142] 2874	[11143] 2882	[11144] 3634	[11145] 2830	[11146] 3034	[11147] 3078	[11148] 2866	[11149] 2822	[11150] 3732	[11151] 2864	
[11152] 2882	[11153] 3572	[11154] 3046	[11155] 2824	[11156] 3970	[11157] 2998	[11158] 3162	[11159] 3430	[11160] 2848	[11161] 3212	[11162] 3556	[11163] 2826	[11164] 3732	[11165] 3612	[11166] 2876	[11167] 2680	
[11168] 3180	[11169] 2902	[11170] 2848	[11171] 2818	[11172] 4376	[11173] 2988	[11174] 3124	[11175] 3518	[11176] 3000	[11177] 2830	[11178] 3638	[11179] 2976	[11180] 2768	[11181] 3448	[11182] 2876	[11183] 2788	
[11184] 3724	[11185] 2682	[11186] 3168	[11187] 3688	[11188] 3264	[11189] 2914	[11190] 3486	[11191] 2536	[11192] 3222	[11193] 2942	[11194] 4568	[11195] 2982	[11196] 2940	[11197] 3708	[11198] 3088	[11199] 2918	
[11200] 3802	[11201] 2952	[11202] 3070	[11203] 3582	[11204] 2848	[11205] 2914	[11206] 3644	[11207] 2838	[11208] 2840	[11209] 3678	[11210] 2762	[11211] 2762	[11212] 3814	[11213] 2920	[11214] 2846	[11215] 3644	
[11216] 2784	[11217] 2950	[11218] 2848	[11219] 3652	[11220] 2828	[11221] 2656	[11222] 3802	[11223] 2924	[11224] 2752	[11225] 3452	[11226] 3122	[11227] 2918	[11228] 3880	[11229] 2710	[11230] 2768	[11231] 3974	
[11232] 2896	[11233] 2692	[11234] 3834	[11235] 2982	[11236] 2844	[11237] 3492	[11238] 3064	[11239] 2918	[11240] 3934	[11241] 2970	[11242] 2796	[11243] 2912	[11244] 3522	[11245] 2968	[11246] 2870	[11247] 2976	
[11248] 3108	[11249] 2876	[11250] 3266	[11251] 2786	[11252] 2848	[11253] 3434	[11254] 3122	[11255] 2912	[11256] 3734	[11257] 2920	[11258] 2930	[11259] 3274	[11260] 2780	[11261] 2912	[11262] 3768	[11263] 2804	
QP qtt = 1

[0] 4766	[1] 3028	[2] 1872	[3] 1898	[4] 2058	[5] 1804	[6] 1782	[7] 1892	[8] 2922	[9] 1780	[10] 1824	[11] 1794	[12] 1814	[13] 1802	[14] 1894	[15] 2024	
[16] 2022	[17] 1826	[18] 2030	[19] 2182	[20] 1886	[21] 1936	[22] 2034	[23] 1824	[24] 2004	[25] 1836	[26] 2014	[27] 1954	[28] 2106	[29] 2012	[30] 2122	[31] 1774	
[32] 1958	[33] 1878	[34] 2036	[35] 1772	[36] 2118	[37] 2258	[38] 3140	[39] 1954	[40] 2634	[41] 1872	[42] 2084	[43] 2030	[44] 1874	[45] 1960	[46] 1858	[47] 2138	
[48] 1840	[49] 3020	[50] 1934	[51] 1818	[52] 1780	[53] 1946	[54] 2182	[55] 1740	[56] 1958	[57] 1798	[58] 1994	[59] 1874	[60] 2162	[61] 1734	[62] 2184	[63] 1960	
[64] 1878	[65] 1946	[66] 1900	[67] 2488	[68] 2160	[69] 2030	[70] 2026	[71] 2184	[72] 1776	[73] 2100	[74] 1792	[75] 2012	[76] 1932	[77] 1822	[78] 1840	[79] 1916	
[80] 2988	[81] 1994	[82] 1948	[83] 1994	[84] 1842	[85] 1810	[86] 1822	[87] 1824	[88] 2128	[89] 2010	[90] 1960	[91] 2140	[92] 1830	[93] 2866	[94] 1942	[95] 2026	
[96] 2458	[97] 1858	[98] 1792	[99] 3370	[100] 2044	[101] 1818	[102] 1916	[103] 1812	[104] 1906	[105] 2134	[106] 1866	[107] 2132	[108] 2054	[109] 1946	[110] 2112	[111] 2054	
[112] 1796	[113] 2572	[114] 1852	[115] 1828	[116] 1862	[117] 1788	[118] 1872	[119] 2124	[120] 2014	[121] 2082	[122] 1782	[123] 2018	[124] 1820	[125] 1782	[126] 2008	[127] 1972	
[128] 2038	[129] 1802	[130] 2390	[131] 1826	[132] 1952	[133] 2030	[134] 1792	[135] 2116	[136] 2060	[137] 1752	[138] 1944	[139] 2032	[140] 2180	[141] 1828	[142] 1908	[143] 2082	
[144] 1794	[145] 1726	[146] 1854	[147] 1962	[148] 2216	[149] 1828	[150] 1846	[151] 1892	[152] 2076	[153] 1750	[154] 1986	[155] 1978	[156] 1828	[157] 1920	[158] 1916	[159] 1976	
[160] 3152	[161] 1802	[162] 1918	[163] 1810	[164] 1904	[165] 1904	[166] 2010	[167] 1800	[168] 1904	[169] 1826	[170] 1976	[171] 1776	[172] 1880	[173] 1950	[174] 1814	[175] 1958	
[176] 1818	[177] 2918	[178] 1946	[179] 1780	[180] 2086	[181] 1952	[182] 2010	[183] 1878	[184] 2000	[185] 1804	[186] 2104	[187] 2120	[188] 2096	[189] 2026	[190] 1908	[191] 2846	
[192] 1848	[193] 2022	[194] 2014	[195] 1850	[196] 2012	[197] 1984	[198] 2060	[199] 1960	[200] 2086	[201] 1806	[202] 1928	[203] 1834	[204] 2250	[205] 1978	[206] 2054	[207] 2030	
[208] 1998	[209] 1856	[210] 2218	[211] 1830	[212] 1944	[213] 2004	[214] 2064	[215] 2048	[216] 2044	[217] 2154	[218] 1990	[219] 1856	[220] 2296	[221] 1812	[222] 2124	[223] 2042	
[224] 1928	[225] 2070	[226] 1916	[227] 1938	[228] 1958	[229] 2044	[230] 2102	[231] 1928	[232] 2434	[233] 1900	[234] 1904	[235] 1886	[236] 2092	[237] 2220	[238] 1976	[239] 2030	
[240] 2218	[241] 1924	[242] 2056	[243] 2146	[244] 1888	[245] 1920	[246] 2282	[247] 1950	[248] 2182	[249] 2314	[250] 1950	[251] 2188	[252] 2140	[253] 1922	[254] 1926	[255] 2318	
[256] 2170	[257] 1996	[258] 2156	[259] 1918	[260] 2172	[261] 2120	[262] 2156	[263] 3156	[264] 2058	[265] 1922	[266] 2136	[267] 1976	[268] 2266	[269] 2084	[270] 1940	[271] 2022	
[272] 2114	[273] 2182	[274] 1938	[275] 2180	[276] 2652	[277] 2042	[278] 2276	[279] 2064	[280] 1984	[281] 2654	[282] 1992	[283] 1998	[284] 2426	[285] 2044	[286] 2076	[287] 2202	
[288] 2198	[289] 2040	[290] 2374	[291] 2050	[292] 1986	[293] 2406	[294] 2118	[295] 2070	[296] 2154	[297] 2086	[298] 2022	[299] 2206	[300] 1982	[301] 1928	[302] 2032	[303] 2104	
[304] 2210	[305] 2154	[306] 2040	[307] 2222	[308] 2300	[309] 2102	[310] 2290	[311] 2056	[312] 2766	[313] 2342	[314] 2278	[315] 2140	[316] 2280	[317] 2148	[318] 2140	[319] 2542	
[320] 2172	[321] 2132	[322] 3106	[323] 2168	[324] 2316	[325] 2312	[326] 2076	[327] 2124	[328] 2400	[329] 2072	[330] 2274	[331] 2512	[332] 2100	[333] 3160	[334] 2370	[335] 2092	
[336] 2102	[337] 2804	[338] 2142	[339] 2076	[340] 2708	[341] 2308	[342] 2220	[343] 2488	[344] 3256	[345] 2296	[346] 2250	[347] 2240	[348] 2368	[349] 2484	[350] 2140	[351] 2604	
[352] 2386	[353] 2456	[354] 2160	[355] 2496	[356] 2420	[357] 2242	[358] 2216	[359] 2254	[360] 2140	[361] 2480	[362] 2654	[363] 2454	[364] 2460	[365] 2200	[366] 2222	[367] 2532	
[368] 2282	[369] 2262	[370] 2700	[371] 2302	[372] 2524	[373] 2344	[374] 2378	[375] 2400	[376] 2334	[377] 2864	[378] 2524	[379] 2346	[380] 2662	[381] 2402	[382] 2534	[383] 2696	
[384] 2430	[385] 2420	[386] 2710	[387] 2442	[388] 2368	[389] 2732	[390] 2310	[391] 2360	[392] 2648	[393] 2344	[394] 2326	[395] 2680	[396] 2368	[397] 2484	[398] 2978	[399] 2728	
[400] 2378	[401] 2430	[402] 2624	[403] 3174	[404] 2772	[405] 3270	[406] 2818	[407] 2708	[408] 3116	[409] 2890	[410] 2790	[411] 3126	[412] 2624	[413] 2604	[414] 2874	[415] 2678	
[416] 2562	[417] 3068	[418] 2692	[419] 3636	[420] 3048	[421] 2668	[422] 2748	[423] 3150	[424] 2976	[425] 2728	[426] 3000	[427] 2812	[428] 2600	[429] 3012	[430] 2640	[431] 2874	
[432] 3154	[433] 2708	[434] 2700	[435] 3506	[436] 3062	[437] 2966	[438] 3386	[439] 3088	[440] 2740	[441] 3480	[442] 2738	[443] 2614	[444] 3042	[445] 2628	[446] 2672	[447] 4350	
[448] 2810	[449] 3544	[450] 3942	[451] 2628	[452] 3252	[453] 2756	[454] 2724	[455] 3436	[456] 2756	[457] 2538	[458] 3434	[459] 2550	[460] 2850	[461] 3490	[462] 3000	[463] 3560	
[464] 3870	[465] 2590	[466] 2874	[467] 3750	[468] 3044	[469] 2984	[470] 3802	[471] 2982	[472] 3016	[473] 3688	[474] 3052	[475] 2746	[476] 2998	[477] 3044	[478] 3748	[479] 2848	
[480] 3002	[481] 3612	[482] 2998	[483] 2888	[484] 3514	[485] 3016	[486] 3132	[487] 3626	[488] 2898	[489] 2992	[490] 3496	[491] 3010	[492] 3068	[493] 3864	[494] 2836	[495] 2994	
[496] 3662	[497] 3620	[498] 2842	[499] 3044	[500] 2892	[501] 3840	[502] 3008	[503] 2958	[504] 3838	[505] 3494	[506] 2832	[507] 3600	[508] 3276	[509] 2832	[510] 3632	[511] 2972	
[512] 2974	[513] 3792	[514] 2854	[515] 2822	[516] 3554	[517] 2892	[518] 2754	[519] 3776	[520] 2850	[521] 2948	[522] 3722	[523] 3074	[524] 3000	[525] 3910	[526] 3136	[527] 2832	
[528] 3564	[529] 3098	[530] 2912	[531] 3844	[532] 2968	[533] 2956	[534] 3776	[535] 2968	[536] 2918	[537] 3680	[538] 2918	[539] 2734	[540] 3960	[541] 2742	[542] 2982	[543] 3632	
[544] 3222	[545] 2938	[546] 3884	[547] 2780	[548] 3196	[549] 2940	[550] 3748	[551] 2940	[552] 2972	[553] 3642	[554] 2824	[555] 2956	[556] 3488	[557] 2958	[558] 2778	[559] 3952	
[560] 3002	[561] 3048	[562] 3512	[563] 2992	[564] 3018	[565] 3838	[566] 2762	[567] 3540	[568] 3596	[569] 3908	[570] 2804	[571] 4166	[572] 3028	[573] 2786	[574] 3106	[575] 4030	
[576] 2940	[577] 2952	[578] 3916	[579] 2698	[580] 3082	[581] 3580	[582] 2892	[583] 2762	[584] 3750	[585] 3388	[586] 2888	[587] 3036	[588] 2964	[589] 2792	[590] 3750	[591] 3202	
[592] 3120	[593] 3660	[594] 2808	[595] 2716	[596] 3656	[597] 2704	[598] 3132	[599] 2980	[600] 3726	[601] 3000	[602] 2904	[603] 3854	[604] 3000	[605] 2876	[606] 3652	[607] 2906	
[608] 2924	[609] 3626	[610] 2936	[611] 2668	[612] 3672	[613] 3118	[614] 2952	[615] 3000	[616] 3154	[617] 2662	[618] 3844	[619] 2886	[620] 2882	[621] 3644	[622] 2892	[623] 3000	
[624] 2998	[625] 3824	[626] 3062	[627] 2990	[628] 2956	[629] 2938	[630] 3086	[631] 2956	[632] 3024	[633] 2692	[634] 3512	[635] 2530	[636] 2716	[637] 3634	[638] 2758	[639] 2720	
[640] 3742	[641] 2726	[642] 2846	[643] 2630	[644] 2992	[645] 2568	[646] 3822	[647] 2698	[648] 2982	[649] 2952	[650] 3648	[651] 2728	[652] 2848	[653] 3626	[654] 3094	[655] 2502	
[656] 3776	[657] 2700	[658] 3062	[659] 3652	[660] 3036	[661] 3708	[662] 4128	[663] 2692	[664] 3008	[665] 3876	[666] 3098	[667] 2720	[668] 3880	[669] 2670	[670] 2988	[671] 3642	
[672] 2832	[673] 2650	[674] 3042	[675] 2654	[676] 2854	[677] 2652	[678] 3558	[679] 2538	[680] 2792	[681] 3548	[682] 2718	[683] 2700	[684] 2894	[685] 2500	[686] 2744	[687] 3820	
[688] 2868	[689] 2620	[690] 3536	[691] 2684	[692] 2648	[693] 3808	[694] 2984	[695] 2616	[696] 3638	[697] 3346	[698] 2736	[699] 2760	[700] 3576	[701] 2700	[702] 2868	[703] 3496	
[704] 2686	[705] 2724	[706] 3872	[707] 2746	[708] 3378	[709] 3618	[710] 3556	[711] 2620	[712] 3392	[713] 2788	[714] 3122	[715] 3540	[716] 3554	[717] 2656	[718] 3686	[719] 3750	
[720] 3196	[721] 3678	[722] 3018	[723] 3046	[724] 3078	[725] 3024	[726] 3282	[727] 3234	[728] 3674	[729] 2746	[730] 2896	[731] 3582	[732] 2996	[733] 2958	[734] 4018	[735] 2938	
[736] 2976	[737] 3602	[738] 2954	[739] 2938	[740] 3838	[741] 2918	[742] 2898	[743] 3918	[744] 3044	[745] 2954	[746] 3970	[747] 2996	[748] 2968	[749] 3026	[750] 3700	[751] 3038	
[752] 2998	[753] 3812	[754] 3070	[755] 2894	[756] 3874	[757] 2714	[758] 3044	[759] 3610	[760] 3044	[761] 2726	[762] 3886	[763] 2734	[764] 3020	[765] 3788	[766] 3016	[767] 3044	
[768] 3458	[769] 2690	[770] 2956	[771] 3042	[772] 2940	[773] 3120	[774] 3236	[775] 4120	[776] 3300	[777] 2956	[778] 4262	[779] 2992	[780] 2896	[781] 3608	[782] 3008	[783] 2998	
[784] 3496	[785] 3000	[786] 2826	[787] 3540	[788] 3062	[789] 2888	[790] 3724	[791] 2870	[792] 3018	[793] 3624	[794] 3030	[795] 3786	[796] 3766	[797] 3060	[798] 3112	[799] 2890	
[800] 3786	[801] 2980	[802] 2830	[803] 3618	[804] 2922	[805] 2972	[806] 3940	[807] 2870	[808] 3000	[809] 3632	[810] 2964	[811] 2762	[812] 3122	[813] 2530	[814] 2914	[815] 3574	
[816] 2812	[817] 2972	[818] 3702	[819] 2892	[820] 2680	[821] 3812	[822] 2824	[823] 2830	[824] 3052	[825] 4332	[826] 2894	[827] 2742	[828] 3512	[829] 2684	[830] 3070	[831] 3628	
[832] 3126	[833] 2884	[834] 3796	[835] 2832	[836] 2980	[837] 3560	[838] 2992	[839] 2806	[840] 3770	[841] 2938	[842] 3740	[843] 3898	[844] 2998	[845] 2806	[846] 4828	[847] 2658	
[848] 3062	[849] 2762	[850] 3920	[851] 3334	[852] 2858	[853] 3604	[854] 2940	[855] 2704	[856] 2940	[857] 2774	[858] 2850	[859] 3802	[860] 2648	[861] 2776	[862] 3664	[863] 2558	
[864] 2794	[865] 3828	[866] 2868	[867] 2778	[868] 3518	[869] 2780	[870] 3166	[871] 3566	[872] 3000	[873] 2586	[874] 3062	[875] 3848	[876] 3018	[877] 2980	[878] 3688	[879] 2752	
[880] 3682	[881] 3642	[882] 3082	[883] 2748	[884] 3628	[885] 2914	[886] 3090	[887] 4194	[888] 2832	[889] 2998	[890] 3682	[891] 2982	[892] 3018	[893] 3784	[894] 2796	[895] 2852	
[896] 3520	[897] 2878	[898] 3090	[899] 2850	[900] 3974	[901] 2938	[902] 3094	[903] 3848	[904] 3070	[905] 2658	[906] 3874	[907] 2928	[908] 3706	[909] 3574	[910] 2896	[911] 2768	
[912] 4378	[913] 2752	[914] 2824	[915] 4068	[916] 3048	[917] 3004	[918] 3874	[919] 2918	[920] 3052	[921] 3682	[922] 2896	[923] 3000	[924] 3000	[925] 3814	[926] 2938	[927] 2852	
[928] 3546	[929] 2980	[930] 2998	[931] 3606	[932] 2964	[933] 2772	[934] 3748	[935] 2850	[936] 2882	[937] 3606	[938] 2906	[939] 2912	[940] 3812	[941] 3522	[942] 2974	[943] 3538	
[944] 3226	[945] 2814	[946] 3750	[947] 2994	[948] 3168	[949] 3884	[950] 4006	[951] 2850	[952] 2776	[953] 4106	[954] 3044	[955] 2744	[956] 3764	[957] 2892	[958] 2904	[959] 3600	
[960] 2902	[961] 3026	[962] 3880	[963] 3020	[964] 3206	[965] 3838	[966] 3970	[967] 2938	[968] 3996	[969] 3814	[970] 3132	[971] 3838	[972] 3030	[973] 3046	[974] 3046	[975] 3958	
[976] 3186	[977] 2824	[978] 3768	[979] 2954	[980] 2928	[981] 3838	[982] 2958	[983] 2786	[984] 4386	[985] 2956	[986] 3028	[987] 3578	[988] 3002	[989] 2790	[990] 3538	[991] 2954	
[992] 2928	[993] 3868	[994] 2910	[995] 2670	[996] 3752	[997] 2938	[998] 3324	[999] 2914	[1000] 3726	[1001] 2984	[1002] 2832	[1003] 3506	[1004] 2868	[1005] 3044	[1006] 3586	[1007] 2868	
[1008] 2878	[1009] 3626	[1010] 3084	[1011] 2980	[1012] 3528	[1013] 2922	[1014] 2868	[1015] 3642	[1016] 3000	[1017] 2974	[1018] 3514	[1019] 2958	[1020] 2910	[1021] 3602	[1022] 2888	[1023] 3288	
[10240] 3734	[10241] 2966	[10242] 2904	[10243] 3680	[10244] 2956	[10245] 2938	[10246] 3794	[10247] 2902	[10248] 3024	[10249] 2898	[10250] 3796	[10251] 3108	[10252] 3858	[10253] 3020	[10254] 3074	[10255] 2980	
[10256] 3722	[10257] 2988	[10258] 3290	[10259] 3538	[10260] 3124	[10261] 2950	[10262] 3594	[10263] 2874	[10264] 2932	[10265] 3252	[10266] 2936	[10267] 2862	[10268] 3856	[10269] 2964	[10270] 2880	[10271] 2938	
[10272] 3068	[10273] 2842	[10274] 3044	[10275] 3646	[10276] 2966	[10277] 2968	[10278] 3688	[10279] 3008	[10280] 2926	[10281] 3268	[10282] 3024	[10283] 3478	[10284] 3796	[10285] 2956	[10286] 2982	[10287] 3644	
[10288] 3108	[10289] 2806	[10290] 3860	[10291] 2978	[10292] 2912	[10293] 3628	[10294] 3000	[10295] 2972	[10296] 3776	[10297] 2894	[10298] 3056	[10299] 2940	[10300] 3724	[10301] 2814	[10302] 2928	[10303] 4630	
[10304] 2972	[10305] 2984	[10306] 3940	[10307] 2922	[10308] 2964	[10309] 3490	[10310] 3004	[10311] 2974	[10312] 3908	[10313] 2606	[10314] 3154	[10315] 4106	[10316] 3210	[10317] 2958	[10318] 3830	[10319] 3760	
[10320] 3186	[10321] 3106	[10322] 2964	[10323] 2840	[10324] 2956	[10325] 3064	[10326] 3000	[10327] 2974	[10328] 3890	[10329] 2852	[10330] 2948	[10331] 3678	[10332] 2974	[10333] 2972	[10334] 3838	[10335] 2848	
[10336] 3026	[10337] 3660	[10338] 3128	[10339] 3726	[10340] 3740	[10341] 2866	[10342] 2956	[10343] 3820	[10344] 2982	[10345] 3562	[10346] 3900	[10347] 2894	[10348] 3034	[10349] 2998	[10350] 3798	[10351] 2956	
[10352] 3068	[10353] 3192	[10354] 3080	[10355] 2956	[10356] 3802	[10357] 2976	[10358] 3458	[10359] 3686	[10360] 3196	[10361] 3014	[10362] 3856	[10363] 3044	[10364] 3046	[10365] 3124	[10366] 3074	[10367] 3000	
[10368] 3862	[10369] 3070	[10370] 3132	[10371] 3662	[10372] 3052	[10373] 2718	[10374] 3026	[10375] 3900	[10376] 2966	[10377] 2834	[10378] 3706	[10379] 3020	[10380] 2904	[10381] 3688	[10382] 3042	[10383] 2974	
[10384] 3694	[10385] 2838	[10386] 3020	[10387] 3722	[10388] 3300	[10389] 3042	[10390] 3672	[10391] 2906	[10392] 3028	[10393] 3208	[10394] 3000	[10395] 2768	[10396] 3574	[10397] 2966	[10398] 3048	[10399] 2984	
[10400] 3966	[10401] 2948	[10402] 3036	[10403] 3948	[10404] 3050	[10405] 2958	[10406] 3980	[10407] 2922	[10408] 3000	[10409] 3070	[10410] 2894	[10411] 2842	[10412] 3688	[10413] 2778	[10414] 2980	[10415] 3662	
[10416] 3024	[10417] 2946	[10418] 3876	[10419] 2898	[10420] 2932	[10421] 3130	[10422] 2940	[10423] 2958	[10424] 2936	[10425] 3028	[10426] 2976	[10427] 2848	[10428] 3740	[10429] 2876	[10430] 2938	[10431] 3692	
[10432] 2994	[10433] 2864	[10434] 3854	[10435] 2780	[10436] 2916	[10437] 3514	[10438] 2976	[10439] 2672	[10440] 3644	[10441] 2654	[10442] 2964	[10443] 3766	[10444] 2966	[10445] 2802	[10446] 3554	[10447] 2918	
[10448] 3020	[10449] 3002	[10450] 3750	[10451] 3000	[10452] 3834	[10453] 3072	[10454] 3116	[10455] 2948	[10456] 3538	[10457] 2826	[10458] 3342	[10459] 3684	[10460] 3398	[10461] 3000	[10462] 3768	[10463] 3056	
[10464] 2998	[10465] 3664	[10466] 3158	[10467] 2880	[10468] 3854	[10469] 2846	[10470] 3044	[10471] 3134	[10472] 3020	[10473] 2830	[10474] 2954	[10475] 3652	[10476] 3212	[10477] 2826	[10478] 3928	[10479] 2970	
[10480] 3018	[10481] 3706	[10482] 2958	[10483] 2846	[10484] 3556	[10485] 2930	[10486] 3044	[10487] 3888	[10488] 3044	[10489] 3724	[10490] 3900	[10491] 2920	[10492] 2954	[10493] 3102	[10494] 2998	[10495] 2984	
[10496] 3564	[10497] 2810	[10498] 3114	[10499] 3044	[10500] 3946	[10501] 2960	[10502] 3028	[10503] 3856	[10504] 2964	[10505] 2954	[10506] 3848	[10507] 2942	[10508] 2962	[10509] 3088	[10510] 3074	[10511] 3028	
[10512] 3804	[10513] 2786	[10514] 2960	[10515] 3628	[10516] 3034	[10517] 2798	[10518] 3734	[10519] 2852	[10520] 2896	[10521] 3598	[10522] 3300	[10523] 2834	[10524] 3186	[10525] 3854	[10526] 2964	[10527] 2966	
[10528] 3892	[10529] 3004	[10530] 2964	[10531] 3512	[10532] 3002	[10533] 2762	[10534] 3966	[10535] 2774	[10536] 2908	[10537] 3212	[10538] 2936	[10539] 2692	[10540] 4008	[10541] 2876	[10542] 3104	[10543] 3796	
[10544] 3018	[10545] 2662	[10546] 3750	[10547] 3042	[10548] 3036	[10549] 2854	[10550] 4018	[10551] 3062	[10552] 3116	[10553] 3202	[10554] 3026	[10555] 3060	[10556] 4560	[10557] 3014	[10558] 3090	[10559] 3670	
[10560] 3034	[10561] 2850	[10562] 3796	[10563] 2762	[10564] 3028	[10565] 3238	[10566] 3062	[10567] 2952	[10568] 3670	[10569] 3046	[10570] 3036	[10571] 3064	[10572] 3126	[10573] 2770	[10574] 3106	[10575] 4126	
[10576] 3178	[10577] 2720	[10578] 3830	[10579] 2992	[10580] 2950	[10581] 3088	[10582] 3110	[10583] 2834	[10584] 3900	[10585] 2418	[10586] 3036	[10587] 3686	[10588] 3084	[10589] 2964	[10590] 3804	[10591] 2812	
[10592] 2984	[10593] 3176	[10594] 2992	[10595] 2972	[10596] 3364	[10597] 3060	[10598] 2952	[10599] 2866	[10600] 3606	[10601] 2954	[10602] 2972	[10603] 3554	[10604] 2968	[10605] 2778	[10606] 3766	[10607] 2956	
[10608] 2940	[10609] 3114	[10610] 3016	[10611] 2850	[10612] 3770	[10613] 2936	[10614] 3166	[10615] 3660	[10616] 2984	[10617] 2786	[10618] 4500	[10619] 2702	[10620] 2984	[10621] 3058	[10622] 3106	[10623] 2974	
[10624] 3096	[10625] 3062	[10626] 3102	[10627] 3020	[10628] 3968	[10629] 2724	[10630] 2996	[10631] 3794	[10632] 3020	[10633] 3384	[10634] 3750	[10635] 2916	[10636] 2948	[10637] 3874	[10638] 3042	[10639] 2936	
[10640] 3584	[10641] 2786	[10642] 3062	[10643] 3690	[10644] 3008	[10645] 2896	[10646] 3586	[10647] 2718	[10648] 3020	[10649] 2998	[10650] 3794	[10651] 3016	[10652] 3194	[10653] 3124	[10654] 3018	[10655] 2984	
[10656] 3706	[10657] 3032	[10658] 3044	[10659] 3840	[10660] 3038	[10661] 2732	[10662] 4004	[10663] 2924	[10664] 3036	[10665] 3580	[10666] 3292	[10667] 3026	[10668] 3718	[10669] 2700	[10670] 3008	[10671] 2938	
[10672] 3018	[10673] 2664	[10674] 3006	[10675] 3706	[10676] 3018	[10677] 2976	[10678] 4358	[10679] 2982	[10680] 2914	[10681] 2998	[10682] 2906	[10683] 2972	[10684] 3686	[10685] 2850	[10686] 3158	[10687] 3604	
[10688] 3000	[10689] 2954	[10690] 3892	[10691] 3024	[10692] 2934	[10693] 3572	[10694] 3042	[10695] 2832	[10696] 3536	[10697] 3000	[10698] 2980	[10699] 2852	[10700] 3850	[10701] 2998	[10702] 2932	[10703] 3662	
[10704] 3592	[10705] 2770	[10706] 3878	[10707] 2898	[10708] 2940	[10709] 3668	[10710] 3104	[10711] 2972	[10712] 3944	[10713] 2564	[10714] 2956	[10715] 3600	[10716] 2956	[10717] 2948	[10718] 3930	[10719] 2932	
[10720] 2990	[10721] 3256	[10722] 3098	[10723] 2982	[10724] 3010	[10725] 3616	[10726] 3092	[10727] 2806	[10728] 3652	[10729] 3026	[10730] 3000	[10731] 3666	[10732] 3306	[10733] 2796	[10734] 3836	[10735] 3026	
[10736] 3094	[10737] 3212	[10738] 3080	[10739] 3008	[10740] 3874	[10741] 3852	[10742] 3034	[10743] 3602	[10744] 3002	[10745] 2974	[10746] 3618	[10747] 2806	[10748] 3008	[10749] 2938	[10750] 3918	[10751] 2744	
[10752] 2980	[10753] 3080	[10754] 3014	[10755] 2842	[10756] 3812	[10757] 2868	[10758] 3146	[10759] 3816	[10760] 3324	[10761] 2908	[10762] 3916	[10763] 3034	[10764] 3316	[10765] 3826	[10766] 3206	[10767] 2930	
[10768] 3534	[10769] 2608	[10770] 2804	[10771] 3054	[10772] 3080	[10773] 3802	[10774] 3184	[10775] 5038	[10776] 3132	[10777] 2514	[10778] 3806	[10779] 2686	[10780] 2872	[10781] 3664	[10782] 2898	[10783] 2716	
[10784] 3860	[10785] 2708	[10786] 3618	[10787] 3672	[10788] 3046	[10789] 3290	[10790] 3818	[10791] 2674	[10792] 2898	[10793] 4286	[10794] 3060	[10795] 2956	[10796] 3766	[10797] 3012	[10798] 3232	[10799] 3830	
[10800] 3576	[10801] 3884	[10802] 3046	[10803] 3900	[10804] 2980	[10805] 2850	[10806] 4864	[10807] 2762	[10808] 2912	[10809] 3636	[10810] 2988	[10811] 2982	[10812] 3824	[10813] 2788	[10814] 2982	[10815] 3656	
[10816] 2956	[10817] 2902	[10818] 3908	[10819] 2818	[10820] 3020	[10821] 4388	[10822] 3300	[10823] 2992	[10824] 3060	[10825] 3172	[10826] 3020	[10827] 2972	[10828] 3766	[10829] 2806	[10830] 2956	[10831] 3882	
[10832] 3104	[10833] 2886	[10834] 3848	[10835] 2852	[10836] 3732	[10837] 3652	[10838] 3196	[10839] 2778	[10840] 4034	[10841] 2804	[10842] 3064	[10843] 3682	[10844] 3000	[10845] 2822	[10846] 3708	[10847] 4112	
[10848] 3066	[10849] 3000	[10850] 4078	[10851] 2852	[10852] 2972	[10853] 3300	[10854] 3094	[10855] 2986	[10856] 3962	[10857] 2870	[10858] 3034	[10859] 3574	[10860] 3302	[10861] 2910	[10862] 3788	[10863] 2946	
[10864] 3150	[10865] 3328	[10866] 3022	[10867] 3026	[10868] 4022	[10869] 3030	[10870] 3036	[10871] 3212	[10872] 3220	[10873] 2846	[10874] 2948	[10875] 3644	[10876] 3104	[10877] 3044	[10878] 3944	[10879] 2834	
[10880] 3000	[10881] 3212	[10882] 2976	[10883] 2956	[10884] 3292	[10885] 2976	[10886] 2954	[10887] 3842	[10888] 3062	[10889] 2850	[10890] 3646	[10891] 3002	[10892] 2956	[10893] 3080	[10894] 2956	[10895] 2680	
[10896] 3112	[10897] 3204	[10898] 3022	[10899] 2816	[10900] 3406	[10901] 3000	[10902] 3046	[10903] 3662	[10904] 3018	[10905] 2936	[10906] 3564	[10907] 2874	[10908] 2926	[10909] 2964	[10910] 3028	[10911] 2932	
[10912] 3838	[10913] 2918	[10914] 3046	[10915] 3906	[10916] 3098	[10917] 2912	[10918] 3750	[10919] 2684	[10920] 2954	[10921] 3066	[10922] 3076	[10923] 3018	[10924] 2938	[10925] 3664	[10926] 3296	[10927] 3000	
[10928] 3774	[10929] 2836	[10930] 2894	[10931] 3848	[10932] 3170	[10933] 2778	[10934] 3794	[10935] 3820	[10936] 3142	[10937] 3658	[10938] 3064	[10939] 3018	[10940] 4464	[10941] 2930	[10942] 3104	[10943] 3642	
[10944] 2996	[10945] 2936	[10946] 3430	[10947] 3080	[10948] 3002	[10949] 3508	[10950] 3652	[10951] 2974	[10952] 2996	[10953] 3690	[10954] 3018	[10955] 2928	[10956] 3968	[10957] 2966	[10958] 3024	[10959] 3656	
[10960] 3044	[10961] 2936	[10962] 3562	[10963] 3072	[10964] 3000	[10965] 3018	[10966] 3080	[10967] 3018	[10968] 3834	[10969] 3046	[10970] 3018	[10971] 3342	[10972] 3102	[10973] 2848	[10974] 3062	[10975] 3838	
[10976] 3268	[10977] 2902	[10978] 3900	[10979] 3038	[10980] 3210	[10981] 3028	[10982] 3212	[10983] 2850	[10984] 3690	[10985] 2996	[10986] 3026	[10987] 3662	[10988] 2966	[10989] 2892	[10990] 4720	[10991] 2988	
[10992] 2958	[10993] 3150	[10994] 3150	[10995] 2876	[10996] 3392	[10997] 2774	[10998] 3064	[10999] 3018	[11000] 3944	[11001] 2956	[11002] 3060	[11003] 3690	[11004] 3084	[11005] 3016	[11006] 3900	[11007] 3020	
[11008] 3022	[11009] 3274	[11010] 3052	[11011] 3032	[11012] 3750	[11013] 3018	[11014] 3008	[11015] 3636	[11016] 3018	[11017] 2922	[11018] 3748	[11019] 3084	[11020] 2998	[11021] 3008	[11022] 3088	[11023] 2970	
[11024] 3042	[11025] 4034	[11026] 3072	[11027] 2742	[11028] 3906	[11029] 2980	[11030] 2980	[11031] 3616	[11032] 2982	[11033] 2784	[11034] 3786	[11035] 2762	[11036] 3686	[11037] 3664	[11038] 3626	[11039] 2948	
[11040] 3778	[11041] 2592	[11042] 2918	[11043] 3774	[11044] 3018	[11045] 3046	[11046] 3548	[11047] 2668	[11048] 2984	[11049] 2946	[11050] 4518	[11051] 2960	[11052] 2918	[11053] 3194	[11054] 3008	[11055] 2848	
[11056] 3768	[11057] 2948	[11058] 2970	[11059] 4306	[11060] 3010	[11061] 2850	[11062] 4026	[11063] 3264	[11064] 2972	[11065] 3212	[11066] 3016	[11067] 2924	[11068] 3854	[11069] 2852	[11070] 2984	[11071] 2700	
[11072] 3128	[11073] 3046	[11074] 3062	[11075] 3122	[11076] 3110	[11077] 2864	[11078] 3670	[11079] 3000	[11080] 3012	[11081] 3634	[11082] 3364	[11083] 2820	[11084] 3450	[11085] 2822	[11086] 4006	[11087] 4244	
[11088] 3018	[11089] 2802	[11090] 3750	[11091] 2974	[11092] 3014	[11093] 3858	[11094] 3052	[11095] 2956	[11096] 3638	[11097] 2966	[11098] 2910	[11099] 2930	[11100] 3758	[11101] 3000	[11102] 2948	[11103] 3528	
[11104] 2966	[11105] 2990	[11106] 3942	[11107] 2814	[11108] 3952	[11109] 3668	[11110] 3616	[11111] 2994	[11112] 3882	[11113] 3002	[11114] 2946	[11115] 3620	[11116] 3000	[11117] 2868	[11118] 3768	[11119] 2982	
[11120] 3044	[11121] 3060	[11122] 3118	[11123] 3768	[11124] 3044	[11125] 3266	[11126] 3126	[11127] 2728	[11128] 4048	[11129] 3008	[11130] 3018	[11131] 3618	[11132] 3036	[11133] 2762	[11134] 3792	[11135] 2958	
[11136] 3070	[11137] 3868	[11138] 2936	[11139] 2886	[11140] 3546	[11141] 3026	[11142] 2928	[11143] 3644	[11144] 2914	[11145] 2980	[11146] 3670	[11147] 2936	[11148] 3916	[11149] 3018	[11150] 3926	[11151] 3018	
[11152] 3098	[11153] 3478	[11154] 3056	[11155] 2932	[11156] 3516	[11157] 2972	[11158] 3168	[11159] 3840	[11160] 3106	[11161] 2814	[11162] 3900	[11163] 3008	[11164] 3078	[11165] 3076	[11166] 3106	[11167] 2910	
[11168] 3576	[11169] 3046	[11170] 3090	[11171] 3190	[11172] 3036	[11173] 2930	[11174] 2944	[11175] 3838	[11176] 3062	[11177] 2886	[11178] 3892	[11179] 2824	[11180] 2956	[11181] 3156	[11182] 3654	[11183] 2702	
[11184] 3798	[11185] 2958	[11186] 3044	[11187] 3660	[11188] 2980	[11189] 2808	[11190] 3768	[11191] 2954	[11192] 3044	[11193] 3812	[11194] 3104	[11195] 2940	[11196] 4350	[11197] 3028	[11198] 3098	[11199] 2806	
[11200] 3910	[11201] 2756	[11202] 3066	[11203] 3754	[11204] 2974	[11205] 3584	[11206] 3750	[11207] 3402	[11208] 3116	[11209] 3678	[11210] 3104	[11211] 2974	[11212] 3752	[11213] 2762	[11214] 3042	[11215] 3672	
[11216] 3026	[11217] 2870	[11218] 3726	[11219] 2946	[11220] 2936	[11221] 2948	[11222] 3524	[11223] 3010	[11224] 3014	[11225] 3618	[11226] 3082	[11227] 2760	[11228] 3670	[11229] 2942	[11230] 3024	[11231] 3600	
[11232] 3132	[11233] 2936	[11234] 3674	[11235] 2928	[11236] 3070	[11237] 3256	[11238] 3076	[11239] 2902	[11240] 3512	[11241] 3038	[11242] 3026	[11243] 3686	[11244] 3232	[11245] 3000	[11246] 3754	[11247] 2796	
[11248] 2948	[11249] 2914	[11250] 3822	[11251] 2754	[11252] 3036	[11253] 3072	[11254] 3196	[11255] 3148	[11256] 3796	[11257] 2894	[11258] 2972	[11259] 3600	[11260] 3000	[11261] 2826	[11262] 3846	[11263] 2828	
QP qtt = 2

[0] 5108	[1] 2458	[2] 2502	[3] 1966	[4] 2180	[5] 3048	[6] 1944	[7] 2034	[8] 1958	[9] 2020	[10] 1932	[11] 2226	[12] 1930	[13] 2004	[14] 1928	[15] 2128	
[16] 1930	[17] 1978	[18] 2082	[19] 1992	[20] 2826	[21] 1998	[22] 1926	[23] 1974	[24] 1940	[25] 2294	[26] 1958	[27] 2198	[28] 2208	[29] 2722	[30] 2090	[31] 2042	
[32] 2052	[33] 2272	[34] 1954	[35] 2136	[36] 2138	[37] 1978	[38] 2076	[39] 2030	[40] 1970	[41] 2116	[42] 2320	[43] 1988	[44] 2028	[45] 2228	[46] 1916	[47] 2148	
[48] 1976	[49] 1958	[50] 2048	[51] 2174	[52] 1954	[53] 2116	[54] 1928	[55] 2716	[56] 1978	[57] 2008	[58] 1924	[59] 2102	[60] 1978	[61] 2156	[62] 1922	[63] 1996	
[64] 1944	[65] 2088	[66] 1904	[67] 2170	[68] 3122	[69] 2030	[70] 2068	[71] 2992	[72] 2094	[73] 2242	[74] 3146	[75] 2144	[76] 1960	[77] 1990	[78] 1996	[79] 1978	
[80] 1986	[81] 2202	[82] 2004	[83] 1920	[84] 2114	[85] 2074	[86] 1886	[87] 2234	[88] 1974	[89] 2014	[90] 2366	[91] 1972	[92] 1950	[93] 3004	[94] 1950	[95] 2298	
[96] 3424	[97] 1986	[98] 2030	[99] 3030	[100] 2040	[101] 2218	[102] 2078	[103] 1964	[104] 2164	[105] 2026	[106] 1836	[107] 2140	[108] 2012	[109] 1994	[110] 2218	[111] 2170	
[112] 2404	[113] 1974	[114] 1906	[115] 2104	[116] 2042	[117] 2002	[118] 2104	[119] 1992	[120] 2062	[121] 2176	[122] 1928	[123] 2120	[124] 2216	[125] 2164	[126] 2028	[127] 2016	
[128] 1908	[129] 2220	[130] 2042	[131] 2018	[132] 2028	[133] 2932	[134] 2032	[135] 2032	[136] 1956	[137] 2340	[138] 2006	[139] 2150	[140] 1946	[141] 1914	[142] 1940	[143] 2018	
[144] 2130	[145] 2018	[146] 2054	[147] 2250	[148] 2078	[149] 2148	[150] 2566	[151] 2176	[152] 2000	[153] 2146	[154] 2056	[155] 2096	[156] 1954	[157] 1944	[158] 1950	[159] 1958	
[160] 2080	[161] 2178	[162] 1946	[163] 2168	[164] 2102	[165] 2090	[166] 2212	[167] 2186	[168] 1988	[169] 2252	[170] 2060	[171] 2178	[172] 2072	[173] 2262	[174] 2916	[175] 2164	
[176] 1958	[177] 2416	[178] 2274	[179] 2300	[180] 2088	[181] 2256	[182] 2310	[183] 2260	[184] 1962	[185] 2026	[186] 1926	[187] 2008	[188] 2336	[189] 2064	[190] 1906	[191] 2290	
[192] 2018	[193] 3328	[194] 2174	[195] 2000	[196] 2052	[197] 2242	[198] 1902	[199] 2152	[200] 2012	[201] 2170	[202] 2104	[203] 2120	[204] 2064	[205] 2176	[206] 1978	[207] 2014	
[208] 2022	[209] 2466	[210] 2020	[211] 2232	[212] 2138	[213] 2236	[214] 1918	[215] 2472	[216] 2316	[217] 2044	[218] 2376	[219] 2046	[220] 2230	[221] 2172	[222] 2078	[223] 2006	
[224] 2084	[225] 2140	[226] 2378	[227] 2030	[228] 1950	[229] 2922	[230] 2034	[231] 2066	[232] 2112	[233] 2410	[234] 2044	[235] 2262	[236] 2156	[237] 2176	[238] 2302	[239] 2956	
[240] 2268	[241] 2308	[242] 2150	[243] 2076	[244] 2280	[245] 2422	[246] 2052	[247] 2066	[248] 2134	[249] 2338	[250] 1924	[251] 2480	[252] 2134	[253] 2320	[254] 2192	[255] 2074	
[256] 2248	[257] 2442	[258] 2042	[259] 2272	[260] 2010	[261] 3384	[262] 1970	[263] 3002	[264] 2514	[265] 2200	[266] 2046	[267] 2388	[268] 2142	[269] 2228	[270] 2202	[271] 2148	
[272] 2274	[273] 2638	[274] 2304	[275] 2118	[276] 2162	[277] 2304	[278] 2538	[279] 2532	[280] 2348	[281] 2260	[282] 2290	[283] 2314	[284] 2158	[285] 2164	[286] 3482	[287] 2190	
[288] 2058	[289] 2340	[290] 2004	[291] 2128	[292] 2356	[293] 2192	[294] 2236	[295] 2142	[296] 2164	[297] 2466	[298] 2340	[299] 2404	[300] 2124	[301] 2496	[302] 2418	[303] 2424	
[304] 2214	[305] 2322	[306] 2050	[307] 2396	[308] 2146	[309] 2294	[310] 2462	[311] 2474	[312] 2428	[313] 2314	[314] 2306	[315] 2182	[316] 2374	[317] 2682	[318] 2492	[319] 2208	
[320] 2396	[321] 2314	[322] 2112	[323] 2404	[324] 2182	[325] 2624	[326] 2174	[327] 2192	[328] 2128	[329] 2598	[330] 2486	[331] 2524	[332] 2472	[333] 2462	[334] 2440	[335] 2440	
[336] 2322	[337] 2478	[338] 2178	[339] 2574	[340] 3052	[341] 2436	[342] 2550	[343] 2364	[344] 2258	[345] 2762	[346] 2238	[347] 2338	[348] 2512	[349] 2452	[350] 2326	[351] 2384	
[352] 2584	[353] 2400	[354] 2486	[355] 2332	[356] 2288	[357] 2614	[358] 2286	[359] 2350	[360] 2932	[361] 2612	[362] 2468	[363] 2628	[364] 2376	[365] 3004	[366] 2346	[367] 3640	
[368] 2438	[369] 2512	[370] 2714	[371] 2494	[372] 2602	[373] 3520	[374] 2412	[375] 2520	[376] 2666	[377] 2672	[378] 2304	[379] 2812	[380] 3126	[381] 2660	[382] 2390	[383] 2592	
[384] 2378	[385] 2976	[386] 2352	[387] 2648	[388] 2706	[389] 2724	[390] 2614	[391] 3584	[392] 2506	[393] 2960	[394] 2776	[395] 2968	[396] 2708	[397] 3382	[398] 2748	[399] 2786	
[400] 3036	[401] 3062	[402] 2560	[403] 3246	[404] 2858	[405] 3036	[406] 2752	[407] 2964	[408] 2756	[409] 3328	[410] 2664	[411] 2830	[412] 3308	[413] 3126	[414] 2652	[415] 2790	
[416] 2514	[417] 3960	[418] 2634	[419] 2766	[420] 3024	[421] 3726	[422] 2626	[423] 3272	[424] 2724	[425] 3296	[426] 3056	[427] 3222	[428] 2874	[429] 3514	[430] 2794	[431] 3154	
[432] 3884	[433] 3316	[434] 3664	[435] 3616	[436] 3206	[437] 3300	[438] 2660	[439] 2810	[440] 3774	[441] 3418	[442] 2488	[443] 3544	[444] 2816	[445] 3272	[446] 3498	[447] 3134	
[448] 2598	[449] 3994	[450] 2628	[451] 2788	[452] 2914	[453] 3082	[454] 2550	[455] 3552	[456] 2742	[457] 3084	[458] 3704	[459] 2976	[460] 2912	[461] 3388	[462] 2866	[463] 2654	
[464] 2672	[465] 2970	[466] 3712	[467] 2814	[468] 2658	[469] 4130	[470] 3026	[471] 2788	[472] 3994	[473] 3080	[474] 2956	[475] 3902	[476] 3710	[477] 2982	[478] 3978	[479] 2894	
[480] 2638	[481] 3346	[482] 2742	[483] 2700	[484] 3980	[485] 3300	[486] 2832	[487] 3690	[488] 2976	[489] 3116	[490] 2854	[491] 3070	[492] 4112	[493] 3230	[494] 2940	[495] 3914	
[496] 2892	[497] 2972	[498] 3952	[499] 3274	[500] 2652	[501] 3656	[502] 2658	[503] 2922	[504] 3938	[505] 3094	[506] 2886	[507] 3080	[508] 3186	[509] 2884	[510] 4004	[511] 3148	
[512] 2700	[513] 2944	[514] 2848	[515] 3054	[516] 3766	[517] 3026	[518] 2786	[519] 3864	[520] 2806	[521] 2868	[522] 3526	[523] 3128	[524] 2638	[525] 3680	[526] 3026	[527] 3000	
[528] 3944	[529] 3088	[530] 2818	[531] 4004	[532] 3036	[533] 2876	[534] 3754	[535] 3168	[536] 2646	[537] 3836	[538] 2664	[539] 3972	[540] 2992	[541] 2868	[542] 3470	[543] 3238	
[544] 2790	[545] 3708	[546] 2926	[547] 3124	[548] 3982	[549] 3248	[550] 2834	[551] 3924	[552] 2912	[553] 2894	[554] 3960	[555] 2994	[556] 2854	[557] 3962	[558] 3002	[559] 2850	
[560] 3944	[561] 3086	[562] 3486	[563] 2870	[564] 2724	[565] 4308	[566] 2864	[567] 2896	[568] 3520	[569] 3292	[570] 2782	[571] 3196	[572] 2716	[573] 3088	[574] 3078	[575] 3098	
[576] 2640	[577] 3996	[578] 2912	[579] 2808	[580] 3942	[581] 3072	[582] 2740	[583] 3178	[584] 3088	[585] 3080	[586] 4048	[587] 3146	[588] 3476	[589] 4170	[590] 2792	[591] 3150	
[592] 4368	[593] 3154	[594] 2752	[595] 4048	[596] 2960	[597] 3158	[598] 3466	[599] 3002	[600] 2716	[601] 4042	[602] 2946	[603] 2894	[604] 4598	[605] 3230	[606] 2818	[607] 3680	
[608] 3052	[609] 3026	[610] 3750	[611] 2878	[612] 3070	[613] 3122	[614] 4352	[615] 2798	[616] 2736	[617] 4142	[618] 2744	[619] 2776	[620] 4340	[621] 3212	[622] 2744	[623] 4006	
[624] 3026	[625] 2958	[626] 3722	[627] 2850	[628] 2788	[629] 4078	[630] 3000	[631] 2870	[632] 4370	[633] 3166	[634] 2648	[635] 3882	[636] 3506	[637] 2992	[638] 2982	[639] 3854	
[640] 2934	[641] 2976	[642] 3956	[643] 3000	[644] 3194	[645] 4050	[646] 2700	[647] 2824	[648] 4412	[649] 3194	[650] 2940	[651] 3680	[652] 3106	[653] 2978	[654] 4006	[655] 2854	
[656] 3062	[657] 3362	[658] 2904	[659] 2914	[660] 4480	[661] 3392	[662] 2588	[663] 2904	[664] 4568	[665] 3258	[666] 2846	[667] 3896	[668] 3254	[669] 2894	[670] 3704	[671] 3068	
[672] 2928	[673] 3884	[674] 3466	[675] 2868	[676] 4434	[677] 3132	[678] 2896	[679] 3768	[680] 3074	[681] 3000	[682] 4050	[683] 2974	[684] 2768	[685] 4370	[686] 2870	[687] 2678	
[688] 2942	[689] 3958	[690] 2850	[691] 2898	[692] 4332	[693] 3046	[694] 2854	[695] 3924	[696] 3138	[697] 2886	[698] 4174	[699] 3362	[700] 3020	[701] 4104	[702] 3282	[703] 2762	
[704] 4430	[705] 3074	[706] 2918	[707] 3748	[708] 3026	[709] 3160	[710] 3932	[711] 2936	[712] 2892	[713] 3094	[714] 3430	[715] 2956	[716] 3002	[717] 4130	[718] 2672	[719] 2896	
[720] 4250	[721] 3140	[722] 2936	[723] 3094	[724] 3400	[725] 2952	[726] 3646	[727] 2858	[728] 2764	[729] 3470	[730] 3002	[731] 2750	[732] 4332	[733] 3046	[734] 2540	[735] 3688	
[736] 3038	[737] 3044	[738] 2674	[739] 3212	[740] 3072	[741] 3864	[742] 3542	[743] 2996	[744] 3492	[745] 3898	[746] 2914	[747] 3016	[748] 4766	[749] 3206	[750] 2940	[751] 4140	
[752] 3080	[753] 2998	[754] 3924	[755] 2982	[756] 3372	[757] 3944	[758] 3366	[759] 2702	[760] 4340	[761] 3126	[762] 3616	[763] 3014	[764] 4828	[765] 3382	[766] 2814	[767] 3792	
[768] 3062	[769] 3148	[770] 3942	[771] 3044	[772] 2744	[773] 4094	[774] 3508	[775] 3224	[776] 4998	[777] 3282	[778] 2952	[779] 3704	[780] 3044	[781] 2932	[782] 3990	[783] 2966	
[784] 2984	[785] 4178	[786] 2700	[787] 3452	[788] 2870	[789] 3222	[790] 4078	[791] 3024	[792] 3034	[793] 4064	[794] 2926	[795] 3732	[796] 4606	[797] 4026	[798] 2878	[799] 4424	
[800] 3178	[801] 3196	[802] 3544	[803] 3898	[804] 3018	[805] 3316	[806] 3478	[807] 3148	[808] 4758	[809] 3150	[810] 2826	[811] 5490	[812] 3036	[813] 3082	[814] 2508	[815] 2954	
[816] 4402	[817] 3048	[818] 2550	[819] 3778	[820] 3050	[821] 2884	[822] 3202	[823] 3218	[824] 2894	[825] 4024	[826] 2938	[827] 2888	[828] 4392	[829] 3150	[830] 2868	[831] 3768	
[832] 3102	[833] 3002	[834] 3832	[835] 2792	[836] 2684	[837] 3036	[838] 2924	[839] 3034	[840] 5018	[841] 3008	[842] 2648	[843] 4516	[844] 3272	[845] 2976	[846] 3936	[847] 3094	
[848] 3134	[849] 4712	[850] 2636	[851] 2902	[852] 3486	[853] 3290	[854] 2886	[855] 3788	[856] 2832	[857] 2904	[858] 3628	[859] 3184	[860] 2762	[861] 4246	[862] 2804	[863] 2938	
[864] 4324	[865] 3114	[866] 2816	[867] 3846	[868] 3028	[869] 3088	[870] 3920	[871] 3060	[872] 2770	[873] 4034	[874] 3078	[875] 2744	[876] 3390	[877] 3060	[878] 2762	[879] 3672	
[880] 3064	[881] 3000	[882] 3750	[883] 2984	[884] 2712	[885] 4140	[886] 5616	[887] 2806	[888] 2726	[889] 4202	[890] 2940	[891] 3104	[892] 4412	[893] 3212	[894] 2894	[895] 3646	
[896] 3174	[897] 3036	[898] 3466	[899] 3000	[900] 2724	[901] 3990	[902] 2892	[903] 2920	[904] 4282	[905] 3166	[906] 2618	[907] 3750	[908] 3150	[909] 3072	[910] 4026	[911] 3210	
[912] 2774	[913] 3084	[914] 3998	[915] 2844	[916] 2998	[917] 3486	[918] 2656	[919] 2742	[920] 4314	[921] 3126	[922] 2808	[923] 3938	[924] 3026	[925] 3118	[926] 3984	[927] 3904	
[928] 3000	[929] 3336	[930] 2932	[931] 2912	[932] 3510	[933] 3132	[934] 2552	[935] 3812	[936] 2870	[937] 3132	[938] 3476	[939] 2848	[940] 3088	[941] 3492	[942] 2740	[943] 2862	
[944] 4938	[945] 3060	[946] 2834	[947] 3856	[948] 3114	[949] 3018	[950] 4004	[951] 2944	[952] 3108	[953] 4140	[954] 2982	[955] 2786	[956] 3474	[957] 3236	[958] 2786	[959] 3816	
[960] 3316	[961] 3722	[962] 3000	[963] 3876	[964] 3196	[965] 3046	[966] 3556	[967] 2846	[968] 3018	[969] 3946	[970] 3078	[971] 2974	[972] 3600	[973] 3142	[974] 2594	[975] 3640	
[976] 3090	[977] 3196	[978] 3944	[979] 2852	[980] 2724	[981] 4014	[982] 2912	[983] 2922	[984] 4132	[985] 3134	[986] 3056	[987] 2940	[988] 4482	[989] 3306	[990] 2830	[991] 3696	
[992] 3062	[993] 3104	[994] 3990	[995] 2868	[996] 2804	[997] 4048	[998] 2928	[999] 2906	[1000] 4348	[1001] 3140	[1002] 2790	[1003] 3900	[1004] 3044	[1005] 2920	[1006] 3958	[1007] 2830	
[1008] 2998	[1009] 4050	[1010] 3622	[1011] 3976	[1012] 2878	[1013] 4710	[1014] 2752	[1015] 2848	[1016] 4324	[1017] 3220	[1018] 2832	[1019] 3686	[1020] 2982	[1021] 3160	[1022] 3422	[1023] 3108	
[10240] 2926	[10241] 2952	[10242] 3488	[10243] 2826	[10244] 2944	[10245] 4050	[10246] 3010	[10247] 2914	[10248] 3962	[10249] 3150	[10250] 2934	[10251] 3704	[10252] 2956	[10253] 3492	[10254] 2830	[10255] 3126	
[10256] 3508	[10257] 3058	[10258] 3492	[10259] 3060	[10260] 2680	[10261] 4112	[10262] 2606	[10263] 2872	[10264] 3472	[10265] 3002	[10266] 2982	[10267] 3044	[10268] 2870	[10269] 3170	[10270] 4880	[10271] 2838	
[10272] 2594	[10273] 4306	[10274] 2788	[10275] 2912	[10276] 3070	[10277] 3196	[10278] 2910	[10279] 2908	[10280] 3106	[10281] 3362	[10282] 3468	[10283] 3238	[10284] 2794	[10285] 3066	[10286] 3508	[10287] 2832	
[10288] 2940	[10289] 4050	[10290] 2628	[10291] 2826	[10292] 4022	[10293] 3238	[10294] 2868	[10295] 3224	[10296] 3162	[10297] 3194	[10298] 3484	[10299] 4096	[10300] 2988	[10301] 4200	[10302] 2680	[10303] 2866	
[10304] 3194	[10305] 3988	[10306] 2912	[10307] 2806	[10308] 3516	[10309] 3352	[10310] 2956	[10311] 3758	[10312] 2988	[10313] 2954	[10314] 3980	[10315] 2850	[10316] 2604	[10317] 3854	[10318] 3060	[10319] 2878	
[10320] 4184	[10321] 3178	[10322] 2828	[10323] 3622	[10324] 2746	[10325] 3102	[10326] 3494	[10327] 2948	[10328] 3186	[10329] 4262	[10330] 2750	[10331] 2786	[10332] 5392	[10333] 3244	[10334] 2894	[10335] 3892	
[10336] 2904	[10337] 2892	[10338] 3512	[10339] 3374	[10340] 3176	[10341] 4066	[10342] 2958	[10343] 2896	[10344] 4000	[10345] 3130	[10346] 3026	[10347] 4094	[10348] 3194	[10349] 3042	[10350] 3476	[10351] 3068	
[10352] 2954	[10353] 3626	[10354] 3042	[10355] 2858	[10356] 2842	[10357] 4060	[10358] 2858	[10359] 2914	[10360] 4006	[10361] 3104	[10362] 2868	[10363] 3768	[10364] 2788	[10365] 3106	[10366] 4024	[10367] 2894	
[10368] 2814	[10369] 4122	[10370] 2660	[10371] 2834	[10372] 3716	[10373] 3200	[10374] 2850	[10375] 2874	[10376] 2790	[10377] 3176	[10378] 3602	[10379] 3020	[10380] 2700	[10381] 3116	[10382] 3486	[10383] 2976	
[10384] 2770	[10385] 4168	[10386] 3176	[10387] 2816	[10388] 3466	[10389] 3300	[10390] 2936	[10391] 3364	[10392] 2894	[10393] 3110	[10394] 3946	[10395] 2994	[10396] 2980	[10397] 4050	[10398] 3044	[10399] 2924	
[10400] 3966	[10401] 3044	[10402] 2964	[10403] 3228	[10404] 2876	[10405] 3002	[10406] 3706	[10407] 2858	[10408] 2766	[10409] 4046	[10410] 2900	[10411] 2870	[10412] 4140	[10413] 3062	[10414] 2920	[10415] 3352	
[10416] 2770	[10417] 2912	[10418] 3542	[10419] 2752	[10420] 2704	[10421] 4038	[10422] 3044	[10423] 2806	[10424] 4188	[10425] 3202	[10426] 2788	[10427] 3318	[10428] 3874	[10429] 3072	[10430] 2960	[10431] 3442	
[10432] 2894	[10433] 2904	[10434] 2976	[10435] 2868	[10436] 2966	[10437] 4024	[10438] 2830	[10439] 2876	[10440] 3046	[10441] 3282	[10442] 2804	[10443] 3006	[10444] 2804	[10445] 2886	[10446] 3636	[10447] 2992	
[10448] 2618	[10449] 3840	[10450] 2992	[10451] 2876	[10452] 4026	[10453] 3036	[10454] 2896	[10455] 2806	[10456] 3106	[10457] 3476	[10458] 2904	[10459] 3394	[10460] 2956	[10461] 3072	[10462] 3726	[10463] 2946	
[10464] 3486	[10465] 3840	[10466] 2954	[10467] 2844	[10468] 3918	[10469] 3158	[10470] 2602	[10471] 3706	[10472] 2878	[10473] 3066	[10474] 3704	[10475] 2806	[10476] 2806	[10477] 4024	[10478] 2950	[10479] 2832	
[10480] 2746	[10481] 3856	[10482] 2846	[10483] 2982	[10484] 3962	[10485] 3196	[10486] 2848	[10487] 3838	[10488] 3174	[10489] 3884	[10490] 3258	[10491] 3598	[10492] 3092	[10493] 4048	[10494] 3304	[10495] 3016	
[10496] 5326	[10497] 3214	[10498] 2658	[10499] 3080	[10500] 2770	[10501] 3152	[10502] 3960	[10503] 3034	[10504] 3186	[10505] 3078	[10506] 3510	[10507] 2974	[10508] 2612	[10509] 3984	[10510] 2958	[10511] 2780	
[10512] 4094	[10513] 3252	[10514] 2680	[10515] 2938	[10516] 3186	[10517] 2864	[10518] 3668	[10519] 2954	[10520] 2822	[10521] 4006	[10522] 2840	[10523] 2996	[10524] 3166	[10525] 3228	[10526] 2898	[10527] 3646	
[10528] 2632	[10529] 3194	[10530] 2970	[10531] 3064	[10532] 2876	[10533] 4126	[10534] 3716	[10535] 2834	[10536] 2566	[10537] 5100	[10538] 2996	[10539] 2920	[10540] 3902	[10541] 3220	[10542] 2934	[10543] 3724	
[10544] 3132	[10545] 2958	[10546] 3098	[10547] 2982	[10548] 2628	[10549] 4084	[10550] 2810	[10551] 2806	[10552] 4070	[10553] 3090	[10554] 2638	[10555] 4088	[10556] 3504	[10557] 3164	[10558] 2820	[10559] 3918	
[10560] 3044	[10561] 3176	[10562] 3186	[10563] 2850	[10564] 3016	[10565] 4058	[10566] 2930	[10567] 2802	[10568] 3956	[10569] 3020	[10570] 2764	[10571] 3716	[10572] 2938	[10573] 3088	[10574] 4026	[10575] 2844	
[10576] 2894	[10577] 3970	[10578] 2806	[10579] 3150	[10580] 2640	[10581] 3992	[10582] 2726	[10583] 2914	[10584] 3942	[10585] 3150	[10586] 2964	[10587] 3256	[10588] 3300	[10589] 3082	[10590] 4158	[10591] 2822	
[10592] 2628	[10593] 4074	[10594] 2934	[10595] 2918	[10596] 3946	[10597] 3036	[10598] 2956	[10599] 3716	[10600] 3196	[10601] 3818	[10602] 4188	[10603] 2936	[10604] 3444	[10605] 3150	[10606] 3986	[10607] 2868	
[10608] 2700	[10609] 3856	[10610] 2962	[10611] 3082	[10612] 4156	[10613] 3044	[10614] 2592	[10615] 3840	[10616] 2920	[10617] 2894	[10618] 3062	[10619] 2868	[10620] 2628	[10621] 3864	[10622] 2964	[10623] 2922	
[10624] 3914	[10625] 3268	[10626] 2600	[10627] 3028	[10628] 3200	[10629] 2950	[10630] 2896	[10631] 3794	[10632] 2892	[10633] 3668	[10634] 4066	[10635] 2762	[10636] 2824	[10637] 3990	[10638] 3088	[10639] 2896	
[10640] 4200	[10641] 3164	[10642] 2824	[10643] 3768	[10644] 2928	[10645] 3170	[10646] 3978	[10647] 2894	[10648] 2602	[10649] 4076	[10650] 2680	[10651] 2946	[10652] 4032	[10653] 3204	[10654] 3026	[10655] 2912	
[10656] 3064	[10657] 3220	[10658] 2762	[10659] 3848	[10660] 2764	[10661] 3620	[10662] 3088	[10663] 2892	[10664] 2600	[10665] 4106	[10666] 2952	[10667] 2900	[10668] 3920	[10669] 3284	[10670] 2596	[10671] 3902	
[10672] 2938	[10673] 3088	[10674] 4424	[10675] 3002	[10676] 2744	[10677] 4022	[10678] 2938	[10679] 2792	[10680] 2746	[10681] 3868	[10682] 3028	[10683] 2784	[10684] 4118	[10685] 3222	[10686] 2850	[10687] 3072	
[10688] 2772	[10689] 3240	[10690] 3960	[10691] 3300	[10692] 2920	[10693] 3982	[10694] 2852	[10695] 2878	[10696] 3940	[10697] 3232	[10698] 2896	[10699] 2938	[10700] 2894	[10701] 3074	[10702] 3484	[10703] 2980	
[10704] 2938	[10705] 2912	[10706] 3686	[10707] 2992	[10708] 2860	[10709] 4150	[10710] 2926	[10711] 2982	[10712] 4080	[10713] 3256	[10714] 2904	[10715] 3080	[10716] 3018	[10717] 3044	[10718] 3472	[10719] 2778	
[10720] 2878	[10721] 3856	[10722] 3000	[10723] 2884	[10724] 3946	[10725] 3238	[10726] 2596	[10727] 3802	[10728] 3300	[10729] 3184	[10730] 2936	[10731] 3080	[10732] 3266	[10733] 3134	[10734] 3538	[10735] 2852	
[10736] 2858	[10737] 4102	[10738] 2842	[10739] 3670	[10740] 3972	[10741] 3238	[10742] 2868	[10743] 3950	[10744] 3706	[10745] 2990	[10746] 3714	[10747] 2822	[10748] 2944	[10749] 4076	[10750] 3044	[10751] 3182	
[10752] 3974	[10753] 3128	[10754] 2726	[10755] 2970	[10756] 3034	[10757] 3250	[10758] 2812	[10759] 3926	[10760] 3236	[10761] 3008	[10762] 3486	[10763] 2986	[10764] 2772	[10765] 4100	[10766] 2672	[10767] 2902	
[10768] 4424	[10769] 3440	[10770] 3098	[10771] 3944	[10772] 3352	[10773] 3046	[10774] 3688	[10775] 2840	[10776] 2810	[10777] 4350	[10778] 2698	[10779] 2876	[10780] 3154	[10781] 4096	[10782] 2904	[10783] 2784	
[10784] 4404	[10785] 3200	[10786] 3324	[10787] 2980	[10788] 3046	[10789] 3086	[10790] 3946	[10791] 2928	[10792] 2976	[10793] 4992	[10794] 2572	[10795] 2780	[10796] 4360	[10797] 3436	[10798] 4094	[10799] 3440	
[10800] 6926	[10801] 4048	[10802] 7694	[10803] 4108	[10804] 5440	[10805] 4298	[10806] 6436	[10807] 3120	[10808] 7958	[10809] 3226	[10810] 6212	[10811] 3108	[10812] 2970	[10813] 3812	[10814] 2596	[10815] 3608	
[10816] 4200	[10817] 2856	[10818] 2766	[10819] 4030	[10820] 3030	[10821] 2976	[10822] 4006	[10823] 3478	[10824] 2914	[10825] 3624	[10826] 2930	[10827] 3748	[10828] 3094	[10829] 3838	[10830] 3644	[10831] 3064	
[10832] 4158	[10833] 3034	[10834] 2892	[10835] 3194	[10836] 3132	[10837] 2948	[10838] 3116	[10839] 3192	[10840] 2630	[10841] 3980	[10842] 2826	[10843] 3174	[10844] 4022	[10845] 3794	[10846] 3254	[10847] 6238	
[10848] 3520	[10849] 7244	[10850] 4414	[10851] 7570	[10852] 4008	[10853] 2840	[10854] 2692	[10855] 6838	[10856] 4562	[10857] 6664	[10858] 2780	[10859] 3034	[10860] 3042	[10861] 4456	[10862] 2992	[10863] 3372	
[10864] 4040	[10865] 3272	[10866] 2960	[10867] 3750	[10868] 3114	[10869] 3120	[10870] 3792	[10871] 2984	[10872] 2630	[10873] 4192	[10874] 2744	[10875] 2788	[10876] 5876	[10877] 4326	[10878] 2634	[10879] 3072	
[10880] 4156	[10881] 3368	[10882] 2546	[10883] 4106	[10884] 3048	[10885] 3300	[10886] 3598	[10887] 3242	[10888] 3570	[10889] 4008	[10890] 3496	[10891] 2892	[10892] 3956	[10893] 3192	[10894] 2746	[10895] 4376	
[10896] 2648	[10897] 3044	[10898] 3504	[10899] 2850	[10900] 2894	[10901] 3264	[10902] 2914	[10903] 2920	[10904] 2638	[10905] 3806	[10906] 2912	[10907] 3152	[10908] 4014	[10909] 2884	[10910] 2744	[10911] 4092	
[10912] 2958	[10913] 3240	[10914] 3554	[10915] 2950	[10916] 2648	[10917] 3990	[10918] 2812	[10919] 2704	[10920] 3478	[10921] 2884	[10922] 3300	[10923] 4026	[10924] 3970	[10925] 2762	[10926] 2808	[10927] 2636	
[10928] 2772	[10929] 2888	[10930] 3980	[10931] 2976	[10932] 2620	[10933] 3900	[10934] 2684	[10935] 2928	[10936] 4000	[10937] 3186	[10938] 2968	[10939] 3750	[10940] 3240	[10941] 2962	[10942] 3928	[10943] 2956	
[10944] 2648	[10945] 4278	[10946] 2692	[10947] 2966	[10948] 4052	[10949] 3346	[10950] 2770	[10951] 6106	[10952] 2698	[10953] 3000	[10954] 2954	[10955] 3810	[10956] 2920	[10957] 2934	[10958] 4022	[10959] 3142	
[10960] 2638	[10961] 4036	[10962] 2976	[10963] 2994	[10964] 4172	[10965] 3138	[10966] 2910	[10967] 3990	[10968] 2992	[10969] 2998	[10970] 3542	[10971] 3988	[10972] 2786	[10973] 3446	[10974] 2576	[10975] 2788	
[10976] 3688	[10977] 3256	[10978] 2504	[10979] 2938	[10980] 3970	[10981] 3306	[10982] 2852	[10983] 3818	[10984] 3016	[10985] 2894	[10986] 3714	[10987] 2904	[10988] 3044	[10989] 4976	[10990] 2948	[10991] 2674	
[10992] 4008	[10993] 3180	[10994] 3008	[10995] 4050	[10996] 2954	[10997] 3046	[10998] 3906	[10999] 2966	[11000] 3510	[11001] 3000	[11002] 3106	[11003] 3080	[11004] 2854	[11005] 4430	[11006] 2602	[11007] 2670	
[11008] 4262	[11009] 3058	[11010] 2716	[11011] 4098	[11012] 3174	[11013] 2922	[11014] 4050	[11015] 3252	[11016] 2576	[11017] 3212	[11018] 2534	[11019] 2872	[11020] 4068	[11021] 3020	[11022] 2736	[11023] 3768	
[11024] 2620	[11025] 2974	[11026] 5948	[11027] 3000	[11028] 2632	[11029] 3060	[11030] 4218	[11031] 3212	[11032] 2892	[11033] 3690	[11034] 2716	[11035] 3002	[11036] 4130	[11037] 3060	[11038] 2824	[11039] 3944	
[11040] 3000	[11041] 2924	[11042] 3062	[11043] 3314	[11044] 2594	[11045] 5038	[11046] 2892	[11047] 2888	[11048] 4016	[11049] 2884	[11050] 2762	[11051] 3382	[11052] 2930	[11053] 2962	[11054] 2940	[11055] 4038	
[11056] 2938	[11057] 2878	[11058] 2992	[11059] 2976	[11060] 2956	[11061] 3414	[11062] 2812	[11063] 2894	[11064] 4280	[11065] 3018	[11066] 2902	[11067] 3882	[11068] 3090	[11069] 3020	[11070] 3024	[11071] 2936	
[11072] 2764	[11073] 4076	[11074] 2762	[11075] 2978	[11076] 5274	[11077] 3274	[11078] 2676	[11079] 2876	[11080] 3972	[11081] 3124	[11082] 2848	[11083] 3648	[11084] 3122	[11085] 2920	[11086] 4172	[11087] 2826	
[11088] 2718	[11089] 3976	[11090] 2814	[11091] 2842	[11092] 3938	[11093] 3106	[11094] 2806	[11095] 4034	[11096] 2798	[11097] 3080	[11098] 3448	[11099] 2946	[11100] 2954	[11101] 3240	[11102] 2742	[11103] 3052	
[11104] 3070	[11105] 4158	[11106] 2806	[11107] 2886	[11108] 4032	[11109] 3202	[11110] 2806	[11111] 3794	[11112] 2700	[11113] 2952	[11114] 4004	[11115] 2966	[11116] 2986	[11117] 4050	[11118] 2850	[11119] 2850	
[11120] 4308	[11121] 3186	[11122] 2904	[11123] 3678	[11124] 2892	[11125] 3046	[11126] 3302	[11127] 2826	[11128] 3250	[11129] 3084	[11130] 4038	[11131] 3000	[11132] 2878	[11133] 4026	[11134] 2944	[11135] 2886	
[11136] 4048	[11137] 3328	[11138] 2964	[11139] 3706	[11140] 2882	[11141] 2894	[11142] 3740	[11143] 2848	[11144] 3778	[11145] 3254	[11146] 2788	[11147] 2786	[11148] 4230	[11149] 3024	[11150] 2874	[11151] 3256	
[11152] 3176	[11153] 2974	[11154] 2808	[11155] 3026	[11156] 3582	[11157] 3080	[11158] 3532	[11159] 2870	[11160] 3046	[11161] 3218	[11162] 2854	[11163] 2896	[11164] 4408	[11165] 3220	[11166] 2594	[11167] 3950	
[11168] 2868	[11169] 3038	[11170] 3046	[11171] 2832	[11172] 3970	[11173] 3944	[11174] 2908	[11175] 3454	[11176] 3380	[11177] 3240	[11178] 2654	[11179] 2892	[11180] 3972	[11181] 3316	[11182] 2850	[11183] 3860	
[11184] 2952	[11185] 2918	[11186] 3472	[11187] 2850	[11188] 2784	[11189] 3952	[11190] 3090	[11191] 3904	[11192] 4304	[11193] 3008	[11194] 2848	[11195] 3680	[11196] 2980	[11197] 2894	[11198] 4032	[11199] 3126	
[11200] 2896	[11201] 3416	[11202] 2834	[11203] 2944	[11204] 3010	[11205] 3328	[11206] 3084	[11207] 3064	[11208] 4270	[11209] 3034	[11210] 2886	[11211] 3812	[11212] 2824	[11213] 2956	[11214] 3302	[11215] 3214	
[11216] 2716	[11217] 3774	[11218] 2824	[11219] 2898	[11220] 4004	[11221] 3026	[11222] 2792	[11223] 3926	[11224] 3192	[11225] 2980	[11226] 3000	[11227] 2930	[11228] 2998	[11229] 3174	[11230] 3114	[11231] 2940	
[11232] 3036	[11233] 3972	[11234] 3342	[11235] 2840	[11236] 4366	[11237] 3312	[11238] 2920	[11239] 4002	[11240] 2948	[11241] 3104	[11242] 3866	[11243] 2992	[11244] 2612	[11245] 3296	[11246] 2950	[11247] 2772	
[11248] 4226	[11249] 3150	[11250] 2980	[11251] 3390	[11252] 3106	[11253] 3100	[11254] 2622	[11255] 3728	[11256] 3326	[11257] 3034	[11258] 4182	[11259] 2944	[11260] 3016	[11261] 3916	[11262] 3042	[11263] 2908	
QP qtt = 2

[0] 6836	[1] 2382	[2] 1930	[3] 2538	[4] 1904	[5] 2042	[6] 1926	[7] 1976	[8] 1860	[9] 2054	[10] 1898	[11] 2172	[12] 2010	[13] 2348	[14] 2110	[15] 2026	
[16] 2380	[17] 2254	[18] 2128	[19] 2384	[20] 2170	[21] 2190	[22] 3100	[23] 1950	[24] 2082	[25] 2076	[26] 2118	[27] 2114	[28] 1884	[29] 2008	[30] 2114	[31] 1992	
[32] 1986	[33] 2080	[34] 2114	[35] 3462	[36] 1950	[37] 2208	[38] 1974	[39] 2184	[40] 1990	[41] 2032	[42] 1956	[43] 1972	[44] 2086	[45] 2266	[46] 1972	[47] 2142	
[48] 2096	[49] 1988	[50] 2144	[51] 2024	[52] 2116	[53] 2142	[54] 2098	[55] 2336	[56] 2232	[57] 1976	[58] 2070	[59] 1998	[60] 2078	[61] 2492	[62] 1918	[63] 2134	
[64] 2140	[65] 2026	[66] 1874	[67] 2358	[68] 2190	[69] 2164	[70] 2034	[71] 1996	[72] 2198	[73] 1966	[74] 1892	[75] 2184	[76] 2226	[77] 2000	[78] 2116	[79] 2200	
[80] 2160	[81] 2034	[82] 1832	[83] 2194	[84] 1994	[85] 2058	[86] 2066	[87] 2144	[88] 2108	[89] 1994	[90] 2172	[91] 2528	[92] 2204	[93] 2248	[94] 2112	[95] 1964	
[96] 2138	[97] 2182	[98] 1874	[99] 2142	[100] 1950	[101] 1968	[102] 1836	[103] 2142	[104] 1992	[105] 2386	[106] 1970	[107] 1932	[108] 2244	[109] 2016	[110] 2050	[111] 1958	
[112] 2016	[113] 1984	[114] 2106	[115] 2202	[116] 1934	[117] 2354	[118] 2130	[119] 2010	[120] 2826	[121] 2186	[122] 2100	[123] 2842	[124] 2130	[125] 2042	[126] 2070	[127] 1924	
[128] 2174	[129] 2026	[130] 2276	[131] 1962	[132] 2180	[133] 2550	[134] 2080	[135] 1960	[136] 2032	[137] 2182	[138] 1908	[139] 2032	[140] 2492	[141] 2046	[142] 2006	[143] 2050	
[144] 2166	[145] 2382	[146] 1976	[147] 1950	[148] 2098	[149] 2214	[150] 2120	[151] 2096	[152] 2892	[153] 2358	[154] 2114	[155] 1972	[156] 2202	[157] 1966	[158] 1910	[159] 2148	
[160] 1996	[161] 1974	[162] 2124	[163] 2050	[164] 2348	[165] 1970	[166] 1896	[167] 2340	[168] 2310	[169] 2218	[170] 1926	[171] 3210	[172] 1970	[173] 2148	[174] 2278	[175] 2194	
[176] 2214	[177] 2194	[178] 2126	[179] 2278	[180] 1992	[181] 1998	[182] 1950	[183] 2020	[184] 3122	[185] 2170	[186] 1890	[187] 1934	[188] 2204	[189] 2012	[190] 1838	[191] 2042	
[192] 1970	[193] 2278	[194] 1928	[195] 1980	[196] 2152	[197] 2172	[198] 1962	[199] 1956	[200] 2172	[201] 2060	[202] 2078	[203] 2222	[204] 1964	[205] 2376	[206] 2946	[207] 2148	
[208] 2102	[209] 2014	[210] 1922	[211] 2126	[212] 1962	[213] 2198	[214] 2072	[215] 2142	[216] 2152	[217] 1972	[218] 2056	[219] 3004	[220] 2000	[221] 2196	[222] 2150	[223] 2332	
[224] 2004	[225] 1964	[226] 2130	[227] 2148	[228] 1950	[229] 2054	[230] 2120	[231] 2156	[232] 3250	[233] 2038	[234] 2074	[235] 1994	[236] 1974	[237] 2424	[238] 1958	[239] 2164	
[240] 3018	[241] 2062	[242] 1954	[243] 2162	[244] 2244	[245] 1950	[246] 2170	[247] 2206	[248] 1954	[249] 2204	[250] 2066	[251] 1996	[252] 1962	[253] 2006	[254] 2026	[255] 1992	
[256] 2282	[257] 2294	[258] 2128	[259] 2050	[260] 2666	[261] 2166	[262] 2078	[263] 2168	[264] 2210	[265] 2958	[266] 1864	[267] 2194	[268] 2106	[269] 2002	[270] 2076	[271] 2292	
[272] 1974	[273] 2302	[274] 1908	[275] 2414	[276] 2104	[277] 2256	[278] 2388	[279] 2004	[280] 2186	[281] 2356	[282] 2040	[283] 2022	[284] 2260	[285] 2166	[286] 2200	[287] 2074	
[288] 1984	[289] 2270	[290] 2026	[291] 2050	[292] 2106	[293] 2154	[294] 2192	[295] 2394	[296] 3406	[297] 2132	[298] 2598	[299] 2228	[300] 3302	[301] 2146	[302] 2254	[303] 2166	
[304] 2682	[305] 2380	[306] 2022	[307] 2226	[308] 2374	[309] 2172	[310] 2544	[311] 2294	[312] 2138	[313] 2272	[314] 2294	[315] 2302	[316] 2270	[317] 2138	[318] 2072	[319] 2050	
[320] 2372	[321] 2400	[322] 2004	[323] 2534	[324] 2322	[325] 2122	[326] 2060	[327] 2242	[328] 2344	[329] 2110	[330] 2352	[331] 2226	[332] 2078	[333] 2954	[334] 2096	[335] 2188	
[336] 2420	[337] 2244	[338] 2724	[339] 2410	[340] 2182	[341] 2164	[342] 2286	[343] 2308	[344] 2274	[345] 2450	[346] 2122	[347] 2144	[348] 2440	[349] 2232	[350] 2226	[351] 2186	
[352] 2616	[353] 2620	[354] 2060	[355] 2626	[356] 2322	[357] 2142	[358] 2340	[359] 2146	[360] 2084	[361] 2494	[362] 2116	[363] 2410	[364] 2532	[365] 2560	[366] 2084	[367] 2468	
[368] 2284	[369] 2462	[370] 2412	[371] 2344	[372] 2162	[373] 2592	[374] 2210	[375] 2826	[376] 2338	[377] 2580	[378] 2266	[379] 2122	[380] 2550	[381] 2362	[382] 3446	[383] 3638	
[384] 2196	[385] 2202	[386] 2402	[387] 2424	[388] 2206	[389] 2744	[390] 2142	[391] 2222	[392] 2506	[393] 2384	[394] 2134	[395] 2656	[396] 2416	[397] 2344	[398] 2788	[399] 2344	
[400] 2472	[401] 2776	[402] 2282	[403] 3574	[404] 2396	[405] 2408	[406] 2526	[407] 2470	[408] 2140	[409] 2764	[410] 2474	[411] 2386	[412] 2266	[413] 3506	[414] 2178	[415] 2374	
[416] 2332	[417] 2396	[418] 2586	[419] 2396	[420] 2444	[421] 2814	[422] 2322	[423] 2340	[424] 2780	[425] 2408	[426] 2234	[427] 2916	[428] 3546	[429] 2708	[430] 2610	[431] 2444	
[432] 2786	[433] 2680	[434] 2334	[435] 2940	[436] 3134	[437] 2622	[438] 2804	[439] 2624	[440] 2388	[441] 3170	[442] 2460	[443] 2514	[444] 2802	[445] 2726	[446] 2370	[447] 2940	
[448] 2446	[449] 2532	[450] 2788	[451] 2566	[452] 2470	[453] 3048	[454] 2554	[455] 2616	[456] 2402	[457] 3058	[458] 2424	[459] 2790	[460] 3288	[461] 3198	[462] 2530	[463] 3510	
[464] 2720	[465] 3036	[466] 3174	[467] 3960	[468] 2704	[469] 2982	[470] 2660	[471] 2760	[472] 3364	[473] 3186	[474] 2770	[475] 3354	[476] 2898	[477] 3078	[478] 2752	[479] 2874	
[480] 2808	[481] 3082	[482] 2778	[483] 3360	[484] 2728	[485] 3312	[486] 2778	[487] 2788	[488] 2790	[489] 3548	[490] 2684	[491] 2952	[492] 3742	[493] 3498	[494] 2906	[495] 3884	
[496] 2882	[497] 3276	[498] 3560	[499] 3260	[500] 2952	[501] 3954	[502] 2682	[503] 3070	[504] 3686	[505] 3022	[506] 2614	[507] 2692	[508] 3554	[509] 3152	[510] 2582	[511] 3742	
[512] 2890	[513] 2880	[514] 2732	[515] 2976	[516] 2656	[517] 3244	[518] 2666	[519] 2692	[520] 3742	[521] 3212	[522] 2980	[523] 4322	[524] 2914	[525] 3416	[526] 4180	[527] 3126	
[528] 2630	[529] 4116	[530] 3008	[531] 3902	[532] 2574	[533] 4070	[534] 3788	[535] 2902	[536] 3820	[537] 3348	[538] 2682	[539] 4006	[540] 2762	[541] 3008	[542] 3638	[543] 3238	
[544] 2612	[545] 3264	[546] 3024	[547] 2870	[548] 3980	[549] 3204	[550] 2770	[551] 3906	[552] 2804	[553] 3044	[554] 3068	[555] 3022	[556] 3020	[557] 3056	[558] 2640	[559] 3900	
[560] 2788	[561] 3104	[562] 3618	[563] 2884	[564] 3616	[565] 4120	[566] 3906	[567] 2764	[568] 3152	[569] 3326	[570] 2850	[571] 4070	[572] 2772	[573] 3096	[574] 3828	[575] 2866	
[576] 3582	[577] 4148	[578] 2814	[579] 3000	[580] 3062	[581] 3068	[582] 2848	[583] 3944	[584] 2798	[585] 3194	[586] 3846	[587] 2912	[588] 2772	[589] 3980	[590] 2938	[591] 2808	
[592] 3154	[593] 3254	[594] 2980	[595] 4236	[596] 3150	[597] 3044	[598] 3840	[599] 2982	[600] 2754	[601] 3912	[602] 2762	[603] 2930	[604] 3898	[605] 3132	[606] 3028	[607] 2832	
[608] 2620	[609] 4122	[610] 3194	[611] 2848	[612] 3980	[613] 3392	[614] 2902	[615] 3938	[616] 2740	[617] 3130	[618] 3962	[619] 3042	[620] 2752	[621] 4286	[622] 2720	[623] 2944	
[624] 3748	[625] 3062	[626] 2904	[627] 3984	[628] 3032	[629] 3056	[630] 2810	[631] 3020	[632] 3606	[633] 3318	[634] 2692	[635] 3070	[636] 2824	[637] 3084	[638] 3822	[639] 3030	
[640] 2958	[641] 4298	[642] 2878	[643] 3090	[644] 3848	[645] 3280	[646] 3114	[647] 3900	[648] 2980	[649] 3150	[650] 4244	[651] 2932	[652] 2668	[653] 4110	[654] 3108	[655] 2912	
[656] 3164	[657] 3256	[658] 2546	[659] 4094	[660] 3166	[661] 2908	[662] 3662	[663] 2914	[664] 2822	[665] 4260	[666] 3084	[667] 2894	[668] 4076	[669] 3124	[670] 2894	[671] 4192	
[672] 3088	[673] 2920	[674] 3672	[675] 2934	[676] 2684	[677] 4288	[678] 2912	[679] 3572	[680] 3186	[681] 4208	[682] 2834	[683] 3154	[684] 4164	[685] 3150	[686] 2918	[687] 4056	
[688] 3078	[689] 3042	[690] 4058	[691] 2920	[692] 2746	[693] 4474	[694] 2904	[695] 3000	[696] 3680	[697] 3262	[698] 2906	[699] 4098	[700] 3008	[701] 2976	[702] 3238	[703] 3018	
[704] 5710	[705] 3524	[706] 3830	[707] 3104	[708] 2998	[709] 4024	[710] 2848	[711] 2870	[712] 4244	[713] 3230	[714] 2852	[715] 3900	[716] 3088	[717] 3810	[718] 3714	[719] 2924	
[720] 3162	[721] 4104	[722] 2692	[723] 2858	[724] 4114	[725] 3076	[726] 2666	[727] 3882	[728] 3042	[729] 3634	[730] 2918	[731] 3152	[732] 2956	[733] 3088	[734] 3838	[735] 3036	
[736] 2824	[737] 4156	[738] 3024	[739] 2696	[740] 3972	[741] 3322	[742] 2830	[743] 4084	[744] 2958	[745] 3124	[746] 4090	[747] 3056	[748] 2982	[749] 4082	[750] 3064	[751] 2928	
[752] 4156	[753] 3650	[754] 2748	[755] 2744	[756] 3688	[757] 3344	[758] 2824	[759] 2914	[760] 2990	[761] 2952	[762] 3044	[763] 3000	[764] 2746	[765] 4492	[766] 2700	[767] 2852	
[768] 4182	[769] 3150	[770] 2656	[771] 4302	[772] 3348	[773] 2946	[774] 3712	[775] 2928	[776] 2736	[777] 4110	[778] 3072	[779] 2894	[780] 2850	[781] 4182	[782] 3086	[783] 2722	
[784] 4172	[785] 3288	[786] 2940	[787] 4102	[788] 3090	[789] 3100	[790] 3970	[791] 2896	[792] 3130	[793] 4324	[794] 3044	[795] 2720	[796] 4104	[797] 3236	[798] 2558	[799] 3020	
[800] 3000	[801] 3044	[802] 4086	[803] 2952	[804] 2920	[805] 2980	[806] 3750	[807] 3148	[808] 2718	[809] 4324	[810] 3026	[811] 2760	[812] 4236	[813] 3338	[814] 2930	[815] 4038	
[816] 3970	[817] 3106	[818] 4974	[819] 3034	[820] 2996	[821] 4226	[822] 3060	[823] 2770	[824] 3808	[825] 3308	[826] 2810	[827] 4076	[828] 2954	[829] 3036	[830] 2852	[831] 4014	
[832] 2914	[833] 2918	[834] 3802	[835] 2954	[836] 2744	[837] 4134	[838] 2826	[839] 2842	[840] 4094	[841] 3288	[842] 2744	[843] 4326	[844] 3038	[845] 3094	[846] 3634	[847] 3044	
[848] 3020	[849] 4298	[850] 2936	[851] 2964	[852] 4094	[853] 3380	[854] 2656	[855] 2808	[856] 4250	[857] 3194	[858] 2914	[859] 4066	[860] 3034	[861] 3026	[862] 3846	[863] 4066	
[864] 2830	[865] 4264	[866] 3000	[867] 2922	[868] 4754	[869] 3140	[870] 2724	[871] 4220	[872] 3168	[873] 3122	[874] 4024	[875] 3000	[876] 2722	[877] 4200	[878] 2788	[879] 2920	
[880] 2832	[881] 3936	[882] 3008	[883] 2736	[884] 4068	[885] 3106	[886] 2566	[887] 4078	[888] 3052	[889] 3024	[890] 3734	[891] 3778	[892] 2746	[893] 4436	[894] 2894	[895] 2774	
[896] 4092	[897] 3170	[898] 2878	[899] 4062	[900] 3094	[901] 2928	[902] 4500	[903] 3042	[904] 2888	[905] 3532	[906] 3900	[907] 3132	[908] 2814	[909] 4220	[910] 2836	[911] 2664	
[912] 4172	[913] 3048	[914] 2982	[915] 4092	[916] 3054	[917] 3042	[918] 4030	[919] 3038	[920] 2770	[921] 4242	[922] 2954	[923] 2656	[924] 4030	[925] 3086	[926] 3230	[927] 3936	
[928] 3258	[929] 3498	[930] 3114	[931] 4324	[932] 3106	[933] 3020	[934] 3062	[935] 2914	[936] 2956	[937] 4208	[938] 3092	[939] 2738	[940] 4146	[941] 2954	[942] 2678	[943] 4050	
[944] 2952	[945] 2958	[946] 3658	[947] 2934	[948] 2772	[949] 4118	[950] 3000	[951] 2686	[952] 4124	[953] 3344	[954] 4414	[955] 2914	[956] 4184	[957] 3834	[958] 2828	[959] 4080	
[960] 3308	[961] 2916	[962] 3856	[963] 3236	[964] 3052	[965] 4148	[966] 2868	[967] 2992	[968] 4670	[969] 3236	[970] 2900	[971] 4306	[972] 2934	[973] 3054	[974] 3750	[975] 3452	
[976] 2744	[977] 4308	[978] 2912	[979] 3784	[980] 3178	[981] 4160	[982] 3240	[983] 3514	[984] 4172	[985] 3202	[986] 2850	[987] 4074	[988] 3052	[989] 3344	[990] 4074	[991] 3048	
[992] 2896	[993] 4208	[994] 3132	[995] 2748	[996] 3918	[997] 3260	[998] 2838	[999] 3900	[1000] 2976	[1001] 3140	[1002] 3946	[1003] 4096	[1004] 7030	[1005] 3032	[1006] 3806	[1007] 2916	
[1008] 3078	[1009] 4138	[1010] 2868	[1011] 2930	[1012] 4158	[1013] 3158	[1014] 3266	[1015] 4776	[1016] 2984	[1017] 2952	[1018] 3846	[1019] 3014	[1020] 2940	[1021] 4244	[1022] 3192	[1023] 2752	
[10240] 3190	[10241] 3688	[10242] 2718	[10243] 2962	[10244] 3078	[10245] 3272	[10246] 2998	[10247] 4122	[10248] 2770	[10249] 3152	[10250] 3760	[10251] 3044	[10252] 2752	[10253] 4094	[10254] 3070	[10255] 2756	
[10256] 3714	[10257] 3274	[10258] 2682	[10259] 4136	[10260] 2804	[10261] 3026	[10262] 3966	[10263] 3036	[10264] 2746	[10265] 4298	[10266] 3838	[10267] 3134	[10268] 3052	[10269] 4484	[10270] 3286	[10271] 3210	
[10272] 3766	[10273] 3196	[10274] 2804	[10275] 4114	[10276] 3170	[10277] 3124	[10278] 3886	[10279] 3030	[10280] 2598	[10281] 4050	[10282] 3106	[10283] 2842	[10284] 3734	[10285] 3284	[10286] 2718	[10287] 3980	
[10288] 2832	[10289] 3042	[10290] 3842	[10291] 3572	[10292] 2998	[10293] 3150	[10294] 3024	[10295] 3940	[10296] 2742	[10297] 3068	[10298] 3726	[10299] 3002	[10300] 2578	[10301] 3946	[10302] 2848	[10303] 3090	
[10304] 3662	[10305] 3728	[10306] 2926	[10307] 2922	[10308] 3134	[10309] 3990	[10310] 4156	[10311] 3152	[10312] 3012	[10313] 4226	[10314] 3126	[10315] 2744	[10316] 3178	[10317] 3300	[10318] 3796	[10319] 3426	
[10320] 2596	[10321] 4162	[10322] 3018	[10323] 2816	[10324] 3864	[10325] 3326	[10326] 2966	[10327] 3962	[10328] 2914	[10329] 3122	[10330] 3874	[10331] 3086	[10332] 2678	[10333] 3166	[10334] 3096	[10335] 2700	
[10336] 3892	[10337] 3210	[10338] 2834	[10339] 3926	[10340] 3710	[10341] 3394	[10342] 4428	[10343] 3046	[10344] 2710	[10345] 4220	[10346] 2830	[10347] 3122	[10348] 3808	[10349] 3266	[10350] 2718	[10351] 3080	
[10352] 2742	[10353] 2866	[10354] 3212	[10355] 3054	[10356] 3288	[10357] 4262	[10358] 3362	[10359] 2752	[10360] 3882	[10361] 3686	[10362] 2868	[10363] 2978	[10364] 3238	[10365] 5630	[10366] 3914	[10367] 2946	
[10368] 2940	[10369] 3944	[10370] 2700	[10371] 2964	[10372] 3706	[10373] 3112	[10374] 2594	[10375] 3000	[10376] 2760	[10377] 2922	[10378] 3000	[10379] 3174	[10380] 2582	[10381] 4394	[10382] 2762	[10383] 2720	
[10384] 3724	[10385] 3282	[10386] 2896	[10387] 3876	[10388] 2744	[10389] 3114	[10390] 3266	[10391] 3360	[10392] 2636	[10393] 2898	[10394] 2842	[10395] 3044	[10396] 2610	[10397] 4058	[10398] 3070	[10399] 2876	
[10400] 3724	[10401] 3066	[10402] 3862	[10403] 3168	[10404] 2702	[10405] 2702	[10406] 2892	[10407] 3254	[10408] 2940	[10409] 3988	[10410] 3898	[10411] 2938	[10412] 3666	[10413] 3580	[10414] 2744	[10415] 3088	
[10416] 3856	[10417] 2740	[10418] 2768	[10419] 4358	[10420] 3034	[10421] 2734	[10422] 3150	[10423] 3184	[10424] 2596	[10425] 4526	[10426] 2736	[10427] 2920	[10428] 3722	[10429] 3046	[10430] 2634	[10431] 3532	
[10432] 2768	[10433] 2850	[10434] 3000	[10435] 3388	[10436] 2650	[10437] 4072	[10438] 2852	[10439] 2780	[10440] 3274	[10441] 3092	[10442] 2536	[10443] 4736	[10444] 2812	[10445] 2924	[10446] 3704	[10447] 2980	
[10448] 2784	[10449] 4232	[10450] 3052	[10451] 2840	[10452] 3848	[10453] 3278	[10454] 2742	[10455] 4308	[10456] 2772	[10457] 3118	[10458] 3202	[10459] 3088	[10460] 2752	[10461] 4246	[10462] 4358	[10463] 4014	
[10464] 3768	[10465] 3626	[10466] 4800	[10467] 5894	[10468] 3362	[10469] 2806	[10470] 3556	[10471] 3132	[10472] 2998	[10473] 4280	[10474] 2980	[10475] 3082	[10476] 3714	[10477] 2896	[10478] 2704	[10479] 4234	
[10480] 2922	[10481] 2918	[10482] 3890	[10483] 3152	[10484] 2726	[10485] 4100	[10486] 2718	[10487] 3312	[10488] 3832	[10489] 3342	[10490] 2930	[10491] 3214	[10492] 2806	[10493] 4098	[10494] 2764	[10495] 3098	
[10496] 3824	[10497] 3134	[10498] 2912	[10499] 3134	[10500] 2894	[10501] 2736	[10502] 3866	[10503] 3198	[10504] 2676	[10505] 3912	[10506] 2982	[10507] 2846	[10508] 3872	[10509] 2914	[10510] 2822	[10511] 4262	
[10512] 2902	[10513] 2912	[10514] 3870	[10515] 3510	[10516] 2684	[10517] 3000	[10518] 2742	[10519] 4094	[10520] 2856	[10521] 3760	[10522] 3204	[10523] 3152	[10524] 2990	[10525] 4132	[10526] 3068	[10527] 2848	
[10528] 3816	[10529] 2896	[10530] 2744	[10531] 4274	[10532] 2808	[10533] 2770	[10534] 3774	[10535] 3248	[10536] 2654	[10537] 3818	[10538] 2934	[10539] 3164	[10540] 4202	[10541] 4500	[10542] 2910	[10543] 3104	
[10544] 3530	[10545] 3092	[10546] 2850	[10547] 4306	[10548] 2850	[10549] 2794	[10550] 3718	[10551] 4216	[10552] 2682	[10553] 4120	[10554] 2746	[10555] 2932	[10556] 3706	[10557] 3064	[10558] 2814	[10559] 4132	
[10560] 3196	[10561] 2814	[10562] 4966	[10563] 3256	[10564] 3108	[10565] 4042	[10566] 2960	[10567] 2874	[10568] 3706	[10569] 3054	[10570] 2640	[10571] 4158	[10572] 2890	[10573] 2684	[10574] 3056	[10575] 3056	
[10576] 2628	[10577] 3302	[10578] 3040	[10579] 2922	[10580] 3826	[10581] 3192	[10582] 2830	[10583] 4094	[10584] 3054	[10585] 2964	[10586] 3754	[10587] 3146	[10588] 2576	[10589] 3838	[10590] 3092	[10591] 3256	
[10592] 2678	[10593] 4006	[10594] 2814	[10595] 3002	[10596] 3860	[10597] 2966	[10598] 2816	[10599] 4094	[10600] 2784	[10601] 3018	[10602] 3856	[10603] 3344	[10604] 2902	[10605] 3944	[10606] 2868	[10607] 3014	
[10608] 3836	[10609] 2954	[10610] 2930	[10611] 4184	[10612] 2746	[10613] 2926	[10614] 3152	[10615] 2852	[10616] 2834	[10617] 3280	[10618] 3760	[10619] 3028	[10620] 2618	[10621] 3306	[10622] 2832	[10623] 2980	
[10624] 3908	[10625] 3308	[10626] 2934	[10627] 4138	[10628] 2938	[10629] 3150	[10630] 3812	[10631] 3444	[10632] 2702	[10633] 4306	[10634] 3546	[10635] 3114	[10636] 3148	[10637] 3044	[10638] 2612	[10639] 2982	
[10640] 3214	[10641] 2906	[10642] 2814	[10643] 4006	[10644] 3220	[10645] 2986	[10646] 3876	[10647] 4104	[10648] 2848	[10649] 4174	[10650] 2724	[10651] 2850	[10652] 3214	[10653] 3256	[10654] 2638	[10655] 4140	
[10656] 2978	[10657] 2978	[10658] 3854	[10659] 2934	[10660] 2722	[10661] 4232	[10662] 2794	[10663] 2788	[10664] 3146	[10665] 3258	[10666] 2732	[10667] 2910	[10668] 4068	[10669] 3114	[10670] 2798	[10671] 4230	
[10672] 2942	[10673] 3046	[10674] 3864	[10675] 3018	[10676] 2628	[10677] 3168	[10678] 2768	[10679] 2832	[10680] 3918	[10681] 3328	[10682] 2764	[10683] 4094	[10684] 2772	[10685] 3106	[10686] 3866	[10687] 3046	
[10688] 2892	[10689] 3236	[10690] 2938	[10691] 2896	[10692] 2614	[10693] 4096	[10694] 3126	[10695] 3124	[10696] 3706	[10697] 2996	[10698] 2874	[10699] 4284	[10700] 2908	[10701] 2828	[10702] 3752	[10703] 3316	
[10704] 2814	[10705] 3030	[10706] 2972	[10707] 3200	[10708] 3792	[10709] 3202	[10710] 2850	[10711] 4290	[10712] 2850	[10713] 2880	[10714] 3022	[10715] 3312	[10716] 2810	[10717] 2934	[10718] 3320	[10719] 3054	
[10720] 2730	[10721] 4304	[10722] 3018	[10723] 2762	[10724] 3776	[10725] 3334	[10726] 2954	[10727] 4122	[10728] 2894	[10729] 3046	[10730] 3864	[10731] 3212	[10732] 2658	[10733] 4224	[10734] 3512	[10735] 2916	
[10736] 3900	[10737] 3244	[10738] 2974	[10739] 3642	[10740] 2810	[10741] 3062	[10742] 3080	[10743] 4120	[10744] 2876	[10745] 3738	[10746] 3864	[10747] 3022	[10748] 2930	[10749] 3066	[10750] 2990	[10751] 2850	
[10752] 3724	[10753] 3104	[10754] 2568	[10755] 3980	[10756] 3042	[10757] 3106	[10758] 4456	[10759] 3106	[10760] 2892	[10761] 4228	[10762] 3102	[10763] 2858	[10764] 3324	[10765] 3194	[10766] 2956	[10767] 3000	
[10768] 3706	[10769] 2974	[10770] 2982	[10771] 4230	[10772] 2894	[10773] 2974	[10774] 3704	[10775] 3324	[10776] 2708	[10777] 4260	[10778] 3750	[10779] 3300	[10780] 3716	[10781] 2984	[10782] 2868	[10783] 4288	
[10784] 2796	[10785] 2884	[10786] 3982	[10787] 3334	[10788] 2644	[10789] 3796	[10790] 3492	[10791] 3080	[10792] 2958	[10793] 3108	[10794] 2762	[10795] 2916	[10796] 3706	[10797] 3136	[10798] 2850	[10799] 4004	
[10800] 3152	[10801] 3196	[10802] 3730	[10803] 2934	[10804] 3010	[10805] 4162	[10806] 2894	[10807] 3272	[10808] 4286	[10809] 4290	[10810] 2620	[10811] 4054	[10812] 2938	[10813] 2978	[10814] 3202	[10815] 3010	
[10816] 2808	[10817] 2850	[10818] 3882	[10819] 2974	[10820] 2790	[10821] 4200	[10822] 2984	[10823] 2800	[10824] 4032	[10825] 3236	[10826] 2726	[10827] 4026	[10828] 3210	[10829] 3118	[10830] 3626	[10831] 3298	
[10832] 2840	[10833] 4326	[10834] 3164	[10835] 2822	[10836] 4126	[10837] 3080	[10838] 2858	[10839] 3664	[10840] 2936	[10841] 2998	[10842] 2858	[10843] 3942	[10844] 3352	[10845] 3052	[10846] 4756	[10847] 2832	
[10848] 2984	[10849] 4122	[10850] 3106	[10851] 2762	[10852] 3202	[10853] 2896	[10854] 2724	[10855] 4278	[10856] 3328	[10857] 2956	[10858] 3640	[10859] 3386	[10860] 2734	[10861] 3254	[10862] 3026	[10863] 2870	
[10864] 3694	[10865] 4116	[10866] 2658	[10867] 2866	[10868] 3066	[10869] 3196	[10870] 2924	[10871] 4174	[10872] 3962	[10873] 3212	[10874] 3902	[10875] 2928	[10876] 2720	[10877] 4286	[10878] 2784	[10879] 2780	
[10880] 3776	[10881] 3520	[10882] 2804	[10883] 3884	[10884] 2832	[10885] 3064	[10886] 3800	[10887] 2956	[10888] 2726	[10889] 3432	[10890] 2850	[10891] 2932	[10892] 2954	[10893] 4120	[10894] 3000	[10895] 2944	
[10896] 3750	[10897] 3126	[10898] 2924	[10899] 4258	[10900] 2826	[10901] 3764	[10902] 3886	[10903] 4024	[10904] 2568	[10905] 4430	[10906] 2886	[10907] 2920	[10908] 3770	[10909] 3150	[10910] 2924	[10911] 4134	
[10912] 2762	[10913] 2714	[10914] 3494	[10915] 3212	[10916] 3000	[10917] 3126	[10918] 3732	[10919] 3898	[10920] 2924	[10921] 4240	[10922] 3186	[10923] 2824	[10924] 3752	[10925] 3378	[10926] 2718	[10927] 4352	
[10928] 2844	[10929] 3282	[10930] 3722	[10931] 2990	[10932] 2622	[10933] 4132	[10934] 3000	[10935] 2660	[10936] 3822	[10937] 3092	[10938] 2726	[10939] 3400	[10940] 2972	[10941] 3060	[10942] 2790	[10943] 3884	
[10944] 2882	[10945] 2862	[10946] 3750	[10947] 2948	[10948] 2834	[10949] 4184	[10950] 3132	[10951] 3096	[10952] 3848	[10953] 3534	[10954] 2816	[10955] 4112	[10956] 2870	[10957] 2954	[10958] 3230	[10959] 3048	
[10960] 2684	[10961] 3134	[10962] 2920	[10963] 2906	[10964] 3252	[10965] 3104	[10966] 2884	[10967] 2998	[10968] 3874	[10969] 3108	[10970] 2820	[10971] 4336	[10972] 2744	[10973] 2934	[10974] 3810	[10975] 3412	
[10976] 2558	[10977] 4096	[10978] 3120	[10979] 2926	[10980] 3726	[10981] 3510	[10982] 2896	[10983] 4200	[10984] 2764	[10985] 3000	[10986] 3662	[10987] 3256	[10988] 2592	[10989] 3388	[10990] 2994	[10991] 3176	
[10992] 2972	[10993] 2926	[10994] 2852	[10995] 2918	[10996] 4190	[10997] 3166	[10998] 2878	[10999] 4330	[11000] 3130	[11001] 2938	[11002] 3854	[11003] 3044	[11004] 2742	[11005] 4090	[11006] 3122	[11007] 2880	
[11008] 3764	[11009] 3266	[11010] 2576	[11011] 4130	[11012] 2770	[11013] 3026	[11014] 3366	[11015] 2940	[11016] 3216	[11017] 2976	[11018] 3800	[11019] 3028	[11020] 2874	[11021] 4072	[11022] 2954	[11023] 2878	
[11024] 3934	[11025] 3520	[11026] 2560	[11027] 4138	[11028] 2880	[11029] 3044	[11030] 4950	[11031] 3040	[11032] 2592	[11033] 4412	[11034] 3000	[11035] 2824	[11036] 3688	[11037] 3320	[11038] 2824	[11039] 3830	
[11040] 2954	[11041] 3096	[11042] 2718	[11043] 4050	[11044] 2912	[11045] 3130	[11046] 3792	[11047] 2926	[11048] 2698	[11049] 3364	[11050] 2680	[11051] 2848	[11052] 3856	[11053] 3306	[11054] 2776	[11055] 3920	
[11056] 2764	[11057] 3114	[11058] 4172	[11059] 3066	[11060] 3618	[11061] 5732	[11062] 2996	[11063] 2870	[11064] 5550	[11065] 3384	[11066] 2506	[11067] 2878	[11068] 3962	[11069] 3370	[11070] 2680	[11071] 4166	
[11072] 2956	[11073] 2880	[11074] 3874	[11075] 3160	[11076] 2984	[11077] 4174	[11078] 2966	[11079] 2762	[11080] 3962	[11081] 4200	[11082] 2562	[11083] 5018	[11084] 3078	[11085] 3056	[11086] 3650	[11087] 3042	
[11088] 2906	[11089] 3820	[11090] 3094	[11091] 3654	[11092] 2846	[11093] 4304	[11094] 3088	[11095] 2674	[11096] 4008	[11097] 3020	[11098] 2832	[11099] 4058	[11100] 2998	[11101] 2806	[11102] 3692	[11103] 3076	
[11104] 3090	[11105] 4304	[11106] 2910	[11107] 2756	[11108] 4178	[11109] 3346	[11110] 3016	[11111] 4126	[11112] 3080	[11113] 3124	[11114] 3364	[11115] 3168	[11116] 2828	[11117] 3052	[11118] 3782	[11119] 3092	
[11120] 2696	[11121] 4288	[11122] 2956	[11123] 2814	[11124] 3776	[11125] 3150	[11126] 2682	[11127] 3988	[11128] 2832	[11129] 3062	[11130] 3708	[11131] 3094	[11132] 2940	[11133] 4314	[11134] 3168	[11135] 2866	
[11136] 3742	[11137] 3324	[11138] 2724	[11139] 3686	[11140] 3070	[11141] 2850	[11142] 3048	[11143] 3988	[11144] 2886	[11145] 2850	[11146] 4164	[11147] 2954	[11148] 2834	[11149] 3046	[11150] 2894	[11151] 2876	
[11152] 3730	[11153] 3230	[11154] 2546	[11155] 4058	[11156] 3176	[11157] 3030	[11158] 3276	[11159] 3220	[11160] 2744	[11161] 4050	[11162] 3024	[11163] 2790	[11164] 3158	[11165] 3048	[11166] 2892	[11167] 2822	
[11168] 3842	[11169] 2968	[11170] 2558	[11171] 4334	[11172] 2932	[11173] 2976	[11174] 3916	[11175] 3196	[11176] 2766	[11177] 4570	[11178] 3040	[11179] 3042	[11180] 3212	[11181] 2902	[11182] 2998	[11183] 4264	
[11184] 2762	[11185] 2788	[11186] 3728	[11187] 3272	[11188] 2786	[11189] 3612	[11190] 3208	[11191] 3248	[11192] 2832	[11193] 4136	[11194] 2766	[11195] 2906	[11196] 3856	[11197] 2966	[11198] 2834	[11199] 4140	
[11200] 3062	[11201] 3034	[11202] 3628	[11203] 3044	[11204] 2638	[11205] 4096	[11206] 2788	[11207] 2874	[11208] 3856	[11209] 3018	[11210] 2806	[11211] 4042	[11212] 3212	[11213] 2918	[11214] 3000	[11215] 3196	
[11216] 2774	[11217] 2762	[11218] 3830	[11219] 4270	[11220] 2974	[11221] 4032	[11222] 3838	[11223] 3106	[11224] 3822	[11225] 3176	[11226] 2996	[11227] 4090	[11228] 3132	[11229] 2736	[11230] 3886	[11231] 2912	
[11232] 3018	[11233] 4120	[11234] 2968	[11235] 3030	[11236] 3788	[11237] 3030	[11238] 2610	[11239] 3036	[11240] 2718	[11241] 2948	[11242] 2974	[11243] 4670	[11244] 2740	[11245] 2920	[11246] 3672	[11247] 3252	
[11248] 2672	[11249] 3124	[11250] 2930	[11251] 2828	[11252] 3872	[11253] 3268	[11254] 2832	[11255] 4076	[11256] 2938	[11257] 2850	[11258] 3812	[11259] 2850	[11260] 2928	[11261] 3380	[11262] 2934	[11263] 2858	